{"/home/adixit/ticketing-system-dev/src/App.js": {"path":"/home/adixit/ticketing-system-dev/src/App.js","statementMap":{"0":{"start":{"line":34,"column":12},"end":{"line":137,"column":1}},"1":{"start":{"line":35,"column":2},"end":{"line":136,"column":4}}},"fnMap":{"0":{"name":"(anonymous_0)","decl":{"start":{"line":34,"column":12},"end":{"line":34,"column":13}},"loc":{"start":{"line":34,"column":18},"end":{"line":137,"column":1}},"line":34}},"branchMap":{},"s":{"0":0,"1":0},"f":{"0":0},"b":{}}
,"/home/adixit/ticketing-system-dev/src/index.js": {"path":"/home/adixit/ticketing-system-dev/src/index.js","statementMap":{"0":{"start":{"line":7,"column":13},"end":{"line":7,"column":65}},"1":{"start":{"line":8,"column":0},"end":{"line":12,"column":2}},"2":{"start":{"line":17,"column":0},"end":{"line":17,"column":18}}},"fnMap":{},"branchMap":{},"s":{"0":0,"1":0,"2":0},"f":{},"b":{}}
,"/home/adixit/ticketing-system-dev/src/reportWebVitals.js": {"path":"/home/adixit/ticketing-system-dev/src/reportWebVitals.js","statementMap":{"0":{"start":{"line":1,"column":24},"end":{"line":11,"column":1}},"1":{"start":{"line":2,"column":2},"end":{"line":10,"column":3}},"2":{"start":{"line":3,"column":4},"end":{"line":9,"column":7}},"3":{"start":{"line":4,"column":6},"end":{"line":4,"column":26}},"4":{"start":{"line":5,"column":6},"end":{"line":5,"column":26}},"5":{"start":{"line":6,"column":6},"end":{"line":6,"column":26}},"6":{"start":{"line":7,"column":6},"end":{"line":7,"column":26}},"7":{"start":{"line":8,"column":6},"end":{"line":8,"column":27}}},"fnMap":{"0":{"name":"(anonymous_0)","decl":{"start":{"line":1,"column":24},"end":{"line":1,"column":25}},"loc":{"start":{"line":1,"column":39},"end":{"line":11,"column":1}},"line":1},"1":{"name":"(anonymous_1)","decl":{"start":{"line":3,"column":30},"end":{"line":3,"column":31}},"loc":{"start":{"line":3,"column":79},"end":{"line":9,"column":5}},"line":3}},"branchMap":{"0":{"loc":{"start":{"line":2,"column":2},"end":{"line":10,"column":3}},"type":"if","locations":[{"start":{"line":2,"column":2},"end":{"line":10,"column":3}},{"start":{},"end":{}}],"line":2},"1":{"loc":{"start":{"line":2,"column":6},"end":{"line":2,"column":52}},"type":"binary-expr","locations":[{"start":{"line":2,"column":6},"end":{"line":2,"column":17}},{"start":{"line":2,"column":21},"end":{"line":2,"column":52}}],"line":2}},"s":{"0":0,"1":0,"2":0,"3":0,"4":0,"5":0,"6":0,"7":0},"f":{"0":0,"1":0},"b":{"0":[0,0],"1":[0,0]}}
,"/home/adixit/ticketing-system-dev/src/test-utils.js": {"path":"/home/adixit/ticketing-system-dev/src/test-utils.js","statementMap":{"0":{"start":{"line":7,"column":24},"end":{"line":17,"column":1}},"1":{"start":{"line":8,"column":2},"end":{"line":16,"column":4}},"2":{"start":{"line":19,"column":21},"end":{"line":20,"column":54}},"3":{"start":{"line":20,"column":2},"end":{"line":20,"column":54}}},"fnMap":{"0":{"name":"(anonymous_0)","decl":{"start":{"line":7,"column":24},"end":{"line":7,"column":25}},"loc":{"start":{"line":7,"column":42},"end":{"line":17,"column":1}},"line":7},"1":{"name":"(anonymous_1)","decl":{"start":{"line":19,"column":21},"end":{"line":19,"column":22}},"loc":{"start":{"line":20,"column":2},"end":{"line":20,"column":54}},"line":20}},"branchMap":{},"s":{"0":0,"1":0,"2":0,"3":0},"f":{"0":0,"1":0},"b":{}}
,"/home/adixit/ticketing-system-dev/src/theme.js": {"path":"/home/adixit/ticketing-system-dev/src/theme.js","statementMap":{"0":{"start":{"line":3,"column":14},"end":{"line":31,"column":2}}},"fnMap":{},"branchMap":{},"s":{"0":0},"f":{},"b":{}}
,"/home/adixit/ticketing-system-dev/src/components/Dashboard.js": {"path":"/home/adixit/ticketing-system-dev/src/components/Dashboard.js","statementMap":{"0":{"start":{"line":41,"column":0},"end":{"line":52,"column":2}},"1":{"start":{"line":54,"column":18},"end":{"line":530,"column":1}},"2":{"start":{"line":55,"column":27},"end":{"line":55,"column":36}},"3":{"start":{"line":56,"column":19},"end":{"line":56,"column":32}},"4":{"start":{"line":57,"column":44},"end":{"line":63,"column":4}},"5":{"start":{"line":64,"column":32},"end":{"line":64,"column":46}},"6":{"start":{"line":65,"column":28},"end":{"line":65,"column":42}},"7":{"start":{"line":66,"column":50},"end":{"line":70,"column":4}},"8":{"start":{"line":68,"column":26},"end":{"line":68,"column":66}},"9":{"start":{"line":69,"column":4},"end":{"line":69,"column":31}},"10":{"start":{"line":71,"column":44},"end":{"line":71,"column":55}},"11":{"start":{"line":74,"column":2},"end":{"line":79,"column":25}},"12":{"start":{"line":75,"column":4},"end":{"line":78,"column":5}},"13":{"start":{"line":76,"column":6},"end":{"line":76,"column":65}},"14":{"start":{"line":77,"column":6},"end":{"line":77,"column":91}},"15":{"start":{"line":82,"column":2},"end":{"line":87,"column":9}},"16":{"start":{"line":83,"column":4},"end":{"line":86,"column":7}},"17":{"start":{"line":89,"column":32},"end":{"line":97,"column":3}},"18":{"start":{"line":90,"column":4},"end":{"line":96,"column":5}},"19":{"start":{"line":91,"column":23},"end":{"line":91,"column":77}},"20":{"start":{"line":92,"column":6},"end":{"line":92,"column":40}},"21":{"start":{"line":94,"column":6},"end":{"line":94,"column":80}},"22":{"start":{"line":95,"column":6},"end":{"line":95,"column":16}},"23":{"start":{"line":99,"column":33},"end":{"line":191,"column":97}},"24":{"start":{"line":100,"column":4},"end":{"line":105,"column":5}},"25":{"start":{"line":101,"column":6},"end":{"line":101,"column":42}},"26":{"start":{"line":102,"column":6},"end":{"line":102,"column":24}},"27":{"start":{"line":103,"column":6},"end":{"line":103,"column":25}},"28":{"start":{"line":104,"column":6},"end":{"line":104,"column":13}},"29":{"start":{"line":107,"column":4},"end":{"line":190,"column":5}},"30":{"start":{"line":108,"column":6},"end":{"line":108,"column":23}},"31":{"start":{"line":109,"column":6},"end":{"line":109,"column":43}},"32":{"start":{"line":112,"column":28},"end":{"line":112,"column":62}},"33":{"start":{"line":113,"column":25},"end":{"line":113,"column":49}},"34":{"start":{"line":116,"column":23},"end":{"line":116,"column":25}},"35":{"start":{"line":117,"column":21},"end":{"line":117,"column":23}},"36":{"start":{"line":118,"column":22},"end":{"line":118,"column":24}},"37":{"start":{"line":121,"column":32},"end":{"line":124,"column":7}},"38":{"start":{"line":122,"column":8},"end":{"line":123,"column":75}},"39":{"start":{"line":126,"column":6},"end":{"line":126,"column":70}},"40":{"start":{"line":129,"column":6},"end":{"line":170,"column":7}},"41":{"start":{"line":130,"column":8},"end":{"line":169,"column":9}},"42":{"start":{"line":131,"column":64},"end":{"line":136,"column":12}},"43":{"start":{"line":139,"column":32},"end":{"line":139,"column":62}},"44":{"start":{"line":140,"column":10},"end":{"line":142,"column":11}},"45":{"start":{"line":141,"column":12},"end":{"line":141,"column":102}},"46":{"start":{"line":141,"column":63},"end":{"line":141,"column":100}},"47":{"start":{"line":145,"column":10},"end":{"line":152,"column":11}},"48":{"start":{"line":146,"column":12},"end":{"line":150,"column":16}},"49":{"start":{"line":146,"column":61},"end":{"line":150,"column":13}},"50":{"start":{"line":151,"column":12},"end":{"line":151,"column":61}},"51":{"start":{"line":154,"column":10},"end":{"line":161,"column":11}},"52":{"start":{"line":155,"column":34},"end":{"line":159,"column":15}},"53":{"start":{"line":155,"column":67},"end":{"line":159,"column":13}},"54":{"start":{"line":160,"column":12},"end":{"line":160,"column":55}},"55":{"start":{"line":163,"column":10},"end":{"line":163,"column":71}},"56":{"start":{"line":166,"column":10},"end":{"line":166,"column":63}},"57":{"start":{"line":168,"column":10},"end":{"line":168,"column":85}},"58":{"start":{"line":172,"column":6},"end":{"line":177,"column":9}},"59":{"start":{"line":178,"column":6},"end":{"line":178,"column":21}},"60":{"start":{"line":180,"column":6},"end":{"line":180,"column":47}},"61":{"start":{"line":181,"column":6},"end":{"line":187,"column":7}},"62":{"start":{"line":182,"column":8},"end":{"line":182,"column":57}},"63":{"start":{"line":183,"column":8},"end":{"line":183,"column":17}},"64":{"start":{"line":184,"column":8},"end":{"line":184,"column":27}},"65":{"start":{"line":186,"column":8},"end":{"line":186,"column":97}},"66":{"start":{"line":189,"column":6},"end":{"line":189,"column":24}},"67":{"start":{"line":193,"column":2},"end":{"line":195,"column":31}},"68":{"start":{"line":194,"column":4},"end":{"line":194,"column":29}},"69":{"start":{"line":197,"column":31},"end":{"line":207,"column":24}},"70":{"start":{"line":198,"column":4},"end":{"line":198,"column":52}},"71":{"start":{"line":199,"column":4},"end":{"line":206,"column":5}},"72":{"start":{"line":200,"column":6},"end":{"line":200,"column":59}},"73":{"start":{"line":201,"column":6},"end":{"line":201,"column":38}},"74":{"start":{"line":203,"column":6},"end":{"line":205,"column":7}},"75":{"start":{"line":204,"column":8},"end":{"line":204,"column":43}},"76":{"start":{"line":204,"column":33},"end":{"line":204,"column":41}},"77":{"start":{"line":209,"column":26},"end":{"line":221,"column":39}},"78":{"start":{"line":210,"column":26},"end":{"line":210,"column":52}},"79":{"start":{"line":211,"column":24},"end":{"line":211,"column":48}},"80":{"start":{"line":214,"column":4},"end":{"line":218,"column":5}},"81":{"start":{"line":215,"column":25},"end":{"line":215,"column":51}},"82":{"start":{"line":216,"column":6},"end":{"line":216,"column":92}},"83":{"start":{"line":216,"column":57},"end":{"line":216,"column":90}},"84":{"start":{"line":217,"column":6},"end":{"line":217,"column":84}},"85":{"start":{"line":217,"column":51},"end":{"line":217,"column":82}},"86":{"start":{"line":220,"column":4},"end":{"line":220,"column":46}},"87":{"start":{"line":223,"column":30},"end":{"line":245,"column":3}},"88":{"start":{"line":224,"column":32},"end":{"line":224,"column":49}},"89":{"start":{"line":225,"column":4},"end":{"line":225,"column":80}},"90":{"start":{"line":227,"column":25},"end":{"line":231,"column":5}},"91":{"start":{"line":228,"column":40},"end":{"line":228,"column":74}},"92":{"start":{"line":229,"column":46},"end":{"line":229,"column":87}},"93":{"start":{"line":230,"column":45},"end":{"line":230,"column":84}},"94":{"start":{"line":233,"column":4},"end":{"line":233,"column":55}},"95":{"start":{"line":235,"column":4},"end":{"line":244,"column":6}},"96":{"start":{"line":247,"column":28},"end":{"line":269,"column":3}},"97":{"start":{"line":248,"column":30},"end":{"line":248,"column":47}},"98":{"start":{"line":249,"column":4},"end":{"line":249,"column":74}},"99":{"start":{"line":251,"column":25},"end":{"line":255,"column":5}},"100":{"start":{"line":252,"column":41},"end":{"line":252,"column":78}},"101":{"start":{"line":253,"column":44},"end":{"line":253,"column":85}},"102":{"start":{"line":254,"column":43},"end":{"line":254,"column":82}},"103":{"start":{"line":257,"column":4},"end":{"line":257,"column":53}},"104":{"start":{"line":259,"column":4},"end":{"line":268,"column":6}},"105":{"start":{"line":271,"column":26},"end":{"line":316,"column":3}},"106":{"start":{"line":272,"column":47},"end":{"line":272,"column":64}},"107":{"start":{"line":273,"column":4},"end":{"line":277,"column":7}},"108":{"start":{"line":279,"column":25},"end":{"line":295,"column":8}},"109":{"start":{"line":280,"column":26},"end":{"line":280,"column":97}},"110":{"start":{"line":282,"column":32},"end":{"line":282,"column":111}},"111":{"start":{"line":282,"column":60},"end":{"line":282,"column":98}},"112":{"start":{"line":283,"column":30},"end":{"line":283,"column":107}},"113":{"start":{"line":283,"column":56},"end":{"line":283,"column":94}},"114":{"start":{"line":285,"column":8},"end":{"line":288,"column":11}},"115":{"start":{"line":290,"column":8},"end":{"line":294,"column":10}},"116":{"start":{"line":297,"column":4},"end":{"line":315,"column":6}},"117":{"start":{"line":298,"column":36},"end":{"line":298,"column":42}},"118":{"start":{"line":302,"column":38},"end":{"line":302,"column":47}},"119":{"start":{"line":309,"column":38},"end":{"line":309,"column":45}},"120":{"start":{"line":318,"column":2},"end":{"line":324,"column":3}},"121":{"start":{"line":319,"column":4},"end":{"line":323,"column":6}},"122":{"start":{"line":326,"column":2},"end":{"line":332,"column":3}},"123":{"start":{"line":327,"column":4},"end":{"line":331,"column":6}},"124":{"start":{"line":334,"column":2},"end":{"line":529,"column":4}},"125":{"start":{"line":416,"column":77},"end":{"line":416,"column":97}},"126":{"start":{"line":470,"column":40},"end":{"line":470,"column":87}},"127":{"start":{"line":471,"column":36},"end":{"line":474,"column":24}},"128":{"start":{"line":472,"column":20},"end":{"line":472,"column":91}},"129":{"start":{"line":473,"column":20},"end":{"line":473,"column":31}},"130":{"start":{"line":476,"column":40},"end":{"line":479,"column":19}},"131":{"start":{"line":477,"column":20},"end":{"line":478,"column":59}},"132":{"start":{"line":481,"column":42},"end":{"line":484,"column":19}},"133":{"start":{"line":482,"column":20},"end":{"line":483,"column":59}},"134":{"start":{"line":486,"column":18},"end":{"line":486,"column":88}},"135":{"start":{"line":488,"column":18},"end":{"line":521,"column":20}},"136":{"start":{"line":502,"column":32},"end":{"line":504,"column":45}}},"fnMap":{"0":{"name":"(anonymous_0)","decl":{"start":{"line":54,"column":18},"end":{"line":54,"column":19}},"loc":{"start":{"line":54,"column":24},"end":{"line":530,"column":1}},"line":54},"1":{"name":"(anonymous_1)","decl":{"start":{"line":66,"column":59},"end":{"line":66,"column":60}},"loc":{"start":{"line":66,"column":65},"end":{"line":70,"column":3}},"line":66},"2":{"name":"(anonymous_2)","decl":{"start":{"line":74,"column":12},"end":{"line":74,"column":13}},"loc":{"start":{"line":74,"column":18},"end":{"line":79,"column":3}},"line":74},"3":{"name":"(anonymous_3)","decl":{"start":{"line":82,"column":12},"end":{"line":82,"column":13}},"loc":{"start":{"line":82,"column":18},"end":{"line":87,"column":3}},"line":82},"4":{"name":"(anonymous_4)","decl":{"start":{"line":89,"column":32},"end":{"line":89,"column":33}},"loc":{"start":{"line":89,"column":54},"end":{"line":97,"column":3}},"line":89},"5":{"name":"(anonymous_5)","decl":{"start":{"line":99,"column":45},"end":{"line":99,"column":46}},"loc":{"start":{"line":99,"column":57},"end":{"line":191,"column":3}},"line":99},"6":{"name":"(anonymous_6)","decl":{"start":{"line":121,"column":50},"end":{"line":121,"column":51}},"loc":{"start":{"line":122,"column":8},"end":{"line":123,"column":75}},"line":122},"7":{"name":"(anonymous_7)","decl":{"start":{"line":141,"column":53},"end":{"line":141,"column":54}},"loc":{"start":{"line":141,"column":63},"end":{"line":141,"column":100}},"line":141},"8":{"name":"(anonymous_8)","decl":{"start":{"line":146,"column":50},"end":{"line":146,"column":51}},"loc":{"start":{"line":146,"column":61},"end":{"line":150,"column":13}},"line":146},"9":{"name":"(anonymous_9)","decl":{"start":{"line":155,"column":58},"end":{"line":155,"column":59}},"loc":{"start":{"line":155,"column":67},"end":{"line":159,"column":13}},"line":155},"10":{"name":"(anonymous_10)","decl":{"start":{"line":193,"column":12},"end":{"line":193,"column":13}},"loc":{"start":{"line":193,"column":18},"end":{"line":195,"column":3}},"line":193},"11":{"name":"(anonymous_11)","decl":{"start":{"line":197,"column":43},"end":{"line":197,"column":44}},"loc":{"start":{"line":197,"column":59},"end":{"line":207,"column":3}},"line":197},"12":{"name":"(anonymous_12)","decl":{"start":{"line":204,"column":25},"end":{"line":204,"column":26}},"loc":{"start":{"line":204,"column":33},"end":{"line":204,"column":41}},"line":204},"13":{"name":"(anonymous_13)","decl":{"start":{"line":209,"column":38},"end":{"line":209,"column":39}},"loc":{"start":{"line":209,"column":44},"end":{"line":221,"column":3}},"line":209},"14":{"name":"(anonymous_14)","decl":{"start":{"line":216,"column":47},"end":{"line":216,"column":48}},"loc":{"start":{"line":216,"column":57},"end":{"line":216,"column":90}},"line":216},"15":{"name":"(anonymous_15)","decl":{"start":{"line":217,"column":43},"end":{"line":217,"column":44}},"loc":{"start":{"line":217,"column":51},"end":{"line":217,"column":82}},"line":217},"16":{"name":"(anonymous_16)","decl":{"start":{"line":223,"column":30},"end":{"line":223,"column":31}},"loc":{"start":{"line":223,"column":36},"end":{"line":245,"column":3}},"line":223},"17":{"name":"(anonymous_17)","decl":{"start":{"line":228,"column":35},"end":{"line":228,"column":36}},"loc":{"start":{"line":228,"column":40},"end":{"line":228,"column":74}},"line":228},"18":{"name":"(anonymous_18)","decl":{"start":{"line":229,"column":41},"end":{"line":229,"column":42}},"loc":{"start":{"line":229,"column":46},"end":{"line":229,"column":87}},"line":229},"19":{"name":"(anonymous_19)","decl":{"start":{"line":230,"column":40},"end":{"line":230,"column":41}},"loc":{"start":{"line":230,"column":45},"end":{"line":230,"column":84}},"line":230},"20":{"name":"(anonymous_20)","decl":{"start":{"line":247,"column":28},"end":{"line":247,"column":29}},"loc":{"start":{"line":247,"column":34},"end":{"line":269,"column":3}},"line":247},"21":{"name":"(anonymous_21)","decl":{"start":{"line":252,"column":36},"end":{"line":252,"column":37}},"loc":{"start":{"line":252,"column":41},"end":{"line":252,"column":78}},"line":252},"22":{"name":"(anonymous_22)","decl":{"start":{"line":253,"column":39},"end":{"line":253,"column":40}},"loc":{"start":{"line":253,"column":44},"end":{"line":253,"column":85}},"line":253},"23":{"name":"(anonymous_23)","decl":{"start":{"line":254,"column":38},"end":{"line":254,"column":39}},"loc":{"start":{"line":254,"column":43},"end":{"line":254,"column":82}},"line":254},"24":{"name":"(anonymous_24)","decl":{"start":{"line":271,"column":26},"end":{"line":271,"column":27}},"loc":{"start":{"line":271,"column":32},"end":{"line":316,"column":3}},"line":271},"25":{"name":"(anonymous_25)","decl":{"start":{"line":280,"column":14},"end":{"line":280,"column":15}},"loc":{"start":{"line":280,"column":26},"end":{"line":280,"column":97}},"line":280},"26":{"name":"(anonymous_26)","decl":{"start":{"line":281,"column":11},"end":{"line":281,"column":12}},"loc":{"start":{"line":281,"column":23},"end":{"line":295,"column":7}},"line":281},"27":{"name":"(anonymous_27)","decl":{"start":{"line":282,"column":55},"end":{"line":282,"column":56}},"loc":{"start":{"line":282,"column":60},"end":{"line":282,"column":98}},"line":282},"28":{"name":"(anonymous_28)","decl":{"start":{"line":283,"column":51},"end":{"line":283,"column":52}},"loc":{"start":{"line":283,"column":56},"end":{"line":283,"column":94}},"line":283},"29":{"name":"(anonymous_29)","decl":{"start":{"line":298,"column":31},"end":{"line":298,"column":32}},"loc":{"start":{"line":298,"column":36},"end":{"line":298,"column":42}},"line":298},"30":{"name":"(anonymous_30)","decl":{"start":{"line":302,"column":33},"end":{"line":302,"column":34}},"loc":{"start":{"line":302,"column":38},"end":{"line":302,"column":47}},"line":302},"31":{"name":"(anonymous_31)","decl":{"start":{"line":309,"column":33},"end":{"line":309,"column":34}},"loc":{"start":{"line":309,"column":38},"end":{"line":309,"column":45}},"line":309},"32":{"name":"(anonymous_32)","decl":{"start":{"line":416,"column":59},"end":{"line":416,"column":60}},"loc":{"start":{"line":416,"column":77},"end":{"line":416,"column":97}},"line":416},"33":{"name":"(anonymous_33)","decl":{"start":{"line":469,"column":46},"end":{"line":469,"column":47}},"loc":{"start":{"line":469,"column":60},"end":{"line":522,"column":17}},"line":469},"34":{"name":"(anonymous_34)","decl":{"start":{"line":471,"column":57},"end":{"line":471,"column":58}},"loc":{"start":{"line":471,"column":72},"end":{"line":474,"column":19}},"line":471},"35":{"name":"(anonymous_35)","decl":{"start":{"line":476,"column":67},"end":{"line":476,"column":68}},"loc":{"start":{"line":477,"column":20},"end":{"line":478,"column":59}},"line":477},"36":{"name":"(anonymous_36)","decl":{"start":{"line":481,"column":71},"end":{"line":481,"column":72}},"loc":{"start":{"line":482,"column":20},"end":{"line":483,"column":59}},"line":482},"37":{"name":"(anonymous_37)","decl":{"start":{"line":501,"column":61},"end":{"line":501,"column":62}},"loc":{"start":{"line":502,"column":32},"end":{"line":504,"column":45}},"line":502}},"branchMap":{"0":{"loc":{"start":{"line":69,"column":11},"end":{"line":69,"column":30}},"type":"binary-expr","locations":[{"start":{"line":69,"column":11},"end":{"line":69,"column":24}},{"start":{"line":69,"column":28},"end":{"line":69,"column":30}}],"line":69},"1":{"loc":{"start":{"line":75,"column":4},"end":{"line":78,"column":5}},"type":"if","locations":[{"start":{"line":75,"column":4},"end":{"line":78,"column":5}},{"start":{},"end":{}}],"line":75},"2":{"loc":{"start":{"line":92,"column":13},"end":{"line":92,"column":39}},"type":"binary-expr","locations":[{"start":{"line":92,"column":13},"end":{"line":92,"column":33}},{"start":{"line":92,"column":37},"end":{"line":92,"column":39}}],"line":92},"3":{"loc":{"start":{"line":100,"column":4},"end":{"line":105,"column":5}},"type":"if","locations":[{"start":{"line":100,"column":4},"end":{"line":105,"column":5}},{"start":{},"end":{}}],"line":100},"4":{"loc":{"start":{"line":113,"column":25},"end":{"line":113,"column":49}},"type":"binary-expr","locations":[{"start":{"line":113,"column":25},"end":{"line":113,"column":43}},{"start":{"line":113,"column":47},"end":{"line":113,"column":49}}],"line":113},"5":{"loc":{"start":{"line":122,"column":8},"end":{"line":123,"column":75}},"type":"binary-expr","locations":[{"start":{"line":122,"column":8},"end":{"line":122,"column":29}},{"start":{"line":123,"column":9},"end":{"line":123,"column":26}},{"start":{"line":123,"column":30},"end":{"line":123,"column":74}}],"line":122},"6":{"loc":{"start":{"line":139,"column":32},"end":{"line":139,"column":62}},"type":"binary-expr","locations":[{"start":{"line":139,"column":32},"end":{"line":139,"column":56}},{"start":{"line":139,"column":60},"end":{"line":139,"column":62}}],"line":139},"7":{"loc":{"start":{"line":140,"column":10},"end":{"line":142,"column":11}},"type":"if","locations":[{"start":{"line":140,"column":10},"end":{"line":142,"column":11}},{"start":{},"end":{}}],"line":140},"8":{"loc":{"start":{"line":145,"column":10},"end":{"line":152,"column":11}},"type":"if","locations":[{"start":{"line":145,"column":10},"end":{"line":152,"column":11}},{"start":{},"end":{}}],"line":145},"9":{"loc":{"start":{"line":154,"column":10},"end":{"line":161,"column":11}},"type":"if","locations":[{"start":{"line":154,"column":10},"end":{"line":161,"column":11}},{"start":{},"end":{}}],"line":154},"10":{"loc":{"start":{"line":163,"column":44},"end":{"line":163,"column":70}},"type":"binary-expr","locations":[{"start":{"line":163,"column":44},"end":{"line":163,"column":64}},{"start":{"line":163,"column":68},"end":{"line":163,"column":70}}],"line":163},"11":{"loc":{"start":{"line":166,"column":30},"end":{"line":166,"column":62}},"type":"binary-expr","locations":[{"start":{"line":166,"column":30},"end":{"line":166,"column":56}},{"start":{"line":166,"column":60},"end":{"line":166,"column":62}}],"line":166},"12":{"loc":{"start":{"line":181,"column":6},"end":{"line":187,"column":7}},"type":"if","locations":[{"start":{"line":181,"column":6},"end":{"line":187,"column":7}},{"start":{"line":185,"column":13},"end":{"line":187,"column":7}}],"line":181},"13":{"loc":{"start":{"line":181,"column":10},"end":{"line":181,"column":74}},"type":"binary-expr","locations":[{"start":{"line":181,"column":10},"end":{"line":181,"column":40}},{"start":{"line":181,"column":44},"end":{"line":181,"column":74}}],"line":181},"14":{"loc":{"start":{"line":186,"column":17},"end":{"line":186,"column":95}},"type":"binary-expr","locations":[{"start":{"line":186,"column":17},"end":{"line":186,"column":42}},{"start":{"line":186,"column":46},"end":{"line":186,"column":59}},{"start":{"line":186,"column":63},"end":{"line":186,"column":95}}],"line":186},"15":{"loc":{"start":{"line":199,"column":4},"end":{"line":206,"column":5}},"type":"if","locations":[{"start":{"line":199,"column":4},"end":{"line":206,"column":5}},{"start":{},"end":{}}],"line":199},"16":{"loc":{"start":{"line":203,"column":6},"end":{"line":205,"column":7}},"type":"if","locations":[{"start":{"line":203,"column":6},"end":{"line":205,"column":7}},{"start":{},"end":{}}],"line":203},"17":{"loc":{"start":{"line":214,"column":4},"end":{"line":218,"column":5}},"type":"if","locations":[{"start":{"line":214,"column":4},"end":{"line":218,"column":5}},{"start":{},"end":{}}],"line":214},"18":{"loc":{"start":{"line":228,"column":12},"end":{"line":228,"column":87}},"type":"binary-expr","locations":[{"start":{"line":228,"column":12},"end":{"line":228,"column":82}},{"start":{"line":228,"column":86},"end":{"line":228,"column":87}}],"line":228},"19":{"loc":{"start":{"line":229,"column":18},"end":{"line":229,"column":100}},"type":"binary-expr","locations":[{"start":{"line":229,"column":18},"end":{"line":229,"column":95}},{"start":{"line":229,"column":99},"end":{"line":229,"column":100}}],"line":229},"20":{"loc":{"start":{"line":230,"column":17},"end":{"line":230,"column":97}},"type":"binary-expr","locations":[{"start":{"line":230,"column":17},"end":{"line":230,"column":92}},{"start":{"line":230,"column":96},"end":{"line":230,"column":97}}],"line":230},"21":{"loc":{"start":{"line":252,"column":15},"end":{"line":252,"column":91}},"type":"binary-expr","locations":[{"start":{"line":252,"column":15},"end":{"line":252,"column":86}},{"start":{"line":252,"column":90},"end":{"line":252,"column":91}}],"line":252},"22":{"loc":{"start":{"line":253,"column":18},"end":{"line":253,"column":98}},"type":"binary-expr","locations":[{"start":{"line":253,"column":18},"end":{"line":253,"column":93}},{"start":{"line":253,"column":97},"end":{"line":253,"column":98}}],"line":253},"23":{"loc":{"start":{"line":254,"column":17},"end":{"line":254,"column":95}},"type":"binary-expr","locations":[{"start":{"line":254,"column":17},"end":{"line":254,"column":90}},{"start":{"line":254,"column":94},"end":{"line":254,"column":95}}],"line":254},"24":{"loc":{"start":{"line":280,"column":26},"end":{"line":280,"column":97}},"type":"binary-expr","locations":[{"start":{"line":280,"column":26},"end":{"line":280,"column":52}},{"start":{"line":280,"column":56},"end":{"line":280,"column":97}}],"line":280},"25":{"loc":{"start":{"line":282,"column":32},"end":{"line":282,"column":111}},"type":"binary-expr","locations":[{"start":{"line":282,"column":32},"end":{"line":282,"column":106}},{"start":{"line":282,"column":110},"end":{"line":282,"column":111}}],"line":282},"26":{"loc":{"start":{"line":283,"column":30},"end":{"line":283,"column":107}},"type":"binary-expr","locations":[{"start":{"line":283,"column":30},"end":{"line":283,"column":102}},{"start":{"line":283,"column":106},"end":{"line":283,"column":107}}],"line":283},"27":{"loc":{"start":{"line":318,"column":2},"end":{"line":324,"column":3}},"type":"if","locations":[{"start":{"line":318,"column":2},"end":{"line":324,"column":3}},{"start":{},"end":{}}],"line":318},"28":{"loc":{"start":{"line":326,"column":2},"end":{"line":332,"column":3}},"type":"if","locations":[{"start":{"line":326,"column":2},"end":{"line":332,"column":3}},{"start":{},"end":{}}],"line":326},"29":{"loc":{"start":{"line":351,"column":17},"end":{"line":369,"column":17}},"type":"cond-expr","locations":[{"start":{"line":352,"column":18},"end":{"line":364,"column":20}},{"start":{"line":366,"column":18},"end":{"line":368,"column":31}}],"line":351},"30":{"loc":{"start":{"line":380,"column":17},"end":{"line":398,"column":17}},"type":"cond-expr","locations":[{"start":{"line":381,"column":18},"end":{"line":393,"column":20}},{"start":{"line":395,"column":18},"end":{"line":397,"column":31}}],"line":380},"31":{"loc":{"start":{"line":431,"column":17},"end":{"line":457,"column":17}},"type":"cond-expr","locations":[{"start":{"line":432,"column":18},"end":{"line":452,"column":20}},{"start":{"line":454,"column":18},"end":{"line":456,"column":31}}],"line":431},"32":{"loc":{"start":{"line":470,"column":40},"end":{"line":470,"column":87}},"type":"binary-expr","locations":[{"start":{"line":470,"column":40},"end":{"line":470,"column":81}},{"start":{"line":470,"column":85},"end":{"line":470,"column":87}}],"line":470},"33":{"loc":{"start":{"line":472,"column":24},"end":{"line":472,"column":47}},"type":"binary-expr","locations":[{"start":{"line":472,"column":24},"end":{"line":472,"column":33}},{"start":{"line":472,"column":37},"end":{"line":472,"column":47}}],"line":472},"34":{"loc":{"start":{"line":472,"column":52},"end":{"line":472,"column":85}},"type":"binary-expr","locations":[{"start":{"line":472,"column":52},"end":{"line":472,"column":80}},{"start":{"line":472,"column":84},"end":{"line":472,"column":85}}],"line":472},"35":{"loc":{"start":{"line":472,"column":56},"end":{"line":472,"column":79}},"type":"binary-expr","locations":[{"start":{"line":472,"column":56},"end":{"line":472,"column":65}},{"start":{"line":472,"column":69},"end":{"line":472,"column":79}}],"line":472},"36":{"loc":{"start":{"line":477,"column":20},"end":{"line":478,"column":59}},"type":"binary-expr","locations":[{"start":{"line":477,"column":20},"end":{"line":477,"column":58}},{"start":{"line":478,"column":20},"end":{"line":478,"column":59}}],"line":477},"37":{"loc":{"start":{"line":482,"column":20},"end":{"line":483,"column":59}},"type":"binary-expr","locations":[{"start":{"line":482,"column":20},"end":{"line":482,"column":58}},{"start":{"line":483,"column":20},"end":{"line":483,"column":59}}],"line":482}},"s":{"0":0,"1":0,"2":0,"3":0,"4":0,"5":0,"6":0,"7":0,"8":0,"9":0,"10":0,"11":0,"12":0,"13":0,"14":0,"15":0,"16":0,"17":0,"18":0,"19":0,"20":0,"21":0,"22":0,"23":0,"24":0,"25":0,"26":0,"27":0,"28":0,"29":0,"30":0,"31":0,"32":0,"33":0,"34":0,"35":0,"36":0,"37":0,"38":0,"39":0,"40":0,"41":0,"42":0,"43":0,"44":0,"45":0,"46":0,"47":0,"48":0,"49":0,"50":0,"51":0,"52":0,"53":0,"54":0,"55":0,"56":0,"57":0,"58":0,"59":0,"60":0,"61":0,"62":0,"63":0,"64":0,"65":0,"66":0,"67":0,"68":0,"69":0,"70":0,"71":0,"72":0,"73":0,"74":0,"75":0,"76":0,"77":0,"78":0,"79":0,"80":0,"81":0,"82":0,"83":0,"84":0,"85":0,"86":0,"87":0,"88":0,"89":0,"90":0,"91":0,"92":0,"93":0,"94":0,"95":0,"96":0,"97":0,"98":0,"99":0,"100":0,"101":0,"102":0,"103":0,"104":0,"105":0,"106":0,"107":0,"108":0,"109":0,"110":0,"111":0,"112":0,"113":0,"114":0,"115":0,"116":0,"117":0,"118":0,"119":0,"120":0,"121":0,"122":0,"123":0,"124":0,"125":0,"126":0,"127":0,"128":0,"129":0,"130":0,"131":0,"132":0,"133":0,"134":0,"135":0,"136":0},"f":{"0":0,"1":0,"2":0,"3":0,"4":0,"5":0,"6":0,"7":0,"8":0,"9":0,"10":0,"11":0,"12":0,"13":0,"14":0,"15":0,"16":0,"17":0,"18":0,"19":0,"20":0,"21":0,"22":0,"23":0,"24":0,"25":0,"26":0,"27":0,"28":0,"29":0,"30":0,"31":0,"32":0,"33":0,"34":0,"35":0,"36":0,"37":0},"b":{"0":[0,0],"1":[0,0],"2":[0,0],"3":[0,0],"4":[0,0],"5":[0,0,0],"6":[0,0],"7":[0,0],"8":[0,0],"9":[0,0],"10":[0,0],"11":[0,0],"12":[0,0],"13":[0,0],"14":[0,0,0],"15":[0,0],"16":[0,0],"17":[0,0],"18":[0,0],"19":[0,0],"20":[0,0],"21":[0,0],"22":[0,0],"23":[0,0],"24":[0,0],"25":[0,0],"26":[0,0],"27":[0,0],"28":[0,0],"29":[0,0],"30":[0,0],"31":[0,0],"32":[0,0],"33":[0,0],"34":[0,0],"35":[0,0],"36":[0,0],"37":[0,0]}}
,"/home/adixit/ticketing-system-dev/src/components/EmailSettings.js": {"path":"/home/adixit/ticketing-system-dev/src/components/EmailSettings.js","statementMap":{"0":{"start":{"line":36,"column":22},"end":{"line":390,"column":1}},"1":{"start":{"line":37,"column":34},"end":{"line":44,"column":4}},"2":{"start":{"line":45,"column":32},"end":{"line":45,"column":46}},"3":{"start":{"line":46,"column":28},"end":{"line":46,"column":42}},"4":{"start":{"line":47,"column":32},"end":{"line":47,"column":46}},"5":{"start":{"line":48,"column":50},"end":{"line":48,"column":62}},"6":{"start":{"line":49,"column":42},"end":{"line":49,"column":57}},"7":{"start":{"line":50,"column":40},"end":{"line":50,"column":52}},"8":{"start":{"line":51,"column":48},"end":{"line":51,"column":63}},"9":{"start":{"line":52,"column":36},"end":{"line":52,"column":47}},"10":{"start":{"line":53,"column":64},"end":{"line":53,"column":76}},"11":{"start":{"line":55,"column":2},"end":{"line":57,"column":9}},"12":{"start":{"line":56,"column":4},"end":{"line":56,"column":20}},"13":{"start":{"line":59,"column":24},"end":{"line":70,"column":3}},"14":{"start":{"line":60,"column":4},"end":{"line":69,"column":5}},"15":{"start":{"line":61,"column":6},"end":{"line":61,"column":23}},"16":{"start":{"line":62,"column":23},"end":{"line":62,"column":66}},"17":{"start":{"line":63,"column":6},"end":{"line":63,"column":33}},"18":{"start":{"line":65,"column":6},"end":{"line":65,"column":62}},"19":{"start":{"line":66,"column":6},"end":{"line":66,"column":48}},"20":{"start":{"line":68,"column":6},"end":{"line":68,"column":24}},"21":{"start":{"line":72,"column":21},"end":{"line":87,"column":3}},"22":{"start":{"line":73,"column":4},"end":{"line":86,"column":5}},"23":{"start":{"line":74,"column":6},"end":{"line":74,"column":21}},"24":{"start":{"line":75,"column":6},"end":{"line":75,"column":23}},"25":{"start":{"line":76,"column":6},"end":{"line":76,"column":23}},"26":{"start":{"line":78,"column":23},"end":{"line":78,"column":77}},"27":{"start":{"line":79,"column":6},"end":{"line":79,"column":56}},"28":{"start":{"line":80,"column":6},"end":{"line":80,"column":33}},"29":{"start":{"line":82,"column":6},"end":{"line":82,"column":61}},"30":{"start":{"line":83,"column":6},"end":{"line":83,"column":81}},"31":{"start":{"line":85,"column":6},"end":{"line":85,"column":24}},"32":{"start":{"line":89,"column":26},"end":{"line":105,"column":3}},"33":{"start":{"line":90,"column":4},"end":{"line":104,"column":5}},"34":{"start":{"line":91,"column":6},"end":{"line":91,"column":21}},"35":{"start":{"line":92,"column":6},"end":{"line":92,"column":23}},"36":{"start":{"line":93,"column":6},"end":{"line":93,"column":28}},"37":{"start":{"line":95,"column":6},"end":{"line":97,"column":9}},"38":{"start":{"line":98,"column":6},"end":{"line":98,"column":49}},"39":{"start":{"line":100,"column":6},"end":{"line":100,"column":57}},"40":{"start":{"line":101,"column":6},"end":{"line":101,"column":77}},"41":{"start":{"line":103,"column":6},"end":{"line":103,"column":29}},"42":{"start":{"line":107,"column":30},"end":{"line":135,"column":3}},"43":{"start":{"line":108,"column":4},"end":{"line":134,"column":5}},"44":{"start":{"line":109,"column":6},"end":{"line":109,"column":21}},"45":{"start":{"line":110,"column":6},"end":{"line":110,"column":23}},"46":{"start":{"line":111,"column":6},"end":{"line":111,"column":28}},"47":{"start":{"line":112,"column":6},"end":{"line":123,"column":9}},"48":{"start":{"line":124,"column":6},"end":{"line":124,"column":31}},"49":{"start":{"line":126,"column":23},"end":{"line":126,"column":67}},"50":{"start":{"line":127,"column":6},"end":{"line":127,"column":44}},"51":{"start":{"line":128,"column":6},"end":{"line":128,"column":68}},"52":{"start":{"line":130,"column":6},"end":{"line":130,"column":57}},"53":{"start":{"line":131,"column":6},"end":{"line":131,"column":77}},"54":{"start":{"line":133,"column":6},"end":{"line":133,"column":29}},"55":{"start":{"line":137,"column":34},"end":{"line":172,"column":3}},"56":{"start":{"line":138,"column":4},"end":{"line":171,"column":5}},"57":{"start":{"line":139,"column":6},"end":{"line":139,"column":21}},"58":{"start":{"line":140,"column":6},"end":{"line":140,"column":23}},"59":{"start":{"line":141,"column":6},"end":{"line":141,"column":28}},"60":{"start":{"line":142,"column":6},"end":{"line":153,"column":9}},"61":{"start":{"line":156,"column":6},"end":{"line":165,"column":15}},"62":{"start":{"line":157,"column":8},"end":{"line":163,"column":10}},"63":{"start":{"line":158,"column":10},"end":{"line":162,"column":13}},"64":{"start":{"line":158,"column":30},"end":{"line":162,"column":11}},"65":{"start":{"line":164,"column":8},"end":{"line":164,"column":51}},"66":{"start":{"line":167,"column":6},"end":{"line":167,"column":64}},"67":{"start":{"line":168,"column":6},"end":{"line":168,"column":84}},"68":{"start":{"line":170,"column":6},"end":{"line":170,"column":29}},"69":{"start":{"line":174,"column":26},"end":{"line":205,"column":3}},"70":{"start":{"line":175,"column":4},"end":{"line":204,"column":11}},"71":{"start":{"line":177,"column":8},"end":{"line":202,"column":19}},"72":{"start":{"line":207,"column":2},"end":{"line":213,"column":3}},"73":{"start":{"line":208,"column":4},"end":{"line":212,"column":6}},"74":{"start":{"line":215,"column":2},"end":{"line":389,"column":4}},"75":{"start":{"line":222,"column":62},"end":{"line":222,"column":76}},"76":{"start":{"line":228,"column":64},"end":{"line":228,"column":80}},"77":{"start":{"line":233,"column":57},"end":{"line":233,"column":79}},"78":{"start":{"line":247,"column":33},"end":{"line":247,"column":90}},"79":{"start":{"line":257,"column":33},"end":{"line":257,"column":88}},"80":{"start":{"line":266,"column":33},"end":{"line":266,"column":92}},"81":{"start":{"line":276,"column":33},"end":{"line":276,"column":92}},"82":{"start":{"line":285,"column":33},"end":{"line":285,"column":91}},"83":{"start":{"line":294,"column":37},"end":{"line":294,"column":111}},"84":{"start":{"line":325,"column":33},"end":{"line":325,"column":68}}},"fnMap":{"0":{"name":"(anonymous_0)","decl":{"start":{"line":36,"column":22},"end":{"line":36,"column":23}},"loc":{"start":{"line":36,"column":28},"end":{"line":390,"column":1}},"line":36},"1":{"name":"(anonymous_1)","decl":{"start":{"line":55,"column":12},"end":{"line":55,"column":13}},"loc":{"start":{"line":55,"column":18},"end":{"line":57,"column":3}},"line":55},"2":{"name":"(anonymous_2)","decl":{"start":{"line":59,"column":24},"end":{"line":59,"column":25}},"loc":{"start":{"line":59,"column":36},"end":{"line":70,"column":3}},"line":59},"3":{"name":"(anonymous_3)","decl":{"start":{"line":72,"column":21},"end":{"line":72,"column":22}},"loc":{"start":{"line":72,"column":33},"end":{"line":87,"column":3}},"line":72},"4":{"name":"(anonymous_4)","decl":{"start":{"line":89,"column":26},"end":{"line":89,"column":27}},"loc":{"start":{"line":89,"column":38},"end":{"line":105,"column":3}},"line":89},"5":{"name":"(anonymous_5)","decl":{"start":{"line":107,"column":30},"end":{"line":107,"column":31}},"loc":{"start":{"line":107,"column":42},"end":{"line":135,"column":3}},"line":107},"6":{"name":"(anonymous_6)","decl":{"start":{"line":137,"column":34},"end":{"line":137,"column":35}},"loc":{"start":{"line":137,"column":46},"end":{"line":172,"column":3}},"line":137},"7":{"name":"(anonymous_7)","decl":{"start":{"line":156,"column":17},"end":{"line":156,"column":18}},"loc":{"start":{"line":156,"column":23},"end":{"line":165,"column":7}},"line":156},"8":{"name":"(anonymous_8)","decl":{"start":{"line":157,"column":35},"end":{"line":157,"column":36}},"loc":{"start":{"line":158,"column":10},"end":{"line":162,"column":13}},"line":158},"9":{"name":"(anonymous_9)","decl":{"start":{"line":158,"column":19},"end":{"line":158,"column":20}},"loc":{"start":{"line":158,"column":30},"end":{"line":162,"column":11}},"line":158},"10":{"name":"(anonymous_10)","decl":{"start":{"line":174,"column":26},"end":{"line":174,"column":27}},"loc":{"start":{"line":175,"column":4},"end":{"line":204,"column":11}},"line":175},"11":{"name":"(anonymous_11)","decl":{"start":{"line":176,"column":19},"end":{"line":176,"column":20}},"loc":{"start":{"line":177,"column":8},"end":{"line":202,"column":19}},"line":177},"12":{"name":"(anonymous_12)","decl":{"start":{"line":222,"column":56},"end":{"line":222,"column":57}},"loc":{"start":{"line":222,"column":62},"end":{"line":222,"column":76}},"line":222},"13":{"name":"(anonymous_13)","decl":{"start":{"line":228,"column":58},"end":{"line":228,"column":59}},"loc":{"start":{"line":228,"column":64},"end":{"line":228,"column":80}},"line":228},"14":{"name":"(anonymous_14)","decl":{"start":{"line":233,"column":40},"end":{"line":233,"column":41}},"loc":{"start":{"line":233,"column":57},"end":{"line":233,"column":79}},"line":233},"15":{"name":"(anonymous_15)","decl":{"start":{"line":247,"column":26},"end":{"line":247,"column":27}},"loc":{"start":{"line":247,"column":33},"end":{"line":247,"column":90}},"line":247},"16":{"name":"(anonymous_16)","decl":{"start":{"line":257,"column":26},"end":{"line":257,"column":27}},"loc":{"start":{"line":257,"column":33},"end":{"line":257,"column":88}},"line":257},"17":{"name":"(anonymous_17)","decl":{"start":{"line":266,"column":26},"end":{"line":266,"column":27}},"loc":{"start":{"line":266,"column":33},"end":{"line":266,"column":92}},"line":266},"18":{"name":"(anonymous_18)","decl":{"start":{"line":276,"column":26},"end":{"line":276,"column":27}},"loc":{"start":{"line":276,"column":33},"end":{"line":276,"column":92}},"line":276},"19":{"name":"(anonymous_19)","decl":{"start":{"line":285,"column":26},"end":{"line":285,"column":27}},"loc":{"start":{"line":285,"column":33},"end":{"line":285,"column":91}},"line":285},"20":{"name":"(anonymous_20)","decl":{"start":{"line":294,"column":30},"end":{"line":294,"column":31}},"loc":{"start":{"line":294,"column":37},"end":{"line":294,"column":111}},"line":294},"21":{"name":"(anonymous_21)","decl":{"start":{"line":325,"column":26},"end":{"line":325,"column":27}},"loc":{"start":{"line":325,"column":33},"end":{"line":325,"column":68}},"line":325}},"branchMap":{"0":{"loc":{"start":{"line":83,"column":15},"end":{"line":83,"column":79}},"type":"binary-expr","locations":[{"start":{"line":83,"column":15},"end":{"line":83,"column":44}},{"start":{"line":83,"column":48},"end":{"line":83,"column":79}}],"line":83},"1":{"loc":{"start":{"line":101,"column":15},"end":{"line":101,"column":75}},"type":"binary-expr","locations":[{"start":{"line":101,"column":15},"end":{"line":101,"column":44}},{"start":{"line":101,"column":48},"end":{"line":101,"column":75}}],"line":101},"2":{"loc":{"start":{"line":131,"column":15},"end":{"line":131,"column":75}},"type":"binary-expr","locations":[{"start":{"line":131,"column":15},"end":{"line":131,"column":44}},{"start":{"line":131,"column":48},"end":{"line":131,"column":75}}],"line":131},"3":{"loc":{"start":{"line":161,"column":21},"end":{"line":161,"column":88}},"type":"cond-expr","locations":[{"start":{"line":161,"column":43},"end":{"line":161,"column":72}},{"start":{"line":161,"column":75},"end":{"line":161,"column":88}}],"line":161},"4":{"loc":{"start":{"line":168,"column":15},"end":{"line":168,"column":82}},"type":"binary-expr","locations":[{"start":{"line":168,"column":15},"end":{"line":168,"column":44}},{"start":{"line":168,"column":48},"end":{"line":168,"column":82}}],"line":168},"5":{"loc":{"start":{"line":179,"column":23},"end":{"line":179,"column":69}},"type":"cond-expr","locations":[{"start":{"line":179,"column":40},"end":{"line":179,"column":54}},{"start":{"line":179,"column":57},"end":{"line":179,"column":69}}],"line":179},"6":{"loc":{"start":{"line":181,"column":19},"end":{"line":181,"column":71}},"type":"cond-expr","locations":[{"start":{"line":181,"column":36},"end":{"line":181,"column":53}},{"start":{"line":181,"column":56},"end":{"line":181,"column":71}}],"line":181},"7":{"loc":{"start":{"line":184,"column":13},"end":{"line":188,"column":13}},"type":"cond-expr","locations":[{"start":{"line":185,"column":14},"end":{"line":185,"column":49}},{"start":{"line":187,"column":14},"end":{"line":187,"column":41}}],"line":184},"8":{"loc":{"start":{"line":207,"column":2},"end":{"line":213,"column":3}},"type":"if","locations":[{"start":{"line":207,"column":2},"end":{"line":213,"column":3}},{"start":{},"end":{}}],"line":207},"9":{"loc":{"start":{"line":221,"column":7},"end":{"line":225,"column":7}},"type":"binary-expr","locations":[{"start":{"line":221,"column":7},"end":{"line":221,"column":12}},{"start":{"line":222,"column":8},"end":{"line":224,"column":16}}],"line":221},"10":{"loc":{"start":{"line":227,"column":7},"end":{"line":231,"column":7}},"type":"binary-expr","locations":[{"start":{"line":227,"column":7},"end":{"line":227,"column":14}},{"start":{"line":228,"column":8},"end":{"line":230,"column":16}}],"line":227},"11":{"loc":{"start":{"line":239,"column":26},"end":{"line":239,"column":60}},"type":"cond-expr","locations":[{"start":{"line":239,"column":44},"end":{"line":239,"column":51}},{"start":{"line":239,"column":54},"end":{"line":239,"column":60}}],"line":239},"12":{"loc":{"start":{"line":314,"column":26},"end":{"line":314,"column":60}},"type":"cond-expr","locations":[{"start":{"line":314,"column":44},"end":{"line":314,"column":51}},{"start":{"line":314,"column":54},"end":{"line":314,"column":60}}],"line":314},"13":{"loc":{"start":{"line":334,"column":28},"end":{"line":334,"column":61}},"type":"binary-expr","locations":[{"start":{"line":334,"column":28},"end":{"line":334,"column":45}},{"start":{"line":334,"column":49},"end":{"line":334,"column":61}}],"line":334},"14":{"loc":{"start":{"line":351,"column":11},"end":{"line":358,"column":11}},"type":"binary-expr","locations":[{"start":{"line":351,"column":11},"end":{"line":351,"column":33}},{"start":{"line":352,"column":12},"end":{"line":357,"column":18}}],"line":351},"15":{"loc":{"start":{"line":362,"column":26},"end":{"line":362,"column":60}},"type":"cond-expr","locations":[{"start":{"line":362,"column":44},"end":{"line":362,"column":51}},{"start":{"line":362,"column":54},"end":{"line":362,"column":60}}],"line":362},"16":{"loc":{"start":{"line":378,"column":11},"end":{"line":385,"column":11}},"type":"binary-expr","locations":[{"start":{"line":378,"column":11},"end":{"line":378,"column":45}},{"start":{"line":379,"column":12},"end":{"line":384,"column":18}}],"line":378}},"s":{"0":0,"1":0,"2":0,"3":0,"4":0,"5":0,"6":0,"7":0,"8":0,"9":0,"10":0,"11":0,"12":0,"13":0,"14":0,"15":0,"16":0,"17":0,"18":0,"19":0,"20":0,"21":0,"22":0,"23":0,"24":0,"25":0,"26":0,"27":0,"28":0,"29":0,"30":0,"31":0,"32":0,"33":0,"34":0,"35":0,"36":0,"37":0,"38":0,"39":0,"40":0,"41":0,"42":0,"43":0,"44":0,"45":0,"46":0,"47":0,"48":0,"49":0,"50":0,"51":0,"52":0,"53":0,"54":0,"55":0,"56":0,"57":0,"58":0,"59":0,"60":0,"61":0,"62":0,"63":0,"64":0,"65":0,"66":0,"67":0,"68":0,"69":0,"70":0,"71":0,"72":0,"73":0,"74":0,"75":0,"76":0,"77":0,"78":0,"79":0,"80":0,"81":0,"82":0,"83":0,"84":0},"f":{"0":0,"1":0,"2":0,"3":0,"4":0,"5":0,"6":0,"7":0,"8":0,"9":0,"10":0,"11":0,"12":0,"13":0,"14":0,"15":0,"16":0,"17":0,"18":0,"19":0,"20":0,"21":0},"b":{"0":[0,0],"1":[0,0],"2":[0,0],"3":[0,0],"4":[0,0],"5":[0,0],"6":[0,0],"7":[0,0],"8":[0,0],"9":[0,0],"10":[0,0],"11":[0,0],"12":[0,0],"13":[0,0],"14":[0,0],"15":[0,0],"16":[0,0]}}
,"/home/adixit/ticketing-system-dev/src/components/HomeOverview.js": {"path":"/home/adixit/ticketing-system-dev/src/components/HomeOverview.js","statementMap":{"0":{"start":{"line":37,"column":21},"end":{"line":388,"column":1}},"1":{"start":{"line":38,"column":19},"end":{"line":38,"column":28}},"2":{"start":{"line":39,"column":19},"end":{"line":39,"column":32}},"3":{"start":{"line":40,"column":32},"end":{"line":40,"column":46}},"4":{"start":{"line":41,"column":28},"end":{"line":41,"column":42}},"5":{"start":{"line":42,"column":34},"end":{"line":57,"column":4}},"6":{"start":{"line":59,"column":2},"end":{"line":61,"column":9}},"7":{"start":{"line":60,"column":4},"end":{"line":60,"column":24}},"8":{"start":{"line":63,"column":28},"end":{"line":92,"column":3}},"9":{"start":{"line":64,"column":4},"end":{"line":91,"column":5}},"10":{"start":{"line":65,"column":6},"end":{"line":65,"column":23}},"11":{"start":{"line":66,"column":23},"end":{"line":66,"column":62}},"12":{"start":{"line":68,"column":6},"end":{"line":83,"column":9}},"13":{"start":{"line":85,"column":6},"end":{"line":85,"column":60}},"14":{"start":{"line":87,"column":6},"end":{"line":87,"column":61}},"15":{"start":{"line":88,"column":6},"end":{"line":88,"column":47}},"16":{"start":{"line":90,"column":6},"end":{"line":90,"column":24}},"17":{"start":{"line":94,"column":24},"end":{"line":103,"column":3}},"18":{"start":{"line":95,"column":4},"end":{"line":102,"column":5}},"19":{"start":{"line":97,"column":8},"end":{"line":97,"column":49}},"20":{"start":{"line":99,"column":8},"end":{"line":99,"column":50}},"21":{"start":{"line":101,"column":8},"end":{"line":101,"column":45}},"22":{"start":{"line":105,"column":25},"end":{"line":114,"column":3}},"23":{"start":{"line":106,"column":4},"end":{"line":113,"column":5}},"24":{"start":{"line":108,"column":8},"end":{"line":108,"column":25}},"25":{"start":{"line":110,"column":8},"end":{"line":110,"column":25}},"26":{"start":{"line":112,"column":8},"end":{"line":112,"column":23}},"27":{"start":{"line":116,"column":33},"end":{"line":137,"column":3}},"28":{"start":{"line":117,"column":4},"end":{"line":136,"column":5}},"29":{"start":{"line":119,"column":8},"end":{"line":123,"column":10}},"30":{"start":{"line":125,"column":8},"end":{"line":129,"column":10}},"31":{"start":{"line":131,"column":8},"end":{"line":135,"column":10}},"32":{"start":{"line":139,"column":31},"end":{"line":222,"column":3}},"33":{"start":{"line":140,"column":22},"end":{"line":162,"column":5}},"34":{"start":{"line":146,"column":22},"end":{"line":146,"column":42}},"35":{"start":{"line":153,"column":22},"end":{"line":153,"column":40}},"36":{"start":{"line":160,"column":22},"end":{"line":160,"column":43}},"37":{"start":{"line":164,"column":4},"end":{"line":186,"column":5}},"38":{"start":{"line":165,"column":6},"end":{"line":185,"column":8}},"39":{"start":{"line":171,"column":24},"end":{"line":171,"column":53}},"40":{"start":{"line":177,"column":24},"end":{"line":177,"column":48}},"41":{"start":{"line":183,"column":24},"end":{"line":183,"column":42}},"42":{"start":{"line":188,"column":4},"end":{"line":210,"column":5}},"43":{"start":{"line":189,"column":6},"end":{"line":209,"column":8}},"44":{"start":{"line":195,"column":24},"end":{"line":195,"column":47}},"45":{"start":{"line":201,"column":24},"end":{"line":201,"column":42}},"46":{"start":{"line":207,"column":24},"end":{"line":207,"column":41}},"47":{"start":{"line":213,"column":4},"end":{"line":221,"column":6}},"48":{"start":{"line":219,"column":22},"end":{"line":219,"column":42}},"49":{"start":{"line":224,"column":33},"end":{"line":289,"column":3}},"50":{"start":{"line":225,"column":24},"end":{"line":244,"column":5}},"51":{"start":{"line":229,"column":22},"end":{"line":229,"column":42}},"52":{"start":{"line":235,"column":22},"end":{"line":235,"column":40}},"53":{"start":{"line":241,"column":22},"end":{"line":241,"column":43}},"54":{"start":{"line":246,"column":4},"end":{"line":268,"column":5}},"55":{"start":{"line":247,"column":6},"end":{"line":267,"column":8}},"56":{"start":{"line":252,"column":24},"end":{"line":252,"column":48}},"57":{"start":{"line":258,"column":24},"end":{"line":258,"column":53}},"58":{"start":{"line":264,"column":24},"end":{"line":264,"column":44}},"59":{"start":{"line":270,"column":4},"end":{"line":286,"column":5}},"60":{"start":{"line":271,"column":6},"end":{"line":285,"column":8}},"61":{"start":{"line":276,"column":24},"end":{"line":276,"column":42}},"62":{"start":{"line":282,"column":24},"end":{"line":282,"column":44}},"63":{"start":{"line":288,"column":4},"end":{"line":288,"column":23}},"64":{"start":{"line":291,"column":2},"end":{"line":297,"column":3}},"65":{"start":{"line":292,"column":4},"end":{"line":296,"column":6}},"66":{"start":{"line":299,"column":2},"end":{"line":305,"column":3}},"67":{"start":{"line":300,"column":4},"end":{"line":304,"column":6}},"68":{"start":{"line":307,"column":18},"end":{"line":307,"column":42}},"69":{"start":{"line":309,"column":2},"end":{"line":387,"column":4}},"70":{"start":{"line":327,"column":10},"end":{"line":353,"column":17}},"71":{"start":{"line":367,"column":18},"end":{"line":377,"column":25}}},"fnMap":{"0":{"name":"(anonymous_0)","decl":{"start":{"line":37,"column":21},"end":{"line":37,"column":22}},"loc":{"start":{"line":37,"column":27},"end":{"line":388,"column":1}},"line":37},"1":{"name":"(anonymous_1)","decl":{"start":{"line":59,"column":12},"end":{"line":59,"column":13}},"loc":{"start":{"line":59,"column":18},"end":{"line":61,"column":3}},"line":59},"2":{"name":"(anonymous_2)","decl":{"start":{"line":63,"column":28},"end":{"line":63,"column":29}},"loc":{"start":{"line":63,"column":40},"end":{"line":92,"column":3}},"line":63},"3":{"name":"(anonymous_3)","decl":{"start":{"line":94,"column":24},"end":{"line":94,"column":25}},"loc":{"start":{"line":94,"column":36},"end":{"line":103,"column":3}},"line":94},"4":{"name":"(anonymous_4)","decl":{"start":{"line":105,"column":25},"end":{"line":105,"column":26}},"loc":{"start":{"line":105,"column":37},"end":{"line":114,"column":3}},"line":105},"5":{"name":"(anonymous_5)","decl":{"start":{"line":116,"column":33},"end":{"line":116,"column":34}},"loc":{"start":{"line":116,"column":39},"end":{"line":137,"column":3}},"line":116},"6":{"name":"(anonymous_6)","decl":{"start":{"line":139,"column":31},"end":{"line":139,"column":32}},"loc":{"start":{"line":139,"column":37},"end":{"line":222,"column":3}},"line":139},"7":{"name":"(anonymous_7)","decl":{"start":{"line":146,"column":16},"end":{"line":146,"column":17}},"loc":{"start":{"line":146,"column":22},"end":{"line":146,"column":42}},"line":146},"8":{"name":"(anonymous_8)","decl":{"start":{"line":153,"column":16},"end":{"line":153,"column":17}},"loc":{"start":{"line":153,"column":22},"end":{"line":153,"column":40}},"line":153},"9":{"name":"(anonymous_9)","decl":{"start":{"line":160,"column":16},"end":{"line":160,"column":17}},"loc":{"start":{"line":160,"column":22},"end":{"line":160,"column":43}},"line":160},"10":{"name":"(anonymous_10)","decl":{"start":{"line":171,"column":18},"end":{"line":171,"column":19}},"loc":{"start":{"line":171,"column":24},"end":{"line":171,"column":53}},"line":171},"11":{"name":"(anonymous_11)","decl":{"start":{"line":177,"column":18},"end":{"line":177,"column":19}},"loc":{"start":{"line":177,"column":24},"end":{"line":177,"column":48}},"line":177},"12":{"name":"(anonymous_12)","decl":{"start":{"line":183,"column":18},"end":{"line":183,"column":19}},"loc":{"start":{"line":183,"column":24},"end":{"line":183,"column":42}},"line":183},"13":{"name":"(anonymous_13)","decl":{"start":{"line":195,"column":18},"end":{"line":195,"column":19}},"loc":{"start":{"line":195,"column":24},"end":{"line":195,"column":47}},"line":195},"14":{"name":"(anonymous_14)","decl":{"start":{"line":201,"column":18},"end":{"line":201,"column":19}},"loc":{"start":{"line":201,"column":24},"end":{"line":201,"column":42}},"line":201},"15":{"name":"(anonymous_15)","decl":{"start":{"line":207,"column":18},"end":{"line":207,"column":19}},"loc":{"start":{"line":207,"column":24},"end":{"line":207,"column":41}},"line":207},"16":{"name":"(anonymous_16)","decl":{"start":{"line":219,"column":16},"end":{"line":219,"column":17}},"loc":{"start":{"line":219,"column":22},"end":{"line":219,"column":42}},"line":219},"17":{"name":"(anonymous_17)","decl":{"start":{"line":224,"column":33},"end":{"line":224,"column":34}},"loc":{"start":{"line":224,"column":39},"end":{"line":289,"column":3}},"line":224},"18":{"name":"(anonymous_18)","decl":{"start":{"line":229,"column":16},"end":{"line":229,"column":17}},"loc":{"start":{"line":229,"column":22},"end":{"line":229,"column":42}},"line":229},"19":{"name":"(anonymous_19)","decl":{"start":{"line":235,"column":16},"end":{"line":235,"column":17}},"loc":{"start":{"line":235,"column":22},"end":{"line":235,"column":40}},"line":235},"20":{"name":"(anonymous_20)","decl":{"start":{"line":241,"column":16},"end":{"line":241,"column":17}},"loc":{"start":{"line":241,"column":22},"end":{"line":241,"column":43}},"line":241},"21":{"name":"(anonymous_21)","decl":{"start":{"line":252,"column":18},"end":{"line":252,"column":19}},"loc":{"start":{"line":252,"column":24},"end":{"line":252,"column":48}},"line":252},"22":{"name":"(anonymous_22)","decl":{"start":{"line":258,"column":18},"end":{"line":258,"column":19}},"loc":{"start":{"line":258,"column":24},"end":{"line":258,"column":53}},"line":258},"23":{"name":"(anonymous_23)","decl":{"start":{"line":264,"column":18},"end":{"line":264,"column":19}},"loc":{"start":{"line":264,"column":24},"end":{"line":264,"column":44}},"line":264},"24":{"name":"(anonymous_24)","decl":{"start":{"line":276,"column":18},"end":{"line":276,"column":19}},"loc":{"start":{"line":276,"column":24},"end":{"line":276,"column":42}},"line":276},"25":{"name":"(anonymous_25)","decl":{"start":{"line":282,"column":18},"end":{"line":282,"column":19}},"loc":{"start":{"line":282,"column":24},"end":{"line":282,"column":44}},"line":282},"26":{"name":"(anonymous_26)","decl":{"start":{"line":326,"column":36},"end":{"line":326,"column":37}},"loc":{"start":{"line":327,"column":10},"end":{"line":353,"column":17}},"line":327},"27":{"name":"(anonymous_27)","decl":{"start":{"line":366,"column":46},"end":{"line":366,"column":47}},"loc":{"start":{"line":367,"column":18},"end":{"line":377,"column":25}},"line":367}},"branchMap":{"0":{"loc":{"start":{"line":69,"column":23},"end":{"line":69,"column":56}},"type":"binary-expr","locations":[{"start":{"line":69,"column":23},"end":{"line":69,"column":50}},{"start":{"line":69,"column":54},"end":{"line":69,"column":56}}],"line":69},"1":{"loc":{"start":{"line":70,"column":21},"end":{"line":70,"column":52}},"type":"binary-expr","locations":[{"start":{"line":70,"column":21},"end":{"line":70,"column":46}},{"start":{"line":70,"column":50},"end":{"line":70,"column":52}}],"line":70},"2":{"loc":{"start":{"line":72,"column":23},"end":{"line":72,"column":53}},"type":"binary-expr","locations":[{"start":{"line":72,"column":23},"end":{"line":72,"column":48}},{"start":{"line":72,"column":52},"end":{"line":72,"column":53}}],"line":72},"3":{"loc":{"start":{"line":73,"column":23},"end":{"line":73,"column":53}},"type":"binary-expr","locations":[{"start":{"line":73,"column":23},"end":{"line":73,"column":48}},{"start":{"line":73,"column":52},"end":{"line":73,"column":53}}],"line":73},"4":{"loc":{"start":{"line":74,"column":24},"end":{"line":74,"column":55}},"type":"binary-expr","locations":[{"start":{"line":74,"column":24},"end":{"line":74,"column":50}},{"start":{"line":74,"column":54},"end":{"line":74,"column":55}}],"line":74},"5":{"loc":{"start":{"line":75,"column":22},"end":{"line":75,"column":51}},"type":"binary-expr","locations":[{"start":{"line":75,"column":22},"end":{"line":75,"column":46}},{"start":{"line":75,"column":50},"end":{"line":75,"column":51}}],"line":75},"6":{"loc":{"start":{"line":76,"column":32},"end":{"line":76,"column":65}},"type":"binary-expr","locations":[{"start":{"line":76,"column":32},"end":{"line":76,"column":60}},{"start":{"line":76,"column":64},"end":{"line":76,"column":65}}],"line":76},"7":{"loc":{"start":{"line":77,"column":27},"end":{"line":77,"column":61}},"type":"binary-expr","locations":[{"start":{"line":77,"column":27},"end":{"line":77,"column":56}},{"start":{"line":77,"column":60},"end":{"line":77,"column":61}}],"line":77},"8":{"loc":{"start":{"line":78,"column":22},"end":{"line":78,"column":51}},"type":"binary-expr","locations":[{"start":{"line":78,"column":22},"end":{"line":78,"column":46}},{"start":{"line":78,"column":50},"end":{"line":78,"column":51}}],"line":78},"9":{"loc":{"start":{"line":79,"column":22},"end":{"line":79,"column":51}},"type":"binary-expr","locations":[{"start":{"line":79,"column":22},"end":{"line":79,"column":46}},{"start":{"line":79,"column":50},"end":{"line":79,"column":51}}],"line":79},"10":{"loc":{"start":{"line":80,"column":30},"end":{"line":80,"column":68}},"type":"binary-expr","locations":[{"start":{"line":80,"column":30},"end":{"line":80,"column":62}},{"start":{"line":80,"column":66},"end":{"line":80,"column":68}}],"line":80},"11":{"loc":{"start":{"line":81,"column":32},"end":{"line":81,"column":72}},"type":"binary-expr","locations":[{"start":{"line":81,"column":32},"end":{"line":81,"column":66}},{"start":{"line":81,"column":70},"end":{"line":81,"column":72}}],"line":81},"12":{"loc":{"start":{"line":95,"column":4},"end":{"line":102,"column":5}},"type":"switch","locations":[{"start":{"line":96,"column":6},"end":{"line":97,"column":49}},{"start":{"line":98,"column":6},"end":{"line":99,"column":50}},{"start":{"line":100,"column":6},"end":{"line":101,"column":45}}],"line":95},"13":{"loc":{"start":{"line":106,"column":4},"end":{"line":113,"column":5}},"type":"switch","locations":[{"start":{"line":107,"column":6},"end":{"line":108,"column":25}},{"start":{"line":109,"column":6},"end":{"line":110,"column":25}},{"start":{"line":111,"column":6},"end":{"line":112,"column":23}}],"line":106},"14":{"loc":{"start":{"line":117,"column":4},"end":{"line":136,"column":5}},"type":"switch","locations":[{"start":{"line":118,"column":6},"end":{"line":123,"column":10}},{"start":{"line":124,"column":6},"end":{"line":129,"column":10}},{"start":{"line":130,"column":6},"end":{"line":135,"column":10}}],"line":117},"15":{"loc":{"start":{"line":157,"column":15},"end":{"line":157,"column":47}},"type":"binary-expr","locations":[{"start":{"line":157,"column":15},"end":{"line":157,"column":42}},{"start":{"line":157,"column":46},"end":{"line":157,"column":47}}],"line":157},"16":{"loc":{"start":{"line":164,"column":4},"end":{"line":186,"column":5}},"type":"if","locations":[{"start":{"line":164,"column":4},"end":{"line":186,"column":5}},{"start":{},"end":{}}],"line":164},"17":{"loc":{"start":{"line":188,"column":4},"end":{"line":210,"column":5}},"type":"if","locations":[{"start":{"line":188,"column":4},"end":{"line":210,"column":5}},{"start":{},"end":{}}],"line":188},"18":{"loc":{"start":{"line":246,"column":4},"end":{"line":268,"column":5}},"type":"if","locations":[{"start":{"line":246,"column":4},"end":{"line":268,"column":5}},{"start":{},"end":{}}],"line":246},"19":{"loc":{"start":{"line":270,"column":4},"end":{"line":286,"column":5}},"type":"if","locations":[{"start":{"line":270,"column":4},"end":{"line":286,"column":5}},{"start":{},"end":{}}],"line":270},"20":{"loc":{"start":{"line":291,"column":2},"end":{"line":297,"column":3}},"type":"if","locations":[{"start":{"line":291,"column":2},"end":{"line":297,"column":3}},{"start":{},"end":{}}],"line":291},"21":{"loc":{"start":{"line":299,"column":2},"end":{"line":305,"column":3}},"type":"if","locations":[{"start":{"line":299,"column":2},"end":{"line":305,"column":3}},{"start":{},"end":{}}],"line":299},"22":{"loc":{"start":{"line":330,"column":24},"end":{"line":330,"column":59}},"type":"cond-expr","locations":[{"start":{"line":330,"column":38},"end":{"line":330,"column":47}},{"start":{"line":330,"column":50},"end":{"line":330,"column":59}}],"line":330},"23":{"loc":{"start":{"line":331,"column":27},"end":{"line":331,"column":93}},"type":"cond-expr","locations":[{"start":{"line":331,"column":41},"end":{"line":331,"column":88}},{"start":{"line":331,"column":91},"end":{"line":331,"column":93}}],"line":331},"24":{"loc":{"start":{"line":346,"column":17},"end":{"line":350,"column":17}},"type":"binary-expr","locations":[{"start":{"line":346,"column":17},"end":{"line":346,"column":33}},{"start":{"line":347,"column":18},"end":{"line":349,"column":31}}],"line":346}},"s":{"0":0,"1":0,"2":0,"3":0,"4":0,"5":0,"6":0,"7":0,"8":0,"9":0,"10":0,"11":0,"12":0,"13":0,"14":0,"15":0,"16":0,"17":0,"18":0,"19":0,"20":0,"21":0,"22":0,"23":0,"24":0,"25":0,"26":0,"27":0,"28":0,"29":0,"30":0,"31":0,"32":0,"33":0,"34":0,"35":0,"36":0,"37":0,"38":0,"39":0,"40":0,"41":0,"42":0,"43":0,"44":0,"45":0,"46":0,"47":0,"48":0,"49":0,"50":0,"51":0,"52":0,"53":0,"54":0,"55":0,"56":0,"57":0,"58":0,"59":0,"60":0,"61":0,"62":0,"63":0,"64":0,"65":0,"66":0,"67":0,"68":0,"69":0,"70":0,"71":0},"f":{"0":0,"1":0,"2":0,"3":0,"4":0,"5":0,"6":0,"7":0,"8":0,"9":0,"10":0,"11":0,"12":0,"13":0,"14":0,"15":0,"16":0,"17":0,"18":0,"19":0,"20":0,"21":0,"22":0,"23":0,"24":0,"25":0,"26":0,"27":0},"b":{"0":[0,0],"1":[0,0],"2":[0,0],"3":[0,0],"4":[0,0],"5":[0,0],"6":[0,0],"7":[0,0],"8":[0,0],"9":[0,0],"10":[0,0],"11":[0,0],"12":[0,0,0],"13":[0,0,0],"14":[0,0,0],"15":[0,0],"16":[0,0],"17":[0,0],"18":[0,0],"19":[0,0],"20":[0,0],"21":[0,0],"22":[0,0],"23":[0,0],"24":[0,0]}}
,"/home/adixit/ticketing-system-dev/src/components/Layout.js": {"path":"/home/adixit/ticketing-system-dev/src/components/Layout.js","statementMap":{"0":{"start":{"line":38,"column":20},"end":{"line":38,"column":23}},"1":{"start":{"line":40,"column":15},"end":{"line":270,"column":1}},"2":{"start":{"line":41,"column":27},"end":{"line":41,"column":36}},"3":{"start":{"line":42,"column":19},"end":{"line":42,"column":32}},"4":{"start":{"line":43,"column":19},"end":{"line":43,"column":32}},"5":{"start":{"line":44,"column":38},"end":{"line":44,"column":53}},"6":{"start":{"line":45,"column":16},"end":{"line":45,"column":26}},"7":{"start":{"line":46,"column":19},"end":{"line":46,"column":62}},"8":{"start":{"line":48,"column":2},"end":{"line":52,"column":23}},"9":{"start":{"line":49,"column":4},"end":{"line":51,"column":5}},"10":{"start":{"line":50,"column":6},"end":{"line":50,"column":25}},"11":{"start":{"line":54,"column":2},"end":{"line":56,"column":3}},"12":{"start":{"line":55,"column":4},"end":{"line":55,"column":16}},"13":{"start":{"line":59,"column":23},"end":{"line":127,"column":3}},"14":{"start":{"line":60,"column":22},"end":{"line":86,"column":5}},"15":{"start":{"line":88,"column":25},"end":{"line":99,"column":5}},"16":{"start":{"line":101,"column":23},"end":{"line":117,"column":5}},"17":{"start":{"line":119,"column":4},"end":{"line":126,"column":5}},"18":{"start":{"line":121,"column":8},"end":{"line":121,"column":62}},"19":{"start":{"line":123,"column":8},"end":{"line":123,"column":47}},"20":{"start":{"line":125,"column":8},"end":{"line":125,"column":25}},"21":{"start":{"line":130,"column":4},"end":{"line":202,"column":10}},"22":{"start":{"line":140,"column":10},"end":{"line":173,"column":27}},"23":{"start":{"line":143,"column":14},"end":{"line":143,"column":34}},"24":{"start":{"line":144,"column":14},"end":{"line":144,"column":49}},"25":{"start":{"line":144,"column":28},"end":{"line":144,"column":49}},"26":{"start":{"line":195,"column":12},"end":{"line":195,"column":21}},"27":{"start":{"line":196,"column":12},"end":{"line":196,"column":31}},"28":{"start":{"line":205,"column":2},"end":{"line":269,"column":4}},"29":{"start":{"line":219,"column":27},"end":{"line":219,"column":53}},"30":{"start":{"line":237,"column":25},"end":{"line":237,"column":45}}},"fnMap":{"0":{"name":"(anonymous_0)","decl":{"start":{"line":40,"column":15},"end":{"line":40,"column":16}},"loc":{"start":{"line":40,"column":21},"end":{"line":270,"column":1}},"line":40},"1":{"name":"(anonymous_1)","decl":{"start":{"line":48,"column":12},"end":{"line":48,"column":13}},"loc":{"start":{"line":48,"column":18},"end":{"line":52,"column":3}},"line":48},"2":{"name":"(anonymous_2)","decl":{"start":{"line":59,"column":23},"end":{"line":59,"column":24}},"loc":{"start":{"line":59,"column":29},"end":{"line":127,"column":3}},"line":59},"3":{"name":"(anonymous_3)","decl":{"start":{"line":139,"column":28},"end":{"line":139,"column":29}},"loc":{"start":{"line":140,"column":10},"end":{"line":173,"column":27}},"line":140},"4":{"name":"(anonymous_4)","decl":{"start":{"line":142,"column":21},"end":{"line":142,"column":22}},"loc":{"start":{"line":142,"column":27},"end":{"line":145,"column":13}},"line":142},"5":{"name":"(anonymous_5)","decl":{"start":{"line":194,"column":19},"end":{"line":194,"column":20}},"loc":{"start":{"line":194,"column":25},"end":{"line":197,"column":11}},"line":194},"6":{"name":"(anonymous_6)","decl":{"start":{"line":219,"column":21},"end":{"line":219,"column":22}},"loc":{"start":{"line":219,"column":27},"end":{"line":219,"column":53}},"line":219},"7":{"name":"(anonymous_7)","decl":{"start":{"line":237,"column":19},"end":{"line":237,"column":20}},"loc":{"start":{"line":237,"column":25},"end":{"line":237,"column":45}},"line":237}},"branchMap":{"0":{"loc":{"start":{"line":49,"column":4},"end":{"line":51,"column":5}},"type":"if","locations":[{"start":{"line":49,"column":4},"end":{"line":51,"column":5}},{"start":{},"end":{}}],"line":49},"1":{"loc":{"start":{"line":49,"column":8},"end":{"line":49,"column":46}},"type":"binary-expr","locations":[{"start":{"line":49,"column":8},"end":{"line":49,"column":30}},{"start":{"line":49,"column":34},"end":{"line":49,"column":46}}],"line":49},"2":{"loc":{"start":{"line":54,"column":2},"end":{"line":56,"column":3}},"type":"if","locations":[{"start":{"line":54,"column":2},"end":{"line":56,"column":3}},{"start":{},"end":{}}],"line":54},"3":{"loc":{"start":{"line":54,"column":6},"end":{"line":54,"column":44}},"type":"binary-expr","locations":[{"start":{"line":54,"column":6},"end":{"line":54,"column":28}},{"start":{"line":54,"column":32},"end":{"line":54,"column":44}}],"line":54},"4":{"loc":{"start":{"line":119,"column":4},"end":{"line":126,"column":5}},"type":"switch","locations":[{"start":{"line":120,"column":6},"end":{"line":121,"column":62}},{"start":{"line":122,"column":6},"end":{"line":123,"column":47}},{"start":{"line":124,"column":6},"end":{"line":125,"column":25}}],"line":119},"5":{"loc":{"start":{"line":133,"column":11},"end":{"line":134,"column":72}},"type":"cond-expr","locations":[{"start":{"line":133,"column":46},"end":{"line":133,"column":59}},{"start":{"line":134,"column":11},"end":{"line":134,"column":72}}],"line":133},"6":{"loc":{"start":{"line":134,"column":11},"end":{"line":134,"column":72}},"type":"cond-expr","locations":[{"start":{"line":134,"column":42},"end":{"line":134,"column":57}},{"start":{"line":134,"column":60},"end":{"line":134,"column":72}}],"line":134},"7":{"loc":{"start":{"line":144,"column":14},"end":{"line":144,"column":49}},"type":"if","locations":[{"start":{"line":144,"column":14},"end":{"line":144,"column":49}},{"start":{},"end":{}}],"line":144},"8":{"loc":{"start":{"line":160,"column":39},"end":{"line":160,"column":92}},"type":"cond-expr","locations":[{"start":{"line":160,"column":73},"end":{"line":160,"column":80}},{"start":{"line":160,"column":83},"end":{"line":160,"column":92}}],"line":160},"9":{"loc":{"start":{"line":168,"column":25},"end":{"line":168,"column":101}},"type":"cond-expr","locations":[{"start":{"line":168,"column":59},"end":{"line":168,"column":82}},{"start":{"line":168,"column":85},"end":{"line":168,"column":101}}],"line":168},"10":{"loc":{"start":{"line":184,"column":9},"end":{"line":188,"column":9}},"type":"binary-expr","locations":[{"start":{"line":184,"column":9},"end":{"line":184,"column":24}},{"start":{"line":185,"column":10},"end":{"line":187,"column":23}}],"line":184}},"s":{"0":0,"1":0,"2":0,"3":0,"4":0,"5":0,"6":0,"7":0,"8":0,"9":0,"10":0,"11":0,"12":0,"13":0,"14":0,"15":0,"16":0,"17":0,"18":0,"19":0,"20":0,"21":0,"22":0,"23":0,"24":0,"25":0,"26":0,"27":0,"28":0,"29":0,"30":0},"f":{"0":0,"1":0,"2":0,"3":0,"4":0,"5":0,"6":0,"7":0},"b":{"0":[0,0],"1":[0,0],"2":[0,0],"3":[0,0],"4":[0,0,0],"5":[0,0],"6":[0,0],"7":[0,0],"8":[0,0],"9":[0,0],"10":[0,0]}}
,"/home/adixit/ticketing-system-dev/src/components/Login.js": {"path":"/home/adixit/ticketing-system-dev/src/components/Login.js","statementMap":{"0":{"start":{"line":18,"column":14},"end":{"line":216,"column":1}},"1":{"start":{"line":19,"column":26},"end":{"line":19,"column":35}},"2":{"start":{"line":20,"column":19},"end":{"line":20,"column":32}},"3":{"start":{"line":21,"column":19},"end":{"line":21,"column":32}},"4":{"start":{"line":22,"column":34},"end":{"line":25,"column":4}},"5":{"start":{"line":26,"column":32},"end":{"line":26,"column":47}},"6":{"start":{"line":27,"column":28},"end":{"line":27,"column":42}},"7":{"start":{"line":28,"column":40},"end":{"line":28,"column":55}},"8":{"start":{"line":29,"column":42},"end":{"line":29,"column":61}},"9":{"start":{"line":31,"column":2},"end":{"line":44,"column":33}},"10":{"start":{"line":32,"column":22},"end":{"line":42,"column":5}},"11":{"start":{"line":33,"column":6},"end":{"line":41,"column":7}},"12":{"start":{"line":34,"column":8},"end":{"line":40,"column":9}},"13":{"start":{"line":35,"column":10},"end":{"line":35,"column":47}},"14":{"start":{"line":36,"column":23},"end":{"line":36,"column":64}},"15":{"start":{"line":37,"column":10},"end":{"line":37,"column":44}},"16":{"start":{"line":39,"column":10},"end":{"line":39,"column":60}},"17":{"start":{"line":43,"column":4},"end":{"line":43,"column":16}},"18":{"start":{"line":46,"column":2},"end":{"line":59,"column":9}},"19":{"start":{"line":47,"column":23},"end":{"line":57,"column":5}},"20":{"start":{"line":48,"column":6},"end":{"line":56,"column":7}},"21":{"start":{"line":49,"column":25},"end":{"line":49,"column":65}},"22":{"start":{"line":50,"column":8},"end":{"line":50,"column":50}},"23":{"start":{"line":53,"column":8},"end":{"line":53,"column":30}},"24":{"start":{"line":55,"column":8},"end":{"line":55,"column":74}},"25":{"start":{"line":58,"column":4},"end":{"line":58,"column":17}},"26":{"start":{"line":61,"column":2},"end":{"line":79,"column":9}},"27":{"start":{"line":62,"column":30},"end":{"line":73,"column":5}},"28":{"start":{"line":63,"column":6},"end":{"line":72,"column":7}},"29":{"start":{"line":64,"column":8},"end":{"line":64,"column":37}},"30":{"start":{"line":65,"column":8},"end":{"line":65,"column":34}},"31":{"start":{"line":67,"column":8},"end":{"line":71,"column":9}},"32":{"start":{"line":68,"column":10},"end":{"line":68,"column":37}},"33":{"start":{"line":70,"column":10},"end":{"line":70,"column":36}},"34":{"start":{"line":75,"column":4},"end":{"line":75,"column":24}},"35":{"start":{"line":76,"column":21},"end":{"line":76,"column":58}},"36":{"start":{"line":78,"column":4},"end":{"line":78,"column":41}},"37":{"start":{"line":78,"column":17},"end":{"line":78,"column":40}},"38":{"start":{"line":81,"column":23},"end":{"line":113,"column":3}},"39":{"start":{"line":82,"column":4},"end":{"line":82,"column":23}},"40":{"start":{"line":83,"column":4},"end":{"line":83,"column":19}},"41":{"start":{"line":84,"column":4},"end":{"line":84,"column":21}},"42":{"start":{"line":86,"column":4},"end":{"line":112,"column":5}},"43":{"start":{"line":87,"column":6},"end":{"line":89,"column":7}},"44":{"start":{"line":88,"column":8},"end":{"line":88,"column":67}},"45":{"start":{"line":91,"column":23},"end":{"line":94,"column":8}},"46":{"start":{"line":96,"column":6},"end":{"line":102,"column":7}},"47":{"start":{"line":97,"column":8},"end":{"line":97,"column":35}},"48":{"start":{"line":98,"column":21},"end":{"line":98,"column":62}},"49":{"start":{"line":99,"column":8},"end":{"line":99,"column":42}},"50":{"start":{"line":101,"column":8},"end":{"line":101,"column":50}},"51":{"start":{"line":104,"column":6},"end":{"line":104,"column":43}},"52":{"start":{"line":105,"column":6},"end":{"line":109,"column":8}},"53":{"start":{"line":111,"column":6},"end":{"line":111,"column":24}},"54":{"start":{"line":115,"column":2},"end":{"line":215,"column":4}},"55":{"start":{"line":145,"column":29},"end":{"line":145,"column":83}},"56":{"start":{"line":157,"column":29},"end":{"line":157,"column":83}}},"fnMap":{"0":{"name":"(anonymous_0)","decl":{"start":{"line":18,"column":14},"end":{"line":18,"column":15}},"loc":{"start":{"line":18,"column":20},"end":{"line":216,"column":1}},"line":18},"1":{"name":"(anonymous_1)","decl":{"start":{"line":31,"column":12},"end":{"line":31,"column":13}},"loc":{"start":{"line":31,"column":18},"end":{"line":44,"column":3}},"line":31},"2":{"name":"(anonymous_2)","decl":{"start":{"line":32,"column":22},"end":{"line":32,"column":23}},"loc":{"start":{"line":32,"column":34},"end":{"line":42,"column":5}},"line":32},"3":{"name":"(anonymous_3)","decl":{"start":{"line":46,"column":12},"end":{"line":46,"column":13}},"loc":{"start":{"line":46,"column":18},"end":{"line":59,"column":3}},"line":46},"4":{"name":"(anonymous_4)","decl":{"start":{"line":47,"column":23},"end":{"line":47,"column":24}},"loc":{"start":{"line":47,"column":35},"end":{"line":57,"column":5}},"line":47},"5":{"name":"(anonymous_5)","decl":{"start":{"line":61,"column":12},"end":{"line":61,"column":13}},"loc":{"start":{"line":61,"column":18},"end":{"line":79,"column":3}},"line":61},"6":{"name":"(anonymous_6)","decl":{"start":{"line":62,"column":30},"end":{"line":62,"column":31}},"loc":{"start":{"line":62,"column":42},"end":{"line":73,"column":5}},"line":62},"7":{"name":"(anonymous_7)","decl":{"start":{"line":78,"column":11},"end":{"line":78,"column":12}},"loc":{"start":{"line":78,"column":17},"end":{"line":78,"column":40}},"line":78},"8":{"name":"(anonymous_8)","decl":{"start":{"line":81,"column":23},"end":{"line":81,"column":24}},"loc":{"start":{"line":81,"column":36},"end":{"line":113,"column":3}},"line":81},"9":{"name":"(anonymous_9)","decl":{"start":{"line":145,"column":22},"end":{"line":145,"column":23}},"loc":{"start":{"line":145,"column":29},"end":{"line":145,"column":83}},"line":145},"10":{"name":"(anonymous_10)","decl":{"start":{"line":157,"column":22},"end":{"line":157,"column":23}},"loc":{"start":{"line":157,"column":29},"end":{"line":157,"column":83}},"line":157}},"branchMap":{"0":{"loc":{"start":{"line":33,"column":6},"end":{"line":41,"column":7}},"type":"if","locations":[{"start":{"line":33,"column":6},"end":{"line":41,"column":7}},{"start":{},"end":{}}],"line":33},"1":{"loc":{"start":{"line":33,"column":10},"end":{"line":33,"column":46}},"type":"binary-expr","locations":[{"start":{"line":33,"column":10},"end":{"line":33,"column":31}},{"start":{"line":33,"column":35},"end":{"line":33,"column":46}}],"line":33},"2":{"loc":{"start":{"line":36,"column":23},"end":{"line":36,"column":64}},"type":"binary-expr","locations":[{"start":{"line":36,"column":23},"end":{"line":36,"column":53}},{"start":{"line":36,"column":57},"end":{"line":36,"column":64}}],"line":36},"3":{"loc":{"start":{"line":67,"column":8},"end":{"line":71,"column":9}},"type":"if","locations":[{"start":{"line":67,"column":8},"end":{"line":71,"column":9}},{"start":{"line":69,"column":15},"end":{"line":71,"column":9}}],"line":67},"4":{"loc":{"start":{"line":87,"column":6},"end":{"line":89,"column":7}},"type":"if","locations":[{"start":{"line":87,"column":6},"end":{"line":89,"column":7}},{"start":{},"end":{}}],"line":87},"5":{"loc":{"start":{"line":87,"column":10},"end":{"line":87,"column":50}},"type":"binary-expr","locations":[{"start":{"line":87,"column":10},"end":{"line":87,"column":28}},{"start":{"line":87,"column":32},"end":{"line":87,"column":50}}],"line":87},"6":{"loc":{"start":{"line":96,"column":6},"end":{"line":102,"column":7}},"type":"if","locations":[{"start":{"line":96,"column":6},"end":{"line":102,"column":7}},{"start":{"line":100,"column":13},"end":{"line":102,"column":7}}],"line":96},"7":{"loc":{"start":{"line":96,"column":10},"end":{"line":96,"column":46}},"type":"binary-expr","locations":[{"start":{"line":96,"column":10},"end":{"line":96,"column":23}},{"start":{"line":96,"column":27},"end":{"line":96,"column":46}}],"line":96},"8":{"loc":{"start":{"line":98,"column":21},"end":{"line":98,"column":62}},"type":"binary-expr","locations":[{"start":{"line":98,"column":21},"end":{"line":98,"column":51}},{"start":{"line":98,"column":55},"end":{"line":98,"column":62}}],"line":98},"9":{"loc":{"start":{"line":106,"column":8},"end":{"line":108,"column":60}},"type":"binary-expr","locations":[{"start":{"line":106,"column":8},"end":{"line":106,"column":33}},{"start":{"line":107,"column":8},"end":{"line":107,"column":21}},{"start":{"line":108,"column":8},"end":{"line":108,"column":60}}],"line":106},"10":{"loc":{"start":{"line":129,"column":9},"end":{"line":133,"column":9}},"type":"binary-expr","locations":[{"start":{"line":129,"column":9},"end":{"line":129,"column":14}},{"start":{"line":130,"column":10},"end":{"line":132,"column":18}}],"line":129},"11":{"loc":{"start":{"line":167,"column":13},"end":{"line":167,"column":65}},"type":"cond-expr","locations":[{"start":{"line":167,"column":23},"end":{"line":167,"column":53}},{"start":{"line":167,"column":56},"end":{"line":167,"column":65}}],"line":167},"12":{"loc":{"start":{"
[...]
,"/home/adixit/ticketing-system-dev/src/components/Welcome.js": {"path":"/home/adixit/ticketing-system-dev/src/components/Welcome.js","statementMap":{"0":{"start":{"line":13,"column":16},"end":{"line":95,"column":1}},"1":{"start":{"line":14,"column":19},"end":{"line":14,"column":32}},"2":{"start":{"line":16,"column":2},"end":{"line":94,"column":4}},"3":{"start":{"line":70,"column":29},"end":{"line":70,"column":47}}},"fnMap":{"0":{"name":"(anonymous_0)","decl":{"start":{"line":13,"column":16},"end":{"line":13,"column":17}},"loc":{"start":{"line":13,"column":22},"end":{"line":95,"column":1}},"line":13},"1":{"name":"(anonymous_1)","decl":{"start":{"line":70,"column":23},"end":{"line":70,"column":24}},"loc":{"start":{"line":70,"column":29},"end":{"line":70,"column":47}},"line":70}},"branchMap":{},"s":{"0":0,"1":0,"2":0,"3":0},"f":{"0":0,"1":0},"b":{}}
,"/home/adixit/ticketing-system-dev/src/components/apiClient.js": {"path":"/home/adixit/ticketing-system-dev/src/components/apiClient.js","statementMap":{"0":{"start":{"line":4,"column":16},"end":{"line":4,"column":60}},"1":{"start":{"line":5,"column":0},"end":{"line":5,"column":39}},"2":{"start":{"line":7,"column":18},"end":{"line":15,"column":2}},"3":{"start":{"line":18,"column":20},"end":{"line":18,"column":21}},"4":{"start":{"line":19,"column":20},"end":{"line":19,"column":24}},"5":{"start":{"line":21,"column":22},"end":{"line":30,"column":1}},"6":{"start":{"line":22,"column":2},"end":{"line":29,"column":3}},"7":{"start":{"line":23,"column":17},"end":{"line":23,"column":45}},"8":{"start":{"line":24,"column":4},"end":{"line":24,"column":42}},"9":{"start":{"line":26,"column":4},"end":{"line":26,"column":55}},"10":{"start":{"line":27,"column":4},"end":{"line":27,"column":36}},"11":{"start":{"line":28,"column":4},"end":{"line":28,"column":16}},"12":{"start":{"line":33,"column":28},"end":{"line":39,"column":1}},"13":{"start":{"line":34,"column":2},"end":{"line":38,"column":3}},"14":{"start":{"line":35,"column":4},"end":{"line":35,"column":113}},"15":{"start":{"line":37,"column":4},"end":{"line":37,"column":62}},"16":{"start":{"line":42,"column":0},"end":{"line":56,"column":2}},"17":{"start":{"line":44,"column":17},"end":{"line":44,"column":32}},"18":{"start":{"line":45,"column":4},"end":{"line":49,"column":5}},"19":{"start":{"line":47,"column":20},"end":{"line":47,"column":90}},"20":{"start":{"line":48,"column":6},"end":{"line":48,"column":43}},"21":{"start":{"line":50,"column":4},"end":{"line":50,"column":18}},"22":{"start":{"line":53,"column":4},"end":{"line":53,"column":55}},"23":{"start":{"line":54,"column":4},"end":{"line":54,"column":33}},"24":{"start":{"line":59,"column":0},"end":{"line":96,"column":2}},"25":{"start":{"line":60,"column":14},"end":{"line":60,"column":22}},"26":{"start":{"line":62,"column":4},"end":{"line":93,"column":5}},"27":{"start":{"line":64,"column":6},"end":{"line":68,"column":9}},"28":{"start":{"line":71,"column":6},"end":{"line":83,"column":7}},"29":{"start":{"line":73,"column":10},"end":{"line":73,"column":87}},"30":{"start":{"line":74,"column":10},"end":{"line":74,"column":16}},"31":{"start":{"line":76,"column":10},"end":{"line":76,"column":47}},"32":{"start":{"line":77,"column":10},"end":{"line":77,"column":16}},"33":{"start":{"line":79,"column":10},"end":{"line":79,"column":44}},"34":{"start":{"line":80,"column":10},"end":{"line":80,"column":16}},"35":{"start":{"line":82,"column":10},"end":{"line":82,"column":64}},"36":{"start":{"line":84,"column":6},"end":{"line":84,"column":35}},"37":{"start":{"line":85,"column":11},"end":{"line":93,"column":5}},"38":{"start":{"line":87,"column":6},"end":{"line":91,"column":7}},"39":{"start":{"line":88,"column":8},"end":{"line":88,"column":55}},"40":{"start":{"line":90,"column":8},"end":{"line":90,"column":53}},"41":{"start":{"line":92,"column":6},"end":{"line":92,"column":35}},"42":{"start":{"line":94,"column":4},"end":{"line":94,"column":33}}},"fnMap":{"0":{"name":"(anonymous_0)","decl":{"start":{"line":21,"column":22},"end":{"line":21,"column":23}},"loc":{"start":{"line":21,"column":28},"end":{"line":30,"column":1}},"line":21},"1":{"name":"(anonymous_1)","decl":{"start":{"line":33,"column":28},"end":{"line":33,"column":29}},"loc":{"start":{"line":33,"column":39},"end":{"line":39,"column":1}},"line":33},"2":{"name":"(anonymous_2)","decl":{"start":{"line":43,"column":2},"end":{"line":43,"column":3}},"loc":{"start":{"line":43,"column":14},"end":{"line":51,"column":3}},"line":43},"3":{"name":"(anonymous_3)","decl":{"start":{"line":52,"column":2},"end":{"line":52,"column":3}},"loc":{"start":{"line":52,"column":13},"end":{"line":55,"column":3}},"line":52},"4":{"name":"(anonymous_4)","decl":{"start":{"line":60,"column":2},"end":{"line":60,"column":3}},"loc":{"start":{"line":60,"column":14},"end":{"line":60,"column":22}},"line":60},"5":{"name":"(anonymous_5)","decl":{"start":{"line":61,"column":2},"end":{"line":61,"column":3}},"loc":{"start":{"line":61,"column":11},"end":{"line":95,"column":3}},"line":61}},"branchMap":{"0":{"loc":{"start":{"line":24,"column":11},"end":{"line":24,"column":41}},"type":"cond-expr","locations":[{"start":{"line":24,"column":18},"end":{"line":24,"column":34}},{"start":{"line":24,"column":37},"end":{"line":24,"column":41}}],"line":24},"1":{"loc":{"start":{"line":34,"column":2},"end":{"line":38,"column":3}},"type":"if","locations":[{"start":{"line":34,"column":2},"end":{"line":38,"column":3}},{"start":{"line":36,"column":9},"end":{"line":38,"column":3}}],"line":34},"2":{"loc":{"start":{"line":35,"column":57},"end":{"line":35,"column":112}},"type":"cond-expr","locations":[{"start":{"line":35,"column":87},"end":{"line":35,"column":92}},{"start":{"line":35,"column":95},"end":{"line":35,"column":112}}],"line":35},"3":{"loc":{"start":{"line":45,"column":4},"end":{"line":49,"column":5}},"type":"if","locations":[{"start":{"line":45,"column":4},"end":{"line":49,"column":5}},{"start":{},"end":{}}],"line":45},"4":{"loc":{"start":{"line":47,"column":20},"end":{"line":47,"column":90}},"type":"cond-expr","locations":[{"start":{"line":47,"column":55},"end":{"line":47,"column":65}},{"start":{"line":47,"column":68},"end":{"line":47,"column":90}}],"line":47},"5":{"loc":{"start":{"line":62,"column":4},"end":{"line":93,"column":5}},"type":"if","locations":[{"start":{"line":62,"column":4},"end":{"line":93,"column":5}},{"start":{"line":85,"column":11},"end":{"line":93,"column":5}}],"line":62},"6":{"loc":{"start":{"line":71,"column":6},"end":{"line":83,"column":7}},"type":"switch","locations":[{"start":{"line":72,"column":8},"end":{"line":74,"column":16}},{"start":{"line":75,"column":8},"end":{"line":77,"column":16}},{"start":{"line":78,"column":8},"end":{"line":80,"column":16}},{"start":{"line":81,"column":8},"end":{"line":82,"column":64}}],"line":71},"7":{"loc":{"start":{"line":85,"column":11},"end":{"line":93,"column":5}},"type":"if","locations":[{"start":{"line":85,"column":11},"end":{"line":93,"column":5}},{"start":{},"end":{}}],"line":85},"8":{"loc":{"start":{"line":87,"column":6},"end":{"line":91,"column":7}},"type":"if","locations":[{"start":{"line":87,"column":6},"end":{"line":91,"column":7}},{"start":{"line":89,"column":13},"end":{"line":91,"column":7}}],"line":87}},"s":{"0":0,"1":0,"2":0,"3":0,"4":0,"5":0,"6":0,"7":0,"8":0,"9":0,"10":0,"11":0,"12":0,"13":0,"14":0,"15":0,"16":0,"17":0,"18":0,"19":0,"20":0,"21":0,"22":0,"23":0,"24":0,"25":0,"26":0,"27":0,"28":0,"29":0,"30":0,"31":0,"32":0,"33":0,"34":0,"35":0,"36":0,"37":0,"38":0,"39":0,"40":0,"41":0,"42":0},"f":{"0":0,"1":0,"2":0,"3":0,"4":0,"5":0},"b":{"0":[0,0],"1":[0,0],"2":[0,0],"3":[0,0],"4":[0,0],"5":[0,0],"6":[0,0,0,0],"7":[0,0],"8":[0,0]}}
,"/home/adixit/ticketing-system-dev/src/context/AuthContext.js": {"path":"/home/adixit/ticketing-system-dev/src/context/AuthContext.js","statementMap":{"0":{"start":{"line":4,"column":20},"end":{"line":4,"column":39}},"1":{"start":{"line":6,"column":23},"end":{"line":12,"column":1}},"2":{"start":{"line":7,"column":18},"end":{"line":7,"column":41}},"3":{"start":{"line":8,"column":2},"end":{"line":10,"column":3}},"4":{"start":{"line":9,"column":4},"end":{"line":9,"column":67}},"5":{"start":{"line":11,"column":2},"end":{"line":11,"column":17}},"6":{"start":{"line":14,"column":28},"end":{"line":144,"column":1}},"7":{"start":{"line":15,"column":26},"end":{"line":19,"column":4}},"8":{"start":{"line":17,"column":23},"end":{"line":17,"column":51}},"9":{"start":{"line":18,"column":4},"end":{"line":18,"column":54}},"10":{"start":{"line":22,"column":2},"end":{"line":28,"column":13}},"11":{"start":{"line":23,"column":4},"end":{"line":27,"column":5}},"12":{"start":{"line":24,"column":6},"end":{"line":24,"column":57}},"13":{"start":{"line":26,"column":6},"end":{"line":26,"column":38}},"14":{"start":{"line":30,"column":25},"end":{"line":38,"column":8}},"15":{"start":{"line":31,"column":4},"end":{"line":37,"column":5}},"16":{"start":{"line":32,"column":23},"end":{"line":32,"column":63}},"17":{"start":{"line":33,"column":6},"end":{"line":33,"column":39}},"18":{"start":{"line":35,"column":6},"end":{"line":35,"column":57}},"19":{"start":{"line":36,"column":6},"end":{"line":36,"column":19}},"20":{"start":{"line":40,"column":22},"end":{"line":55,"column":8}},"21":{"start":{"line":41,"column":4},"end":{"line":54,"column":5}},"22":{"start":{"line":43,"column":6},"end":{"line":43,"column":26}},"23":{"start":{"line":45,"column":23},"end":{"line":45,"column":59}},"24":{"start":{"line":46,"column":6},"end":{"line":48,"column":7}},"25":{"start":{"line":47,"column":8},"end":{"line":47,"column":74}},"26":{"start":{"line":49,"column":6},"end":{"line":49,"column":27}},"27":{"start":{"line":51,"column":6},"end":{"line":51,"column":57}},"28":{"start":{"line":52,"column":6},"end":{"line":52,"column":25}},"29":{"start":{"line":53,"column":6},"end":{"line":53,"column":18}},"30":{"start":{"line":57,"column":16},"end":{"line":90,"column":19}},"31":{"start":{"line":58,"column":4},"end":{"line":89,"column":5}},"32":{"start":{"line":59,"column":6},"end":{"line":61,"column":7}},"33":{"start":{"line":60,"column":8},"end":{"line":60,"column":46}},"34":{"start":{"line":64,"column":23},"end":{"line":68,"column":7}},"35":{"start":{"line":71,"column":33},"end":{"line":71,"column":62}},"36":{"start":{"line":74,"column":6},"end":{"line":74,"column":46}},"37":{"start":{"line":77,"column":6},"end":{"line":77,"column":61}},"38":{"start":{"line":80,"column":6},"end":{"line":80,"column":24}},"39":{"start":{"line":81,"column":6},"end":{"line":81,"column":31}},"40":{"start":{"line":83,"column":6},"end":{"line":83,"column":46}},"41":{"start":{"line":85,"column":6},"end":{"line":85,"column":38}},"42":{"start":{"line":86,"column":6},"end":{"line":86,"column":25}},"43":{"start":{"line":87,"column":6},"end":{"line":87,"column":20}},"44":{"start":{"line":88,"column":6},"end":{"line":88,"column":18}},"45":{"start":{"line":92,"column":17},"end":{"line":96,"column":8}},"46":{"start":{"line":93,"column":4},"end":{"line":93,"column":36}},"47":{"start":{"line":94,"column":4},"end":{"line":94,"column":23}},"48":{"start":{"line":95,"column":4},"end":{"line":95,"column":18}},"49":{"start":{"line":99,"column":2},"end":{"line":137,"column":20}},"50":{"start":{"line":100,"column":21},"end":{"line":134,"column":5}},"51":{"start":{"line":101,"column":6},"end":{"line":133,"column":7}},"52":{"start":{"line":102,"column":26},"end":{"line":102,"column":54}},"53":{"start":{"line":103,"column":8},"end":{"line":128,"column":9}},"54":{"start":{"line":104,"column":27},"end":{"line":104,"column":48}},"55":{"start":{"line":106,"column":10},"end":{"line":127,"column":11}},"56":{"start":{"line":107,"column":12},"end":{"line":126,"column":13}},"57":{"start":{"line":109,"column":41},"end":{"line":109,"column":74}},"58":{"start":{"line":110,"column":14},"end":{"line":121,"column":15}},"59":{"start":{"line":112,"column":40},"end":{"line":115,"column":17}},"60":{"start":{"line":116,"column":16},"end":{"line":116,"column":78}},"61":{"start":{"line":117,"column":16},"end":{"line":117,"column":41}},"62":{"start":{"line":118,"column":16},"end":{"line":118,"column":45}},"63":{"start":{"line":120,"column":16},"end":{"line":120,"column":61}},"64":{"start":{"line":123,"column":14},"end":{"line":123,"column":62}},"65":{"start":{"line":124,"column":14},"end":{"line":124,"column":46}},"66":{"start":{"line":125,"column":14},"end":{"line":125,"column":33}},"67":{"start":{"line":130,"column":8},"end":{"line":130,"column":57}},"68":{"start":{"line":131,"column":8},"end":{"line":131,"column":40}},"69":{"start":{"line":132,"column":8},"end":{"line":132,"column":27}},"70":{"start":{"line":136,"column":4},"end":{"line":136,"column":15}},"71":{"start":{"line":139,"column":2},"end":{"line":143,"column":4}}},"fnMap":{"0":{"name":"(anonymous_0)","decl":{"start":{"line":6,"column":23},"end":{"line":6,"column":24}},"loc":{"start":{"line":6,"column":29},"end":{"line":12,"column":1}},"line":6},"1":{"name":"(anonymous_1)","decl":{"start":{"line":14,"column":28},"end":{"line":14,"column":29}},"loc":{"start":{"line":14,"column":46},"end":{"line":144,"column":1}},"line":14},"2":{"name":"(anonymous_2)","decl":{"start":{"line":15,"column":35},"end":{"line":15,"column":36}},"loc":{"start":{"line":15,"column":41},"end":{"line":19,"column":3}},"line":15},"3":{"name":"(anonymous_3)","decl":{"start":{"line":22,"column":12},"end":{"line":22,"column":13}},"loc":{"start":{"line":22,"column":18},"end":{"line":28,"column":3}},"line":22},"4":{"name":"(anonymous_4)","decl":{"start":{"line":30,"column":37},"end":{"line":30,"column":38}},"loc":{"start":{"line":30,"column":49},"end":{"line":38,"column":3}},"line":30},"5":{"name":"(anonymous_5)","decl":{"start":{"line":40,"column":34},"end":{"line":40,"column":35}},"loc":{"start":{"line":40,"column":51},"end":{"line":55,"column":3}},"line":40},"6":{"name":"(anonymous_6)","decl":{"start":{"line":57,"column":28},"end":{"line":57,"column":29}},"loc":{"start":{"line":57,"column":44},"end":{"line":90,"column":3}},"line":57},"7":{"name":"(anonymous_7)","decl":{"start":{"line":92,"column":29},"end":{"line":92,"column":30}},"loc":{"start":{"line":92,"column":35},"end":{"line":96,"column":3}},"line":92},"8":{"name":"(anonymous_8)","decl":{"start":{"line":99,"column":12},"end":{"line":99,"column":13}},"loc":{"start":{"line":99,"column":18},"end":{"line":137,"column":3}},"line":99},"9":{"name":"(anonymous_9)","decl":{"start":{"line":100,"column":21},"end":{"line":100,"column":22}},"loc":{"start":{"line":100,"column":33},"end":{"line":134,"column":5}},"line":100}},"branchMap":{"0":{"loc":{"start":{"line":8,"column":2},"end":{"line":10,"column":3}},"type":"if","locations":[{"start":{"line":8,"column":2},"end":{"line":10,"column":3}},{"start":{},"end":{}}],"line":8},"1":{"loc":{"start":{"line":18,"column":11},"end":{"line":18,"column":53}},"type":"cond-expr","locations":[{"start":{"line":18,"column":24},"end":{"line":18,"column":46}},{"start":{"line":18,"column":49},"end":{"line":18,"column":53}}],"line":18},"2":{"loc":{"start":{"line":23,"column":4},"end":{"line":27,"column":5}},"type":"if","locations":[{"start":{"line":23,"column":4},"end":{"line":27,"column":5}},{"start":{"line":25,"column":11},"end":{"line":27,"column":5}}],"line":23},"3":{"loc":{"start":{"line":46,"column":6},"end":{"line":48,"column":7}},"type":"if","locations":[{"start":{"line":46,"column":6},"end":{"line":48,"column":7}},{"start":{},"end":{}}],"line":46},"4":{"loc":{"start":{"line":47,"column":24},"end":{"line":47,"column":72}},"type":"binary-expr","locations":[{"start":{"line":47,"column":24},"end":{"line":47,"column":41}},{"start":{"line":47,"column":45},"end":{"line":47,"column":72}}],"line":47},"5":{"loc":{"start":{"line":59,"column":6},"end":{"line":61,"column":7}},"type":"if","locations":[{"start":{"line":59,"column":6},"end":{"line":61,"column":7}},{"start":{},"end":{}}],"line":59},"6":{"loc":{"start":{"line":59,"column":10},"end":{"line":59,"column":35}},"type":"binary-expr","locations":[{"start":{"line":59,"column":10},"end":{"line":59,"column":21}},{"start":{"line":59,"column":25},"end":{"line":59,"column":35}}],"line":59},"7":{"loc":{"start":{"line":103,"column":8},"end":{"line":128,"column":9}},"type":"if","locations":[{"start":{"line":103,"column":8},"end":{"line":128,"column":9}},{"start":{},"end":{}}],"line":103},"8":{"loc":{"start":{"line":106,"column":10},"end":{"line":127,"column":11}},"type":"if","locations":[{"start":{"line":106,"column":10},"end":{"line":127,"column":11}},{"start":{},"end":{}}],"line":106},"9":{"loc":{"start":{"line":110,"column":14},"end":{"line":121,"column":15}},"type":"if","locations":[{"start":{"line":110,"column":14},"end":{"line":121,"column":15}},{"start":{"line":119,"column":21},"end":{"line":121,"column":15}}],"line":110}},"s":{"0":0,"1":0,"2":0,"3":0,"4":0,"5":0,"6":0,"7":0,"8":0,"9":0,"10":0,"11":0,"12":0,"13":0,"14":0,"15":0,"16":0,"17":0,"18":0,"19":0,"20":0,"21":0,"22":0,"23":0,"24":0,"25":0,"26":0,"27":0,"28":0,"29":0,"30":0,"31":0,"32":0,"33":0,"34":0,"35":0,"36":0,"37":0,"38":0,"39":0,"40":0,"41":0,"42":0,"43":0,"44":0,"45":0,"46":0,"47":0,"48":0,"49":0,"50":0,"51":0,"52":0,"53":0,"54":0,"55":0,"56":0,"57":0,"58":0,"59":0,"60":0,"61":0,"62":0,"63":0,"64":0,"65":0,"66":0,"67":0,"68":0,"69":0,"70":0,"71":0},"f":{"0":0,"1":0,"2":0,"3":0,"4":0,"5":0,"6":0,"7":0,"8":0,"9":0},"b":{"0":[0,0],"1":[0,0],"2":[0,0],"3":[0,0],"4":[0,0],"5":[0,0],"6":[0,0],"7":[0,0],"8":[0,0],"9":[0,0]}}
,"/home/adixit/ticketing-system-dev/src/hooks/useIsMobile.js": {"path":"/home/adixit/ticketing-system-dev/src/hooks/useIsMobile.js","statementMap":{"0":{"start":{"line":4,"column":27},"end":{"line":7,"column":1}},"1":{"start":{"line":5,"column":16},"end":{"line":5,"column":26}},"2":{"start":{"line":6,"column":2},"end":{"line":6,"column":53}}},"fnMap":{"0":{"name":"(anonymous_0)","decl":{"start":{"line":4,"column":27},"end":{"line":4,"column":28}},"loc":{"start":{"line":4,"column":33},"end":{"line":7,"column":1}},"line":4}},"branchMap":{},"s":{"0":0,"1":0,"2":0},"f":{"0":0},"b":{}}
,"/home/adixit/ticketing-system-dev/src/hooks/usePropertySwitcher.js": {"path":"/home/adixit/ticketing-system-dev/src/hooks/usePropertySwitcher.js","statementMap":{"0":{"start":{"line":4,"column":35},"end":{"line":24,"column":1}},"1":{"start":{"line":5,"column":19},"end":{"line":5,"column":28}},"2":{"start":{"line":6,"column":48},"end":{"line":6,"column":62}},"3":{"start":{"line":7,"column":56},"end":{"line":7,"column":68}},"4":{"start":{"line":9,"column":2},"end":{"line":17,"column":13}},"5":{"start":{"line":10,"column":4},"end":{"line":16,"column":5}},"6":{"start":{"line":12,"column":6},"end":{"line":14,"column":9}},"7":{"start":{"line":15,"column":6},"end":{"line":15,"column":65}},"8":{"start":{"line":19,"column":2},"end":{"line":23,"column":4}}},"fnMap":{"0":{"name":"(anonymous_0)","decl":{"start":{"line":4,"column":35},"end":{"line":4,"column":36}},"loc":{"start":{"line":4,"column":41},"end":{"line":24,"column":1}},"line":4},"1":{"name":"(anonymous_1)","decl":{"start":{"line":9,"column":12},"end":{"line":9,"column":13}},"loc":{"start":{"line":9,"column":18},"end":{"line":17,"column":3}},"line":9}},"branchMap":{"0":{"loc":{"start":{"line":10,"column":4},"end":{"line":16,"column":5}},"type":"if","locations":[{"start":{"line":10,"column":4},"end":{"line":16,"column":5}},{"start":{},"end":{}}],"line":10}},"s":{"0":0,"1":0,"2":0,"3":0,"4":0,"5":0,"6":0,"7":0,"8":0},"f":{"0":0,"1":0},"b":{"0":[0,0]}}
}
