TN:
SF:src/App.js
FN:34,(anonymous_0)
FNF:1
FNH:0
FNDA:0,(anonymous_0)
DA:34,0
DA:35,0
LF:2
LH:0
BRF:0
BRH:0
end_of_record
TN:
SF:src/index.js
FNF:0
FNH:0
DA:7,0
DA:8,0
DA:17,0
LF:3
LH:0
BRF:0
BRH:0
end_of_record
TN:
SF:src/reportWebVitals.js
FN:1,(anonymous_0)
FN:3,(anonymous_1)
FNF:2
FNH:0
FNDA:0,(anonymous_0)
FNDA:0,(anonymous_1)
DA:1,0
DA:2,0
DA:3,0
DA:4,0
DA:5,0
DA:6,0
DA:7,0
DA:8,0
LF:8
LH:0
BRDA:2,0,0,0
BRDA:2,0,1,0
BRDA:2,1,0,0
BRDA:2,1,1,0
BRF:4
BRH:0
end_of_record
TN:
SF:src/test-utils.js
FN:7,(anonymous_0)
FN:19,(anonymous_1)
FNF:2
FNH:0
FNDA:0,(anonymous_0)
FNDA:0,(anonymous_1)
DA:7,0
DA:8,0
DA:19,0
DA:20,0
LF:4
LH:0
BRF:0
BRH:0
end_of_record
TN:
SF:src/theme.js
FNF:0
FNH:0
DA:3,0
LF:1
LH:0
BRF:0
BRH:0
end_of_record
TN:
SF:src/components/Dashboard.js
FN:54,(anonymous_0)
FN:66,(anonymous_1)
FN:74,(anonymous_2)
FN:82,(anonymous_3)
FN:89,(anonymous_4)
FN:99,(anonymous_5)
FN:121,(anonymous_6)
FN:141,(anonymous_7)
FN:146,(anonymous_8)
FN:155,(anonymous_9)
FN:193,(anonymous_10)
FN:197,(anonymous_11)
FN:204,(anonymous_12)
FN:209,(anonymous_13)
FN:216,(anonymous_14)
FN:217,(anonymous_15)
FN:223,(anonymous_16)
FN:228,(anonymous_17)
FN:229,(anonymous_18)
FN:230,(anonymous_19)
FN:247,(anonymous_20)
FN:252,(anonymous_21)
FN:253,(anonymous_22)
FN:254,(anonymous_23)
FN:271,(anonymous_24)
FN:280,(anonymous_25)
FN:281,(anonymous_26)
FN:282,(anonymous_27)
FN:283,(anonymous_28)
FN:298,(anonymous_29)
FN:302,(anonymous_30)
FN:309,(anonymous_31)
FN:416,(anonymous_32)
FN:469,(anonymous_33)
FN:471,(anonymous_34)
FN:476,(anonymous_35)
FN:481,(anonymous_36)
FN:501,(anonymous_37)
FNF:38
FNH:0
FNDA:0,(anonymous_0)
FNDA:0,(anonymous_1)
FNDA:0,(anonymous_2)
FNDA:0,(anonymous_3)
FNDA:0,(anonymous_4)
FNDA:0,(anonymous_5)
FNDA:0,(anonymous_6)
FNDA:0,(anonymous_7)
FNDA:0,(anonymous_8)
FNDA:0,(anonymous_9)
FNDA:0,(anonymous_10)
FNDA:0,(anonymous_11)
FNDA:0,(anonymous_12)
FNDA:0,(anonymous_13)
FNDA:0,(anonymous_14)
FNDA:0,(anonymous_15)
FNDA:0,(anonymous_16)
FNDA:0,(anonymous_17)
FNDA:0,(anonymous_18)
FNDA:0,(anonymous_19)
FNDA:0,(anonymous_20)
FNDA:0,(anonymous_21)
FNDA:0,(anonymous_22)
FNDA:0,(anonymous_23)
FNDA:0,(anonymous_24)
FNDA:0,(anonymous_25)
FNDA:0,(anonymous_26)
FNDA:0,(anonymous_27)
FNDA:0,(anonymous_28)
FNDA:0,(anonymous_29)
FNDA:0,(anonymous_30)
FNDA:0,(anonymous_31)
FNDA:0,(anonymous_32)
FNDA:0,(anonymous_33)
FNDA:0,(anonymous_34)
FNDA:0,(anonymous_35)
FNDA:0,(anonymous_36)
FNDA:0,(anonymous_37)
DA:41,0
DA:54,0
DA:55,0
DA:56,0
DA:57,0
DA:64,0
DA:65,0
DA:66,0
DA:68,0
DA:69,0
DA:71,0
DA:74,0
DA:75,0
DA:76,0
DA:77,0
DA:82,0
DA:83,0
DA:89,0
DA:90,0
DA:91,0
DA:92,0
DA:94,0
DA:95,0
DA:99,0
DA:100,0
DA:101,0
DA:102,0
DA:103,0
DA:104,0
DA:107,0
DA:108,0
DA:109,0
DA:112,0
DA:113,0
DA:116,0
DA:117,0
DA:118,0
DA:121,0
DA:122,0
DA:126,0
DA:129,0
DA:130,0
DA:131,0
DA:139,0
DA:140,0
DA:141,0
DA:145,0
DA:146,0
DA:151,0
DA:154,0
DA:155,0
DA:160,0
DA:163,0
DA:166,0
DA:168,0
DA:172,0
DA:178,0
DA:180,0
DA:181,0
DA:182,0
DA:183,0
DA:184,0
DA:186,0
DA:189,0
DA:193,0
DA:194,0
DA:197,0
DA:198,0
DA:199,0
DA:200,0
DA:201,0
DA:203,0
DA:204,0
DA:209,0
DA:210,0
DA:211,0
DA:214,0
DA:215,0
DA:216,0
DA:217,0
DA:220,0
DA:223,0
DA:224,0
DA:225,0
DA:227,0
DA:228,0
DA:229,0
DA:230,0
DA:233,0
DA:235,0
DA:247,0
DA:248,0
DA:249,0
DA:251,0
DA:252,0
DA:253,0
DA:254,0
DA:257,0
DA:259,0
DA:271,0
DA:272,0
DA:273,0
DA:279,0
DA:280,0
DA:282,0
DA:283,0
DA:285,0
DA:290,0
DA:297,0
DA:298,0
DA:302,0
DA:309,0
DA:318,0
DA:319,0
DA:326,0
DA:327,0
DA:334,0
DA:416,0
DA:470,0
DA:471,0
DA:472,0
DA:473,0
DA:476,0
DA:477,0
DA:481,0
DA:482,0
DA:486,0
DA:488,0
DA:502,0
LF:129
LH:0
BRDA:69,0,0,0
BRDA:69,0,1,0
BRDA:75,1,0,0
BRDA:75,1,1,0
BRDA:92,2,0,0
BRDA:92,2,1,0
BRDA:100,3,0,0
BRDA:100,3,1,0
BRDA:113,4,0,0
BRDA:113,4,1,0
BRDA:122,5,0,0
BRDA:122,5,1,0
BRDA:122,5,2,0
BRDA:139,6,0,0
BRDA:139,6,1,0
BRDA:140,7,0,0
BRDA:140,7,1,0
BRDA:145,8,0,0
BRDA:145,8,1,0
BRDA:154,9,0,0
BRDA:154,9,1,0
BRDA:163,10,0,0
BRDA:163,10,1,0
BRDA:166,11,0,0
BRDA:166,11,1,0
BRDA:181,12,0,0
BRDA:181,12,1,0
BRDA:181,13,0,0
BRDA:181,13,1,0
BRDA:186,14,0,0
BRDA:186,14,1,0
BRDA:186,14,2,0
BRDA:199,15,0,0
BRDA:199,15,1,0
BRDA:203,16,0,0
BRDA:203,16,1,0
BRDA:214,17,0,0
BRDA:214,17,1,0
BRDA:228,18,0,0
BRDA:228,18,1,0
BRDA:229,19,0,0
BRDA:229,19,1,0
BRDA:230,20,0,0
BRDA:230,20,1,0
BRDA:252,21,0,0
BRDA:252,21,1,0
BRDA:253,22,0,0
BRDA:253,22,1,0
BRDA:254,23,0,0
BRDA:254,23,1,0
BRDA:280,24,0,0
BRDA:280,24,1,0
BRDA:282,25,0,0
BRDA:282,25,1,0
BRDA:283,26,0,0
BRDA:283,26,1,0
BRDA:318,27,0,0
BRDA:318,27,1,0
BRDA:326,28,0,0
BRDA:326,28,1,0
BRDA:351,29,0,0
BRDA:351,29,1,0
BRDA:380,30,0,0
BRDA:380,30,1,0
BRDA:431,31,0,0
BRDA:431,31,1,0
BRDA:470,32,0,0
BRDA:470,32,1,0
BRDA:472,33,0,0
BRDA:472,33,1,0
BRDA:472,34,0,0
BRDA:472,34,1,0
BRDA:472,35,0,0
BRDA:472,35,1,0
BRDA:477,36,0,0
BRDA:477,36,1,0
BRDA:482,37,0,0
BRDA:482,37,1,0
BRF:78
BRH:0
end_of_record
TN:
SF:src/components/EmailSettings.js
FN:36,(anonymous_0)
FN:55,(anonymous_1)
FN:59,(anonymous_2)
FN:72,(anonymous_3)
FN:89,(anonymous_4)
FN:107,(anonymous_5)
FN:137,(anonymous_6)
FN:156,(anonymous_7)
FN:157,(anonymous_8)
FN:158,(anonymous_9)
FN:174,(anonymous_10)
FN:176,(anonymous_11)
FN:222,(anonymous_12)
FN:228,(anonymous_13)
FN:233,(anonymous_14)
FN:247,(anonymous_15)
FN:257,(anonymous_16)
FN:266,(anonymous_17)
FN:276,(anonymous_18)
FN:285,(anonymous_19)
FN:294,(anonymous_20)
FN:325,(anonymous_21)
FNF:22
FNH:0
FNDA:0,(anonymous_0)
FNDA:0,(anonymous_1)
FNDA:0,(anonymous_2)
FNDA:0,(anonymous_3)
FNDA:0,(anonymous_4)
FNDA:0,(anonymous_5)
FNDA:0,(anonymous_6)
FNDA:0,(anonymous_7)
FNDA:0,(anonymous_8)
FNDA:0,(anonymous_9)
FNDA:0,(anonymous_10)
FNDA:0,(anonymous_11)
FNDA:0,(anonymous_12)
FNDA:0,(anonymous_13)
FNDA:0,(anonymous_14)
FNDA:0,(anonymous_15)
FNDA:0,(anonymous_16)
FNDA:0,(anonymous_17)
FNDA:0,(anonymous_18)
FNDA:0,(anonymous_19)
FNDA:0,(anonymous_20)
FNDA:0,(anonymous_21)
DA:36,0
DA:37,0
DA:45,0
DA:46,0
DA:47,0
DA:48,0
DA:49,0
DA:50,0
DA:51,0
DA:52,0
DA:53,0
DA:55,0
DA:56,0
DA:59,0
DA:60,0
DA:61,0
DA:62,0
DA:63,0
DA:65,0
DA:66,0
DA:68,0
DA:72,0
DA:73,0
DA:74,0
DA:75,0
DA:76,0
DA:78,0
DA:79,0
DA:80,0
DA:82,0
DA:83,0
DA:85,0
DA:89,0
DA:90,0
DA:91,0
DA:92,0
DA:93,0
DA:95,0
DA:98,0
DA:100,0
DA:101,0
DA:103,0
DA:107,0
DA:108,0
DA:109,0
DA:110,0
DA:111,0
DA:112,0
DA:124,0
DA:126,0
DA:127,0
DA:128,0
DA:130,0
DA:131,0
DA:133,0
DA:137,0
DA:138,0
DA:139,0
DA:140,0
DA:141,0
DA:142,0
DA:156,0
DA:157,0
DA:158,0
DA:164,0
DA:167,0
DA:168,0
DA:170,0
DA:174,0
DA:175,0
DA:177,0
DA:207,0
DA:208,0
DA:215,0
DA:222,0
DA:228,0
DA:233,0
DA:247,0
DA:257,0
DA:266,0
DA:276,0
DA:285,0
DA:294,0
DA:325,0
LF:84
LH:0
BRDA:83,0,0,0
BRDA:83,0,1,0
BRDA:101,1,0,0
BRDA:101,1,1,0
BRDA:131,2,0,0
BRDA:131,2,1,0
BRDA:161,3,0,0
BRDA:161,3,1,0
BRDA:168,4,0,0
BRDA:168,4,1,0
BRDA:179,5,0,0
BRDA:179,5,1,0
BRDA:181,6,0,0
BRDA:181,6,1,0
BRDA:184,7,0,0
BRDA:184,7,1,0
BRDA:207,8,0,0
BRDA:207,8,1,0
BRDA:221,9,0,0
BRDA:221,9,1,0
BRDA:227,10,0,0
BRDA:227,10,1,0
BRDA:239,11,0,0
BRDA:239,11,1,0
BRDA:314,12,0,0
BRDA:314,12,1,0
BRDA:334,13,0,0
BRDA:334,13,1,0
BRDA:351,14,0,0
BRDA:351,14,1,0
BRDA:362,15,0,0
BRDA:362,15,1,0
BRDA:378,16,0,0
BRDA:378,16,1,0
BRF:34
BRH:0
end_of_record
TN:
SF:src/components/HomeOverview.js
FN:37,(anonymous_0)
FN:59,(anonymous_1)
FN:63,(anonymous_2)
FN:94,(anonymous_3)
FN:105,(anonymous_4)
FN:116,(anonymous_5)
FN:139,(anonymous_6)
FN:146,(anonymous_7)
FN:153,(anonymous_8)
FN:160,(anonymous_9)
FN:171,(anonymous_10)
FN:177,(anonymous_11)
FN:183,(anonymous_12)
FN:195,(anonymous_13)
FN:201,(anonymous_14)
FN:207,(anonymous_15)
FN:219,(anonymous_16)
FN:224,(anonymous_17)
FN:229,(anonymous_18)
FN:235,(anonymous_19)
FN:241,(anonymous_20)
FN:252,(anonymous_21)
FN:258,(anonymous_22)
FN:264,(anonymous_23)
FN:276,(anonymous_24)
FN:282,(anonymous_25)
FN:326,(anonymous_26)
FN:366,(anonymous_27)
FNF:28
FNH:0
FNDA:0,(anonymous_0)
FNDA:0,(anonymous_1)
FNDA:0,(anonymous_2)
FNDA:0,(anonymous_3)
FNDA:0,(anonymous_4)
FNDA:0,(anonymous_5)
FNDA:0,(anonymous_6)
FNDA:0,(anonymous_7)
FNDA:0,(anonymous_8)
FNDA:0,(anonymous_9)
FNDA:0,(anonymous_10)
FNDA:0,(anonymous_11)
FNDA:0,(anonymous_12)
FNDA:0,(anonymous_13)
FNDA:0,(anonymous_14)
FNDA:0,(anonymous_15)
FNDA:0,(anonymous_16)
FNDA:0,(anonymous_17)
FNDA:0,(anonymous_18)
FNDA:0,(anonymous_19)
FNDA:0,(anonymous_20)
FNDA:0,(anonymous_21)
FNDA:0,(anonymous_22)
FNDA:0,(anonymous_23)
FNDA:0,(anonymous_24)
FNDA:0,(anonymous_25)
FNDA:0,(anonymous_26)
FNDA:0,(anonymous_27)
DA:37,0
DA:38,0
DA:39,0
DA:40,0
DA:41,0
DA:42,0
DA:59,0
DA:60,0
DA:63,0
DA:64,0
DA:65,0
DA:66,0
DA:68,0
DA:85,0
DA:87,0
DA:88,0
DA:90,0
DA:94,0
DA:95,0
DA:97,0
DA:99,0
DA:101,0
DA:105,0
DA:106,0
DA:108,0
DA:110,0
DA:112,0
DA:116,0
DA:117,0
DA:119,0
DA:125,0
DA:131,0
DA:139,0
DA:140,0
DA:146,0
DA:153,0
DA:160,0
DA:164,0
DA:165,0
DA:171,0
DA:177,0
DA:183,0
DA:188,0
DA:189,0
DA:195,0
DA:201,0
DA:207,0
DA:213,0
DA:219,0
DA:224,0
DA:225,0
DA:229,0
DA:235,0
DA:241,0
DA:246,0
DA:247,0
DA:252,0
DA:258,0
DA:264,0
DA:270,0
DA:271,0
DA:276,0
DA:282,0
DA:288,0
DA:291,0
DA:292,0
DA:299,0
DA:300,0
DA:307,0
DA:309,0
DA:327,0
DA:367,0
LF:72
LH:0
BRDA:69,0,0,0
BRDA:69,0,1,0
BRDA:70,1,0,0
BRDA:70,1,1,0
BRDA:72,2,0,0
BRDA:72,2,1,0
BRDA:73,3,0,0
BRDA:73,3,1,0
BRDA:74,4,0,0
BRDA:74,4,1,0
BRDA:75,5,0,0
BRDA:75,5,1,0
BRDA:76,6,0,0
BRDA:76,6,1,0
BRDA:77,7,0,0
BRDA:77,7,1,0
BRDA:78,8,0,0
BRDA:78,8,1,0
BRDA:79,9,0,0
BRDA:79,9,1,0
BRDA:80,10,0,0
BRDA:80,10,1,0
BRDA:81,11,0,0
BRDA:81,11,1,0
BRDA:95,12,0,0
BRDA:95,12,1,0
BRDA:95,12,2,0
BRDA:106,13,0,0
BRDA:106,13,1,0
BRDA:106,13,2,0
BRDA:117,14,0,0
BRDA:117,14,1,0
BRDA:117,14,2,0
BRDA:157,15,0,0
BRDA:157,15,1,0
BRDA:164,16,0,0
BRDA:164,16,1,0
BRDA:188,17,0,0
BRDA:188,17,1,0
BRDA:246,18,0,0
BRDA:246,18,1,0
BRDA:270,19,0,0
BRDA:270,19,1,0
BRDA:291,20,0,0
BRDA:291,20,1,0
BRDA:299,21,0,0
BRDA:299,21,1,0
BRDA:330,22,0,0
BRDA:330,22,1,0
BRDA:331,23,0,0
BRDA:331,23,1,0
BRDA:346,24,0,0
BRDA:346,24,1,0
BRF:53
BRH:0
end_of_record
TN:
SF:src/components/Layout.js
FN:40,(anonymous_0)
FN:48,(anonymous_1)
FN:59,(anonymous_2)
FN:139,(anonymous_3)
FN:142,(anonymous_4)
FN:194,(anonymous_5)
FN:219,(anonymous_6)
FN:237,(anonymous_7)
FNF:8
FNH:0
FNDA:0,(anonymous_0)
FNDA:0,(anonymous_1)
FNDA:0,(anonymous_2)
FNDA:0,(anonymous_3)
FNDA:0,(anonymous_4)
FNDA:0,(anonymous_5)
FNDA:0,(anonymous_6)
FNDA:0,(anonymous_7)
DA:38,0
DA:40,0
DA:41,0
DA:42,0
DA:43,0
DA:44,0
DA:45,0
DA:46,0
DA:48,0
DA:49,0
DA:50,0
DA:54,0
DA:55,0
DA:59,0
DA:60,0
DA:88,0
DA:101,0
DA:119,0
DA:121,0
DA:123,0
DA:125,0
DA:130,0
DA:140,0
DA:143,0
DA:144,0
DA:195,0
DA:196,0
DA:205,0
DA:219,0
DA:237,0
LF:30
LH:0
BRDA:49,0,0,0
BRDA:49,0,1,0
BRDA:49,1,0,0
BRDA:49,1,1,0
BRDA:54,2,0,0
BRDA:54,2,1,0
BRDA:54,3,0,0
BRDA:54,3,1,0
BRDA:119,4,0,0
BRDA:119,4,1,0
BRDA:119,4,2,0
BRDA:133,5,0,0
BRDA:133,5,1,0
BRDA:134,6,0,0
BRDA:134,6,1,0
BRDA:144,7,0,0
BRDA:144,7,1,0
BRDA:160,8,0,0
BRDA:160,8,1,0
BRDA:168,9,0,0
BRDA:168,9,1,0
BRDA:184,10,0,0
BRDA:184,10,1,0
BRF:23
BRH:0
end_of_record
TN:
SF:src/components/Login.js
FN:18,(anonymous_0)
FN:31,(anonymous_1)
FN:32,(anonymous_2)
FN:46,(anonymous_3)
FN:47,(anonymous_4)
FN:61,(anonymous_5)
FN:62,(anonymous_6)
FN:78,(anonymous_7)
FN:81,(anonymous_8)
FN:145,(anonymous_9)
FN:157,(anonymous_10)
FNF:11
FNH:0
FNDA:0,(anonymous_0)
FNDA:0,(anonymous_1)
FNDA:0,(anonymous_2)
FNDA:0,(anonymous_3)
FNDA:0,(anonymous_4)
FNDA:0,(anonymous_5)
FNDA:0,(anonymous_6)
FNDA:0,(anonymous_7)
FNDA:0,(anonymous_8)
FNDA:0,(anonymous_9)
FNDA:0,(anonymous_10)
DA:18,0
DA:19,0
DA:20,0
DA:21,0
DA:22,0
DA:26,0
DA:27,0
DA:28,0
DA:29,0
DA:31,0
DA:32,0
DA:33,0
DA:34,0
DA:35,0
DA:36,0
DA:37,0
DA:39,0
DA:43,0
DA:46,0
DA:47,0
DA:48,0
DA:49,0
DA:50,0
DA:53,0
DA:55,0
DA:58,0
DA:61,0
DA:62,0
DA:63,0
DA:64,0
DA:65,0
DA:67,0
DA:68,0
DA:70,0
DA:75,0
DA:76,0
DA:78,0
DA:81,0
DA:82,0
DA:83,0
DA:84,0
DA:86,0
DA:87,0
DA:88,0
DA:91,0
DA:96,0
DA:97,0
DA:98,0
DA:99,0
DA:101,0
DA:104,0
DA:105,0
DA:111,0
DA:115,0
DA:145,0
DA:157,0
LF:56
LH:0
BRDA:33,0,0,0
BRDA:33,0,1,0
BRDA:33,1,0,0
BRDA:33,1,1,0
BRDA:36,2,0,0
BRDA:36,2,1,0
BRDA:67,3,0,0
BRDA:67,3,1,0
BRDA:87,4,0,0
BRDA:87,4,1,0
BRDA:87,5,0,0
BRDA:87,5,1,0
BRDA:96,6,0,0
BRDA:96,6,1,0
BRDA:96,7,0,0
BRDA:96,7,1,0
BRDA:98,8,0,0
BRDA:98,8,1,0
BRDA:106,9,0,0
BRDA:106,9,1,0
BRDA:106,9,2,0
BRDA:129,10,0,0
BRDA:129,10,1,0
BRDA:167,11,0,0
BRDA:167,11,1,0
BRDA:170,12,0,0
BRDA:170,12,1,0
BRDA:207,13,0,0
BRDA:207,13,1,0
BRDA:209,14,0,0
BRDA:209,14,1,0
BRDA:210,15,0,0
BRDA:210,15,1,0
BRF:33
BRH:0
end_of_record
TN:
SF:src/components/ManageUsers.js
FN:38,(anonymous_0)
FN:68,(anonymous_1)
FN:72,(anonymous_2)
FN:82,(anonymous_3)
FN:105,(anonymous_4)
FN:111,(anonymous_5)
FN:121,(anonymous_6)
FN:125,(anonymous_7)
FN:135,(anonymous_8)
FN:158,(anonymous_9)
FN:166,(anonymous_10)
FN:172,(anonymous_11)
FN:177,(anonymous_12)
FN:179,(anonymous_13)
FN:226,(anonymous_14)
FN:271,(anonymous_15)
FN:283,(anonymous_16)
FN:296,(anonymous_17)
FN:322,(anonymous_18)
FN:345,(anonymous_19)
FN:368,(anonymous_20)
FN:376,(anonymous_21)
FN:380,(anonymous_22)
FN:394,(anonymous_23)
FN:412,(anonymous_24)
FN:413,(anonymous_25)
FN:414,(anonymous_26)
FN:416,(anonymous_27)
FN:417,(anonymous_28)
FN:433,(anonymous_29)
FN:445,(anonymous_30)
FN:454,(anonymous_31)
FN:463,(anonymous_32)
FN:472,(anonymous_33)
FN:491,(anonymous_34)
FN:502,(anonymous_35)
FN:511,(anonymous_36)
FN:521,(anonymous_37)
FN:530,(anonymous_38)
FN:540,(anonymous_39)
FN:551,(anonymous_40)
FN:557,(anonymous_41)
FN:568,(anonymous_42)
FN:582,(anonymous_43)
FN:589,(anonymous_44)
FN:591,(anonymous_45)
FN:594,(anonymous_46)
FN:604,(anonymous_47)
FN:615,(anonymous_48)
FN:630,(anonymous_49)
FN:640,(anonymous_50)
FN:646,(anonymous_51)
FN:655,(anonymous_52)
FN:664,(anonymous_53)
FN:678,(anonymous_54)
FN:686,(anonymous_55)
FN:694,(anonymous_56)
FN:702,(anonymous_57)
FNF:58
FNH:0
FNDA:0,(anonymous_0)
FNDA:0,(anonymous_1)
FNDA:0,(anonymous_2)
FNDA:0,(anonymous_3)
FNDA:0,(anonymous_4)
FNDA:0,(anonymous_5)
FNDA:0,(anonymous_6)
FNDA:0,(anonymous_7)
FNDA:0,(anonymous_8)
FNDA:0,(anonymous_9)
FNDA:0,(anonymous_10)
FNDA:0,(anonymous_11)
FNDA:0,(anonymous_12)
FNDA:0,(anonymous_13)
FNDA:0,(anonymous_14)
FNDA:0,(anonymous_15)
FNDA:0,(anonymous_16)
FNDA:0,(anonymous_17)
FNDA:0,(anonymous_18)
FNDA:0,(anonymous_19)
FNDA:0,(anonymous_20)
FNDA:0,(anonymous_21)
FNDA:0,(anonymous_22)
FNDA:0,(anonymous_23)
FNDA:0,(anonymous_24)
FNDA:0,(anonymous_25)
FNDA:0,(anonymous_26)
FNDA:0,(anonymous_27)
FNDA:0,(anonymous_28)
FNDA:0,(anonymous_29)
FNDA:0,(anonymous_30)
FNDA:0,(anonymous_31)
FNDA:0,(anonymous_32)
FNDA:0,(anonymous_33)
FNDA:0,(anonymous_34)
FNDA:0,(anonymous_35)
FNDA:0,(anonymous_36)
FNDA:0,(anonymous_37)
FNDA:0,(anonymous_38)
FNDA:0,(anonymous_39)
FNDA:0,(anonymous_40)
FNDA:0,(anonymous_41)
FNDA:0,(anonymous_42)
FNDA:0,(anonymous_43)
FNDA:0,(anonymous_44)
FNDA:0,(anonymous_45)
FNDA:0,(anonymous_46)
FNDA:0,(anonymous_47)
FNDA:0,(anonymous_48)
FNDA:0,(anonymous_49)
FNDA:0,(anonymous_50)
FNDA:0,(anonymous_51)
FNDA:0,(anonymous_52)
FNDA:0,(anonymous_53)
FNDA:0,(anonymous_54)
FNDA:0,(anonymous_55)
FNDA:0,(anonymous_56)
FNDA:0,(anonymous_57)
DA:38,0
DA:39,0
DA:40,0
DA:41,0
DA:42,0
DA:43,0
DA:44,0
DA:45,0
DA:46,0
DA:47,0
DA:48,0
DA:57,0
DA:58,0
DA:59,0
DA:65,0
DA:66,0
DA:68,0
DA:69,0
DA:72,0
DA:73,0
DA:74,0
DA:75,0
DA:76,0
DA:81,0
DA:82,0
DA:87,0
DA:88,0
DA:91,0
DA:92,0
DA:94,0
DA:95,0
DA:98,0
DA:99,0
DA:101,0
DA:105,0
DA:106,0
DA:108,0
DA:109,0
DA:110,0
DA:111,0
DA:112,0
DA:114,0
DA:117,0
DA:121,0
DA:122,0
DA:123,0
DA:124,0
DA:125,0
DA:126,0
DA:128,0
DA:131,0
DA:135,0
DA:136,0
DA:137,0
DA:138,0
DA:139,0
DA:141,0
DA:146,0
DA:147,0
DA:148,0
DA:151,0
DA:152,0
DA:154,0
DA:158,0
DA:159,0
DA:160,0
DA:166,0
DA:169,0
DA:172,0
DA:173,0
DA:174,0
DA:177,0
DA:178,0
DA:179,0
DA:180,0
DA:181,0
DA:182,0
DA:186,0
DA:191,0
DA:192,0
DA:194,0
DA:196,0
DA:197,0
DA:198,0
DA:199,0
DA:201,0
DA:202,0
DA:204,0
DA:205,0
DA:206,0
DA:207,0
DA:208,0
DA:210,0
DA:213,0
DA:214,0
DA:217,0
DA:218,0
DA:219,0
DA:221,0
DA:222,0
DA:226,0
DA:227,0
DA:228,0
DA:229,0
DA:232,0
DA:233,0
DA:234,0
DA:237,0
DA:244,0
DA:245,0
DA:246,0
DA:247,0
DA:248,0
DA:249,0
DA:250,0
DA:253,0
DA:254,0
DA:255,0
DA:257,0
DA:258,0
DA:259,0
DA:260,0
DA:261,0
DA:262,0
DA:266,0
DA:267,0
DA:271,0
DA:272,0
DA:273,0
DA:274,0
DA:275,0
DA:276,0
DA:279,0
DA:283,0
DA:284,0
DA:285,0
DA:296,0
DA:297,0
DA:298,0
DA:299,0
DA:300,0
DA:303,0
DA:304,0
DA:305,0
DA:308,0
DA:313,0
DA:314,0
DA:315,0
DA:317,0
DA:318,0
DA:322,0
DA:323,0
DA:328,0
DA:331,0
DA:332,0
DA:334,0
DA:346,0
DA:347,0
DA:369,0
DA:376,0
DA:381,0
DA:394,0
DA:412,0
DA:413,0
DA:415,0
DA:417,0
DA:418,0
DA:434,0
DA:445,0
DA:454,0
DA:463,0
DA:473,0
DA:474,0
DA:491,0
DA:502,0
DA:511,0
DA:521,0
DA:531,0
DA:532,0
DA:541,0
DA:551,0
DA:558,0
DA:568,0
DA:583,0
DA:584,0
DA:590,0
DA:592,0
DA:594,0
DA:605,0
DA:616,0
DA:617,0
DA:630,0
DA:640,0
DA:647,0
DA:655,0
DA:665,0
DA:666,0
DA:678,0
DA:686,0
DA:694,0
DA:703,0
DA:704,0
LF:202
LH:0
BRDA:81,0,0,0
BRDA:81,0,1,0
BRDA:81,1,0,0
BRDA:81,1,1,0
BRDA:84,2,0,0
BRDA:84,2,1,0
BRDA:91,3,0,0
BRDA:91,3,1,0
BRDA:91,4,0,0
BRDA:91,4,1,0
BRDA:106,5,0,0
BRDA:106,5,1,0
BRDA:110,6,0,0
BRDA:110,6,1,0
BRDA:112,7,0,0
BRDA:112,7,1,0
BRDA:124,8,0,0
BRDA:124,8,1,0
BRDA:126,9,0,0
BRDA:126,9,1,0
BRDA:146,10,0,0
BRDA:146,10,1,0
BRDA:152,11,0,0
BRDA:152,11,1,0
BRDA:165,12,0,0
BRDA:165,12,1,0
BRDA:180,13,0,0
BRDA:180,13,1,0
BRDA:191,14,0,0
BRDA:191,14,1,0
BRDA:192,15,0,0
BRDA:192,15,1,0
BRDA:196,16,0,0
BRDA:196,16,1,0
BRDA:196,17,0,0
BRDA:196,17,1,0
BRDA:198,18,0,0
BRDA:198,18,1,0
BRDA:201,19,0,0
BRDA:201,19,1,0
BRDA:213,20,0,0
BRDA:213,20,1,0
BRDA:222,21,0,0
BRDA:222,21,1,0
BRDA:232,22,0,0
BRDA:232,22,1,0
BRDA:232,23,0,0
BRDA:232,23,1,0
BRDA:244,24,0,0
BRDA:244,24,1,0
BRDA:246,25,0,0
BRDA:246,25,1,0
BRDA:253,26,0,0
BRDA:253,26,1,0
BRDA:258,27,0,0
BRDA:258,27,1,0
BRDA:267,28,0,0
BRDA:267,28,1,0
BRDA:274,29,0,0
BRDA:274,29,1,0
BRDA:279,30,0,0
BRDA:279,30,1,0
BRDA:298,31,0,0
BRDA:298,31,1,0
BRDA:303,32,0,0
BRDA:303,32,1,0
BRDA:318,33,0,0
BRDA:318,33,1,0
BRDA:331,34,0,0
BRDA:331,34,1,0
BRDA:332,35,0,0
BRDA:332,35,1,0
BRDA:339,36,0,0
BRDA:339,36,1,0
BRDA:340,37,0,0
BRDA:340,37,1,0
BRDA:373,38,0,0
BRDA:373,38,1,0
BRDA:393,39,0,0
BRDA:393,39,1,0
BRDA:396,40,0,0
BRDA:396,40,1,0
BRDA:397,41,0,0
BRDA:397,41,1,0
BRDA:398,42,0,0
BRDA:398,42,1,0
BRDA:404,43,0,0
BRDA:404,43,1,0
BRDA:405,44,0,0
BRDA:405,44,1,0
BRDA:406,45,0,0
BRDA:406,45,1,0
BRDA:412,46,0,0
BRDA:412,46,1,0
BRDA:421,47,0,0
BRDA:421,47,1,0
BRDA:423,48,0,0
BRDA:423,48,1,0
BRDA:424,49,0,0
BRDA:424,49,1,0
BRDA:431,50,0,0
BRDA:431,50,1,0
BRDA:442,51,0,0
BRDA:442,51,1,0
BRDA:442,51,2,0
BRDA:477,52,0,0
BRDA:477,52,1,0
BRDA:493,53,0,0
BRDA:493,53,1,0
BRDA:515,54,0,0
BRDA:515,54,1,0
BRDA:535,55,0,0
BRDA:535,55,1,0
BRDA:576,56,0,0
BRDA:576,56,1,0
BRDA:583,57,0,0
BRDA:583,57,1,0
BRDA:596,58,0,0
BRDA:596,58,1,0
BRDA:597,59,0,0
BRDA:597,59,1,0
BRDA:622,60,0,0
BRDA:622,60,1,0
BRDA:639,61,0,0
BRDA:639,61,1,0
BRF:125
BRH:0
end_of_record
TN:
SF:src/components/PropertyManagement.js
FN:36,(anonymous_0)
FN:56,(anonymous_1)
FN:60,(anonymous_2)
FN:85,(anonymous_3)
FN:122,(anonymous_4)
FN:135,(anonymous_5)
FN:159,(anonymous_6)
FN:173,(anonymous_7)
FN:183,(anonymous_8)
FN:196,(anonymous_9)
FN:211,(anonymous_10)
FN:221,(anonymous_11)
FN:227,(anonymous_12)
FN:236,(anonymous_13)
FN:252,(anonymous_14)
FN:257,(anonymous_15)
FN:263,(anonymous_16)
FN:277,(anonymous_17)
FN:288,(anonymous_18)
FN:297,(anonymous_19)
FN:306,(anonymous_20)
FN:314,(anonymous_21)
FN:323,(anonymous_22)
FN:334,(anonymous_23)
FN:356,(anonymous_24)
FN:365,(anonymous_25)
FN:366,(anonymous_26)
FN:367,(anonymous_27)
FN:369,(anonymous_28)
FN:370,(anonymous_29)
FN:382,(anonymous_30)
FN:401,(anonymous_31)
FN:425,(anonymous_32)
FN:441,(anonymous_33)
FNF:34
FNH:0
FNDA:0,(anonymous_0)
FNDA:0,(anonymous_1)
FNDA:0,(anonymous_2)
FNDA:0,(anonymous_3)
FNDA:0,(anonymous_4)
FNDA:0,(anonymous_5)
FNDA:0,(anonymous_6)
FNDA:0,(anonymous_7)
FNDA:0,(anonymous_8)
FNDA:0,(anonymous_9)
FNDA:0,(anonymous_10)
FNDA:0,(anonymous_11)
FNDA:0,(anonymous_12)
FNDA:0,(anonymous_13)
FNDA:0,(anonymous_14)
FNDA:0,(anonymous_15)
FNDA:0,(anonymous_16)
FNDA:0,(anonymous_17)
FNDA:0,(anonymous_18)
FNDA:0,(anonymous_19)
FNDA:0,(anonymous_20)
FNDA:0,(anonymous_21)
FNDA:0,(anonymous_22)
FNDA:0,(anonymous_23)
FNDA:0,(anonymous_24)
FNDA:0,(anonymous_25)
FNDA:0,(anonymous_26)
FNDA:0,(anonymous_27)
FNDA:0,(anonymous_28)
FNDA:0,(anonymous_29)
FNDA:0,(anonymous_30)
FNDA:0,(anonymous_31)
FNDA:0,(anonymous_32)
FNDA:0,(anonymous_33)
DA:36,0
DA:37,0
DA:38,0
DA:39,0
DA:40,0
DA:41,0
DA:42,0
DA:43,0
DA:44,0
DA:51,0
DA:52,0
DA:53,0
DA:54,0
DA:56,0
DA:57,0
DA:60,0
DA:61,0
DA:62,0
DA:63,0
DA:68,0
DA:70,0
DA:71,0
DA:74,0
DA:75,0
DA:78,0
DA:79,0
DA:81,0
DA:85,0
DA:86,0
DA:87,0
DA:88,0
DA:89,0
DA:91,0
DA:92,0
DA:93,0
DA:96,0
DA:105,0
DA:106,0
DA:107,0
DA:109,0
DA:110,0
DA:113,0
DA:114,0
DA:115,0
DA:117,0
DA:118,0
DA:122,0
DA:123,0
DA:124,0
DA:132,0
DA:135,0
DA:136,0
DA:144,0
DA:146,0
DA:147,0
DA:148,0
DA:150,0
DA:151,0
DA:152,0
DA:154,0
DA:155,0
DA:159,0
DA:160,0
DA:161,0
DA:165,0
DA:166,0
DA:168,0
DA:169,0
DA:173,0
DA:174,0
DA:183,0
DA:184,0
DA:185,0
DA:186,0
DA:187,0
DA:189,0
DA:190,0
DA:192,0
DA:196,0
DA:197,0
DA:198,0
DA:199,0
DA:202,0
DA:204,0
DA:212,0
DA:213,0
DA:221,0
DA:227,0
DA:237,0
DA:252,0
DA:257,0
DA:263,0
DA:277,0
DA:288,0
DA:297,0
DA:306,0
DA:314,0
DA:323,0
DA:334,0
DA:357,0
DA:365,0
DA:366,0
DA:368,0
DA:370,0
DA:371,0
DA:383,0
DA:401,0
DA:426,0
DA:441,0
LF:109
LH:0
BRDA:65,0,0,0
BRDA:65,0,1,0
BRDA:70,1,0,0
BRDA:70,1,1,0
BRDA:74,2,0,0
BRDA:74,2,1,0
BRDA:91,3,0,0
BRDA:91,3,1,0
BRDA:91,4,0,0
BRDA:91,4,1,0
BRDA:99,5,0,0
BRDA:99,5,1,0
BRDA:100,6,0,0
BRDA:100,6,1,0
BRDA:101,7,0,0
BRDA:101,7,1,0
BRDA:105,8,0,0
BRDA:105,8,1,0
BRDA:118,9,0,0
BRDA:118,9,1,0
BRDA:126,10,0,0
BRDA:126,10,1,0
BRDA:127,11,0,0
BRDA:127,11,1,0
BRDA:128,12,0,0
BRDA:128,12,1,0
BRDA:129,13,0,0
BRDA:129,13,1,0
BRDA:130,14,0,0
BRDA:130,14,1,0
BRDA:144,15,0,0
BRDA:144,15,1,0
BRDA:155,16,0,0
BRDA:155,16,1,0
BRDA:169,17,0,0
BRDA:169,17,1,0
BRDA:187,18,0,0
BRDA:187,18,1,0
BRDA:202,19,0,0
BRDA:202,19,1,0
BRDA:220,20,0,0
BRDA:220,20,1,0
BRDA:226,21,0,0
BRDA:226,21,1,0
BRDA:232,22,0,0
BRDA:232,22,1,0
BRDA:242,23,0,0
BRDA:242,23,1,0
BRDA:244,24,0,0
BRDA:244,24,1,0
BRDA:279,25,0,0
BRDA:279,25,1,0
BRDA:336,26,0,0
BRDA:336,26,1,0
BRDA:342,27,0,0
BRDA:342,27,1,0
BRDA:342,27,2,0
BRDA:365,28,0,0
BRDA:365,28,1,0
BRDA:374,29,0,0
BRDA:374,29,1,0
BRDA:406,30,0,0
BRDA:406,30,1,0
BRDA:409,31,0,0
BRDA:409,31,1,0
BRDA:413,32,0,0
BRDA:413,32,1,0
BRDA:427,33,0,0
BRDA:427,33,1,0
BRDA:430,34,0,0
BRDA:430,34,1,0
BRF:71
BRH:0
end_of_record
TN:
SF:src/components/PropertySwitcher.js
FN:6,(anonymous_0)
FN:13,(anonymous_1)
FN:18,(anonymous_2)
FN:25,(anonymous_3)
FN:33,(anonymous_4)
FN:43,(anonymous_5)
FN:49,(anonymous_6)
FN:69,(anonymous_7)
FN:70,(anonymous_8)
FN:96,(anonymous_9)
FN:117,(anonymous_10)
FN:119,(anonymous_11)
FN:124,(anonymous_12)
FN:131,(anonymous_13)
FN:152,(anonymous_14)
FNF:15
FNH:0
FNDA:0,(anonymous_0)
FNDA:0,(anonymous_1)
FNDA:0,(anonymous_2)
FNDA:0,(anonymous_3)
FNDA:0,(anonymous_4)
FNDA:0,(anonymous_5)
FNDA:0,(anonymous_6)
FNDA:0,(anonymous_7)
FNDA:0,(anonymous_8)
FNDA:0,(anonymous_9)
FNDA:0,(anonymous_10)
FNDA:0,(anonymous_11)
FNDA:0,(anonymous_12)
FNDA:0,(anonymous_13)
FNDA:0,(anonymous_14)
DA:6,0
DA:7,0
DA:8,0
DA:9,0
DA:10,0
DA:11,0
DA:13,0
DA:14,0
DA:18,0
DA:19,0
DA:20,0
DA:25,0
DA:26,0
DA:33,0
DA:34,0
DA:35,0
DA:36,0
DA:38,0
DA:39,0
DA:41,0
DA:43,0
DA:44,0
DA:47,0
DA:48,0
DA:49,0
DA:50,0
DA:51,0
DA:53,0
DA:54,0
DA:55,0
DA:56,0
DA:57,0
DA:62,0
DA:66,0
DA:68,0
DA:69,0
DA:70,0
DA:72,0
DA:73,0
DA:74,0
DA:75,0
DA:80,0
DA:81,0
DA:82,0
DA:83,0
DA:89,0
DA:90,0
DA:92,0
DA:96,0
DA:97,0
DA:98,0
DA:99,0
DA:100,0
DA:103,0
DA:104,0
DA:108,0
DA:109,0
DA:110,0
DA:112,0
DA:117,0
DA:121,0
DA:124,0
DA:127,0
DA:128,0
DA:131,0
DA:138,0
DA:141,0
DA:153,0
LF:68
LH:0
BRDA:9,0,0,0
BRDA:9,0,1,0
BRDA:19,1,0,0
BRDA:19,1,1,0
BRDA:41,2,0,0
BRDA:41,2,1,0
BRDA:47,3,0,0
BRDA:47,3,1,0
BRDA:48,4,0,0
BRDA:48,4,1,0
BRDA:50,5,0,0
BRDA:50,5,1,0
BRDA:53,6,0,0
BRDA:53,6,1,0
BRDA:56,7,0,0
BRDA:56,7,1,0
BRDA:66,8,0,0
BRDA:66,8,1,0
BRDA:66,9,0,0
BRDA:66,9,1,0
BRDA:68,10,0,0
BRDA:68,10,1,0
BRDA:68,11,0,0
BRDA:68,11,1,0
BRDA:72,12,0,0
BRDA:72,12,1,0
BRDA:74,13,0,0
BRDA:74,13,1,0
BRDA:82,14,0,0
BRDA:82,14,1,0
BRDA:99,15,0,0
BRDA:99,15,1,0
BRDA:108,16,0,0
BRDA:108,16,1,0
BRDA:109,17,0,0
BRDA:109,17,1,0
BRDA:110,18,0,0
BRDA:110,18,1,0
BRDA:116,19,0,0
BRDA:116,19,1,0
BRDA:121,20,0,0
BRDA:121,20,1,0
BRDA:127,21,0,0
BRDA:127,21,1,0
BRDA:127,22,0,0
BRDA:127,22,1,0
BRDA:138,23,0,0
BRDA:138,23,1,0
BRDA:139,24,0,0
BRDA:139,24,1,0
BRF:50
BRH:0
end_of_record
TN:
SF:src/components/ProtectedRoute.js
FN:5,(anonymous_0)
FNF:1
FNH:0
FNDA:0,(anonymous_0)
DA:5,0
DA:6,0
DA:7,0
DA:9,0
DA:10,0
DA:11,0
DA:14,0
DA:15,0
DA:18,0
DA:19,0
DA:23,0
LF:11
LH:0
BRDA:5,0,0,0
BRDA:5,1,0,0
BRDA:5,2,0,0
BRDA:9,3,0,0
BRDA:9,3,1,0
BRDA:10,4,0,0
BRDA:10,4,1,0
BRDA:14,5,0,0
BRDA:14,5,1,0
BRDA:14,6,0,0
BRDA:14,6,1,0
BRDA:18,7,0,0
BRDA:18,7,1,0
BRF:13
BRH:0
end_of_record
TN:
SF:src/components/RegisterUser.js
FN:17,(anonymous_0)
FN:31,(anonymous_1)
FN:86,(anonymous_2)
FN:123,(anonymous_3)
FN:133,(anonymous_4)
FN:143,(anonymous_5)
FN:153,(anonymous_6)
FN:161,(anonymous_7)
FN:194,(anonymous_8)
FN:201,(anonymous_9)
FNF:10
FNH:0
FNDA:0,(anonymous_0)
FNDA:0,(anonymous_1)
FNDA:0,(anonymous_2)
FNDA:0,(anonymous_3)
FNDA:0,(anonymous_4)
FNDA:0,(anonymous_5)
FNDA:0,(anonymous_6)
FNDA:0,(anonymous_7)
FNDA:0,(anonymous_8)
FNDA:0,(anonymous_9)
DA:17,0
DA:18,0
DA:19,0
DA:27,0
DA:28,0
DA:29,0
DA:31,0
DA:32,0
DA:33,0
DA:35,0
DA:36,0
DA:37,0
DA:38,0
DA:41,0
DA:42,0
DA:43,0
DA:44,0
DA:48,0
DA:49,0
DA:50,0
DA:51,0
DA:52,0
DA:56,0
DA:57,0
DA:58,0
DA:59,0
DA:63,0
DA:64,0
DA:65,0
DA:66,0
DA:70,0
DA:71,0
DA:73,0
DA:76,0
DA:86,0
DA:87,0
DA:91,0
DA:92,0
DA:96,0
DA:98,0
DA:102,0
DA:123,0
DA:133,0
DA:143,0
DA:153,0
DA:161,0
DA:195,0
DA:196,0
DA:202,0
DA:203,0
LF:50
LH:0
BRDA:17,0,0,0
BRDA:25,1,0,0
BRDA:25,1,1,0
BRDA:33,2,0,0
BRDA:33,2,1,0
BRDA:41,3,0,0
BRDA:41,3,1,0
BRDA:41,4,0,0
BRDA:41,4,1,0
BRDA:41,4,2,0
BRDA:49,5,0,0
BRDA:49,5,1,0
BRDA:56,6,0,0
BRDA:56,6,1,0
BRDA:63,7,0,0
BRDA:63,7,1,0
BRDA:63,8,0,0
BRDA:63,8,1,0
BRDA:82,9,0,0
BRDA:82,9,1,0
BRDA:92,10,0,0
BRDA:92,10,1,0
BRDA:92,10,2,0
BRDA:92,10,3,0
BRDA:114,11,0,0
BRDA:114,11,1,0
BRDA:162,12,0,0
BRDA:162,12,1,0
BRDA:180,13,0,0
BRDA:180,13,1,0
BRDA:192,14,0,0
BRDA:192,14,1,0
BRDA:200,15,0,0
BRDA:200,15,1,0
BRDA:207,16,0,0
BRDA:207,16,1,0
BRF:36
BRH:0
end_of_record
TN:
SF:src/components/Reports.js
FN:41,(anonymous_0)
FN:56,(anonymous_1)
FN:75,(anonymous_2)
FN:79,(anonymous_3)
FN:84,(anonymous_4)
FN:93,(anonymous_5)
FN:109,(anonymous_6)
FN:115,(anonymous_7)
FN:121,(anonymous_8)
FN:141,(anonymous_9)
FN:144,(anonymous_10)
FN:147,(anonymous_11)
FN:163,(anonymous_12)
FN:170,(anonymous_13)
FN:182,(anonymous_14)
FN:183,(anonymous_15)
FN:186,(anonymous_16)
FN:207,(anonymous_17)
FN:211,(anonymous_18)
FN:213,(anonymous_19)
FN:224,(anonymous_20)
FN:278,(anonymous_21)
FN:318,(anonymous_22)
FN:322,(anonymous_23)
FN:327,(anonymous_24)
FN:342,(anonymous_25)
FN:347,(anonymous_26)
FN:362,(anonymous_27)
FN:381,(anonymous_28)
FN:382,(anonymous_29)
FN:390,(anonymous_30)
FN:437,(anonymous_31)
FN:468,(anonymous_32)
FN:490,(anonymous_33)
FN:522,(anonymous_34)
FN:551,(anonymous_35)
FN:583,(anonymous_36)
FNF:37
FNH:0
FNDA:0,(anonymous_0)
FNDA:0,(anonymous_1)
FNDA:0,(anonymous_2)
FNDA:0,(anonymous_3)
FNDA:0,(anonymous_4)
FNDA:0,(anonymous_5)
FNDA:0,(anonymous_6)
FNDA:0,(anonymous_7)
FNDA:0,(anonymous_8)
FNDA:0,(anonymous_9)
FNDA:0,(anonymous_10)
FNDA:0,(anonymous_11)
FNDA:0,(anonymous_12)
FNDA:0,(anonymous_13)
FNDA:0,(anonymous_14)
FNDA:0,(anonymous_15)
FNDA:0,(anonymous_16)
FNDA:0,(anonymous_17)
FNDA:0,(anonymous_18)
FNDA:0,(anonymous_19)
FNDA:0,(anonymous_20)
FNDA:0,(anonymous_21)
FNDA:0,(anonymous_22)
FNDA:0,(anonymous_23)
FNDA:0,(anonymous_24)
FNDA:0,(anonymous_25)
FNDA:0,(anonymous_26)
FNDA:0,(anonymous_27)
FNDA:0,(anonymous_28)
FNDA:0,(anonymous_29)
FNDA:0,(anonymous_30)
FNDA:0,(anonymous_31)
FNDA:0,(anonymous_32)
FNDA:0,(anonymous_33)
FNDA:0,(anonymous_34)
FNDA:0,(anonymous_35)
FNDA:0,(anonymous_36)
DA:41,0
DA:42,0
DA:43,0
DA:56,0
DA:57,0
DA:58,0
DA:59,0
DA:60,0
DA:61,0
DA:62,0
DA:63,0
DA:64,0
DA:65,0
DA:66,0
DA:71,0
DA:72,0
DA:73,0
DA:75,0
DA:76,0
DA:79,0
DA:80,0
DA:81,0
DA:82,0
DA:84,0
DA:85,0
DA:88,0
DA:89,0
DA:93,0
DA:94,0
DA:96,0
DA:97,0
DA:98,0
DA:99,0
DA:101,0
DA:104,0
DA:105,0
DA:109,0
DA:110,0
DA:111,0
DA:115,0
DA:116,0
DA:117,0
DA:121,0
DA:122,0
DA:123,0
DA:124,0
DA:126,0
DA:129,0
DA:135,0
DA:136,0
DA:137,0
DA:140,0
DA:141,0
DA:142,0
DA:144,0
DA:145,0
DA:147,0
DA:148,0
DA:152,0
DA:159,0
DA:160,0
DA:163,0
DA:164,0
DA:170,0
DA:171,0
DA:176,0
DA:182,0
DA:183,0
DA:186,0
DA:187,0
DA:191,0
DA:194,0
DA:200,0
DA:201,0
DA:203,0
DA:207,0
DA:208,0
DA:211,0
DA:212,0
DA:213,0
DA:214,0
DA:215,0
DA:218,0
DA:219,0
DA:220,0
DA:221,0
DA:224,0
DA:225,0
DA:226,0
DA:235,0
DA:236,0
DA:246,0
DA:247,0
DA:260,0
DA:266,0
DA:275,0
DA:278,0
DA:279,0
DA:280,0
DA:281,0
DA:287,0
DA:288,0
DA:290,0
DA:293,0
DA:294,0
DA:295,0
DA:297,0
DA:301,0
DA:318,0
DA:322,0
DA:328,0
DA:329,0
DA:342,0
DA:348,0
DA:362,0
DA:381,0
DA:382,0
DA:390,0
DA:438,0
DA:439,0
DA:469,0
DA:491,0
DA:492,0
DA:523,0
DA:552,0
DA:553,0
DA:584,0
LF:127
LH:0
BRDA:51,0,0,0
BRDA:51,0,1,0
BRDA:82,1,0,0
BRDA:82,1,1,0
BRDA:94,2,0,0
BRDA:94,2,1,0
BRDA:98,3,0,0
BRDA:98,3,1,0
BRDA:98,4,0,0
BRDA:98,4,1,0
BRDA:110,5,0,0
BRDA:110,5,1,0
BRDA:116,6,0,0
BRDA:116,6,1,0
BRDA:116,7,0,0
BRDA:116,7,1,0
BRDA:135,8,0,0
BRDA:135,8,1,0
BRDA:136,9,0,0
BRDA:136,9,1,0
BRDA:137,10,0,0
BRDA:137,10,1,0
BRDA:140,11,0,0
BRDA:140,11,1,0
BRDA:159,12,0,0
BRDA:159,12,1,0
BRDA:164,13,0,0
BRDA:164,13,1,0
BRDA:164,13,2,0
BRDA:171,14,0,0
BRDA:171,14,1,0
BRDA:171,14,2,0
BRDA:187,15,0,0
BRDA:187,15,1,0
BRDA:187,15,2,0
BRDA:187,15,3,0
BRDA:225,16,0,0
BRDA:225,16,1,0
BRDA:229,17,0,0
BRDA:229,17,1,0
BRDA:235,18,0,0
BRDA:235,18,1,0
BRDA:239,19,0,0
BRDA:239,19,1,0
BRDA:242,20,0,0
BRDA:242,20,1,0
BRDA:243,21,0,0
BRDA:243,21,1,0
BRDA:244,22,0,0
BRDA:244,22,1,0
BRDA:246,23,0,0
BRDA:246,23,1,0
BRDA:250,24,0,0
BRDA:250,24,1,0
BRDA:254,25,0,0
BRDA:254,25,1,0
BRDA:260,26,0,0
BRDA:260,26,1,0
BRDA:262,27,0,0
BRDA:262,27,1,0
BRDA:287,28,0,0
BRDA:287,28,1,0
BRDA:287,29,0,0
BRDA:287,29,1,0
BRDA:290,30,0,0
BRDA:290,30,1,0
BRDA:294,31,0,0
BRDA:294,31,1,0
BRDA:294,31,2,0
BRDA:307,32,0,0
BRDA:307,32,1,0
BRDA:344,33,0,0
BRDA:344,33,1,0
BRDA:379,34,0,0
BRDA:379,34,1,0
BRDA:381,35,0,0
BRDA:381,35,1,0
BRDA:387,36,0,0
BRDA:387,36,1,0
BRDA:427,37,0,0
BRDA:427,37,1,0
BRDA:449,38,0,0
BRDA:449,38,1,0
BRDA:451,39,0,0
BRDA:451,39,1,0
BRDA:472,40,0,0
BRDA:472,40,1,0
BRDA:502,41,0,0
BRDA:502,41,1,0
BRDA:504,42,0,0
BRDA:504,42,1,0
BRDA:526,43,0,0
BRDA:526,43,1,0
BRDA:529,44,0,0
BRDA:529,44,1,0
BRDA:531,45,0,0
BRDA:531,45,1,0
BRDA:538,46,0,0
BRDA:538,46,1,0
BRDA:563,47,0,0
BRDA:563,47,1,0
BRDA:565,48,0,0
BRDA:565,48,1,0
BRDA:587,49,0,0
BRDA:587,49,1,0
BRDA:591,50,0,0
BRDA:591,50,1,0
BRF:107
BRH:0
end_of_record
TN:
SF:src/components/ServiceRequests.js
FN:33,(anonymous_0)
FN:93,(anonymous_1)
FN:94,(anonymous_2)
FN:108,(anonymous_3)
FN:115,(anonymous_4)
FN:126,(anonymous_5)
FN:136,(anonymous_6)
FN:142,(anonymous_7)
FN:155,(anonymous_8)
FN:164,(anonymous_9)
FN:166,(anonymous_10)
FN:169,(anonymous_11)
FN:196,(anonymous_12)
FN:218,(anonymous_13)
FN:231,(anonymous_14)
FN:244,(anonymous_15)
FN:260,(anonymous_16)
FN:273,(anonymous_17)
FN:283,(anonymous_18)
FN:292,(anonymous_19)
FN:298,(anonymous_20)
FN:323,(anonymous_21)
FN:376,(anonymous_22)
FN:402,(anonymous_23)
FN:413,(anonymous_24)
FN:414,(anonymous_25)
FN:415,(anonymous_26)
FN:422,(anonymous_27)
FN:430,(anonymous_28)
FN:435,(anonymous_29)
FN:440,(anonymous_30)
FN:459,(anonymous_31)
FN:467,(anonymous_32)
FN:479,(anonymous_33)
FN:483,(anonymous_34)
FN:495,(anonymous_35)
FN:499,(anonymous_36)
FN:511,(anonymous_37)
FN:518,(anonymous_38)
FN:524,(anonymous_39)
FN:531,(anonymous_40)
FNF:41
FNH:0
FNDA:0,(anonymous_0)
FNDA:0,(anonymous_1)
FNDA:0,(anonymous_2)
FNDA:0,(anonymous_3)
FNDA:0,(anonymous_4)
FNDA:0,(anonymous_5)
FNDA:0,(anonymous_6)
FNDA:0,(anonymous_7)
FNDA:0,(anonymous_8)
FNDA:0,(anonymous_9)
FNDA:0,(anonymous_10)
FNDA:0,(anonymous_11)
FNDA:0,(anonymous_12)
FNDA:0,(anonymous_13)
FNDA:0,(anonymous_14)
FNDA:0,(anonymous_15)
FNDA:0,(anonymous_16)
FNDA:0,(anonymous_17)
FNDA:0,(anonymous_18)
FNDA:0,(anonymous_19)
FNDA:0,(anonymous_20)
FNDA:0,(anonymous_21)
FNDA:0,(anonymous_22)
FNDA:0,(anonymous_23)
FNDA:0,(anonymous_24)
FNDA:0,(anonymous_25)
FNDA:0,(anonymous_26)
FNDA:0,(anonymous_27)
FNDA:0,(anonymous_28)
FNDA:0,(anonymous_29)
FNDA:0,(anonymous_30)
FNDA:0,(anonymous_31)
FNDA:0,(anonymous_32)
FNDA:0,(anonymous_33)
FNDA:0,(anonymous_34)
FNDA:0,(anonymous_35)
FNDA:0,(anonymous_36)
FNDA:0,(anonymous_37)
FNDA:0,(anonymous_38)
FNDA:0,(anonymous_39)
FNDA:0,(anonymous_40)
DA:33,0
DA:34,0
DA:35,0
DA:36,0
DA:37,0
DA:38,0
DA:39,0
DA:40,0
DA:41,0
DA:42,0
DA:43,0
DA:44,0
DA:45,0
DA:47,0
DA:58,0
DA:86,0
DA:93,0
DA:94,0
DA:95,0
DA:96,0
DA:98,0
DA:99,0
DA:100,0
DA:101,0
DA:104,0
DA:108,0
DA:109,0
DA:110,0
DA:111,0
DA:115,0
DA:117,0
DA:118,0
DA:121,0
DA:122,0
DA:126,0
DA:133,0
DA:136,0
DA:137,0
DA:142,0
DA:143,0
DA:144,0
DA:145,0
DA:146,0
DA:148,0
DA:149,0
DA:151,0
DA:155,0
DA:156,0
DA:157,0
DA:158,0
DA:160,0
DA:164,0
DA:165,0
DA:166,0
DA:169,0
DA:170,0
DA:171,0
DA:173,0
DA:174,0
DA:177,0
DA:178,0
DA:179,0
DA:182,0
DA:183,0
DA:184,0
DA:185,0
DA:186,0
DA:187,0
DA:189,0
DA:190,0
DA:192,0
DA:196,0
DA:197,0
DA:198,0
DA:200,0
DA:201,0
DA:202,0
DA:204,0
DA:208,0
DA:209,0
DA:211,0
DA:212,0
DA:214,0
DA:218,0
DA:219,0
DA:231,0
DA:232,0
DA:234,0
DA:236,0
DA:238,0
DA:240,0
DA:244,0
DA:245,0
DA:247,0
DA:249,0
DA:251,0
DA:253,0
DA:255,0
DA:259,0
DA:260,0
DA:263,0
DA:273,0
DA:283,0
DA:292,0
DA:298,0
DA:324,0
DA:376,0
DA:402,0
DA:413,0
DA:414,0
DA:416,0
DA:423,0
DA:430,0
DA:437,0
DA:438,0
DA:440,0
DA:441,0
DA:442,0
DA:445,0
DA:446,0
DA:450,0
DA:459,0
DA:468,0
DA:479,0
DA:484,0
DA:495,0
DA:500,0
DA:511,0
DA:518,0
DA:524,0
DA:531,0
LF:131
LH:0
BRDA:100,0,0,0
BRDA:100,0,1,0
BRDA:100,1,0,0
BRDA:100,1,1,0
BRDA:109,2,0,0
BRDA:109,2,1,0
BRDA:117,3,0,0
BRDA:117,3,1,0
BRDA:121,4,0,0
BRDA:121,4,1,0
BRDA:171,5,0,0
BRDA:171,5,1,0
BRDA:177,6,0,0
BRDA:177,6,1,0
BRDA:177,7,0,0
BRDA:177,7,1,0
BRDA:177,7,2,0
BRDA:177,7,3,0
BRDA:190,8,0,0
BRDA:190,8,1,0
BRDA:198,9,0,0
BRDA:198,9,1,0
BRDA:212,10,0,0
BRDA:212,10,1,0
BRDA:221,11,0,0
BRDA:221,11,1,0
BRDA:232,12,0,0
BRDA:232,12,1,0
BRDA:232,12,2,0
BRDA:232,12,3,0
BRDA:245,13,0,0
BRDA:245,13,1,0
BRDA:245,13,2,0
BRDA:245,13,3,0
BRDA:245,13,4,0
BRDA:259,14,0,0
BRDA:259,14,1,0
BRDA:291,15,0,0
BRDA:291,15,1,0
BRDA:297,16,0,0
BRDA:297,16,1,0
BRDA:303,17,0,0
BRDA:303,17,1,0
BRDA:305,18,0,0
BRDA:305,18,1,0
BRDA:314,19,0,0
BRDA:314,19,1,0
BRDA:314,19,2,0
BRDA:322,20,0,0
BRDA:322,20,1,0
BRDA:349,21,0,0
BRDA:349,21,1,0
BRDA:354,22,0,0
BRDA:354,22,1,0
BRDA:359,23,0,0
BRDA:359,23,1,0
BRDA:368,24,0,0
BRDA:368,24,1,0
BRDA:368,24,2,0
BRDA:368,24,3,0
BRDA:368,24,4,0
BRDA:368,24,5,0
BRDA:382,25,0,0
BRDA:382,25,1,0
BRDA:392,26,0,0
BRDA:392,26,1,0
BRDA:404,27,0,0
BRDA:404,27,1,0
BRDA:405,28,0,0
BRDA:405,28,1,0
BRDA:413,29,0,0
BRDA:413,29,1,0
BRDA:414,30,0,0
BRDA:414,30,1,0
BRDA:418,31,0,0
BRDA:418,31,1,0
BRDA:445,32,0,0
BRDA:445,32,1,0
BRDA:446,33,0,0
BRDA:446,33,1,0
BRDA:483,34,0,0
BRDA:483,34,1,0
BRDA:511,35,0,0
BRDA:511,35,1,0
BRDA:538,36,0,0
BRDA:538,36,1,0
BRF:86
BRH:0
end_of_record
TN:
SF:src/components/TasksKanbanBoard.js
FN:22,(anonymous_0)
FN:48,(anonymous_1)
FN:49,(anonymous_2)
FN:52,(anonymous_3)
FN:64,(anonymous_4)
FN:70,(anonymous_5)
FN:83,(anonymous_6)
FN:89,(anonymous_7)
FN:138,(anonymous_8)
FN:141,(anonymous_9)
FN:151,(anonymous_10)
FN:154,(anonymous_11)
FN:167,(anonymous_12)
FN:185,(anonymous_13)
FN:195,(anonymous_14)
FNF:15
FNH:13
FNDA:7,(anonymous_0)
FNDA:42,(anonymous_1)
FNDA:120,(anonymous_2)
FNDA:0,(anonymous_3)
FNDA:0,(anonymous_4)
FNDA:20,(anonymous_5)
FNDA:20,(anonymous_6)
FNDA:20,(anonymous_7)
FNDA:42,(anonymous_8)
FNDA:42,(anonymous_9)
FNDA:1,(anonymous_10)
FNDA:1,(anonymous_11)
FNDA:21,(anonymous_12)
FNDA:21,(anonymous_13)
FNDA:20,(anonymous_14)
DA:22,1
DA:30,7
DA:48,7
DA:49,120
DA:52,7
DA:53,0
DA:55,0
DA:57,0
DA:61,0
DA:64,0
DA:65,0
DA:66,0
DA:70,7
DA:71,20
DA:73,1
DA:75,7
DA:77,6
DA:79,6
DA:83,7
DA:84,20
DA:90,20
DA:138,42
DA:141,42
DA:151,1
DA:154,1
DA:164,7
DA:168,21
DA:186,21
DA:196,20
LF:29
LH:22
BRDA:28,0,0,3
BRDA:55,1,0,0
BRDA:55,1,1,0
BRDA:57,2,0,0
BRDA:57,2,1,0
BRDA:58,3,0,0
BRDA:58,3,1,0
BRDA:65,4,0,0
BRDA:65,4,1,0
BRDA:65,5,0,0
BRDA:65,5,1,0
BRDA:71,6,0,1
BRDA:71,6,1,7
BRDA:71,6,2,6
BRDA:71,6,3,6
BRDA:126,7,0,20
BRDA:126,7,1,11
BRDA:138,8,0,20
BRDA:138,8,1,1
BRDA:141,9,0,20
BRDA:141,9,1,1
BRDA:149,10,0,20
BRDA:149,10,1,9
BRF:23
BRH:13
end_of_record
TN:
SF:src/components/TicketKanbanBoard.js
FN:23,(anonymous_0)
FN:48,(anonymous_1)
FN:49,(anonymous_2)
FN:52,(anonymous_3)
FN:64,(anonymous_4)
FN:70,(anonymous_5)
FN:83,(anonymous_6)
FN:89,(anonymous_7)
FN:161,(anonymous_8)
FN:164,(anonymous_9)
FN:177,(anonymous_10)
FN:195,(anonymous_11)
FN:205,(anonymous_12)
FNF:13
FNH:11
FNDA:7,(anonymous_0)
FNDA:42,(anonymous_1)
FNDA:120,(anonymous_2)
FNDA:0,(anonymous_3)
FNDA:0,(anonymous_4)
FNDA:20,(anonymous_5)
FNDA:20,(anonymous_6)
FNDA:20,(anonymous_7)
FNDA:1,(anonymous_8)
FNDA:1,(anonymous_9)
FNDA:21,(anonymous_10)
FNDA:21,(anonymous_11)
FNDA:20,(anonymous_12)
DA:23,1
DA:30,7
DA:48,7
DA:49,120
DA:52,7
DA:53,0
DA:55,0
DA:57,0
DA:61,0
DA:64,0
DA:65,0
DA:66,0
DA:70,7
DA:71,20
DA:73,1
DA:75,6
DA:77,7
DA:79,6
DA:83,7
DA:84,20
DA:90,20
DA:161,1
DA:164,1
DA:174,7
DA:178,21
DA:196,21
DA:206,20
LF:27
LH:20
BRDA:28,0,0,3
BRDA:55,1,0,0
BRDA:55,1,1,0
BRDA:57,2,0,0
BRDA:57,2,1,0
BRDA:58,3,0,0
BRDA:58,3,1,0
BRDA:65,4,0,0
BRDA:65,4,1,0
BRDA:65,5,0,0
BRDA:65,5,1,0
BRDA:71,6,0,1
BRDA:71,6,1,6
BRDA:71,6,2,7
BRDA:71,6,3,6
BRDA:126,7,0,20
BRDA:126,7,1,15
BRDA:139,8,0,15
BRDA:139,8,1,5
BRDA:148,9,0,20
BRDA:148,9,1,10
BRDA:159,10,0,20
BRDA:159,10,1,9
BRF:23
BRH:13
end_of_record
TN:
SF:src/components/Unauthorized.js
FN:6,(anonymous_0)
FNF:1
FNH:0
FNDA:0,(anonymous_0)
DA:6,0
DA:7,0
DA:9,0
LF:3
LH:0
BRDA:16,0,0,0
BRDA:16,0,1,0
BRF:2
BRH:0
end_of_record
TN:
SF:src/components/ViewRooms.js
FN:50,(anonymous_0)
FN:109,(anonymous_1)
FN:119,(anonymous_2)
FN:125,(anonymous_3)
FN:132,(anonymous_4)
FN:148,(anonymous_5)
FN:152,(anonymous_6)
FN:196,(anonymous_7)
FN:230,(anonymous_8)
FN:241,(anonymous_9)
FN:241,(anonymous_10)
FN:252,(anonymous_11)
FN:265,(anonymous_12)
FN:266,(anonymous_13)
FN:266,(anonymous_14)
FN:267,(anonymous_15)
FN:270,(anonymous_16)
FN:276,(anonymous_17)
FN:279,(anonymous_18)
FN:299,(anonymous_19)
FN:345,(anonymous_20)
FN:351,(anonymous_21)
FN:358,(anonymous_22)
FN:364,(anonymous_23)
FN:378,(anonymous_24)
FN:402,(anonymous_25)
FN:406,(anonymous_26)
FN:416,(anonymous_27)
FN:420,(anonymous_28)
FN:432,(anonymous_29)
FN:435,(anonymous_30)
FN:451,(anonymous_31)
FN:463,(anonymous_32)
FN:536,(anonymous_33)
FN:538,(anonymous_34)
FN:543,(anonymous_35)
FN:559,(anonymous_36)
FN:612,(anonymous_37)
FN:651,(anonymous_38)
FN:667,(anonymous_39)
FN:691,(anonymous_40)
FN:706,(anonymous_41)
FN:714,(anonymous_42)
FN:722,(anonymous_43)
FN:731,(anonymous_44)
FN:734,(anonymous_45)
FN:743,(anonymous_46)
FN:761,(anonymous_47)
FN:765,(anonymous_48)
FN:766,(anonymous_49)
FN:775,(anonymous_50)
FN:792,(anonymous_51)
FN:802,(anonymous_52)
FN:829,(anonymous_53)
FN:836,(anonymous_54)
FN:886,(anonymous_55)
FN:913,(anonymous_56)
FN:946,(anonymous_57)
FNF:58
FNH:0
FNDA:0,(anonymous_0)
FNDA:0,(anonymous_1)
FNDA:0,(anonymous_2)
FNDA:0,(anonymous_3)
FNDA:0,(anonymous_4)
FNDA:0,(anonymous_5)
FNDA:0,(anonymous_6)
FNDA:0,(anonymous_7)
FNDA:0,(anonymous_8)
FNDA:0,(anonymous_9)
FNDA:0,(anonymous_10)
FNDA:0,(anonymous_11)
FNDA:0,(anonymous_12)
FNDA:0,(anonymous_13)
FNDA:0,(anonymous_14)
FNDA:0,(anonymous_15)
FNDA:0,(anonymous_16)
FNDA:0,(anonymous_17)
FNDA:0,(anonymous_18)
FNDA:0,(anonymous_19)
FNDA:0,(anonymous_20)
FNDA:0,(anonymous_21)
FNDA:0,(anonymous_22)
FNDA:0,(anonymous_23)
FNDA:0,(anonymous_24)
FNDA:0,(anonymous_25)
FNDA:0,(anonymous_26)
FNDA:0,(anonymous_27)
FNDA:0,(anonymous_28)
FNDA:0,(anonymous_29)
FNDA:0,(anonymous_30)
FNDA:0,(anonymous_31)
FNDA:0,(anonymous_32)
FNDA:0,(anonymous_33)
FNDA:0,(anonymous_34)
FNDA:0,(anonymous_35)
FNDA:0,(anonymous_36)
FNDA:0,(anonymous_37)
FNDA:0,(anonymous_38)
FNDA:0,(anonymous_39)
FNDA:0,(anonymous_40)
FNDA:0,(anonymous_41)
FNDA:0,(anonymous_42)
FNDA:0,(anonymous_43)
FNDA:0,(anonymous_44)
FNDA:0,(anonymous_45)
FNDA:0,(anonymous_46)
FNDA:0,(anonymous_47)
FNDA:0,(anonymous_48)
FNDA:0,(anonymous_49)
FNDA:0,(anonymous_50)
FNDA:0,(anonymous_51)
FNDA:0,(anonymous_52)
FNDA:0,(anonymous_53)
FNDA:0,(anonymous_54)
FNDA:0,(anonymous_55)
FNDA:0,(anonymous_56)
FNDA:0,(anonymous_57)
DA:50,0
DA:51,0
DA:52,0
DA:53,0
DA:54,0
DA:55,0
DA:56,0
DA:57,0
DA:58,0
DA:59,0
DA:60,0
DA:70,0
DA:71,0
DA:72,0
DA:73,0
DA:74,0
DA:75,0
DA:76,0
DA:77,0
DA:78,0
DA:79,0
DA:80,0
DA:82,0
DA:83,0
DA:86,0
DA:109,0
DA:110,0
DA:111,0
DA:112,0
DA:113,0
DA:114,0
DA:117,0
DA:119,0
DA:120,0
DA:121,0
DA:125,0
DA:126,0
DA:128,0
DA:129,0
DA:130,0
DA:131,0
DA:132,0
DA:136,0
DA:138,0
DA:141,0
DA:142,0
DA:144,0
DA:148,0
DA:149,0
DA:152,0
DA:153,0
DA:154,0
DA:155,0
DA:157,0
DA:158,0
DA:159,0
DA:163,0
DA:166,0
DA:167,0
DA:170,0
DA:174,0
DA:175,0
DA:178,0
DA:180,0
DA:181,0
DA:183,0
DA:184,0
DA:185,0
DA:186,0
DA:187,0
DA:190,0
DA:191,0
DA:192,0
DA:196,0
DA:197,0
DA:199,0
DA:202,0
DA:203,0
DA:206,0
DA:210,0
DA:211,0
DA:214,0
DA:216,0
DA:217,0
DA:219,0
DA:220,0
DA:221,0
DA:222,0
DA:224,0
DA:225,0
DA:226,0
DA:230,0
DA:231,0
DA:232,0
DA:233,0
DA:234,0
DA:235,0
DA:237,0
DA:239,0
DA:240,0
DA:241,0
DA:244,0
DA:245,0
DA:247,0
DA:252,0
DA:253,0
DA:265,0
DA:266,0
DA:267,0
DA:270,0
DA:271,0
DA:276,0
DA:279,0
DA:280,0
DA:281,0
DA:287,0
DA:288,0
DA:289,0
DA:290,0
DA:291,0
DA:292,0
DA:293,0
DA:294,0
DA:295,0
DA:296,0
DA:299,0
DA:300,0
DA:301,0
DA:303,0
DA:304,0
DA:305,0
DA:308,0
DA:309,0
DA:310,0
DA:311,0
DA:312,0
DA:314,0
DA:315,0
DA:316,0
DA:318,0
DA:319,0
DA:325,0
DA:326,0
DA:327,0
DA:329,0
DA:330,0
DA:331,0
DA:332,0
DA:337,0
DA:339,0
DA:340,0
DA:345,0
DA:346,0
DA:347,0
DA:351,0
DA:352,0
DA:353,0
DA:354,0
DA:355,0
DA:358,0
DA:360,0
DA:361,0
DA:364,0
DA:365,0
DA:367,0
DA:375,0
DA:378,0
DA:379,0
DA:381,0
DA:389,0
DA:392,0
DA:402,0
DA:407,0
DA:416,0
DA:421,0
DA:433,0
DA:436,0
DA:451,0
DA:463,0
DA:536,0
DA:538,0
DA:544,0
DA:559,0
DA:613,0
DA:652,0
DA:653,0
DA:657,0
DA:658,0
DA:668,0
DA:669,0
DA:692,0
DA:693,0
DA:706,0
DA:714,0
DA:722,0
DA:731,0
DA:735,0
DA:744,0
DA:746,0
DA:747,0
DA:762,0
DA:766,0
DA:767,0
DA:776,0
DA:792,0
DA:802,0
DA:830,0
DA:831,0
DA:836,0
DA:887,0
DA:913,0
DA:946,0
LF:212
LH:0
BRDA:113,0,0,0
BRDA:113,0,1,0
BRDA:117,1,0,0
BRDA:117,1,1,0
BRDA:120,2,0,0
BRDA:120,2,1,0
BRDA:126,3,0,0
BRDA:126,3,1,0
BRDA:131,4,0,0
BRDA:131,4,1,0
BRDA:131,5,0,0
BRDA:131,5,1,0
BRDA:134,6,0,0
BRDA:134,6,1,0
BRDA:157,7,0,0
BRDA:157,7,1,0
BRDA:166,8,0,0
BRDA:166,8,1,0
BRDA:166,9,0,0
BRDA:166,9,1,0
BRDA:166,9,2,0
BRDA:174,10,0,0
BRDA:174,10,1,0
BRDA:183,11,0,0
BRDA:183,11,1,0
BRDA:192,12,0,0
BRDA:192,12,1,0
BRDA:192,12,2,0
BRDA:202,13,0,0
BRDA:202,13,1,0
BRDA:202,14,0,0
BRDA:202,14,1,0
BRDA:202,14,2,0
BRDA:210,15,0,0
BRDA:210,15,1,0
BRDA:226,16,0,0
BRDA:226,16,1,0
BRDA:226,16,2,0
BRDA:231,17,0,0
BRDA:231,17,1,0
BRDA:239,18,0,0
BRDA:239,18,1,0
BRDA:245,19,0,0
BRDA:245,19,1,0
BRDA:266,20,0,0
BRDA:266,20,1,0
BRDA:271,21,0,0
BRDA:271,21,1,0
BRDA:271,21,2,0
BRDA:271,21,3,0
BRDA:271,21,4,0
BRDA:271,21,5,0
BRDA:271,21,6,0
BRDA:271,21,7,0
BRDA:272,22,0,0
BRDA:272,22,1,0
BRDA:301,23,0,0
BRDA:301,23,1,0
BRDA:303,24,0,0
BRDA:303,24,1,0
BRDA:303,25,0,0
BRDA:303,25,1,0
BRDA:330,26,0,0
BRDA:330,26,1,0
BRDA:334,27,0,0
BRDA:334,27,1,0
BRDA:339,28,0,0
BRDA:339,28,1,0
BRDA:352,29,0,0
BRDA:352,29,1,0
BRDA:354,30,0,0
BRDA:354,30,1,0
BRDA:365,31,0,0
BRDA:365,31,1,0
BRDA:379,32,0,0
BRDA:379,32,1,0
BRDA:458,33,0,0
BRDA:458,33,1,0
BRDA:458,33,2,0
BRDA:507,34,0,0
BRDA:507,34,1,0
BRDA:508,35,0,0
BRDA:508,35,1,0
BRDA:509,36,0,0
BRDA:509,36,1,0
BRDA:510,37,0,0
BRDA:510,37,1,0
BRDA:512,38,0,0
BRDA:512,38,1,0
BRDA:513,39,0,0
BRDA:513,39,1,0
BRDA:520,40,0,0
BRDA:520,40,1,0
BRDA:525,41,0,0
BRDA:525,41,1,0
BRDA:530,42,0,0
BRDA:530,42,1,0
BRDA:536,43,0,0
BRDA:536,43,1,0
BRDA:536,43,2,0
BRDA:555,44,0,0
BRDA:555,44,1,0
BRDA:573,45,0,0
BRDA:573,45,1,0
BRDA:574,46,0,0
BRDA:574,46,1,0
BRDA:575,47,0,0
BRDA:575,47,1,0
BRDA:579,48,0,0
BRDA:579,48,1,0
BRDA:595,49,0,0
BRDA:595,49,1,0
BRDA:598,50,0,0
BRDA:598,50,1,0
BRDA:600,51,0,0
BRDA:600,51,1,0
BRDA:605,52,0,0
BRDA:605,52,1,0
BRDA:605,52,2,0
BRDA:611,53,0,0
BRDA:611,53,1,0
BRDA:629,54,0,0
BRDA:629,54,1,0
BRDA:641,55,0,0
BRDA:641,55,1,0
BRDA:648,56,0,0
BRDA:648,56,1,0
BRDA:648,56,2,0
BRDA:648,56,3,0
BRDA:655,57,0,0
BRDA:655,57,1,0
BRDA:699,58,0,0
BRDA:699,58,1,0
BRDA:713,59,0,0
BRDA:713,59,1,0
BRDA:730,60,0,0
BRDA:730,60,1,0
BRDA:742,61,0,0
BRDA:742,61,1,0
BRDA:746,62,0,0
BRDA:746,62,1,0
BRDA:746,63,0,0
BRDA:746,63,1,0
BRDA:746,63,2,0
BRDA:760,64,0,0
BRDA:760,64,1,0
BRDA:791,65,0,0
BRDA:791,65,1,0
BRDA:809,66,0,0
BRDA:809,66,1,0
BRDA:814,67,0,0
BRDA:814,67,1,0
BRDA:819,68,0,0
BRDA:819,68,1,0
BRDA:836,69,0,0
BRDA:836,69,1,0
BRDA:840,70,0,0
BRDA:840,70,1,0
BRDA:854,71,0,0
BRDA:854,71,1,0
BRDA:858,72,0,0
BRDA:858,72,1,0
BRDA:861,73,0,0
BRDA:861,73,1,0
BRDA:867,74,0,0
BRDA:867,74,1,0
BRDA:873,75,0,0
BRDA:873,75,1,0
BRDA:879,76,0,0
BRDA:879,76,1,0
BRDA:879,76,2,0
BRDA:891,77,0,0
BRDA:891,77,1,0
BRDA:918,78,0,0
BRDA:918,78,1,0
BRF:175
BRH:0
end_of_record
TN:
SF:src/components/ViewTasks.js
FN:59,(anonymous_0)
FN:93,(anonymous_1)
FN:101,(anonymous_2)
FN:108,(anonymous_3)
FN:128,(anonymous_4)
FN:172,(anonymous_5)
FN:187,(anonymous_6)
FN:243,(anonymous_7)
FN:270,(anonymous_8)
FN:284,(anonymous_9)
FN:287,(anonymous_10)
FN:297,(anonymous_11)
FN:313,(anonymous_12)
FN:326,(anonymous_13)
FN:340,(anonymous_14)
FN:345,(anonymous_15)
FN:356,(anonymous_16)
FN:356,(anonymous_17)
FN:367,(anonymous_18)
FN:373,(anonymous_19)
FN:374,(anonymous_20)
FN:383,(anonymous_21)
FN:384,(anonymous_22)
FN:386,(anonymous_23)
FN:387,(anonymous_24)
FN:410,(anonymous_25)
FN:411,(anonymous_26)
FN:417,(anonymous_27)
FN:430,(anonymous_28)
FN:471,(anonymous_29)
FN:486,(anonymous_30)
FN:495,(anonymous_31)
FN:509,(anonymous_32)
FN:515,(anonymous_33)
FN:518,(anonymous_34)
FN:539,(anonymous_35)
FN:568,(anonymous_36)
FN:577,(anonymous_37)
FN:585,(anonymous_38)
FN:593,(anonymous_39)
FN:599,(anonymous_40)
FN:619,(anonymous_41)
FN:623,(anonymous_42)
FN:636,(anonymous_43)
FN:645,(anonymous_44)
FN:654,(anonymous_45)
FN:663,(anonymous_46)
FN:672,(anonymous_47)
FN:681,(anonymous_48)
FN:690,(anonymous_49)
FN:699,(anonymous_50)
FN:708,(anonymous_51)
FN:717,(anonymous_52)
FN:742,(anonymous_53)
FN:774,(anonymous_54)
FN:778,(anonymous_55)
FN:789,(anonymous_56)
FN:796,(anonymous_57)
FN:803,(anonymous_58)
FN:806,(anonymous_59)
FN:817,(anonymous_60)
FN:845,(anonymous_61)
FN:854,(anonymous_62)
FN:861,(anonymous_63)
FN:868,(anonymous_64)
FN:878,(anonymous_65)
FN:884,(anonymous_66)
FN:895,(anonymous_67)
FN:898,(anonymous_68)
FN:907,(anonymous_69)
FN:910,(anonymous_70)
FN:923,(anonymous_71)
FN:930,(anonymous_72)
FN:936,(anonymous_73)
FN:941,(anonymous_74)
FN:953,(anonymous_75)
FN:961,(anonymous_76)
FN:962,(anonymous_77)
FN:992,(anonymous_78)
FN:1014,(anonymous_79)
FN:1018,(anonymous_80)
FN:1020,(anonymous_81)
FN:1045,(anonymous_82)
FN:1052,(anonymous_83)
FN:1054,(anonymous_84)
FN:1069,(anonymous_85)
FNF:86
FNH:0
FNDA:0,(anonymous_0)
FNDA:0,(anonymous_1)
FNDA:0,(anonymous_2)
FNDA:0,(anonymous_3)
FNDA:0,(anonymous_4)
FNDA:0,(anonymous_5)
FNDA:0,(anonymous_6)
FNDA:0,(anonymous_7)
FNDA:0,(anonymous_8)
FNDA:0,(anonymous_9)
FNDA:0,(anonymous_10)
FNDA:0,(anonymous_11)
FNDA:0,(anonymous_12)
FNDA:0,(anonymous_13)
FNDA:0,(anonymous_14)
FNDA:0,(anonymous_15)
FNDA:0,(anonymous_16)
FNDA:0,(anonymous_17)
FNDA:0,(anonymous_18)
FNDA:0,(anonymous_19)
FNDA:0,(anonymous_20)
FNDA:0,(anonymous_21)
FNDA:0,(anonymous_22)
FNDA:0,(anonymous_23)
FNDA:0,(anonymous_24)
FNDA:0,(anonymous_25)
FNDA:0,(anonymous_26)
FNDA:0,(anonymous_27)
FNDA:0,(anonymous_28)
FNDA:0,(anonymous_29)
FNDA:0,(anonymous_30)
FNDA:0,(anonymous_31)
FNDA:0,(anonymous_32)
FNDA:0,(anonymous_33)
FNDA:0,(anonymous_34)
FNDA:0,(anonymous_35)
FNDA:0,(anonymous_36)
FNDA:0,(anonymous_37)
FNDA:0,(anonymous_38)
FNDA:0,(anonymous_39)
FNDA:0,(anonymous_40)
FNDA:0,(anonymous_41)
FNDA:0,(anonymous_42)
FNDA:0,(anonymous_43)
FNDA:0,(anonymous_44)
FNDA:0,(anonymous_45)
FNDA:0,(anonymous_46)
FNDA:0,(anonymous_47)
FNDA:0,(anonymous_48)
FNDA:0,(anonymous_49)
FNDA:0,(anonymous_50)
FNDA:0,(anonymous_51)
FNDA:0,(anonymous_52)
FNDA:0,(anonymous_53)
FNDA:0,(anonymous_54)
FNDA:0,(anonymous_55)
FNDA:0,(anonymous_56)
FNDA:0,(anonymous_57)
FNDA:0,(anonymous_58)
FNDA:0,(anonymous_59)
FNDA:0,(anonymous_60)
FNDA:0,(anonymous_61)
FNDA:0,(anonymous_62)
FNDA:0,(anonymous_63)
FNDA:0,(anonymous_64)
FNDA:0,(anonymous_65)
FNDA:0,(anonymous_66)
FNDA:0,(anonymous_67)
FNDA:0,(anonymous_68)
FNDA:0,(anonymous_69)
FNDA:0,(anonymous_70)
FNDA:0,(anonymous_71)
FNDA:0,(anonymous_72)
FNDA:0,(anonymous_73)
FNDA:0,(anonymous_74)
FNDA:0,(anonymous_75)
FNDA:0,(anonymous_76)
FNDA:0,(anonymous_77)
FNDA:0,(anonymous_78)
FNDA:0,(anonymous_79)
FNDA:0,(anonymous_80)
FNDA:0,(anonymous_81)
FNDA:0,(anonymous_82)
FNDA:0,(anonymous_83)
FNDA:0,(anonymous_84)
FNDA:0,(anonymous_85)
DA:59,0
DA:60,0
DA:61,0
DA:62,0
DA:63,0
DA:64,0
DA:65,0
DA:66,0
DA:67,0
DA:68,0
DA:69,0
DA:70,0
DA:71,0
DA:72,0
DA:81,0
DA:82,0
DA:83,0
DA:84,0
DA:85,0
DA:86,0
DA:87,0
DA:88,0
DA:90,0
DA:91,0
DA:93,0
DA:94,0
DA:95,0
DA:96,0
DA:97,0
DA:101,0
DA:102,0
DA:103,0
DA:104,0
DA:108,0
DA:109,0
DA:110,0
DA:111,0
DA:114,0
DA:115,0
DA:117,0
DA:124,0
DA:126,0
DA:128,0
DA:135,0
DA:137,0
DA:138,0
DA:141,0
DA:142,0
DA:144,0
DA:145,0
DA:148,0
DA:149,0
DA:151,0
DA:152,0
DA:155,0
DA:156,0
DA:158,0
DA:159,0
DA:162,0
DA:164,0
DA:165,0
DA:166,0
DA:168,0
DA:172,0
DA:173,0
DA:174,0
DA:183,0
DA:184,0
DA:187,0
DA:188,0
DA:189,0
DA:191,0
DA:192,0
DA:193,0
DA:197,0
DA:198,0
DA:199,0
DA:201,0
DA:202,0
DA:203,0
DA:206,0
DA:207,0
DA:212,0
DA:217,0
DA:218,0
DA:219,0
DA:220,0
DA:222,0
DA:225,0
DA:226,0
DA:227,0
DA:229,0
DA:232,0
DA:233,0
DA:235,0
DA:236,0
DA:237,0
DA:239,0
DA:243,0
DA:244,0
DA:245,0
DA:246,0
DA:256,0
DA:257,0
DA:267,0
DA:270,0
DA:271,0
DA:272,0
DA:273,0
DA:284,0
DA:285,0
DA:286,0
DA:287,0
DA:288,0
DA:290,0
DA:292,0
DA:293,0
DA:297,0
DA:298,0
DA:299,0
DA:300,0
DA:301,0
DA:304,0
DA:305,0
DA:306,0
DA:309,0
DA:311,0
DA:313,0
DA:314,0
DA:316,0
DA:318,0
DA:321,0
DA:322,0
DA:326,0
DA:327,0
DA:328,0
DA:330,0
DA:332,0
DA:334,0
DA:336,0
DA:340,0
DA:341,0
DA:342,0
DA:345,0
DA:346,0
DA:347,0
DA:348,0
DA:349,0
DA:350,0
DA:352,0
DA:354,0
DA:355,0
DA:356,0
DA:359,0
DA:360,0
DA:362,0
DA:367,0
DA:368,0
DA:369,0
DA:370,0
DA:373,0
DA:374,0
DA:375,0
DA:376,0
DA:379,0
DA:380,0
DA:381,0
DA:382,0
DA:383,0
DA:384,0
DA:385,0
DA:386,0
DA:387,0
DA:388,0
DA:389,0
DA:390,0
DA:391,0
DA:392,0
DA:393,0
DA:397,0
DA:398,0
DA:399,0
DA:402,0
DA:403,0
DA:405,0
DA:410,0
DA:411,0
DA:412,0
DA:413,0
DA:417,0
DA:418,0
DA:419,0
DA:423,0
DA:424,0
DA:426,0
DA:430,0
DA:431,0
DA:471,0
DA:486,0
DA:495,0
DA:509,0
DA:515,0
DA:518,0
DA:529,0
DA:539,0
DA:568,0
DA:577,0
DA:585,0
DA:593,0
DA:599,0
DA:619,0
DA:624,0
DA:636,0
DA:645,0
DA:654,0
DA:663,0
DA:672,0
DA:681,0
DA:690,0
DA:699,0
DA:708,0
DA:718,0
DA:742,0
DA:774,0
DA:778,0
DA:789,0
DA:796,0
DA:803,0
DA:806,0
DA:817,0
DA:845,0
DA:854,0
DA:861,0
DA:868,0
DA:878,0
DA:885,0
DA:895,0
DA:899,0
DA:907,0
DA:911,0
DA:923,0
DA:930,0
DA:936,0
DA:942,0
DA:943,0
DA:953,0
DA:961,0
DA:963,0
DA:992,0
DA:1016,0
DA:1018,0
DA:1021,0
DA:1045,0
DA:1053,0
DA:1054,0
DA:1069,0
LF:256
LH:0
BRDA:94,0,0,0
BRDA:94,0,1,0
BRDA:102,1,0,0
BRDA:102,1,1,0
BRDA:110,2,0,0
BRDA:110,2,1,0
BRDA:110,3,0,0
BRDA:110,3,1,0
BRDA:126,4,0,0
BRDA:126,4,1,0
BRDA:141,5,0,0
BRDA:141,5,1,0
BRDA:148,6,0,0
BRDA:148,6,1,0
BRDA:155,7,0,0
BRDA:155,7,1,0
BRDA:166,8,0,0
BRDA:166,8,1,0
BRDA:166,8,2,0
BRDA:189,9,0,0
BRDA:189,9,1,0
BRDA:191,10,0,0
BRDA:191,10,1,0
BRDA:197,11,0,0
BRDA:197,11,1,0
BRDA:201,12,0,0
BRDA:201,12,1,0
BRDA:217,13,0,0
BRDA:217,13,1,0
BRDA:219,14,0,0
BRDA:219,14,1,0
BRDA:226,15,0,0
BRDA:226,15,1,0
BRDA:237,16,0,0
BRDA:237,16,1,0
BRDA:237,16,2,0
BRDA:243,17,0,0
BRDA:244,18,0,0
BRDA:244,18,1,0
BRDA:251,19,0,0
BRDA:251,19,1,0
BRDA:252,20,0,0
BRDA:252,20,1,0
BRDA:253,21,0,0
BRDA:253,21,1,0
BRDA:288,22,0,0
BRDA:288,22,1,0
BRDA:299,23,0,0
BRDA:299,23,1,0
BRDA:305,24,0,0
BRDA:305,24,1,0
BRDA:311,25,0,0
BRDA:311,25,1,0
BRDA:311,26,0,0
BRDA:311,26,1,0
BRDA:314,27,0,0
BRDA:314,27,1,0
BRDA:322,28,0,0
BRDA:322,28,1,0
BRDA:328,29,0,0
BRDA:328,29,1,0
BRDA:328,29,2,0
BRDA:328,29,3,0
BRDA:346,30,0,0
BRDA:346,30,1,0
BRDA:354,31,0,0
BRDA:354,31,1,0
BRDA:360,32,0,0
BRDA:360,32,1,0
BRDA:368,33,0,0
BRDA:368,33,1,0
BRDA:369,34,0,0
BRDA:369,34,1,0
BRDA:379,35,0,0
BRDA:379,35,1,0
BRDA:380,36,0,0
BRDA:380,36,1,0
BRDA:381,37,0,0
BRDA:381,37,1,0
BRDA:382,38,0,0
BRDA:382,38,1,0
BRDA:383,39,0,0
BRDA:383,39,1,0
BRDA:384,40,0,0
BRDA:384,40,1,0
BRDA:385,41,0,0
BRDA:385,41,1,0
BRDA:386,42,0,0
BRDA:386,42,1,0
BRDA:387,43,0,0
BRDA:387,43,1,0
BRDA:388,44,0,0
BRDA:388,44,1,0
BRDA:389,45,0,0
BRDA:389,45,1,0
BRDA:390,46,0,0
BRDA:390,46,1,0
BRDA:391,47,0,0
BRDA:391,47,1,0
BRDA:392,48,0,0
BRDA:392,48,1,0
BRDA:393,49,0,0
BRDA:393,49,1,0
BRDA:397,50,0,0
BRDA:397,50,1,0
BRDA:402,51,0,0
BRDA:402,51,1,0
BRDA:403,52,0,0
BRDA:403,52,1,0
BRDA:403,53,0,0
BRDA:403,53,1,0
BRDA:405,54,0,0
BRDA:405,54,1,0
BRDA:405,55,0,0
BRDA:405,55,1,0
BRDA:413,56,0,0
BRDA:413,56,1,0
BRDA:451,57,0,0
BRDA:451,57,1,0
BRDA:452,58,0,0
BRDA:452,58,1,0
BRDA:453,59,0,0
BRDA:453,59,1,0
BRDA:464,60,0,0
BRDA:464,60,1,0
BRDA:471,61,0,0
BRDA:471,61,1,0
BRDA:471,61,2,0
BRDA:480,62,0,0
BRDA:480,62,1,0
BRDA:486,63,0,0
BRDA:486,63,1,0
BRDA:495,64,0,0
BRDA:495,64,1,0
BRDA:501,65,0,0
BRDA:501,65,1,0
BRDA:514,66,0,0
BRDA:514,66,1,0
BRDA:514,66,2,0
BRDA:534,67,0,0
BRDA:534,67,1,0
BRDA:562,68,0,0
BRDA:562,68,1,0
BRDA:584,69,0,0
BRDA:584,69,1,0
BRDA:585,70,0,0
BRDA:585,70,1,0
BRDA:586,71,0,0
BRDA:586,71,1,0
BRDA:592,72,0,0
BRDA:592,72,1,0
BRDA:598,73,0,0
BRDA:598,73,1,0
BRDA:604,74,0,0
BRDA:604,74,1,0
BRDA:606,75,0,0
BRDA:606,75,1,0
BRDA:612,76,0,0
BRDA:612,76,1,0
BRDA:619,77,0,0
BRDA:619,77,1,0
BRDA:621,78,0,0
BRDA:621,78,1,0
BRDA:635,79,0,0
BRDA:635,79,1,0
BRDA:644,80,0,0
BRDA:644,80,1,0
BRDA:653,81,0,0
BRDA:653,81,1,0
BRDA:662,82,0,0
BRDA:662,82,1,0
BRDA:671,83,0,0
BRDA:671,83,1,0
BRDA:680,84,0,0
BRDA:680,84,1,0
BRDA:689,85,0,0
BRDA:689,85,1,0
BRDA:698,86,0,0
BRDA:698,86,1,0
BRDA:707,87,0,0
BRDA:707,87,1,0
BRDA:722,88,0,0
BRDA:722,88,1,0
BRDA:736,89,0,0
BRDA:736,89,1,0
BRDA:742,90,0,0
BRDA:742,90,1,0
BRDA:752,91,0,0
BRDA:752,91,1,0
BRDA:753,92,0,0
BRDA:753,92,1,0
BRDA:754,93,0,0
BRDA:754,93,1,0
BRDA:763,94,0,0
BRDA:763,94,1,0
BRDA:764,95,0,0
BRDA:764,95,1,0
BRDA:765,96,0,0
BRDA:765,96,1,0
BRDA:771,97,0,0
BRDA:771,97,1,0
BRDA:774,98,0,0
BRDA:774,98,1,0
BRDA:778,99,0,0
BRDA:778,99,1,0
BRDA:785,100,0,0
BRDA:785,100,1,0
BRDA:802,101,0,0
BRDA:802,101,1,0
BRDA:802,101,2,0
BRDA:837,102,0,0
BRDA:837,102,1,0
BRDA:853,103,0,0
BRDA:853,103,1,0
BRDA:877,104,0,0
BRDA:877,104,1,0
BRDA:886,105,0,0
BRDA:886,105,1,0
BRDA:922,106,0,0
BRDA:922,106,1,0
BRDA:926,107,0,0
BRDA:926,107,1,0
BRDA:940,108,0,0
BRDA:940,108,1,0
BRDA:952,109,0,0
BRDA:952,109,1,0
BRDA:953,110,0,0
BRDA:953,110,1,0
BRDA:959,111,0,0
BRDA:959,111,1,0
BRDA:961,112,0,0
BRDA:961,112,1,0
BRDA:964,113,0,0
BRDA:964,113,1,0
BRDA:984,114,0,0
BRDA:984,114,1,0
BRDA:984,115,0,0
BRDA:984,115,1,0
BRDA:1016,116,0,0
BRDA:1016,116,1,0
BRDA:1028,117,0,0
BRDA:1028,117,1,0
BRDA:1029,118,0,0
BRDA:1029,118,1,0
BRDA:1030,119,0,0
BRDA:1030,119,1,0
BRDA:1052,120,0,0
BRDA:1052,120,1,0
BRDA:1053,121,0,0
BRDA:1053,121,1,0
BRF:250
BRH:0
end_of_record
TN:
SF:src/components/ViewTickets.js
FN:54,(anonymous_0)
FN:99,(anonymous_1)
FN:109,(anonymous_2)
FN:119,(anonymous_3)
FN:124,(anonymous_4)
FN:135,(anonymous_5)
FN:142,(anonymous_6)
FN:152,(anonymous_7)
FN:157,(anonymous_8)
FN:166,(anonymous_9)
FN:194,(anonymous_10)
FN:200,(anonymous_11)
FN:201,(anonymous_12)
FN:205,(anonymous_13)
FN:238,(anonymous_14)
FN:258,(anonymous_15)
FN:270,(anonymous_16)
FN:275,(anonymous_17)
FN:326,(anonymous_18)
FN:357,(anonymous_19)
FN:376,(anonymous_20)
FN:387,(anonymous_21)
FN:387,(anonymous_22)
FN:398,(anonymous_23)
FN:406,(anonymous_24)
FN:406,(anonymous_25)
FN:417,(anonymous_26)
FN:423,(anonymous_27)
FN:424,(anonymous_28)
FN:442,(anonymous_29)
FN:443,(anonymous_30)
FN:449,(anonymous_31)
FN:450,(anonymous_32)
FN:464,(anonymous_33)
FN:532,(anonymous_34)
FN:538,(anonymous_35)
FN:542,(anonymous_36)
FN:563,(anonymous_37)
FN:591,(anonymous_38)
FN:598,(anonymous_39)
FN:606,(anonymous_40)
FN:612,(anonymous_41)
FN:628,(anonymous_42)
FN:631,(anonymous_43)
FN:635,(anonymous_44)
FN:648,(anonymous_45)
FN:657,(anonymous_46)
FN:666,(anonymous_47)
FN:675,(anonymous_48)
FN:684,(anonymous_49)
FN:693,(anonymous_50)
FN:702,(anonymous_51)
FN:711,(anonymous_52)
FN:720,(anonymous_53)
FN:729,(anonymous_54)
FN:738,(anonymous_55)
FN:784,(anonymous_56)
FN:791,(anonymous_57)
FN:798,(anonymous_58)
FN:802,(anonymous_59)
FN:813,(anonymous_60)
FN:841,(anonymous_61)
FN:850,(anonymous_62)
FN:855,(anonymous_63)
FN:860,(anonymous_64)
FN:867,(anonymous_65)
FN:875,(anonymous_66)
FN:876,(anonymous_67)
FN:877,(anonymous_68)
FN:884,(anonymous_69)
FN:892,(anonymous_70)
FN:897,(anonymous_71)
FN:899,(anonymous_72)
FN:909,(anonymous_73)
FN:912,(anonymous_74)
FN:921,(anonymous_75)
FN:928,(anonymous_76)
FN:937,(anonymous_77)
FN:941,(anonymous_78)
FNF:79
FNH:0
FNDA:0,(anonymous_0)
FNDA:0,(anonymous_1)
FNDA:0,(anonymous_2)
FNDA:0,(anonymous_3)
FNDA:0,(anonymous_4)
FNDA:0,(anonymous_5)
FNDA:0,(anonymous_6)
FNDA:0,(anonymous_7)
FNDA:0,(anonymous_8)
FNDA:0,(anonymous_9)
FNDA:0,(anonymous_10)
FNDA:0,(anonymous_11)
FNDA:0,(anonymous_12)
FNDA:0,(anonymous_13)
FNDA:0,(anonymous_14)
FNDA:0,(anonymous_15)
FNDA:0,(anonymous_16)
FNDA:0,(anonymous_17)
FNDA:0,(anonymous_18)
FNDA:0,(anonymous_19)
FNDA:0,(anonymous_20)
FNDA:0,(anonymous_21)
FNDA:0,(anonymous_22)
FNDA:0,(anonymous_23)
FNDA:0,(anonymous_24)
FNDA:0,(anonymous_25)
FNDA:0,(anonymous_26)
FNDA:0,(anonymous_27)
FNDA:0,(anonymous_28)
FNDA:0,(anonymous_29)
FNDA:0,(anonymous_30)
FNDA:0,(anonymous_31)
FNDA:0,(anonymous_32)
FNDA:0,(anonymous_33)
FNDA:0,(anonymous_34)
FNDA:0,(anonymous_35)
FNDA:0,(anonymous_36)
FNDA:0,(anonymous_37)
FNDA:0,(anonymous_38)
FNDA:0,(anonymous_39)
FNDA:0,(anonymous_40)
FNDA:0,(anonymous_41)
FNDA:0,(anonymous_42)
FNDA:0,(anonymous_43)
FNDA:0,(anonymous_44)
FNDA:0,(anonymous_45)
FNDA:0,(anonymous_46)
FNDA:0,(anonymous_47)
FNDA:0,(anonymous_48)
FNDA:0,(anonymous_49)
FNDA:0,(anonymous_50)
FNDA:0,(anonymous_51)
FNDA:0,(anonymous_52)
FNDA:0,(anonymous_53)
FNDA:0,(anonymous_54)
FNDA:0,(anonymous_55)
FNDA:0,(anonymous_56)
FNDA:0,(anonymous_57)
FNDA:0,(anonymous_58)
FNDA:0,(anonymous_59)
FNDA:0,(anonymous_60)
FNDA:0,(anonymous_61)
FNDA:0,(anonymous_62)
FNDA:0,(anonymous_63)
FNDA:0,(anonymous_64)
FNDA:0,(anonymous_65)
FNDA:0,(anonymous_66)
FNDA:0,(anonymous_67)
FNDA:0,(anonymous_68)
FNDA:0,(anonymous_69)
FNDA:0,(anonymous_70)
FNDA:0,(anonymous_71)
FNDA:0,(anonymous_72)
FNDA:0,(anonymous_73)
FNDA:0,(anonymous_74)
FNDA:0,(anonymous_75)
FNDA:0,(anonymous_76)
FNDA:0,(anonymous_77)
FNDA:0,(anonymous_78)
DA:54,0
DA:55,0
DA:56,0
DA:57,0
DA:58,0
DA:59,0
DA:60,0
DA:61,0
DA:62,0
DA:63,0
DA:64,0
DA:65,0
DA:66,0
DA:67,0
DA:76,0
DA:77,0
DA:78,0
DA:79,0
DA:80,0
DA:82,0
DA:83,0
DA:86,0
DA:96,0
DA:99,0
DA:101,0
DA:102,0
DA:103,0
DA:104,0
DA:109,0
DA:110,0
DA:111,0
DA:112,0
DA:113,0
DA:114,0
DA:119,0
DA:120,0
DA:124,0
DA:125,0
DA:126,0
DA:129,0
DA:130,0
DA:134,0
DA:135,0
DA:142,0
DA:143,0
DA:148,0
DA:152,0
DA:153,0
DA:154,0
DA:155,0
DA:157,0
DA:158,0
DA:161,0
DA:162,0
DA:166,0
DA:167,0
DA:168,0
DA:169,0
DA:171,0
DA:172,0
DA:173,0
DA:174,0
DA:177,0
DA:182,0
DA:183,0
DA:185,0
DA:186,0
DA:189,0
DA:190,0
DA:191,0
DA:194,0
DA:195,0
DA:199,0
DA:200,0
DA:201,0
DA:203,0
DA:205,0
DA:206,0
DA:207,0
DA:209,0
DA:217,0
DA:220,0
DA:223,0
DA:225,0
DA:226,0
DA:228,0
DA:230,0
DA:231,0
DA:232,0
DA:234,0
DA:238,0
DA:239,0
DA:240,0
DA:241,0
DA:243,0
DA:244,0
DA:246,0
DA:247,0
DA:249,0
DA:250,0
DA:253,0
DA:254,0
DA:258,0
DA:259,0
DA:260,0
DA:261,0
DA:262,0
DA:263,0
DA:266,0
DA:270,0
DA:271,0
DA:272,0
DA:275,0
DA:276,0
DA:277,0
DA:279,0
DA:280,0
DA:281,0
DA:285,0
DA:286,0
DA:287,0
DA:289,0
DA:290,0
DA:291,0
DA:294,0
DA:295,0
DA:300,0
DA:302,0
DA:303,0
DA:304,0
DA:305,0
DA:307,0
DA:308,0
DA:309,0
DA:310,0
DA:312,0
DA:315,0
DA:316,0
DA:318,0
DA:319,0
DA:320,0
DA:322,0
DA:326,0
DA:327,0
DA:328,0
DA:329,0
DA:339,0
DA:340,0
DA:341,0
DA:343,0
DA:344,0
DA:354,0
DA:357,0
DA:358,0
DA:359,0
DA:360,0
DA:371,0
DA:372,0
DA:376,0
DA:377,0
DA:378,0
DA:379,0
DA:380,0
DA:381,0
DA:383,0
DA:385,0
DA:386,0
DA:387,0
DA:390,0
DA:391,0
DA:393,0
DA:398,0
DA:399,0
DA:400,0
DA:401,0
DA:403,0
DA:405,0
DA:406,0
DA:407,0
DA:409,0
DA:412,0
DA:413,0
DA:417,0
DA:418,0
DA:419,0
DA:420,0
DA:423,0
DA:424,0
DA:425,0
DA:426,0
DA:429,0
DA:430,0
DA:431,0
DA:434,0
DA:435,0
DA:437,0
DA:442,0
DA:443,0
DA:444,0
DA:445,0
DA:449,0
DA:450,0
DA:451,0
DA:452,0
DA:454,0
DA:455,0
DA:456,0
DA:457,0
DA:460,0
DA:464,0
DA:465,0
DA:532,0
DA:538,0
DA:542,0
DA:553,0
DA:563,0
DA:591,0
DA:598,0
DA:606,0
DA:612,0
DA:628,0
DA:631,0
DA:636,0
DA:648,0
DA:657,0
DA:666,0
DA:675,0
DA:684,0
DA:693,0
DA:702,0
DA:711,0
DA:720,0
DA:729,0
DA:739,0
DA:784,0
DA:791,0
DA:798,0
DA:802,0
DA:813,0
DA:841,0
DA:850,0
DA:855,0
DA:860,0
DA:867,0
DA:875,0
DA:876,0
DA:878,0
DA:885,0
DA:892,0
DA:899,0
DA:900,0
DA:902,0
DA:909,0
DA:913,0
DA:921,0
DA:929,0
DA:937,0
DA:942,0
LF:258
LH:0
BRDA:101,0,0,0
BRDA:101,0,1,0
BRDA:110,1,0,0
BRDA:110,1,1,0
BRDA:125,2,0,0
BRDA:125,2,1,0
BRDA:129,3,0,0
BRDA:129,3,1,0
BRDA:134,4,0,0
BRDA:134,4,1,0
BRDA:155,5,0,0
BRDA:155,5,1,0
BRDA:168,6,0,0
BRDA:168,6,1,0
BRDA:168,7,0,0
BRDA:168,7,1,0
BRDA:185,8,0,0
BRDA:185,8,1,0
BRDA:189,9,0,0
BRDA:189,9,1,0
BRDA:194,10,0,0
BRDA:194,10,1,0
BRDA:214,11,0,0
BRDA:214,11,1,0
BRDA:217,12,0,0
BRDA:217,12,1,0
BRDA:232,13,0,0
BRDA:232,13,1,0
BRDA:232,13,2,0
BRDA:240,14,0,0
BRDA:240,14,1,0
BRDA:246,15,0,0
BRDA:246,15,1,0
BRDA:260,16,0,0
BRDA:260,16,1,0
BRDA:262,17,0,0
BRDA:262,17,1,0
BRDA:277,18,0,0
BRDA:277,18,1,0
BRDA:279,19,0,0
BRDA:279,19,1,0
BRDA:285,20,0,0
BRDA:285,20,1,0
BRDA:289,21,0,0
BRDA:289,21,1,0
BRDA:302,22,0,0
BRDA:302,22,1,0
BRDA:309,23,0,0
BRDA:309,23,1,0
BRDA:320,24,0,0
BRDA:320,24,1,0
BRDA:320,24,2,0
BRDA:326,25,0,0
BRDA:327,26,0,0
BRDA:327,26,1,0
BRDA:334,27,0,0
BRDA:334,27,1,0
BRDA:336,28,0,0
BRDA:336,28,1,0
BRDA:339,29,0,0
BRDA:339,29,1,0
BRDA:366,30,0,0
BRDA:366,30,1,0
BRDA:371,31,0,0
BRDA:371,31,1,0
BRDA:377,32,0,0
BRDA:377,32,1,0
BRDA:385,33,0,0
BRDA:385,33,1,0
BRDA:391,34,0,0
BRDA:391,34,1,0
BRDA:405,35,0,0
BRDA:405,35,1,0
BRDA:407,36,0,0
BRDA:407,36,1,0
BRDA:413,37,0,0
BRDA:413,37,1,0
BRDA:418,38,0,0
BRDA:418,38,1,0
BRDA:419,39,0,0
BRDA:419,39,1,0
BRDA:429,40,0,0
BRDA:429,40,1,0
BRDA:434,41,0,0
BRDA:434,41,1,0
BRDA:435,42,0,0
BRDA:435,42,1,0
BRDA:435,43,0,0
BRDA:435,43,1,0
BRDA:437,44,0,0
BRDA:437,44,1,0
BRDA:437,45,0,0
BRDA:437,45,1,0
BRDA:445,46,0,0
BRDA:445,46,1,0
BRDA:456,47,0,0
BRDA:456,47,1,0
BRDA:456,48,0,0
BRDA:456,48,1,0
BRDA:477,49,0,0
BRDA:477,49,1,0
BRDA:478,50,0,0
BRDA:478,50,1,0
BRDA:489,51,0,0
BRDA:489,51,1,0
BRDA:490,52,0,0
BRDA:490,52,1,0
BRDA:491,53,0,0
BRDA:491,53,1,0
BRDA:503,54,0,0
BRDA:503,54,1,0
BRDA:512,55,0,0
BRDA:512,55,1,0
BRDA:521,56,0,0
BRDA:521,56,1,0
BRDA:537,57,0,0
BRDA:537,57,1,0
BRDA:537,57,2,0
BRDA:537,57,3,0
BRDA:558,58,0,0
BRDA:558,58,1,0
BRDA:586,59,0,0
BRDA:586,59,1,0
BRDA:597,60,0,0
BRDA:597,60,1,0
BRDA:598,61,0,0
BRDA:598,61,1,0
BRDA:599,62,0,0
BRDA:599,62,1,0
BRDA:605,63,0,0
BRDA:605,63,1,0
BRDA:611,64,0,0
BRDA:611,64,1,0
BRDA:617,65,0,0
BRDA:617,65,1,0
BRDA:619,66,0,0
BRDA:619,66,1,0
BRDA:625,67,0,0
BRDA:625,67,1,0
BRDA:631,68,0,0
BRDA:631,68,1,0
BRDA:633,69,0,0
BRDA:633,69,1,0
BRDA:647,70,0,0
BRDA:647,70,1,0
BRDA:656,71,0,0
BRDA:656,71,1,0
BRDA:665,72,0,0
BRDA:665,72,1,0
BRDA:674,73,0,0
BRDA:674,73,1,0
BRDA:683,74,0,0
BRDA:683,74,1,0
BRDA:692,75,0,0
BRDA:692,75,1,0
BRDA:701,76,0,0
BRDA:701,76,1,0
BRDA:710,77,0,0
BRDA:710,77,1,0
BRDA:719,78,0,0
BRDA:719,78,1,0
BRDA:728,79,0,0
BRDA:728,79,1,0
BRDA:744,80,0,0
BRDA:744,80,1,0
BRDA:750,81,0,0
BRDA:750,81,1,0
BRDA:751,82,0,0
BRDA:751,82,1,0
BRDA:760,83,0,0
BRDA:760,83,1,0
BRDA:761,84,0,0
BRDA:761,84,1,0
BRDA:762,85,0,0
BRDA:762,85,1,0
BRDA:768,86,0,0
BRDA:768,86,1,0
BRDA:772,87,0,0
BRDA:772,87,1,0
BRDA:780,88,0,0
BRDA:780,88,1,0
BRDA:797,89,0,0
BRDA:797,89,1,0
BRDA:797,89,2,0
BRDA:797,89,3,0
BRDA:833,90,0,0
BRDA:833,90,1,0
BRDA:849,91,0,0
BRDA:849,91,1,0
BRDA:855,92,0,0
BRDA:855,92,1,0
BRDA:875,93,0,0
BRDA:875,93,1,0
BRDA:876,94,0,0
BRDA:876,94,1,0
BRDA:880,95,0,0
BRDA:880,95,1,0
BRDA:956,96,0,0
BRDA:956,96,1,0
BRDA:956,97,0,0
BRDA:956,97,1,0
BRF:201
BRH:0
end_of_record
TN:
SF:src/components/Welcome.js
FN:13,(anonymous_0)
FN:70,(anonymous_1)
FNF:2
FNH:0
FNDA:0,(anonymous_0)
FNDA:0,(anonymous_1)
DA:13,0
DA:14,0
DA:16,0
DA:70,0
LF:4
LH:0
BRF:0
BRH:0
end_of_record
TN:
SF:src/components/apiClient.js
FN:21,(anonymous_0)
FN:33,(anonymous_1)
FN:43,(anonymous_2)
FN:52,(anonymous_3)
FN:60,(anonymous_4)
FN:61,(anonymous_5)
FNF:6
FNH:0
FNDA:0,(anonymous_0)
FNDA:0,(anonymous_1)
FNDA:0,(anonymous_2)
FNDA:0,(anonymous_3)
FNDA:0,(anonymous_4)
FNDA:0,(anonymous_5)
DA:4,0
DA:5,0
DA:7,0
DA:18,0
DA:19,0
DA:21,0
DA:22,0
DA:23,0
DA:24,0
DA:26,0
DA:27,0
DA:28,0
DA:33,0
DA:34,0
DA:35,0
DA:37,0
DA:42,0
DA:44,0
DA:45,0
DA:47,0
DA:48,0
DA:50,0
DA:53,0
DA:54,0
DA:59,0
DA:60,0
DA:62,0
DA:64,0
DA:71,0
DA:73,0
DA:74,0
DA:76,0
DA:77,0
DA:79,0
DA:80,0
DA:82,0
DA:84,0
DA:85,0
DA:87,0
DA:88,0
DA:90,0
DA:92,0
DA:94,0
LF:43
LH:0
BRDA:24,0,0,0
BRDA:24,0,1,0
BRDA:34,1,0,0
BRDA:34,1,1,0
BRDA:35,2,0,0
BRDA:35,2,1,0
BRDA:45,3,0,0
BRDA:45,3,1,0
BRDA:47,4,0,0
BRDA:47,4,1,0
BRDA:62,5,0,0
BRDA:62,5,1,0
BRDA:71,6,0,0
BRDA:71,6,1,0
BRDA:71,6,2,0
BRDA:71,6,3,0
BRDA:85,7,0,0
BRDA:85,7,1,0
BRDA:87,8,0,0
BRDA:87,8,1,0
BRF:20
BRH:0
end_of_record
TN:
SF:src/context/AuthContext.js
FN:6,(anonymous_0)
FN:14,(anonymous_1)
FN:15,(anonymous_2)
FN:22,(anonymous_3)
FN:30,(anonymous_4)
FN:40,(anonymous_5)
FN:57,(anonymous_6)
FN:92,(anonymous_7)
FN:99,(anonymous_8)
FN:100,(anonymous_9)
FNF:10
FNH:0
FNDA:0,(anonymous_0)
FNDA:0,(anonymous_1)
FNDA:0,(anonymous_2)
FNDA:0,(anonymous_3)
FNDA:0,(anonymous_4)
FNDA:0,(anonymous_5)
FNDA:0,(anonymous_6)
FNDA:0,(anonymous_7)
FNDA:0,(anonymous_8)
FNDA:0,(anonymous_9)
DA:4,0
DA:6,0
DA:7,0
DA:8,0
DA:9,0
DA:11,0
DA:14,0
DA:15,0
DA:17,0
DA:18,0
DA:22,0
DA:23,0
DA:24,0
DA:26,0
DA:30,0
DA:31,0
DA:32,0
DA:33,0
DA:35,0
DA:36,0
DA:40,0
DA:41,0
DA:43,0
DA:45,0
DA:46,0
DA:47,0
DA:49,0
DA:51,0
DA:52,0
DA:53,0
DA:57,0
DA:58,0
DA:59,0
DA:60,0
DA:64,0
DA:71,0
DA:74,0
DA:77,0
DA:80,0
DA:81,0
DA:83,0
DA:85,0
DA:86,0
DA:87,0
DA:88,0
DA:92,0
DA:93,0
DA:94,0
DA:95,0
DA:99,0
DA:100,0
DA:101,0
DA:102,0
DA:103,0
DA:104,0
DA:106,0
DA:107,0
DA:109,0
DA:110,0
DA:112,0
DA:116,0
DA:117,0
DA:118,0
DA:120,0
DA:123,0
DA:124,0
DA:125,0
DA:130,0
DA:131,0
DA:132,0
DA:136,0
DA:139,0
LF:72
LH:0
BRDA:8,0,0,0
BRDA:8,0,1,0
BRDA:18,1,0,0
BRDA:18,1,1,0
BRDA:23,2,0,0
BRDA:23,2,1,0
BRDA:46,3,0,0
BRDA:46,3,1,0
BRDA:47,4,0,0
BRDA:47,4,1,0
BRDA:59,5,0,0
BRDA:59,5,1,0
BRDA:59,6,0,0
BRDA:59,6,1,0
BRDA:103,7,0,0
BRDA:103,7,1,0
BRDA:106,8,0,0
BRDA:106,8,1,0
BRDA:110,9,0,0
BRDA:110,9,1,0
BRF:20
BRH:0
end_of_record
TN:
SF:src/hooks/useIsMobile.js
FN:4,(anonymous_0)
FNF:1
FNH:0
FNDA:0,(anonymous_0)
DA:4,0
DA:5,0
DA:6,0
LF:3
LH:0
BRF:0
BRH:0
end_of_record
TN:
SF:src/hooks/usePropertySwitcher.js
FN:4,(anonymous_0)
FN:9,(anonymous_1)
FNF:2
FNH:0
FNDA:0,(anonymous_0)
FNDA:0,(anonymous_1)
DA:4,0
DA:5,0
DA:6,0
DA:7,0
DA:9,0
DA:10,0
DA:12,0
DA:15,0
DA:19,0
LF:9
LH:0
BRDA:10,0,0,0
BRDA:10,0,1,0
BRF:2
BRH:0
end_of_record
