TN:
SF:src/App.js
FN:40,(anonymous_0)
FNF:1
FNH:0
FNDA:0,(anonymous_0)
DA:40,0
DA:41,0
LF:2
LH:0
BRF:0
BRH:0
end_of_record
TN:
SF:src/index.js
FNF:0
FNH:0
DA:7,0
DA:8,0
DA:17,0
LF:3
LH:0
BRF:0
BRH:0
end_of_record
TN:
SF:src/reportWebVitals.js
FN:1,(anonymous_0)
FN:3,(anonymous_1)
FNF:2
FNH:0
FNDA:0,(anonymous_0)
FNDA:0,(anonymous_1)
DA:1,0
DA:2,0
DA:3,0
DA:4,0
DA:5,0
DA:6,0
DA:7,0
DA:8,0
LF:8
LH:0
BRDA:2,0,0,0
BRDA:2,0,1,0
BRDA:2,1,0,0
BRDA:2,1,1,0
BRF:4
BRH:0
end_of_record
TN:
SF:src/test-utils.js
FN:7,(anonymous_0)
FN:19,(anonymous_1)
FNF:2
FNH:0
FNDA:0,(anonymous_0)
FNDA:0,(anonymous_1)
DA:7,0
DA:8,0
DA:19,0
DA:20,0
LF:4
LH:0
BRF:0
BRH:0
end_of_record
TN:
SF:src/theme.js
FNF:0
FNH:0
DA:3,0
LF:1
LH:0
BRF:0
BRH:0
end_of_record
TN:
SF:src/components/AttachmentSettings.js
FN:19,(anonymous_0)
FN:36,(anonymous_1)
FN:44,(anonymous_2)
FN:58,(anonymous_3)
FN:60,(anonymous_4)
FN:66,(anonymous_5)
FN:91,(anonymous_6)
FN:113,(anonymous_7)
FN:115,(anonymous_8)
FN:123,(anonymous_9)
FN:124,(anonymous_10)
FN:126,(anonymous_11)
FN:130,(anonymous_12)
FN:198,(anonymous_13)
FN:212,(anonymous_14)
FN:216,(anonymous_15)
FNF:16
FNH:0
FNDA:0,(anonymous_0)
FNDA:0,(anonymous_1)
FNDA:0,(anonymous_2)
FNDA:0,(anonymous_3)
FNDA:0,(anonymous_4)
FNDA:0,(anonymous_5)
FNDA:0,(anonymous_6)
FNDA:0,(anonymous_7)
FNDA:0,(anonymous_8)
FNDA:0,(anonymous_9)
FNDA:0,(anonymous_10)
FNDA:0,(anonymous_11)
FNDA:0,(anonymous_12)
FNDA:0,(anonymous_13)
FNDA:0,(anonymous_14)
FNDA:0,(anonymous_15)
DA:19,0
DA:20,0
DA:21,0
DA:27,0
DA:28,0
DA:29,0
DA:30,0
DA:31,0
DA:32,0
DA:34,0
DA:36,0
DA:37,0
DA:38,0
DA:40,0
DA:44,0
DA:45,0
DA:46,0
DA:47,0
DA:48,0
DA:50,0
DA:52,0
DA:53,0
DA:54,0
DA:58,0
DA:59,0
DA:60,0
DA:66,0
DA:67,0
DA:68,0
DA:69,0
DA:70,0
DA:72,0
DA:73,0
DA:74,0
DA:75,0
DA:78,0
DA:79,0
DA:80,0
DA:81,0
DA:84,0
DA:85,0
DA:87,0
DA:91,0
DA:92,0
DA:93,0
DA:94,0
DA:97,0
DA:98,0
DA:99,0
DA:100,0
DA:105,0
DA:106,0
DA:113,0
DA:114,0
DA:115,0
DA:119,0
DA:123,0
DA:124,0
DA:126,0
DA:130,0
DA:131,0
DA:132,0
DA:133,0
DA:135,0
DA:136,0
DA:137,0
DA:140,0
DA:143,0
DA:144,0
DA:151,0
DA:198,0
DA:213,0
DA:216,0
LF:73
LH:0
BRDA:37,0,0,0
BRDA:37,0,1,0
BRDA:47,1,0,0
BRDA:47,1,1,0
BRDA:73,2,0,0
BRDA:73,2,1,0
BRDA:79,3,0,0
BRDA:79,3,1,0
BRDA:81,4,0,0
BRDA:81,4,1,0
BRDA:85,5,0,0
BRDA:85,5,1,0
BRDA:92,6,0,0
BRDA:92,6,1,0
BRDA:102,7,0,0
BRDA:102,7,1,0
BRDA:108,8,0,0
BRDA:108,8,1,0
BRDA:114,9,0,0
BRDA:114,9,1,0
BRDA:114,10,0,0
BRDA:114,10,1,0
BRDA:135,11,0,0
BRDA:135,11,1,0
BRDA:143,12,0,0
BRDA:143,12,1,0
BRDA:157,13,0,0
BRDA:157,13,1,0
BRDA:160,14,0,0
BRDA:160,14,1,0
BRDA:166,15,0,0
BRDA:166,15,1,0
BRDA:206,16,0,0
BRDA:206,16,1,0
BRDA:246,17,0,0
BRDA:246,17,1,0
BRDA:249,18,0,0
BRDA:249,18,1,0
BRDA:263,19,0,0
BRDA:263,19,1,0
BRDA:265,20,0,0
BRDA:265,20,1,0
BRDA:272,21,0,0
BRDA:272,21,1,0
BRF:44
BRH:0
end_of_record
TN:
SF:src/components/Dashboard.js
FN:54,(anonymous_0)
FN:66,(anonymous_1)
FN:74,(anonymous_2)
FN:82,(anonymous_3)
FN:89,(anonymous_4)
FN:99,(anonymous_5)
FN:121,(anonymous_6)
FN:141,(anonymous_7)
FN:146,(anonymous_8)
FN:155,(anonymous_9)
FN:193,(anonymous_10)
FN:197,(anonymous_11)
FN:204,(anonymous_12)
FN:209,(anonymous_13)
FN:216,(anonymous_14)
FN:217,(anonymous_15)
FN:223,(anonymous_16)
FN:228,(anonymous_17)
FN:229,(anonymous_18)
FN:230,(anonymous_19)
FN:247,(anonymous_20)
FN:252,(anonymous_21)
FN:253,(anonymous_22)
FN:254,(anonymous_23)
FN:271,(anonymous_24)
FN:280,(anonymous_25)
FN:281,(anonymous_26)
FN:282,(anonymous_27)
FN:283,(anonymous_28)
FN:298,(anonymous_29)
FN:302,(anonymous_30)
FN:309,(anonymous_31)
FN:416,(anonymous_32)
FN:469,(anonymous_33)
FN:471,(anonymous_34)
FN:476,(anonymous_35)
FN:481,(anonymous_36)
FN:501,(anonymous_37)
FNF:38
FNH:0
FNDA:0,(anonymous_0)
FNDA:0,(anonymous_1)
FNDA:0,(anonymous_2)
FNDA:0,(anonymous_3)
FNDA:0,(anonymous_4)
FNDA:0,(anonymous_5)
FNDA:0,(anonymous_6)
FNDA:0,(anonymous_7)
FNDA:0,(anonymous_8)
FNDA:0,(anonymous_9)
FNDA:0,(anonymous_10)
FNDA:0,(anonymous_11)
FNDA:0,(anonymous_12)
FNDA:0,(anonymous_13)
FNDA:0,(anonymous_14)
FNDA:0,(anonymous_15)
FNDA:0,(anonymous_16)
FNDA:0,(anonymous_17)
FNDA:0,(anonymous_18)
FNDA:0,(anonymous_19)
FNDA:0,(anonymous_20)
FNDA:0,(anonymous_21)
FNDA:0,(anonymous_22)
FNDA:0,(anonymous_23)
FNDA:0,(anonymous_24)
FNDA:0,(anonymous_25)
FNDA:0,(anonymous_26)
FNDA:0,(anonymous_27)
FNDA:0,(anonymous_28)
FNDA:0,(anonymous_29)
FNDA:0,(anonymous_30)
FNDA:0,(anonymous_31)
FNDA:0,(anonymous_32)
FNDA:0,(anonymous_33)
FNDA:0,(anonymous_34)
FNDA:0,(anonymous_35)
FNDA:0,(anonymous_36)
FNDA:0,(anonymous_37)
DA:41,0
DA:54,0
DA:55,0
DA:56,0
DA:57,0
DA:64,0
DA:65,0
DA:66,0
DA:68,0
DA:69,0
DA:71,0
DA:74,0
DA:75,0
DA:76,0
DA:77,0
DA:82,0
DA:83,0
DA:89,0
DA:90,0
DA:91,0
DA:92,0
DA:94,0
DA:95,0
DA:99,0
DA:100,0
DA:101,0
DA:102,0
DA:103,0
DA:104,0
DA:107,0
DA:108,0
DA:109,0
DA:112,0
DA:113,0
DA:116,0
DA:117,0
DA:118,0
DA:121,0
DA:122,0
DA:126,0
DA:129,0
DA:130,0
DA:131,0
DA:139,0
DA:140,0
DA:141,0
DA:145,0
DA:146,0
DA:151,0
DA:154,0
DA:155,0
DA:160,0
DA:163,0
DA:166,0
DA:168,0
DA:172,0
DA:178,0
DA:180,0
DA:181,0
DA:182,0
DA:183,0
DA:184,0
DA:186,0
DA:189,0
DA:193,0
DA:194,0
DA:197,0
DA:198,0
DA:199,0
DA:200,0
DA:201,0
DA:203,0
DA:204,0
DA:209,0
DA:210,0
DA:211,0
DA:214,0
DA:215,0
DA:216,0
DA:217,0
DA:220,0
DA:223,0
DA:224,0
DA:225,0
DA:227,0
DA:228,0
DA:229,0
DA:230,0
DA:233,0
DA:235,0
DA:247,0
DA:248,0
DA:249,0
DA:251,0
DA:252,0
DA:253,0
DA:254,0
DA:257,0
DA:259,0
DA:271,0
DA:272,0
DA:273,0
DA:279,0
DA:280,0
DA:282,0
DA:283,0
DA:285,0
DA:290,0
DA:297,0
DA:298,0
DA:302,0
DA:309,0
DA:318,0
DA:319,0
DA:326,0
DA:327,0
DA:334,0
DA:416,0
DA:470,0
DA:471,0
DA:472,0
DA:473,0
DA:476,0
DA:477,0
DA:481,0
DA:482,0
DA:486,0
DA:488,0
DA:502,0
LF:129
LH:0
BRDA:69,0,0,0
BRDA:69,0,1,0
BRDA:75,1,0,0
BRDA:75,1,1,0
BRDA:92,2,0,0
BRDA:92,2,1,0
BRDA:100,3,0,0
BRDA:100,3,1,0
BRDA:113,4,0,0
BRDA:113,4,1,0
BRDA:122,5,0,0
BRDA:122,5,1,0
BRDA:122,5,2,0
BRDA:139,6,0,0
BRDA:139,6,1,0
BRDA:140,7,0,0
BRDA:140,7,1,0
BRDA:145,8,0,0
BRDA:145,8,1,0
BRDA:154,9,0,0
BRDA:154,9,1,0
BRDA:163,10,0,0
BRDA:163,10,1,0
BRDA:166,11,0,0
BRDA:166,11,1,0
BRDA:181,12,0,0
BRDA:181,12,1,0
BRDA:181,13,0,0
BRDA:181,13,1,0
BRDA:186,14,0,0
BRDA:186,14,1,0
BRDA:186,14,2,0
BRDA:199,15,0,0
BRDA:199,15,1,0
BRDA:203,16,0,0
BRDA:203,16,1,0
BRDA:214,17,0,0
BRDA:214,17,1,0
BRDA:228,18,0,0
BRDA:228,18,1,0
BRDA:229,19,0,0
BRDA:229,19,1,0
BRDA:230,20,0,0
BRDA:230,20,1,0
BRDA:252,21,0,0
BRDA:252,21,1,0
BRDA:253,22,0,0
BRDA:253,22,1,0
BRDA:254,23,0,0
BRDA:254,23,1,0
BRDA:280,24,0,0
BRDA:280,24,1,0
BRDA:282,25,0,0
BRDA:282,25,1,0
BRDA:283,26,0,0
BRDA:283,26,1,0
BRDA:318,27,0,0
BRDA:318,27,1,0
BRDA:326,28,0,0
BRDA:326,28,1,0
BRDA:351,29,0,0
BRDA:351,29,1,0
BRDA:380,30,0,0
BRDA:380,30,1,0
BRDA:431,31,0,0
BRDA:431,31,1,0
BRDA:470,32,0,0
BRDA:470,32,1,0
BRDA:472,33,0,0
BRDA:472,33,1,0
BRDA:472,34,0,0
BRDA:472,34,1,0
BRDA:472,35,0,0
BRDA:472,35,1,0
BRDA:477,36,0,0
BRDA:477,36,1,0
BRDA:482,37,0,0
BRDA:482,37,1,0
BRF:78
BRH:0
end_of_record
TN:
SF:src/components/EmailSettings.js
FN:37,(anonymous_0)
FN:62,(anonymous_1)
FN:66,(anonymous_2)
FN:79,(anonymous_3)
FN:96,(anonymous_4)
FN:114,(anonymous_5)
FN:144,(anonymous_6)
FN:163,(anonymous_7)
FN:164,(anonymous_8)
FN:165,(anonymous_9)
FN:181,(anonymous_10)
FN:197,(anonymous_11)
FN:213,(anonymous_12)
FN:215,(anonymous_13)
FN:261,(anonymous_14)
FN:267,(anonymous_15)
FN:272,(anonymous_16)
FN:287,(anonymous_17)
FN:297,(anonymous_18)
FN:306,(anonymous_19)
FN:316,(anonymous_20)
FN:325,(anonymous_21)
FN:334,(anonymous_22)
FN:365,(anonymous_23)
FN:377,(anonymous_24)
FN:388,(anonymous_25)
FN:398,(anonymous_26)
FN:447,(anonymous_27)
FNF:28
FNH:0
FNDA:0,(anonymous_0)
FNDA:0,(anonymous_1)
FNDA:0,(anonymous_2)
FNDA:0,(anonymous_3)
FNDA:0,(anonymous_4)
FNDA:0,(anonymous_5)
FNDA:0,(anonymous_6)
FNDA:0,(anonymous_7)
FNDA:0,(anonymous_8)
FNDA:0,(anonymous_9)
FNDA:0,(anonymous_10)
FNDA:0,(anonymous_11)
FNDA:0,(anonymous_12)
FNDA:0,(anonymous_13)
FNDA:0,(anonymous_14)
FNDA:0,(anonymous_15)
FNDA:0,(anonymous_16)
FNDA:0,(anonymous_17)
FNDA:0,(anonymous_18)
FNDA:0,(anonymous_19)
FNDA:0,(anonymous_20)
FNDA:0,(anonymous_21)
FNDA:0,(anonymous_22)
FNDA:0,(anonymous_23)
FNDA:0,(anonymous_24)
FNDA:0,(anonymous_25)
FNDA:0,(anonymous_26)
FNDA:0,(anonymous_27)
DA:37,0
DA:38,0
DA:50,0
DA:51,0
DA:52,0
DA:53,0
DA:54,0
DA:55,0
DA:56,0
DA:57,0
DA:58,0
DA:59,0
DA:60,0
DA:62,0
DA:63,0
DA:66,0
DA:67,0
DA:68,0
DA:69,0
DA:70,0
DA:72,0
DA:73,0
DA:75,0
DA:79,0
DA:80,0
DA:81,0
DA:82,0
DA:83,0
DA:85,0
DA:86,0
DA:87,0
DA:89,0
DA:90,0
DA:92,0
DA:96,0
DA:97,0
DA:98,0
DA:99,0
DA:100,0
DA:102,0
DA:105,0
DA:107,0
DA:108,0
DA:110,0
DA:114,0
DA:115,0
DA:116,0
DA:117,0
DA:118,0
DA:119,0
DA:131,0
DA:133,0
DA:134,0
DA:135,0
DA:137,0
DA:138,0
DA:140,0
DA:144,0
DA:145,0
DA:146,0
DA:147,0
DA:148,0
DA:149,0
DA:163,0
DA:164,0
DA:165,0
DA:171,0
DA:174,0
DA:175,0
DA:177,0
DA:181,0
DA:182,0
DA:183,0
DA:184,0
DA:185,0
DA:187,0
DA:188,0
DA:190,0
DA:191,0
DA:193,0
DA:197,0
DA:198,0
DA:199,0
DA:200,0
DA:201,0
DA:203,0
DA:204,0
DA:206,0
DA:207,0
DA:209,0
DA:213,0
DA:214,0
DA:216,0
DA:246,0
DA:247,0
DA:254,0
DA:261,0
DA:267,0
DA:272,0
DA:287,0
DA:297,0
DA:306,0
DA:316,0
DA:325,0
DA:334,0
DA:365,0
DA:377,0
DA:388,0
DA:398,0
DA:447,0
LF:110
LH:0
BRDA:90,0,0,0
BRDA:90,0,1,0
BRDA:108,1,0,0
BRDA:108,1,1,0
BRDA:138,2,0,0
BRDA:138,2,1,0
BRDA:168,3,0,0
BRDA:168,3,1,0
BRDA:175,4,0,0
BRDA:175,4,1,0
BRDA:191,5,0,0
BRDA:191,5,1,0
BRDA:207,6,0,0
BRDA:207,6,1,0
BRDA:218,7,0,0
BRDA:218,7,1,0
BRDA:220,8,0,0
BRDA:220,8,1,0
BRDA:223,9,0,0
BRDA:223,9,1,0
BRDA:246,10,0,0
BRDA:246,10,1,0
BRDA:260,11,0,0
BRDA:260,11,1,0
BRDA:266,12,0,0
BRDA:266,12,1,0
BRDA:279,13,0,0
BRDA:279,13,1,0
BRDA:354,14,0,0
BRDA:354,14,1,0
BRDA:419,15,0,0
BRDA:419,15,1,0
BRDA:428,16,0,0
BRDA:428,16,1,0
BRDA:436,17,0,0
BRDA:436,17,1,0
BRDA:456,18,0,0
BRDA:456,18,1,0
BRDA:473,19,0,0
BRDA:473,19,1,0
BRDA:484,20,0,0
BRDA:484,20,1,0
BRDA:500,21,0,0
BRDA:500,21,1,0
BRF:44
BRH:0
end_of_record
TN:
SF:src/components/HistoryView.js
FN:29,(anonymous_0)
FN:49,(anonymous_1)
FN:76,(anonymous_2)
FN:80,(anonymous_3)
FN:84,(anonymous_4)
FN:89,(anonymous_5)
FN:89,(anonymous_6)
FN:90,(anonymous_7)
FN:96,(anonymous_8)
FN:96,(anonymous_9)
FN:97,(anonymous_10)
FN:108,(anonymous_11)
FN:113,(anonymous_12)
FN:125,(anonymous_13)
FN:142,(anonymous_14)
FN:186,(anonymous_15)
FN:202,(anonymous_16)
FN:215,(anonymous_17)
FN:218,(anonymous_18)
FN:224,(anonymous_19)
FN:236,(anonymous_20)
FN:239,(anonymous_21)
FN:245,(anonymous_22)
FN:283,(anonymous_23)
FNF:24
FNH:0
FNDA:0,(anonymous_0)
FNDA:0,(anonymous_1)
FNDA:0,(anonymous_2)
FNDA:0,(anonymous_3)
FNDA:0,(anonymous_4)
FNDA:0,(anonymous_5)
FNDA:0,(anonymous_6)
FNDA:0,(anonymous_7)
FNDA:0,(anonymous_8)
FNDA:0,(anonymous_9)
FNDA:0,(anonymous_10)
FNDA:0,(anonymous_11)
FNDA:0,(anonymous_12)
FNDA:0,(anonymous_13)
FNDA:0,(anonymous_14)
FNDA:0,(anonymous_15)
FNDA:0,(anonymous_16)
FNDA:0,(anonymous_17)
FNDA:0,(anonymous_18)
FNDA:0,(anonymous_19)
FNDA:0,(anonymous_20)
FNDA:0,(anonymous_21)
FNDA:0,(anonymous_22)
FNDA:0,(anonymous_23)
DA:29,0
DA:30,0
DA:31,0
DA:32,0
DA:33,0
DA:34,0
DA:35,0
DA:36,0
DA:43,0
DA:44,0
DA:46,0
DA:47,0
DA:49,0
DA:50,0
DA:51,0
DA:52,0
DA:60,0
DA:61,0
DA:64,0
DA:65,0
DA:66,0
DA:68,0
DA:69,0
DA:70,0
DA:72,0
DA:76,0
DA:77,0
DA:80,0
DA:81,0
DA:84,0
DA:85,0
DA:86,0
DA:89,0
DA:90,0
DA:96,0
DA:97,0
DA:101,0
DA:102,0
DA:103,0
DA:104,0
DA:108,0
DA:109,0
DA:110,0
DA:113,0
DA:114,0
DA:121,0
DA:122,0
DA:125,0
DA:126,0
DA:128,0
DA:130,0
DA:132,0
DA:134,0
DA:136,0
DA:138,0
DA:142,0
DA:143,0
DA:145,0
DA:147,0
DA:149,0
DA:151,0
DA:153,0
DA:155,0
DA:157,0
DA:161,0
DA:162,0
DA:169,0
DA:187,0
DA:203,0
DA:215,0
DA:218,0
DA:224,0
DA:236,0
DA:239,0
DA:245,0
DA:284,0
LF:76
LH:0
BRDA:56,0,0,0
BRDA:56,0,1,0
BRDA:57,1,0,0
BRDA:57,1,1,0
BRDA:64,2,0,0
BRDA:64,2,1,0
BRDA:65,3,0,0
BRDA:65,3,1,0
BRDA:69,4,0,0
BRDA:69,4,1,0
BRDA:101,5,0,0
BRDA:101,5,1,0
BRDA:103,6,0,0
BRDA:103,6,1,0
BRDA:126,7,0,0
BRDA:126,7,1,0
BRDA:126,7,2,0
BRDA:126,7,3,0
BRDA:126,7,4,0
BRDA:126,7,5,0
BRDA:143,8,0,0
BRDA:143,8,1,0
BRDA:145,9,0,0
BRDA:145,9,1,0
BRDA:145,9,2,0
BRDA:145,9,3,0
BRDA:145,9,4,0
BRDA:145,9,5,0
BRDA:161,10,0,0
BRDA:161,10,1,0
BRDA:161,11,0,0
BRDA:161,11,1,0
BRDA:214,12,0,0
BRDA:214,12,1,0
BRDA:235,13,0,0
BRDA:235,13,1,0
BRDA:264,14,0,0
BRDA:264,14,1,0
BRDA:282,15,0,0
BRDA:282,15,1,0
BRDA:282,16,0,0
BRDA:282,16,1,0
BRF:42
BRH:0
end_of_record
TN:
SF:src/components/HomeOverview.js
FN:37,(anonymous_0)
FN:59,(anonymous_1)
FN:63,(anonymous_2)
FN:94,(anonymous_3)
FN:105,(anonymous_4)
FN:116,(anonymous_5)
FN:139,(anonymous_6)
FN:146,(anonymous_7)
FN:153,(anonymous_8)
FN:160,(anonymous_9)
FN:171,(anonymous_10)
FN:177,(anonymous_11)
FN:183,(anonymous_12)
FN:195,(anonymous_13)
FN:201,(anonymous_14)
FN:207,(anonymous_15)
FN:219,(anonymous_16)
FN:224,(anonymous_17)
FN:229,(anonymous_18)
FN:235,(anonymous_19)
FN:241,(anonymous_20)
FN:252,(anonymous_21)
FN:258,(anonymous_22)
FN:264,(anonymous_23)
FN:276,(anonymous_24)
FN:282,(anonymous_25)
FN:326,(anonymous_26)
FN:366,(anonymous_27)
FNF:28
FNH:0
FNDA:0,(anonymous_0)
FNDA:0,(anonymous_1)
FNDA:0,(anonymous_2)
FNDA:0,(anonymous_3)
FNDA:0,(anonymous_4)
FNDA:0,(anonymous_5)
FNDA:0,(anonymous_6)
FNDA:0,(anonymous_7)
FNDA:0,(anonymous_8)
FNDA:0,(anonymous_9)
FNDA:0,(anonymous_10)
FNDA:0,(anonymous_11)
FNDA:0,(anonymous_12)
FNDA:0,(anonymous_13)
FNDA:0,(anonymous_14)
FNDA:0,(anonymous_15)
FNDA:0,(anonymous_16)
FNDA:0,(anonymous_17)
FNDA:0,(anonymous_18)
FNDA:0,(anonymous_19)
FNDA:0,(anonymous_20)
FNDA:0,(anonymous_21)
FNDA:0,(anonymous_22)
FNDA:0,(anonymous_23)
FNDA:0,(anonymous_24)
FNDA:0,(anonymous_25)
FNDA:0,(anonymous_26)
FNDA:0,(anonymous_27)
DA:37,0
DA:38,0
DA:39,0
DA:40,0
DA:41,0
DA:42,0
DA:59,0
DA:60,0
DA:63,0
DA:64,0
DA:65,0
DA:66,0
DA:68,0
DA:85,0
DA:87,0
DA:88,0
DA:90,0
DA:94,0
DA:95,0
DA:97,0
DA:99,0
DA:101,0
DA:105,0
DA:106,0
DA:108,0
DA:110,0
DA:112,0
DA:116,0
DA:117,0
DA:119,0
DA:125,0
DA:131,0
DA:139,0
DA:140,0
DA:146,0
DA:153,0
DA:160,0
DA:164,0
DA:165,0
DA:171,0
DA:177,0
DA:183,0
DA:188,0
DA:189,0
DA:195,0
DA:201,0
DA:207,0
DA:213,0
DA:219,0
DA:224,0
DA:225,0
DA:229,0
DA:235,0
DA:241,0
DA:246,0
DA:247,0
DA:252,0
DA:258,0
DA:264,0
DA:270,0
DA:271,0
DA:276,0
DA:282,0
DA:288,0
DA:291,0
DA:292,0
DA:299,0
DA:300,0
DA:307,0
DA:309,0
DA:327,0
DA:367,0
LF:72
LH:0
BRDA:69,0,0,0
BRDA:69,0,1,0
BRDA:70,1,0,0
BRDA:70,1,1,0
BRDA:72,2,0,0
BRDA:72,2,1,0
BRDA:73,3,0,0
BRDA:73,3,1,0
BRDA:74,4,0,0
BRDA:74,4,1,0
BRDA:75,5,0,0
BRDA:75,5,1,0
BRDA:76,6,0,0
BRDA:76,6,1,0
BRDA:77,7,0,0
BRDA:77,7,1,0
BRDA:78,8,0,0
BRDA:78,8,1,0
BRDA:79,9,0,0
BRDA:79,9,1,0
BRDA:80,10,0,0
BRDA:80,10,1,0
BRDA:81,11,0,0
BRDA:81,11,1,0
BRDA:95,12,0,0
BRDA:95,12,1,0
BRDA:95,12,2,0
BRDA:106,13,0,0
BRDA:106,13,1,0
BRDA:106,13,2,0
BRDA:117,14,0,0
BRDA:117,14,1,0
BRDA:117,14,2,0
BRDA:157,15,0,0
BRDA:157,15,1,0
BRDA:164,16,0,0
BRDA:164,16,1,0
BRDA:188,17,0,0
BRDA:188,17,1,0
BRDA:246,18,0,0
BRDA:246,18,1,0
BRDA:270,19,0,0
BRDA:270,19,1,0
BRDA:291,20,0,0
BRDA:291,20,1,0
BRDA:299,21,0,0
BRDA:299,21,1,0
BRDA:330,22,0,0
BRDA:330,22,1,0
BRDA:331,23,0,0
BRDA:331,23,1,0
BRDA:346,24,0,0
BRDA:346,24,1,0
BRF:53
BRH:0
end_of_record
TN:
SF:src/components/Layout.js
FN:43,(anonymous_0)
FN:51,(anonymous_1)
FN:62,(anonymous_2)
FN:157,(anonymous_3)
FN:160,(anonymous_4)
FN:212,(anonymous_5)
FN:237,(anonymous_6)
FN:255,(anonymous_7)
FNF:8
FNH:0
FNDA:0,(anonymous_0)
FNDA:0,(anonymous_1)
FNDA:0,(anonymous_2)
FNDA:0,(anonymous_3)
FNDA:0,(anonymous_4)
FNDA:0,(anonymous_5)
FNDA:0,(anonymous_6)
FNDA:0,(anonymous_7)
DA:41,0
DA:43,0
DA:44,0
DA:45,0
DA:46,0
DA:47,0
DA:48,0
DA:49,0
DA:51,0
DA:52,0
DA:53,0
DA:57,0
DA:58,0
DA:62,0
DA:63,0
DA:91,0
DA:104,0
DA:137,0
DA:139,0
DA:141,0
DA:143,0
DA:148,0
DA:158,0
DA:161,0
DA:162,0
DA:213,0
DA:214,0
DA:223,0
DA:237,0
DA:255,0
LF:30
LH:0
BRDA:52,0,0,0
BRDA:52,0,1,0
BRDA:52,1,0,0
BRDA:52,1,1,0
BRDA:57,2,0,0
BRDA:57,2,1,0
BRDA:57,3,0,0
BRDA:57,3,1,0
BRDA:137,4,0,0
BRDA:137,4,1,0
BRDA:137,4,2,0
BRDA:151,5,0,0
BRDA:151,5,1,0
BRDA:152,6,0,0
BRDA:152,6,1,0
BRDA:162,7,0,0
BRDA:162,7,1,0
BRDA:178,8,0,0
BRDA:178,8,1,0
BRDA:186,9,0,0
BRDA:186,9,1,0
BRDA:202,10,0,0
BRDA:202,10,1,0
BRF:23
BRH:0
end_of_record
TN:
SF:src/components/Login.js
FN:18,(anonymous_0)
FN:31,(anonymous_1)
FN:32,(anonymous_2)
FN:46,(anonymous_3)
FN:47,(anonymous_4)
FN:61,(anonymous_5)
FN:62,(anonymous_6)
FN:78,(anonymous_7)
FN:81,(anonymous_8)
FN:145,(anonymous_9)
FN:157,(anonymous_10)
FNF:11
FNH:0
FNDA:0,(anonymous_0)
FNDA:0,(anonymous_1)
FNDA:0,(anonymous_2)
FNDA:0,(anonymous_3)
FNDA:0,(anonymous_4)
FNDA:0,(anonymous_5)
FNDA:0,(anonymous_6)
FNDA:0,(anonymous_7)
FNDA:0,(anonymous_8)
FNDA:0,(anonymous_9)
FNDA:0,(anonymous_10)
DA:18,0
DA:19,0
DA:20,0
DA:21,0
DA:22,0
DA:26,0
DA:27,0
DA:28,0
DA:29,0
DA:31,0
DA:32,0
DA:33,0
DA:34,0
DA:35,0
DA:36,0
DA:37,0
DA:39,0
DA:43,0
DA:46,0
DA:47,0
DA:48,0
DA:49,0
DA:50,0
DA:53,0
DA:55,0
DA:58,0
DA:61,0
DA:62,0
DA:63,0
DA:64,0
DA:65,0
DA:67,0
DA:68,0
DA:70,0
DA:75,0
DA:76,0
DA:78,0
DA:81,0
DA:82,0
DA:83,0
DA:84,0
DA:86,0
DA:87,0
DA:88,0
DA:91,0
DA:96,0
DA:97,0
DA:98,0
DA:99,0
DA:101,0
DA:104,0
DA:105,0
DA:111,0
DA:115,0
DA:145,0
DA:157,0
LF:56
LH:0
BRDA:33,0,0,0
BRDA:33,0,1,0
BRDA:33,1,0,0
BRDA:33,1,1,0
BRDA:36,2,0,0
BRDA:36,2,1,0
BRDA:67,3,0,0
BRDA:67,3,1,0
BRDA:87,4,0,0
BRDA:87,4,1,0
BRDA:87,5,0,0
BRDA:87,5,1,0
BRDA:96,6,0,0
BRDA:96,6,1,0
BRDA:96,7,0,0
BRDA:96,7,1,0
BRDA:98,8,0,0
BRDA:98,8,1,0
BRDA:106,9,0,0
BRDA:106,9,1,0
BRDA:106,9,2,0
BRDA:129,10,0,0
BRDA:129,10,1,0
BRDA:167,11,0,0
BRDA:167,11,1,0
BRDA:170,12,0,0
BRDA:170,12,1,0
BRDA:207,13,0,0
BRDA:207,13,1,0
BRDA:209,14,0,0
BRDA:209,14,1,0
BRDA:210,15,0,0
BRDA:210,15,1,0
BRF:33
BRH:0
end_of_record
TN:
SF:src/components/ManageUsers.js
FN:38,(anonymous_0)
FN:69,(anonymous_1)
FN:73,(anonymous_2)
FN:83,(anonymous_3)
FN:106,(anonymous_4)
FN:112,(anonymous_5)
FN:122,(anonymous_6)
FN:126,(anonymous_7)
FN:136,(anonymous_8)
FN:159,(anonymous_9)
FN:168,(anonymous_10)
FN:174,(anonymous_11)
FN:179,(anonymous_12)
FN:181,(anonymous_13)
FN:228,(anonymous_14)
FN:273,(anonymous_15)
FN:285,(anonymous_16)
FN:299,(anonymous_17)
FN:325,(anonymous_18)
FN:348,(anonymous_19)
FN:372,(anonymous_20)
FN:381,(anonymous_21)
FN:385,(anonymous_22)
FN:399,(anonymous_23)
FN:417,(anonymous_24)
FN:418,(anonymous_25)
FN:419,(anonymous_26)
FN:421,(anonymous_27)
FN:422,(anonymous_28)
FN:438,(anonymous_29)
FN:450,(anonymous_30)
FN:459,(anonymous_31)
FN:468,(anonymous_32)
FN:477,(anonymous_33)
FN:496,(anonymous_34)
FN:507,(anonymous_35)
FN:516,(anonymous_36)
FN:525,(anonymous_37)
FN:535,(anonymous_38)
FN:544,(anonymous_39)
FN:554,(anonymous_40)
FN:565,(anonymous_41)
FN:571,(anonymous_42)
FN:582,(anonymous_43)
FN:596,(anonymous_44)
FN:603,(anonymous_45)
FN:605,(anonymous_46)
FN:608,(anonymous_47)
FN:618,(anonymous_48)
FN:629,(anonymous_49)
FN:644,(anonymous_50)
FN:654,(anonymous_51)
FN:660,(anonymous_52)
FN:669,(anonymous_53)
FN:678,(anonymous_54)
FN:692,(anonymous_55)
FN:700,(anonymous_56)
FN:708,(anonymous_57)
FN:716,(anonymous_58)
FNF:59
FNH:0
FNDA:0,(anonymous_0)
FNDA:0,(anonymous_1)
FNDA:0,(anonymous_2)
FNDA:0,(anonymous_3)
FNDA:0,(anonymous_4)
FNDA:0,(anonymous_5)
FNDA:0,(anonymous_6)
FNDA:0,(anonymous_7)
FNDA:0,(anonymous_8)
FNDA:0,(anonymous_9)
FNDA:0,(anonymous_10)
FNDA:0,(anonymous_11)
FNDA:0,(anonymous_12)
FNDA:0,(anonymous_13)
FNDA:0,(anonymous_14)
FNDA:0,(anonymous_15)
FNDA:0,(anonymous_16)
FNDA:0,(anonymous_17)
FNDA:0,(anonymous_18)
FNDA:0,(anonymous_19)
FNDA:0,(anonymous_20)
FNDA:0,(anonymous_21)
FNDA:0,(anonymous_22)
FNDA:0,(anonymous_23)
FNDA:0,(anonymous_24)
FNDA:0,(anonymous_25)
FNDA:0,(anonymous_26)
FNDA:0,(anonymous_27)
FNDA:0,(anonymous_28)
FNDA:0,(anonymous_29)
FNDA:0,(anonymous_30)
FNDA:0,(anonymous_31)
FNDA:0,(anonymous_32)
FNDA:0,(anonymous_33)
FNDA:0,(anonymous_34)
FNDA:0,(anonymous_35)
FNDA:0,(anonymous_36)
FNDA:0,(anonymous_37)
FNDA:0,(anonymous_38)
FNDA:0,(anonymous_39)
FNDA:0,(anonymous_40)
FNDA:0,(anonymous_41)
FNDA:0,(anonymous_42)
FNDA:0,(anonymous_43)
FNDA:0,(anonymous_44)
FNDA:0,(anonymous_45)
FNDA:0,(anonymous_46)
FNDA:0,(anonymous_47)
FNDA:0,(anonymous_48)
FNDA:0,(anonymous_49)
FNDA:0,(anonymous_50)
FNDA:0,(anonymous_51)
FNDA:0,(anonymous_52)
FNDA:0,(anonymous_53)
FNDA:0,(anonymous_54)
FNDA:0,(anonymous_55)
FNDA:0,(anonymous_56)
FNDA:0,(anonymous_57)
FNDA:0,(anonymous_58)
DA:38,0
DA:39,0
DA:40,0
DA:41,0
DA:42,0
DA:43,0
DA:44,0
DA:45,0
DA:46,0
DA:47,0
DA:48,0
DA:58,0
DA:59,0
DA:60,0
DA:66,0
DA:67,0
DA:69,0
DA:70,0
DA:73,0
DA:74,0
DA:75,0
DA:76,0
DA:77,0
DA:82,0
DA:83,0
DA:88,0
DA:89,0
DA:92,0
DA:93,0
DA:95,0
DA:96,0
DA:99,0
DA:100,0
DA:102,0
DA:106,0
DA:107,0
DA:109,0
DA:110,0
DA:111,0
DA:112,0
DA:113,0
DA:115,0
DA:118,0
DA:122,0
DA:123,0
DA:124,0
DA:125,0
DA:126,0
DA:127,0
DA:129,0
DA:132,0
DA:136,0
DA:137,0
DA:138,0
DA:139,0
DA:140,0
DA:142,0
DA:147,0
DA:148,0
DA:149,0
DA:152,0
DA:153,0
DA:155,0
DA:159,0
DA:160,0
DA:161,0
DA:168,0
DA:171,0
DA:174,0
DA:175,0
DA:176,0
DA:179,0
DA:180,0
DA:181,0
DA:182,0
DA:183,0
DA:184,0
DA:188,0
DA:193,0
DA:194,0
DA:196,0
DA:198,0
DA:199,0
DA:200,0
DA:201,0
DA:203,0
DA:204,0
DA:206,0
DA:207,0
DA:208,0
DA:209,0
DA:210,0
DA:212,0
DA:215,0
DA:216,0
DA:219,0
DA:220,0
DA:221,0
DA:223,0
DA:224,0
DA:228,0
DA:229,0
DA:230,0
DA:231,0
DA:234,0
DA:235,0
DA:236,0
DA:239,0
DA:246,0
DA:247,0
DA:248,0
DA:249,0
DA:250,0
DA:251,0
DA:252,0
DA:255,0
DA:256,0
DA:257,0
DA:259,0
DA:260,0
DA:261,0
DA:262,0
DA:263,0
DA:264,0
DA:268,0
DA:269,0
DA:273,0
DA:274,0
DA:275,0
DA:276,0
DA:277,0
DA:278,0
DA:281,0
DA:285,0
DA:286,0
DA:287,0
DA:299,0
DA:300,0
DA:301,0
DA:302,0
DA:303,0
DA:306,0
DA:307,0
DA:308,0
DA:311,0
DA:316,0
DA:317,0
DA:318,0
DA:320,0
DA:321,0
DA:325,0
DA:326,0
DA:331,0
DA:334,0
DA:335,0
DA:337,0
DA:349,0
DA:350,0
DA:373,0
DA:381,0
DA:386,0
DA:399,0
DA:417,0
DA:418,0
DA:420,0
DA:422,0
DA:423,0
DA:439,0
DA:450,0
DA:459,0
DA:468,0
DA:478,0
DA:479,0
DA:496,0
DA:507,0
DA:516,0
DA:525,0
DA:535,0
DA:545,0
DA:546,0
DA:555,0
DA:565,0
DA:572,0
DA:582,0
DA:597,0
DA:598,0
DA:604,0
DA:606,0
DA:608,0
DA:619,0
DA:630,0
DA:631,0
DA:644,0
DA:654,0
DA:661,0
DA:669,0
DA:679,0
DA:680,0
DA:692,0
DA:700,0
DA:708,0
DA:717,0
DA:718,0
LF:203
LH:0
BRDA:82,0,0,0
BRDA:82,0,1,0
BRDA:82,1,0,0
BRDA:82,1,1,0
BRDA:85,2,0,0
BRDA:85,2,1,0
BRDA:92,3,0,0
BRDA:92,3,1,0
BRDA:92,4,0,0
BRDA:92,4,1,0
BRDA:107,5,0,0
BRDA:107,5,1,0
BRDA:111,6,0,0
BRDA:111,6,1,0
BRDA:113,7,0,0
BRDA:113,7,1,0
BRDA:125,8,0,0
BRDA:125,8,1,0
BRDA:127,9,0,0
BRDA:127,9,1,0
BRDA:147,10,0,0
BRDA:147,10,1,0
BRDA:153,11,0,0
BRDA:153,11,1,0
BRDA:166,12,0,0
BRDA:166,12,1,0
BRDA:167,13,0,0
BRDA:167,13,1,0
BRDA:182,14,0,0
BRDA:182,14,1,0
BRDA:193,15,0,0
BRDA:193,15,1,0
BRDA:194,16,0,0
BRDA:194,16,1,0
BRDA:198,17,0,0
BRDA:198,17,1,0
BRDA:198,18,0,0
BRDA:198,18,1,0
BRDA:200,19,0,0
BRDA:200,19,1,0
BRDA:203,20,0,0
BRDA:203,20,1,0
BRDA:215,21,0,0
BRDA:215,21,1,0
BRDA:224,22,0,0
BRDA:224,22,1,0
BRDA:234,23,0,0
BRDA:234,23,1,0
BRDA:234,24,0,0
BRDA:234,24,1,0
BRDA:246,25,0,0
BRDA:246,25,1,0
BRDA:248,26,0,0
BRDA:248,26,1,0
BRDA:255,27,0,0
BRDA:255,27,1,0
BRDA:260,28,0,0
BRDA:260,28,1,0
BRDA:269,29,0,0
BRDA:269,29,1,0
BRDA:276,30,0,0
BRDA:276,30,1,0
BRDA:281,31,0,0
BRDA:281,31,1,0
BRDA:301,32,0,0
BRDA:301,32,1,0
BRDA:306,33,0,0
BRDA:306,33,1,0
BRDA:321,34,0,0
BRDA:321,34,1,0
BRDA:334,35,0,0
BRDA:334,35,1,0
BRDA:335,36,0,0
BRDA:335,36,1,0
BRDA:342,37,0,0
BRDA:342,37,1,0
BRDA:343,38,0,0
BRDA:343,38,1,0
BRDA:376,39,0,0
BRDA:376,39,1,0
BRDA:378,40,0,0
BRDA:378,40,1,0
BRDA:398,41,0,0
BRDA:398,41,1,0
BRDA:401,42,0,0
BRDA:401,42,1,0
BRDA:402,43,0,0
BRDA:402,43,1,0
BRDA:403,44,0,0
BRDA:403,44,1,0
BRDA:409,45,0,0
BRDA:409,45,1,0
BRDA:410,46,0,0
BRDA:410,46,1,0
BRDA:411,47,0,0
BRDA:411,47,1,0
BRDA:417,48,0,0
BRDA:417,48,1,0
BRDA:426,49,0,0
BRDA:426,49,1,0
BRDA:428,50,0,0
BRDA:428,50,1,0
BRDA:429,51,0,0
BRDA:429,51,1,0
BRDA:436,52,0,0
BRDA:436,52,1,0
BRDA:447,53,0,0
BRDA:447,53,1,0
BRDA:447,53,2,0
BRDA:482,54,0,0
BRDA:482,54,1,0
BRDA:498,55,0,0
BRDA:498,55,1,0
BRDA:529,56,0,0
BRDA:529,56,1,0
BRDA:549,57,0,0
BRDA:549,57,1,0
BRDA:590,58,0,0
BRDA:590,58,1,0
BRDA:597,59,0,0
BRDA:597,59,1,0
BRDA:610,60,0,0
BRDA:610,60,1,0
BRDA:611,61,0,0
BRDA:611,61,1,0
BRDA:636,62,0,0
BRDA:636,62,1,0
BRDA:653,63,0,0
BRDA:653,63,1,0
BRF:129
BRH:0
end_of_record
TN:
SF:src/components/Pricing.js
FN:20,(anonymous_0)
FN:55,(anonymous_1)
FN:73,(anonymous_2)
FN:99,(anonymous_3)
FN:116,(anonymous_4)
FNF:5
FNH:0
FNDA:0,(anonymous_0)
FNDA:0,(anonymous_1)
FNDA:0,(anonymous_2)
FNDA:0,(anonymous_3)
FNDA:0,(anonymous_4)
DA:20,0
DA:21,0
DA:23,0
DA:55,0
DA:57,0
DA:58,0
DA:61,0
DA:74,0
DA:100,0
DA:116,0
LF:10
LH:0
BRDA:84,0,0,0
BRDA:84,0,1,0
BRDA:85,1,0,0
BRDA:85,1,1,0
BRDA:107,2,0,0
BRDA:107,2,1,0
BRDA:118,3,0,0
BRDA:118,3,1,0
BRF:8
BRH:0
end_of_record
TN:
SF:src/components/PropertyManagement.js
FN:42,(anonymous_0)
FN:65,(anonymous_1)
FN:69,(anonymous_2)
FN:94,(anonymous_3)
FN:133,(anonymous_4)
FN:148,(anonymous_5)
FN:172,(anonymous_6)
FN:186,(anonymous_7)
FN:198,(anonymous_8)
FN:211,(anonymous_9)
FN:217,(anonymous_10)
FN:232,(anonymous_11)
FN:242,(anonymous_12)
FN:248,(anonymous_13)
FN:253,(anonymous_14)
FN:263,(anonymous_15)
FN:297,(anonymous_16)
FN:302,(anonymous_17)
FN:308,(anonymous_18)
FN:361,(anonymous_19)
FN:371,(anonymous_20)
FN:379,(anonymous_21)
FN:387,(anonymous_22)
FN:394,(anonymous_23)
FN:406,(anonymous_24)
FN:417,(anonymous_25)
FN:427,(anonymous_26)
FN:435,(anonymous_27)
FN:457,(anonymous_28)
FN:466,(anonymous_29)
FN:467,(anonymous_30)
FN:468,(anonymous_31)
FN:470,(anonymous_32)
FN:471,(anonymous_33)
FN:483,(anonymous_34)
FN:502,(anonymous_35)
FN:526,(anonymous_36)
FN:542,(anonymous_37)
FNF:38
FNH:0
FNDA:0,(anonymous_0)
FNDA:0,(anonymous_1)
FNDA:0,(anonymous_2)
FNDA:0,(anonymous_3)
FNDA:0,(anonymous_4)
FNDA:0,(anonymous_5)
FNDA:0,(anonymous_6)
FNDA:0,(anonymous_7)
FNDA:0,(anonymous_8)
FNDA:0,(anonymous_9)
FNDA:0,(anonymous_10)
FNDA:0,(anonymous_11)
FNDA:0,(anonymous_12)
FNDA:0,(anonymous_13)
FNDA:0,(anonymous_14)
FNDA:0,(anonymous_15)
FNDA:0,(anonymous_16)
FNDA:0,(anonymous_17)
FNDA:0,(anonymous_18)
FNDA:0,(anonymous_19)
FNDA:0,(anonymous_20)
FNDA:0,(anonymous_21)
FNDA:0,(anonymous_22)
FNDA:0,(anonymous_23)
FNDA:0,(anonymous_24)
FNDA:0,(anonymous_25)
FNDA:0,(anonymous_26)
FNDA:0,(anonymous_27)
FNDA:0,(anonymous_28)
FNDA:0,(anonymous_29)
FNDA:0,(anonymous_30)
FNDA:0,(anonymous_31)
FNDA:0,(anonymous_32)
FNDA:0,(anonymous_33)
FNDA:0,(anonymous_34)
FNDA:0,(anonymous_35)
FNDA:0,(anonymous_36)
FNDA:0,(anonymous_37)
DA:42,0
DA:43,0
DA:44,0
DA:45,0
DA:46,0
DA:47,0
DA:48,0
DA:49,0
DA:50,0
DA:59,0
DA:60,0
DA:61,0
DA:62,0
DA:63,0
DA:65,0
DA:66,0
DA:69,0
DA:70,0
DA:71,0
DA:72,0
DA:77,0
DA:79,0
DA:80,0
DA:83,0
DA:84,0
DA:87,0
DA:88,0
DA:90,0
DA:94,0
DA:95,0
DA:96,0
DA:97,0
DA:98,0
DA:100,0
DA:101,0
DA:102,0
DA:105,0
DA:116,0
DA:117,0
DA:118,0
DA:120,0
DA:121,0
DA:124,0
DA:125,0
DA:126,0
DA:128,0
DA:129,0
DA:133,0
DA:134,0
DA:135,0
DA:145,0
DA:148,0
DA:149,0
DA:157,0
DA:159,0
DA:160,0
DA:161,0
DA:163,0
DA:164,0
DA:165,0
DA:167,0
DA:168,0
DA:172,0
DA:173,0
DA:174,0
DA:178,0
DA:179,0
DA:181,0
DA:182,0
DA:186,0
DA:187,0
DA:198,0
DA:199,0
DA:200,0
DA:201,0
DA:202,0
DA:204,0
DA:205,0
DA:207,0
DA:211,0
DA:212,0
DA:213,0
DA:214,0
DA:217,0
DA:218,0
DA:219,0
DA:220,0
DA:223,0
DA:225,0
DA:233,0
DA:234,0
DA:242,0
DA:248,0
DA:253,0
DA:264,0
DA:297,0
DA:302,0
DA:308,0
DA:361,0
DA:371,0
DA:379,0
DA:387,0
DA:394,0
DA:406,0
DA:417,0
DA:427,0
DA:435,0
DA:458,0
DA:466,0
DA:467,0
DA:469,0
DA:471,0
DA:472,0
DA:484,0
DA:502,0
DA:527,0
DA:542,0
LF:117
LH:0
BRDA:74,0,0,0
BRDA:74,0,1,0
BRDA:79,1,0,0
BRDA:79,1,1,0
BRDA:83,2,0,0
BRDA:83,2,1,0
BRDA:100,3,0,0
BRDA:100,3,1,0
BRDA:100,4,0,0
BRDA:100,4,1,0
BRDA:108,5,0,0
BRDA:108,5,1,0
BRDA:109,6,0,0
BRDA:109,6,1,0
BRDA:110,7,0,0
BRDA:110,7,1,0
BRDA:116,8,0,0
BRDA:116,8,1,0
BRDA:129,9,0,0
BRDA:129,9,1,0
BRDA:137,10,0,0
BRDA:137,10,1,0
BRDA:138,11,0,0
BRDA:138,11,1,0
BRDA:139,12,0,0
BRDA:139,12,1,0
BRDA:140,13,0,0
BRDA:140,13,1,0
BRDA:141,14,0,0
BRDA:141,14,1,0
BRDA:142,15,0,0
BRDA:142,15,1,0
BRDA:143,16,0,0
BRDA:143,16,1,0
BRDA:157,17,0,0
BRDA:157,17,1,0
BRDA:168,18,0,0
BRDA:168,18,1,0
BRDA:182,19,0,0
BRDA:182,19,1,0
BRDA:202,20,0,0
BRDA:202,20,1,0
BRDA:220,21,0,0
BRDA:220,21,1,0
BRDA:223,22,0,0
BRDA:223,22,1,0
BRDA:241,23,0,0
BRDA:241,23,1,0
BRDA:247,24,0,0
BRDA:247,24,1,0
BRDA:258,25,0,0
BRDA:258,25,1,0
BRDA:259,26,0,0
BRDA:259,26,1,0
BRDA:269,27,0,0
BRDA:269,27,1,0
BRDA:273,28,0,0
BRDA:273,28,1,0
BRDA:274,29,0,0
BRDA:274,29,1,0
BRDA:277,30,0,0
BRDA:277,30,1,0
BRDA:289,31,0,0
BRDA:289,31,1,0
BRDA:363,32,0,0
BRDA:363,32,1,0
BRDA:406,33,0,0
BRDA:406,33,1,0
BRDA:437,34,0,0
BRDA:437,34,1,0
BRDA:443,35,0,0
BRDA:443,35,1,0
BRDA:443,35,2,0
BRDA:466,36,0,0
BRDA:466,36,1,0
BRDA:475,37,0,0
BRDA:475,37,1,0
BRDA:507,38,0,0
BRDA:507,38,1,0
BRDA:510,39,0,0
BRDA:510,39,1,0
BRDA:514,40,0,0
BRDA:514,40,1,0
BRDA:528,41,0,0
BRDA:528,41,1,0
BRDA:531,42,0,0
BRDA:531,42,1,0
BRF:87
BRH:0
end_of_record
TN:
SF:src/components/PropertySwitcher.js
FN:6,(anonymous_0)
FN:13,(anonymous_1)
FN:18,(anonymous_2)
FN:25,(anonymous_3)
FN:33,(anonymous_4)
FN:43,(anonymous_5)
FN:49,(anonymous_6)
FN:69,(anonymous_7)
FN:70,(anonymous_8)
FN:96,(anonymous_9)
FN:117,(anonymous_10)
FN:119,(anonymous_11)
FN:124,(anonymous_12)
FN:131,(anonymous_13)
FN:152,(anonymous_14)
FNF:15
FNH:0
FNDA:0,(anonymous_0)
FNDA:0,(anonymous_1)
FNDA:0,(anonymous_2)
FNDA:0,(anonymous_3)
FNDA:0,(anonymous_4)
FNDA:0,(anonymous_5)
FNDA:0,(anonymous_6)
FNDA:0,(anonymous_7)
FNDA:0,(anonymous_8)
FNDA:0,(anonymous_9)
FNDA:0,(anonymous_10)
FNDA:0,(anonymous_11)
FNDA:0,(anonymous_12)
FNDA:0,(anonymous_13)
FNDA:0,(anonymous_14)
DA:6,0
DA:7,0
DA:8,0
DA:9,0
DA:10,0
DA:11,0
DA:13,0
DA:14,0
DA:18,0
DA:19,0
DA:20,0
DA:25,0
DA:26,0
DA:33,0
DA:34,0
DA:35,0
DA:36,0
DA:38,0
DA:39,0
DA:41,0
DA:43,0
DA:44,0
DA:47,0
DA:48,0
DA:49,0
DA:50,0
DA:51,0
DA:53,0
DA:54,0
DA:55,0
DA:56,0
DA:57,0
DA:62,0
DA:66,0
DA:68,0
DA:69,0
DA:70,0
DA:72,0
DA:73,0
DA:74,0
DA:75,0
DA:80,0
DA:81,0
DA:82,0
DA:83,0
DA:89,0
DA:90,0
DA:92,0
DA:96,0
DA:97,0
DA:98,0
DA:99,0
DA:100,0
DA:103,0
DA:104,0
DA:108,0
DA:109,0
DA:110,0
DA:112,0
DA:117,0
DA:121,0
DA:124,0
DA:127,0
DA:128,0
DA:131,0
DA:138,0
DA:141,0
DA:153,0
LF:68
LH:0
BRDA:9,0,0,0
BRDA:9,0,1,0
BRDA:19,1,0,0
BRDA:19,1,1,0
BRDA:41,2,0,0
BRDA:41,2,1,0
BRDA:47,3,0,0
BRDA:47,3,1,0
BRDA:48,4,0,0
BRDA:48,4,1,0
BRDA:50,5,0,0
BRDA:50,5,1,0
BRDA:53,6,0,0
BRDA:53,6,1,0
BRDA:56,7,0,0
BRDA:56,7,1,0
BRDA:66,8,0,0
BRDA:66,8,1,0
BRDA:66,9,0,0
BRDA:66,9,1,0
BRDA:68,10,0,0
BRDA:68,10,1,0
BRDA:68,11,0,0
BRDA:68,11,1,0
BRDA:72,12,0,0
BRDA:72,12,1,0
BRDA:74,13,0,0
BRDA:74,13,1,0
BRDA:82,14,0,0
BRDA:82,14,1,0
BRDA:99,15,0,0
BRDA:99,15,1,0
BRDA:108,16,0,0
BRDA:108,16,1,0
BRDA:109,17,0,0
BRDA:109,17,1,0
BRDA:110,18,0,0
BRDA:110,18,1,0
BRDA:116,19,0,0
BRDA:116,19,1,0
BRDA:121,20,0,0
BRDA:121,20,1,0
BRDA:127,21,0,0
BRDA:127,21,1,0
BRDA:127,22,0,0
BRDA:127,22,1,0
BRDA:138,23,0,0
BRDA:138,23,1,0
BRDA:139,24,0,0
BRDA:139,24,1,0
BRF:50
BRH:0
end_of_record
TN:
SF:src/components/ProtectedRoute.js
FN:5,(anonymous_0)
FNF:1
FNH:0
FNDA:0,(anonymous_0)
DA:5,0
DA:6,0
DA:7,0
DA:9,0
DA:10,0
DA:11,0
DA:14,0
DA:15,0
DA:18,0
DA:19,0
DA:23,0
LF:11
LH:0
BRDA:5,0,0,0
BRDA:5,1,0,0
BRDA:5,2,0,0
BRDA:9,3,0,0
BRDA:9,3,1,0
BRDA:10,4,0,0
BRDA:10,4,1,0
BRDA:14,5,0,0
BRDA:14,5,1,0
BRDA:14,6,0,0
BRDA:14,6,1,0
BRDA:18,7,0,0
BRDA:18,7,1,0
BRF:13
BRH:0
end_of_record
TN:
SF:src/components/RegisterUser.js
FN:17,(anonymous_0)
FN:31,(anonymous_1)
FN:86,(anonymous_2)
FN:123,(anonymous_3)
FN:133,(anonymous_4)
FN:143,(anonymous_5)
FN:153,(anonymous_6)
FN:161,(anonymous_7)
FN:194,(anonymous_8)
FN:201,(anonymous_9)
FNF:10
FNH:0
FNDA:0,(anonymous_0)
FNDA:0,(anonymous_1)
FNDA:0,(anonymous_2)
FNDA:0,(anonymous_3)
FNDA:0,(anonymous_4)
FNDA:0,(anonymous_5)
FNDA:0,(anonymous_6)
FNDA:0,(anonymous_7)
FNDA:0,(anonymous_8)
FNDA:0,(anonymous_9)
DA:17,0
DA:18,0
DA:19,0
DA:27,0
DA:28,0
DA:29,0
DA:31,0
DA:32,0
DA:33,0
DA:35,0
DA:36,0
DA:37,0
DA:38,0
DA:41,0
DA:42,0
DA:43,0
DA:44,0
DA:48,0
DA:49,0
DA:50,0
DA:51,0
DA:52,0
DA:56,0
DA:57,0
DA:58,0
DA:59,0
DA:63,0
DA:64,0
DA:65,0
DA:66,0
DA:70,0
DA:71,0
DA:73,0
DA:76,0
DA:86,0
DA:87,0
DA:91,0
DA:92,0
DA:96,0
DA:98,0
DA:102,0
DA:123,0
DA:133,0
DA:143,0
DA:153,0
DA:161,0
DA:195,0
DA:196,0
DA:202,0
DA:203,0
LF:50
LH:0
BRDA:17,0,0,0
BRDA:25,1,0,0
BRDA:25,1,1,0
BRDA:33,2,0,0
BRDA:33,2,1,0
BRDA:41,3,0,0
BRDA:41,3,1,0
BRDA:41,4,0,0
BRDA:41,4,1,0
BRDA:41,4,2,0
BRDA:49,5,0,0
BRDA:49,5,1,0
BRDA:56,6,0,0
BRDA:56,6,1,0
BRDA:63,7,0,0
BRDA:63,7,1,0
BRDA:63,8,0,0
BRDA:63,8,1,0
BRDA:82,9,0,0
BRDA:82,9,1,0
BRDA:92,10,0,0
BRDA:92,10,1,0
BRDA:92,10,2,0
BRDA:92,10,3,0
BRDA:114,11,0,0
BRDA:114,11,1,0
BRDA:162,12,0,0
BRDA:162,12,1,0
BRDA:180,13,0,0
BRDA:180,13,1,0
BRDA:192,14,0,0
BRDA:192,14,1,0
BRDA:200,15,0,0
BRDA:200,15,1,0
BRDA:207,16,0,0
BRDA:207,16,1,0
BRF:36
BRH:0
end_of_record
TN:
SF:src/components/Reports.js
FN:41,(anonymous_0)
FN:56,(anonymous_1)
FN:75,(anonymous_2)
FN:79,(anonymous_3)
FN:84,(anonymous_4)
FN:93,(anonymous_5)
FN:109,(anonymous_6)
FN:115,(anonymous_7)
FN:121,(anonymous_8)
FN:141,(anonymous_9)
FN:144,(anonymous_10)
FN:147,(anonymous_11)
FN:163,(anonymous_12)
FN:170,(anonymous_13)
FN:182,(anonymous_14)
FN:183,(anonymous_15)
FN:186,(anonymous_16)
FN:207,(anonymous_17)
FN:211,(anonymous_18)
FN:213,(anonymous_19)
FN:224,(anonymous_20)
FN:278,(anonymous_21)
FN:318,(anonymous_22)
FN:322,(anonymous_23)
FN:327,(anonymous_24)
FN:342,(anonymous_25)
FN:347,(anonymous_26)
FN:362,(anonymous_27)
FN:381,(anonymous_28)
FN:382,(anonymous_29)
FN:390,(anonymous_30)
FN:437,(anonymous_31)
FN:468,(anonymous_32)
FN:490,(anonymous_33)
FN:522,(anonymous_34)
FN:551,(anonymous_35)
FN:583,(anonymous_36)
FNF:37
FNH:0
FNDA:0,(anonymous_0)
FNDA:0,(anonymous_1)
FNDA:0,(anonymous_2)
FNDA:0,(anonymous_3)
FNDA:0,(anonymous_4)
FNDA:0,(anonymous_5)
FNDA:0,(anonymous_6)
FNDA:0,(anonymous_7)
FNDA:0,(anonymous_8)
FNDA:0,(anonymous_9)
FNDA:0,(anonymous_10)
FNDA:0,(anonymous_11)
FNDA:0,(anonymous_12)
FNDA:0,(anonymous_13)
FNDA:0,(anonymous_14)
FNDA:0,(anonymous_15)
FNDA:0,(anonymous_16)
FNDA:0,(anonymous_17)
FNDA:0,(anonymous_18)
FNDA:0,(anonymous_19)
FNDA:0,(anonymous_20)
FNDA:0,(anonymous_21)
FNDA:0,(anonymous_22)
FNDA:0,(anonymous_23)
FNDA:0,(anonymous_24)
FNDA:0,(anonymous_25)
FNDA:0,(anonymous_26)
FNDA:0,(anonymous_27)
FNDA:0,(anonymous_28)
FNDA:0,(anonymous_29)
FNDA:0,(anonymous_30)
FNDA:0,(anonymous_31)
FNDA:0,(anonymous_32)
FNDA:0,(anonymous_33)
FNDA:0,(anonymous_34)
FNDA:0,(anonymous_35)
FNDA:0,(anonymous_36)
DA:41,0
DA:42,0
DA:43,0
DA:56,0
DA:57,0
DA:58,0
DA:59,0
DA:60,0
DA:61,0
DA:62,0
DA:63,0
DA:64,0
DA:65,0
DA:66,0
DA:71,0
DA:72,0
DA:73,0
DA:75,0
DA:76,0
DA:79,0
DA:80,0
DA:81,0
DA:82,0
DA:84,0
DA:85,0
DA:88,0
DA:89,0
DA:93,0
DA:94,0
DA:96,0
DA:97,0
DA:98,0
DA:99,0
DA:101,0
DA:104,0
DA:105,0
DA:109,0
DA:110,0
DA:111,0
DA:115,0
DA:116,0
DA:117,0
DA:121,0
DA:122,0
DA:123,0
DA:124,0
DA:126,0
DA:129,0
DA:135,0
DA:136,0
DA:137,0
DA:140,0
DA:141,0
DA:142,0
DA:144,0
DA:145,0
DA:147,0
DA:148,0
DA:152,0
DA:159,0
DA:160,0
DA:163,0
DA:164,0
DA:170,0
DA:171,0
DA:176,0
DA:182,0
DA:183,0
DA:186,0
DA:187,0
DA:191,0
DA:194,0
DA:200,0
DA:201,0
DA:203,0
DA:207,0
DA:208,0
DA:211,0
DA:212,0
DA:213,0
DA:214,0
DA:215,0
DA:218,0
DA:219,0
DA:220,0
DA:221,0
DA:224,0
DA:225,0
DA:226,0
DA:235,0
DA:236,0
DA:246,0
DA:247,0
DA:260,0
DA:266,0
DA:275,0
DA:278,0
DA:279,0
DA:280,0
DA:281,0
DA:287,0
DA:288,0
DA:290,0
DA:293,0
DA:294,0
DA:295,0
DA:297,0
DA:301,0
DA:318,0
DA:322,0
DA:328,0
DA:329,0
DA:342,0
DA:348,0
DA:362,0
DA:381,0
DA:382,0
DA:390,0
DA:438,0
DA:439,0
DA:469,0
DA:491,0
DA:492,0
DA:523,0
DA:552,0
DA:553,0
DA:584,0
LF:127
LH:0
BRDA:51,0,0,0
BRDA:51,0,1,0
BRDA:82,1,0,0
BRDA:82,1,1,0
BRDA:94,2,0,0
BRDA:94,2,1,0
BRDA:98,3,0,0
BRDA:98,3,1,0
BRDA:98,4,0,0
BRDA:98,4,1,0
BRDA:110,5,0,0
BRDA:110,5,1,0
BRDA:116,6,0,0
BRDA:116,6,1,0
BRDA:116,7,0,0
BRDA:116,7,1,0
BRDA:135,8,0,0
BRDA:135,8,1,0
BRDA:136,9,0,0
BRDA:136,9,1,0
BRDA:137,10,0,0
BRDA:137,10,1,0
BRDA:140,11,0,0
BRDA:140,11,1,0
BRDA:159,12,0,0
BRDA:159,12,1,0
BRDA:164,13,0,0
BRDA:164,13,1,0
BRDA:164,13,2,0
BRDA:171,14,0,0
BRDA:171,14,1,0
BRDA:171,14,2,0
BRDA:187,15,0,0
BRDA:187,15,1,0
BRDA:187,15,2,0
BRDA:187,15,3,0
BRDA:225,16,0,0
BRDA:225,16,1,0
BRDA:229,17,0,0
BRDA:229,17,1,0
BRDA:235,18,0,0
BRDA:235,18,1,0
BRDA:239,19,0,0
BRDA:239,19,1,0
BRDA:242,20,0,0
BRDA:242,20,1,0
BRDA:243,21,0,0
BRDA:243,21,1,0
BRDA:244,22,0,0
BRDA:244,22,1,0
BRDA:246,23,0,0
BRDA:246,23,1,0
BRDA:250,24,0,0
BRDA:250,24,1,0
BRDA:254,25,0,0
BRDA:254,25,1,0
BRDA:260,26,0,0
BRDA:260,26,1,0
BRDA:262,27,0,0
BRDA:262,27,1,0
BRDA:287,28,0,0
BRDA:287,28,1,0
BRDA:287,29,0,0
BRDA:287,29,1,0
BRDA:290,30,0,0
BRDA:290,30,1,0
BRDA:294,31,0,0
BRDA:294,31,1,0
BRDA:294,31,2,0
BRDA:307,32,0,0
BRDA:307,32,1,0
BRDA:344,33,0,0
BRDA:344,33,1,0
BRDA:379,34,0,0
BRDA:379,34,1,0
BRDA:381,35,0,0
BRDA:381,35,1,0
BRDA:387,36,0,0
BRDA:387,36,1,0
BRDA:427,37,0,0
BRDA:427,37,1,0
BRDA:449,38,0,0
BRDA:449,38,1,0
BRDA:451,39,0,0
BRDA:451,39,1,0
BRDA:472,40,0,0
BRDA:472,40,1,0
BRDA:502,41,0,0
BRDA:502,41,1,0
BRDA:504,42,0,0
BRDA:504,42,1,0
BRDA:526,43,0,0
BRDA:526,43,1,0
BRDA:529,44,0,0
BRDA:529,44,1,0
BRDA:531,45,0,0
BRDA:531,45,1,0
BRDA:538,46,0,0
BRDA:538,46,1,0
BRDA:563,47,0,0
BRDA:563,47,1,0
BRDA:565,48,0,0
BRDA:565,48,1,0
BRDA:587,49,0,0
BRDA:587,49,1,0
BRDA:591,50,0,0
BRDA:591,50,1,0
BRF:107
BRH:0
end_of_record
TN:
SF:src/components/SMSSettings.js
FN:36,(anonymous_0)
FN:53,(anonymous_1)
FN:57,(anonymous_2)
FN:71,(anonymous_3)
FN:89,(anonymous_4)
FN:108,(anonymous_5)
FN:133,(anonymous_6)
FN:134,(anonymous_7)
FN:135,(anonymous_8)
FN:147,(anonymous_9)
FN:165,(anonymous_10)
FN:166,(anonymous_11)
FN:167,(anonymous_12)
FN:183,(anonymous_13)
FN:185,(anonymous_14)
FN:231,(anonymous_15)
FN:237,(anonymous_16)
FN:242,(anonymous_17)
FN:256,(anonymous_18)
FN:272,(anonymous_19)
FN:282,(anonymous_20)
FN:292,(anonymous_21)
FN:301,(anonymous_22)
FN:332,(anonymous_23)
FNF:24
FNH:0
FNDA:0,(anonymous_0)
FNDA:0,(anonymous_1)
FNDA:0,(anonymous_2)
FNDA:0,(anonymous_3)
FNDA:0,(anonymous_4)
FNDA:0,(anonymous_5)
FNDA:0,(anonymous_6)
FNDA:0,(anonymous_7)
FNDA:0,(anonymous_8)
FNDA:0,(anonymous_9)
FNDA:0,(anonymous_10)
FNDA:0,(anonymous_11)
FNDA:0,(anonymous_12)
FNDA:0,(anonymous_13)
FNDA:0,(anonymous_14)
FNDA:0,(anonymous_15)
FNDA:0,(anonymous_16)
FNDA:0,(anonymous_17)
FNDA:0,(anonymous_18)
FNDA:0,(anonymous_19)
FNDA:0,(anonymous_20)
FNDA:0,(anonymous_21)
FNDA:0,(anonymous_22)
FNDA:0,(anonymous_23)
DA:36,0
DA:37,0
DA:44,0
DA:45,0
DA:46,0
DA:47,0
DA:48,0
DA:49,0
DA:50,0
DA:51,0
DA:53,0
DA:54,0
DA:57,0
DA:58,0
DA:59,0
DA:61,0
DA:62,0
DA:64,0
DA:65,0
DA:67,0
DA:71,0
DA:72,0
DA:73,0
DA:74,0
DA:75,0
DA:78,0
DA:79,0
DA:80,0
DA:82,0
DA:83,0
DA:85,0
DA:89,0
DA:90,0
DA:91,0
DA:92,0
DA:93,0
DA:96,0
DA:99,0
DA:101,0
DA:102,0
DA:104,0
DA:108,0
DA:109,0
DA:110,0
DA:111,0
DA:112,0
DA:113,0
DA:125,0
DA:126,0
DA:127,0
DA:129,0
DA:130,0
DA:133,0
DA:134,0
DA:135,0
DA:143,0
DA:147,0
DA:148,0
DA:149,0
DA:150,0
DA:151,0
DA:152,0
DA:165,0
DA:166,0
DA:167,0
DA:173,0
DA:176,0
DA:177,0
DA:179,0
DA:183,0
DA:184,0
DA:186,0
DA:216,0
DA:217,0
DA:224,0
DA:231,0
DA:237,0
DA:242,0
DA:256,0
DA:272,0
DA:282,0
DA:292,0
DA:301,0
DA:332,0
LF:84
LH:0
BRDA:83,0,0,0
BRDA:83,0,1,0
BRDA:102,1,0,0
BRDA:102,1,1,0
BRDA:130,2,0,0
BRDA:130,2,1,0
BRDA:138,3,0,0
BRDA:138,3,1,0
BRDA:170,4,0,0
BRDA:170,4,1,0
BRDA:177,5,0,0
BRDA:177,5,1,0
BRDA:188,6,0,0
BRDA:188,6,1,0
BRDA:190,7,0,0
BRDA:190,7,1,0
BRDA:193,8,0,0
BRDA:193,8,1,0
BRDA:216,9,0,0
BRDA:216,9,1,0
BRDA:230,10,0,0
BRDA:230,10,1,0
BRDA:236,11,0,0
BRDA:236,11,1,0
BRDA:248,12,0,0
BRDA:248,12,1,0
BRDA:321,13,0,0
BRDA:321,13,1,0
BRDA:342,14,0,0
BRDA:342,14,1,0
BRDA:359,15,0,0
BRDA:359,15,1,0
BRDA:370,16,0,0
BRDA:370,16,1,0
BRDA:386,17,0,0
BRDA:386,17,1,0
BRF:36
BRH:0
end_of_record
TN:
SF:src/components/ServiceRequests.js
FN:33,(anonymous_0)
FN:93,(anonymous_1)
FN:94,(anonymous_2)
FN:108,(anonymous_3)
FN:115,(anonymous_4)
FN:126,(anonymous_5)
FN:136,(anonymous_6)
FN:142,(anonymous_7)
FN:155,(anonymous_8)
FN:164,(anonymous_9)
FN:166,(anonymous_10)
FN:169,(anonymous_11)
FN:196,(anonymous_12)
FN:218,(anonymous_13)
FN:231,(anonymous_14)
FN:244,(anonymous_15)
FN:260,(anonymous_16)
FN:273,(anonymous_17)
FN:283,(anonymous_18)
FN:292,(anonymous_19)
FN:298,(anonymous_20)
FN:323,(anonymous_21)
FN:376,(anonymous_22)
FN:402,(anonymous_23)
FN:413,(anonymous_24)
FN:414,(anonymous_25)
FN:415,(anonymous_26)
FN:422,(anonymous_27)
FN:430,(anonymous_28)
FN:435,(anonymous_29)
FN:440,(anonymous_30)
FN:459,(anonymous_31)
FN:467,(anonymous_32)
FN:479,(anonymous_33)
FN:483,(anonymous_34)
FN:495,(anonymous_35)
FN:499,(anonymous_36)
FN:511,(anonymous_37)
FN:518,(anonymous_38)
FN:524,(anonymous_39)
FN:531,(anonymous_40)
FNF:41
FNH:0
FNDA:0,(anonymous_0)
FNDA:0,(anonymous_1)
FNDA:0,(anonymous_2)
FNDA:0,(anonymous_3)
FNDA:0,(anonymous_4)
FNDA:0,(anonymous_5)
FNDA:0,(anonymous_6)
FNDA:0,(anonymous_7)
FNDA:0,(anonymous_8)
FNDA:0,(anonymous_9)
FNDA:0,(anonymous_10)
FNDA:0,(anonymous_11)
FNDA:0,(anonymous_12)
FNDA:0,(anonymous_13)
FNDA:0,(anonymous_14)
FNDA:0,(anonymous_15)
FNDA:0,(anonymous_16)
FNDA:0,(anonymous_17)
FNDA:0,(anonymous_18)
FNDA:0,(anonymous_19)
FNDA:0,(anonymous_20)
FNDA:0,(anonymous_21)
FNDA:0,(anonymous_22)
FNDA:0,(anonymous_23)
FNDA:0,(anonymous_24)
FNDA:0,(anonymous_25)
FNDA:0,(anonymous_26)
FNDA:0,(anonymous_27)
FNDA:0,(anonymous_28)
FNDA:0,(anonymous_29)
FNDA:0,(anonymous_30)
FNDA:0,(anonymous_31)
FNDA:0,(anonymous_32)
FNDA:0,(anonymous_33)
FNDA:0,(anonymous_34)
FNDA:0,(anonymous_35)
FNDA:0,(anonymous_36)
FNDA:0,(anonymous_37)
FNDA:0,(anonymous_38)
FNDA:0,(anonymous_39)
FNDA:0,(anonymous_40)
DA:33,0
DA:34,0
DA:35,0
DA:36,0
DA:37,0
DA:38,0
DA:39,0
DA:40,0
DA:41,0
DA:42,0
DA:43,0
DA:44,0
DA:45,0
DA:47,0
DA:58,0
DA:86,0
DA:93,0
DA:94,0
DA:95,0
DA:96,0
DA:98,0
DA:99,0
DA:100,0
DA:101,0
DA:104,0
DA:108,0
DA:109,0
DA:110,0
DA:111,0
DA:115,0
DA:117,0
DA:118,0
DA:121,0
DA:122,0
DA:126,0
DA:133,0
DA:136,0
DA:137,0
DA:142,0
DA:143,0
DA:144,0
DA:145,0
DA:146,0
DA:148,0
DA:149,0
DA:151,0
DA:155,0
DA:156,0
DA:157,0
DA:158,0
DA:160,0
DA:164,0
DA:165,0
DA:166,0
DA:169,0
DA:170,0
DA:171,0
DA:173,0
DA:174,0
DA:177,0
DA:178,0
DA:179,0
DA:182,0
DA:183,0
DA:184,0
DA:185,0
DA:186,0
DA:187,0
DA:189,0
DA:190,0
DA:192,0
DA:196,0
DA:197,0
DA:198,0
DA:200,0
DA:201,0
DA:202,0
DA:204,0
DA:208,0
DA:209,0
DA:211,0
DA:212,0
DA:214,0
DA:218,0
DA:219,0
DA:231,0
DA:232,0
DA:234,0
DA:236,0
DA:238,0
DA:240,0
DA:244,0
DA:245,0
DA:247,0
DA:249,0
DA:251,0
DA:253,0
DA:255,0
DA:259,0
DA:260,0
DA:263,0
DA:273,0
DA:283,0
DA:292,0
DA:298,0
DA:324,0
DA:376,0
DA:402,0
DA:413,0
DA:414,0
DA:416,0
DA:423,0
DA:430,0
DA:437,0
DA:438,0
DA:440,0
DA:441,0
DA:442,0
DA:445,0
DA:446,0
DA:450,0
DA:459,0
DA:468,0
DA:479,0
DA:484,0
DA:495,0
DA:500,0
DA:511,0
DA:518,0
DA:524,0
DA:531,0
LF:131
LH:0
BRDA:100,0,0,0
BRDA:100,0,1,0
BRDA:100,1,0,0
BRDA:100,1,1,0
BRDA:109,2,0,0
BRDA:109,2,1,0
BRDA:117,3,0,0
BRDA:117,3,1,0
BRDA:121,4,0,0
BRDA:121,4,1,0
BRDA:171,5,0,0
BRDA:171,5,1,0
BRDA:177,6,0,0
BRDA:177,6,1,0
BRDA:177,7,0,0
BRDA:177,7,1,0
BRDA:177,7,2,0
BRDA:177,7,3,0
BRDA:190,8,0,0
BRDA:190,8,1,0
BRDA:198,9,0,0
BRDA:198,9,1,0
BRDA:212,10,0,0
BRDA:212,10,1,0
BRDA:221,11,0,0
BRDA:221,11,1,0
BRDA:232,12,0,0
BRDA:232,12,1,0
BRDA:232,12,2,0
BRDA:232,12,3,0
BRDA:245,13,0,0
BRDA:245,13,1,0
BRDA:245,13,2,0
BRDA:245,13,3,0
BRDA:245,13,4,0
BRDA:259,14,0,0
BRDA:259,14,1,0
BRDA:291,15,0,0
BRDA:291,15,1,0
BRDA:297,16,0,0
BRDA:297,16,1,0
BRDA:303,17,0,0
BRDA:303,17,1,0
BRDA:305,18,0,0
BRDA:305,18,1,0
BRDA:314,19,0,0
BRDA:314,19,1,0
BRDA:314,19,2,0
BRDA:322,20,0,0
BRDA:322,20,1,0
BRDA:349,21,0,0
BRDA:349,21,1,0
BRDA:354,22,0,0
BRDA:354,22,1,0
BRDA:359,23,0,0
BRDA:359,23,1,0
BRDA:368,24,0,0
BRDA:368,24,1,0
BRDA:368,24,2,0
BRDA:368,24,3,0
BRDA:368,24,4,0
BRDA:368,24,5,0
BRDA:382,25,0,0
BRDA:382,25,1,0
BRDA:392,26,0,0
BRDA:392,26,1,0
BRDA:404,27,0,0
BRDA:404,27,1,0
BRDA:405,28,0,0
BRDA:405,28,1,0
BRDA:413,29,0,0
BRDA:413,29,1,0
BRDA:414,30,0,0
BRDA:414,30,1,0
BRDA:418,31,0,0
BRDA:418,31,1,0
BRDA:445,32,0,0
BRDA:445,32,1,0
BRDA:446,33,0,0
BRDA:446,33,1,0
BRDA:483,34,0,0
BRDA:483,34,1,0
BRDA:511,35,0,0
BRDA:511,35,1,0
BRDA:538,36,0,0
BRDA:538,36,1,0
BRF:86
BRH:0
end_of_record
TN:
SF:src/components/TasksKanbanBoard.js
FN:22,(anonymous_0)
FN:48,(anonymous_1)
FN:49,(anonymous_2)
FN:52,(anonymous_3)
FN:64,(anonymous_4)
FN:70,(anonymous_5)
FN:83,(anonymous_6)
FN:89,(anonymous_7)
FN:138,(anonymous_8)
FN:141,(anonymous_9)
FN:151,(anonymous_10)
FN:154,(anonymous_11)
FN:167,(anonymous_12)
FN:185,(anonymous_13)
FN:195,(anonymous_14)
FNF:15
FNH:13
FNDA:7,(anonymous_0)
FNDA:42,(anonymous_1)
FNDA:120,(anonymous_2)
FNDA:0,(anonymous_3)
FNDA:0,(anonymous_4)
FNDA:20,(anonymous_5)
FNDA:20,(anonymous_6)
FNDA:20,(anonymous_7)
FNDA:42,(anonymous_8)
FNDA:42,(anonymous_9)
FNDA:1,(anonymous_10)
FNDA:1,(anonymous_11)
FNDA:21,(anonymous_12)
FNDA:21,(anonymous_13)
FNDA:20,(anonymous_14)
DA:22,1
DA:30,7
DA:48,7
DA:49,120
DA:52,7
DA:53,0
DA:55,0
DA:57,0
DA:61,0
DA:64,0
DA:65,0
DA:66,0
DA:70,7
DA:71,20
DA:73,1
DA:75,7
DA:77,6
DA:79,6
DA:83,7
DA:84,20
DA:90,20
DA:138,42
DA:141,42
DA:151,1
DA:154,1
DA:164,7
DA:168,21
DA:186,21
DA:196,20
LF:29
LH:22
BRDA:28,0,0,3
BRDA:55,1,0,0
BRDA:55,1,1,0
BRDA:57,2,0,0
BRDA:57,2,1,0
BRDA:58,3,0,0
BRDA:58,3,1,0
BRDA:65,4,0,0
BRDA:65,4,1,0
BRDA:65,5,0,0
BRDA:65,5,1,0
BRDA:71,6,0,1
BRDA:71,6,1,7
BRDA:71,6,2,6
BRDA:71,6,3,6
BRDA:126,7,0,20
BRDA:126,7,1,11
BRDA:138,8,0,20
BRDA:138,8,1,1
BRDA:141,9,0,20
BRDA:141,9,1,1
BRDA:149,10,0,20
BRDA:149,10,1,9
BRF:23
BRH:13
end_of_record
TN:
SF:src/components/TicketKanbanBoard.js
FN:23,(anonymous_0)
FN:48,(anonymous_1)
FN:49,(anonymous_2)
FN:52,(anonymous_3)
FN:64,(anonymous_4)
FN:70,(anonymous_5)
FN:83,(anonymous_6)
FN:89,(anonymous_7)
FN:161,(anonymous_8)
FN:164,(anonymous_9)
FN:177,(anonymous_10)
FN:195,(anonymous_11)
FN:205,(anonymous_12)
FNF:13
FNH:11
FNDA:7,(anonymous_0)
FNDA:42,(anonymous_1)
FNDA:120,(anonymous_2)
FNDA:0,(anonymous_3)
FNDA:0,(anonymous_4)
FNDA:20,(anonymous_5)
FNDA:20,(anonymous_6)
FNDA:20,(anonymous_7)
FNDA:1,(anonymous_8)
FNDA:1,(anonymous_9)
FNDA:21,(anonymous_10)
FNDA:21,(anonymous_11)
FNDA:20,(anonymous_12)
DA:23,1
DA:30,7
DA:48,7
DA:49,120
DA:52,7
DA:53,0
DA:55,0
DA:57,0
DA:61,0
DA:64,0
DA:65,0
DA:66,0
DA:70,7
DA:71,20
DA:73,1
DA:75,6
DA:77,7
DA:79,6
DA:83,7
DA:84,20
DA:90,20
DA:161,1
DA:164,1
DA:174,7
DA:178,21
DA:196,21
DA:206,20
LF:27
LH:20
BRDA:28,0,0,3
BRDA:55,1,0,0
BRDA:55,1,1,0
BRDA:57,2,0,0
BRDA:57,2,1,0
BRDA:58,3,0,0
BRDA:58,3,1,0
BRDA:65,4,0,0
BRDA:65,4,1,0
BRDA:65,5,0,0
BRDA:65,5,1,0
BRDA:71,6,0,1
BRDA:71,6,1,6
BRDA:71,6,2,7
BRDA:71,6,3,6
BRDA:126,7,0,20
BRDA:126,7,1,15
BRDA:139,8,0,15
BRDA:139,8,1,5
BRDA:148,9,0,20
BRDA:148,9,1,10
BRDA:159,10,0,20
BRDA:159,10,1,9
BRF:23
BRH:13
end_of_record
TN:
SF:src/components/Unauthorized.js
FN:6,(anonymous_0)
FNF:1
FNH:0
FNDA:0,(anonymous_0)
DA:6,0
DA:7,0
DA:9,0
LF:3
LH:0
BRDA:16,0,0,0
BRDA:16,0,1,0
BRF:2
BRH:0
end_of_record
TN:
SF:src/components/ViewRooms.js
FN:51,(anonymous_0)
FN:114,(anonymous_1)
FN:124,(anonymous_2)
FN:130,(anonymous_3)
FN:136,(anonymous_4)
FN:141,(anonymous_5)
FN:148,(anonymous_6)
FN:164,(anonymous_7)
FN:176,(anonymous_8)
FN:182,(anonymous_9)
FN:225,(anonymous_10)
FN:257,(anonymous_11)
FN:268,(anonymous_12)
FN:268,(anonymous_13)
FN:279,(anonymous_14)
FN:292,(anonymous_15)
FN:293,(anonymous_16)
FN:293,(anonymous_17)
FN:294,(anonymous_18)
FN:297,(anonymous_19)
FN:298,(anonymous_20)
FN:302,(anonymous_21)
FN:309,(anonymous_22)
FN:312,(anonymous_23)
FN:332,(anonymous_24)
FN:378,(anonymous_25)
FN:384,(anonymous_26)
FN:391,(anonymous_27)
FN:397,(anonymous_28)
FN:411,(anonymous_29)
FN:425,(anonymous_30)
FN:431,(anonymous_31)
FN:444,(anonymous_32)
FN:459,(anonymous_33)
FN:513,(anonymous_34)
FN:552,(anonymous_35)
FN:569,(anonymous_36)
FN:584,(anonymous_37)
FN:587,(anonymous_38)
FN:602,(anonymous_39)
FN:635,(anonymous_40)
FN:644,(anonymous_41)
FN:647,(anonymous_42)
FN:656,(anonymous_43)
FN:673,(anonymous_44)
FN:677,(anonymous_45)
FN:678,(anonymous_46)
FN:687,(anonymous_47)
FN:704,(anonymous_48)
FN:714,(anonymous_49)
FN:723,(anonymous_50)
FN:730,(anonymous_51)
FN:751,(anonymous_52)
FN:755,(anonymous_53)
FN:765,(anonymous_54)
FN:769,(anonymous_55)
FN:779,(anonymous_56)
FN:783,(anonymous_57)
FN:796,(anonymous_58)
FN:847,(anonymous_59)
FN:850,(anonymous_60)
FN:866,(anonymous_61)
FN:908,(anonymous_62)
FN:910,(anonymous_63)
FN:915,(anonymous_64)
FN:970,(anonymous_65)
FN:997,(anonymous_66)
FN:1030,(anonymous_67)
FNF:68
FNH:0
FNDA:0,(anonymous_0)
FNDA:0,(anonymous_1)
FNDA:0,(anonymous_2)
FNDA:0,(anonymous_3)
FNDA:0,(anonymous_4)
FNDA:0,(anonymous_5)
FNDA:0,(anonymous_6)
FNDA:0,(anonymous_7)
FNDA:0,(anonymous_8)
FNDA:0,(anonymous_9)
FNDA:0,(anonymous_10)
FNDA:0,(anonymous_11)
FNDA:0,(anonymous_12)
FNDA:0,(anonymous_13)
FNDA:0,(anonymous_14)
FNDA:0,(anonymous_15)
FNDA:0,(anonymous_16)
FNDA:0,(anonymous_17)
FNDA:0,(anonymous_18)
FNDA:0,(anonymous_19)
FNDA:0,(anonymous_20)
FNDA:0,(anonymous_21)
FNDA:0,(anonymous_22)
FNDA:0,(anonymous_23)
FNDA:0,(anonymous_24)
FNDA:0,(anonymous_25)
FNDA:0,(anonymous_26)
FNDA:0,(anonymous_27)
FNDA:0,(anonymous_28)
FNDA:0,(anonymous_29)
FNDA:0,(anonymous_30)
FNDA:0,(anonymous_31)
FNDA:0,(anonymous_32)
FNDA:0,(anonymous_33)
FNDA:0,(anonymous_34)
FNDA:0,(anonymous_35)
FNDA:0,(anonymous_36)
FNDA:0,(anonymous_37)
FNDA:0,(anonymous_38)
FNDA:0,(anonymous_39)
FNDA:0,(anonymous_40)
FNDA:0,(anonymous_41)
FNDA:0,(anonymous_42)
FNDA:0,(anonymous_43)
FNDA:0,(anonymous_44)
FNDA:0,(anonymous_45)
FNDA:0,(anonymous_46)
FNDA:0,(anonymous_47)
FNDA:0,(anonymous_48)
FNDA:0,(anonymous_49)
FNDA:0,(anonymous_50)
FNDA:0,(anonymous_51)
FNDA:0,(anonymous_52)
FNDA:0,(anonymous_53)
FNDA:0,(anonymous_54)
FNDA:0,(anonymous_55)
FNDA:0,(anonymous_56)
FNDA:0,(anonymous_57)
FNDA:0,(anonymous_58)
FNDA:0,(anonymous_59)
FNDA:0,(anonymous_60)
FNDA:0,(anonymous_61)
FNDA:0,(anonymous_62)
FNDA:0,(anonymous_63)
FNDA:0,(anonymous_64)
FNDA:0,(anonymous_65)
FNDA:0,(anonymous_66)
FNDA:0,(anonymous_67)
DA:51,0
DA:52,0
DA:53,0
DA:54,0
DA:55,0
DA:56,0
DA:57,0
DA:58,0
DA:59,0
DA:60,0
DA:61,0
DA:71,0
DA:72,0
DA:73,0
DA:74,0
DA:75,0
DA:76,0
DA:77,0
DA:78,0
DA:79,0
DA:80,0
DA:81,0
DA:82,0
DA:83,0
DA:84,0
DA:85,0
DA:86,0
DA:88,0
DA:91,0
DA:114,0
DA:115,0
DA:116,0
DA:117,0
DA:118,0
DA:119,0
DA:122,0
DA:124,0
DA:125,0
DA:126,0
DA:130,0
DA:132,0
DA:133,0
DA:136,0
DA:137,0
DA:138,0
DA:141,0
DA:142,0
DA:144,0
DA:145,0
DA:146,0
DA:147,0
DA:148,0
DA:152,0
DA:154,0
DA:157,0
DA:158,0
DA:160,0
DA:164,0
DA:165,0
DA:168,0
DA:171,0
DA:172,0
DA:176,0
DA:179,0
DA:182,0
DA:183,0
DA:184,0
DA:185,0
DA:187,0
DA:188,0
DA:189,0
DA:193,0
DA:196,0
DA:197,0
DA:199,0
DA:203,0
DA:204,0
DA:207,0
DA:209,0
DA:210,0
DA:212,0
DA:213,0
DA:214,0
DA:215,0
DA:216,0
DA:219,0
DA:220,0
DA:221,0
DA:225,0
DA:226,0
DA:227,0
DA:230,0
DA:231,0
DA:233,0
DA:237,0
DA:238,0
DA:241,0
DA:243,0
DA:244,0
DA:246,0
DA:247,0
DA:248,0
DA:249,0
DA:251,0
DA:252,0
DA:253,0
DA:257,0
DA:258,0
DA:259,0
DA:260,0
DA:261,0
DA:262,0
DA:264,0
DA:266,0
DA:267,0
DA:268,0
DA:271,0
DA:272,0
DA:274,0
DA:279,0
DA:280,0
DA:292,0
DA:293,0
DA:294,0
DA:297,0
DA:298,0
DA:299,0
DA:302,0
DA:303,0
DA:309,0
DA:312,0
DA:313,0
DA:314,0
DA:320,0
DA:321,0
DA:322,0
DA:323,0
DA:324,0
DA:325,0
DA:326,0
DA:327,0
DA:328,0
DA:329,0
DA:332,0
DA:333,0
DA:334,0
DA:336,0
DA:337,0
DA:338,0
DA:341,0
DA:342,0
DA:343,0
DA:344,0
DA:345,0
DA:347,0
DA:348,0
DA:349,0
DA:351,0
DA:352,0
DA:358,0
DA:359,0
DA:360,0
DA:362,0
DA:363,0
DA:364,0
DA:365,0
DA:370,0
DA:372,0
DA:373,0
DA:378,0
DA:379,0
DA:380,0
DA:384,0
DA:385,0
DA:386,0
DA:387,0
DA:388,0
DA:391,0
DA:393,0
DA:394,0
DA:397,0
DA:398,0
DA:400,0
DA:408,0
DA:411,0
DA:412,0
DA:414,0
DA:422,0
DA:425,0
DA:426,0
DA:427,0
DA:428,0
DA:431,0
DA:432,0
DA:434,0
DA:436,0
DA:438,0
DA:440,0
DA:444,0
DA:445,0
DA:459,0
DA:514,0
DA:553,0
DA:554,0
DA:558,0
DA:559,0
DA:560,0
DA:570,0
DA:571,0
DA:584,0
DA:585,0
DA:588,0
DA:589,0
DA:602,0
DA:635,0
DA:644,0
DA:648,0
DA:657,0
DA:658,0
DA:659,0
DA:674,0
DA:678,0
DA:679,0
DA:688,0
DA:704,0
DA:714,0
DA:724,0
DA:725,0
DA:730,0
DA:740,0
DA:751,0
DA:756,0
DA:765,0
DA:770,0
DA:779,0
DA:784,0
DA:796,0
DA:848,0
DA:851,0
DA:866,0
DA:908,0
DA:910,0
DA:916,0
DA:971,0
DA:997,0
DA:1030,0
LF:246
LH:0
BRDA:118,0,0,0
BRDA:118,0,1,0
BRDA:122,1,0,0
BRDA:122,1,1,0
BRDA:125,2,0,0
BRDA:125,2,1,0
BRDA:142,3,0,0
BRDA:142,3,1,0
BRDA:147,4,0,0
BRDA:147,4,1,0
BRDA:147,5,0,0
BRDA:147,5,1,0
BRDA:150,6,0,0
BRDA:150,6,1,0
BRDA:168,7,0,0
BRDA:168,7,1,0
BRDA:187,8,0,0
BRDA:187,8,1,0
BRDA:196,9,0,0
BRDA:196,9,1,0
BRDA:196,10,0,0
BRDA:196,10,1,0
BRDA:196,10,2,0
BRDA:203,11,0,0
BRDA:203,11,1,0
BRDA:212,12,0,0
BRDA:212,12,1,0
BRDA:221,13,0,0
BRDA:221,13,1,0
BRDA:221,13,2,0
BRDA:230,14,0,0
BRDA:230,14,1,0
BRDA:230,15,0,0
BRDA:230,15,1,0
BRDA:230,15,2,0
BRDA:237,16,0,0
BRDA:237,16,1,0
BRDA:253,17,0,0
BRDA:253,17,1,0
BRDA:253,17,2,0
BRDA:258,18,0,0
BRDA:258,18,1,0
BRDA:266,19,0,0
BRDA:266,19,1,0
BRDA:272,20,0,0
BRDA:272,20,1,0
BRDA:293,21,0,0
BRDA:293,21,1,0
BRDA:303,22,0,0
BRDA:303,22,1,0
BRDA:303,22,2,0
BRDA:303,22,3,0
BRDA:303,22,4,0
BRDA:303,22,5,0
BRDA:303,22,6,0
BRDA:303,22,7,0
BRDA:303,22,8,0
BRDA:303,22,9,0
BRDA:306,23,0,0
BRDA:306,23,1,0
BRDA:334,24,0,0
BRDA:334,24,1,0
BRDA:336,25,0,0
BRDA:336,25,1,0
BRDA:336,26,0,0
BRDA:336,26,1,0
BRDA:363,27,0,0
BRDA:363,27,1,0
BRDA:367,28,0,0
BRDA:367,28,1,0
BRDA:372,29,0,0
BRDA:372,29,1,0
BRDA:385,30,0,0
BRDA:385,30,1,0
BRDA:387,31,0,0
BRDA:387,31,1,0
BRDA:398,32,0,0
BRDA:398,32,1,0
BRDA:412,33,0,0
BRDA:412,33,1,0
BRDA:432,34,0,0
BRDA:432,34,1,0
BRDA:432,34,2,0
BRDA:432,34,3,0
BRDA:455,35,0,0
BRDA:455,35,1,0
BRDA:473,36,0,0
BRDA:473,36,1,0
BRDA:474,37,0,0
BRDA:474,37,1,0
BRDA:475,38,0,0
BRDA:475,38,1,0
BRDA:479,39,0,0
BRDA:479,39,1,0
BRDA:496,40,0,0
BRDA:496,40,1,0
BRDA:499,41,0,0
BRDA:499,41,1,0
BRDA:501,42,0,0
BRDA:501,42,1,0
BRDA:506,43,0,0
BRDA:506,43,1,0
BRDA:506,43,2,0
BRDA:512,44,0,0
BRDA:512,44,1,0
BRDA:530,45,0,0
BRDA:530,45,1,0
BRDA:542,46,0,0
BRDA:542,46,1,0
BRDA:549,47,0,0
BRDA:549,47,1,0
BRDA:549,47,2,0
BRDA:549,47,3,0
BRDA:556,48,0,0
BRDA:556,48,1,0
BRDA:595,49,0,0
BRDA:595,49,1,0
BRDA:618,50,0,0
BRDA:618,50,1,0
BRDA:624,51,0,0
BRDA:624,51,1,0
BRDA:643,52,0,0
BRDA:643,52,1,0
BRDA:655,53,0,0
BRDA:655,53,1,0
BRDA:658,54,0,0
BRDA:658,54,1,0
BRDA:658,55,0,0
BRDA:658,55,1,0
BRDA:658,55,2,0
BRDA:672,56,0,0
BRDA:672,56,1,0
BRDA:703,57,0,0
BRDA:703,57,1,0
BRDA:730,58,0,0
BRDA:730,58,1,0
BRDA:734,59,0,0
BRDA:734,59,1,0
BRDA:791,60,0,0
BRDA:791,60,1,0
BRDA:791,60,2,0
BRDA:874,61,0,0
BRDA:874,61,1,0
BRDA:875,62,0,0
BRDA:875,62,1,0
BRDA:876,63,0,0
BRDA:876,63,1,0
BRDA:877,64,0,0
BRDA:877,64,1,0
BRDA:879,65,0,0
BRDA:879,65,1,0
BRDA:880,66,0,0
BRDA:880,66,1,0
BRDA:887,67,0,0
BRDA:887,67,1,0
BRDA:892,68,0,0
BRDA:892,68,1,0
BRDA:897,69,0,0
BRDA:897,69,1,0
BRDA:902,70,0,0
BRDA:902,70,1,0
BRDA:908,71,0,0
BRDA:908,71,1,0
BRDA:908,71,2,0
BRDA:938,72,0,0
BRDA:938,72,1,0
BRDA:942,73,0,0
BRDA:942,73,1,0
BRDA:945,74,0,0
BRDA:945,74,1,0
BRDA:951,75,0,0
BRDA:951,75,1,0
BRDA:957,76,0,0
BRDA:957,76,1,0
BRDA:963,77,0,0
BRDA:963,77,1,0
BRDA:963,77,2,0
BRDA:975,78,0,0
BRDA:975,78,1,0
BRDA:1002,79,0,0
BRDA:1002,79,1,0
BRF:181
BRH:0
end_of_record
TN:
SF:src/components/ViewTask.js
FN:46,(anonymous_0)
FN:79,(anonymous_1)
FN:83,(anonymous_2)
FN:90,(anonymous_3)
FN:96,(anonymous_4)
FN:110,(anonymous_5)
FN:121,(anonymous_6)
FN:133,(anonymous_7)
FN:146,(anonymous_8)
FN:151,(anonymous_9)
FN:162,(anonymous_10)
FN:174,(anonymous_11)
FN:189,(anonymous_12)
FN:204,(anonymous_13)
FN:230,(anonymous_14)
FN:238,(anonymous_15)
FN:246,(anonymous_16)
FN:261,(anonymous_17)
FN:304,(anonymous_18)
FN:312,(anonymous_19)
FN:328,(anonymous_20)
FN:383,(anonymous_21)
FN:387,(anonymous_22)
FN:411,(anonymous_23)
FN:483,(anonymous_24)
FN:492,(anonymous_25)
FN:530,(anonymous_26)
FN:565,(anonymous_27)
FN:574,(anonymous_28)
FN:581,(anonymous_29)
FN:588,(anonymous_30)
FN:598,(anonymous_31)
FN:604,(anonymous_32)
FN:615,(anonymous_33)
FN:618,(anonymous_34)
FN:627,(anonymous_35)
FN:630,(anonymous_36)
FN:643,(anonymous_37)
FN:650,(anonymous_38)
FN:656,(anonymous_39)
FN:661,(anonymous_40)
FN:673,(anonymous_41)
FN:680,(anonymous_42)
FN:681,(anonymous_43)
FN:692,(anonymous_44)
FN:700,(anonymous_45)
FN:721,(anonymous_46)
FN:730,(anonymous_47)
FNF:48
FNH:0
FNDA:0,(anonymous_0)
FNDA:0,(anonymous_1)
FNDA:0,(anonymous_2)
FNDA:0,(anonymous_3)
FNDA:0,(anonymous_4)
FNDA:0,(anonymous_5)
FNDA:0,(anonymous_6)
FNDA:0,(anonymous_7)
FNDA:0,(anonymous_8)
FNDA:0,(anonymous_9)
FNDA:0,(anonymous_10)
FNDA:0,(anonymous_11)
FNDA:0,(anonymous_12)
FNDA:0,(anonymous_13)
FNDA:0,(anonymous_14)
FNDA:0,(anonymous_15)
FNDA:0,(anonymous_16)
FNDA:0,(anonymous_17)
FNDA:0,(anonymous_18)
FNDA:0,(anonymous_19)
FNDA:0,(anonymous_20)
FNDA:0,(anonymous_21)
FNDA:0,(anonymous_22)
FNDA:0,(anonymous_23)
FNDA:0,(anonymous_24)
FNDA:0,(anonymous_25)
FNDA:0,(anonymous_26)
FNDA:0,(anonymous_27)
FNDA:0,(anonymous_28)
FNDA:0,(anonymous_29)
FNDA:0,(anonymous_30)
FNDA:0,(anonymous_31)
FNDA:0,(anonymous_32)
FNDA:0,(anonymous_33)
FNDA:0,(anonymous_34)
FNDA:0,(anonymous_35)
FNDA:0,(anonymous_36)
FNDA:0,(anonymous_37)
FNDA:0,(anonymous_38)
FNDA:0,(anonymous_39)
FNDA:0,(anonymous_40)
FNDA:0,(anonymous_41)
FNDA:0,(anonymous_42)
FNDA:0,(anonymous_43)
FNDA:0,(anonymous_44)
FNDA:0,(anonymous_45)
FNDA:0,(anonymous_46)
FNDA:0,(anonymous_47)
DA:46,0
DA:47,0
DA:48,0
DA:49,0
DA:50,0
DA:51,0
DA:52,0
DA:53,0
DA:54,0
DA:55,0
DA:56,0
DA:57,0
DA:58,0
DA:59,0
DA:70,0
DA:71,0
DA:72,0
DA:73,0
DA:74,0
DA:76,0
DA:77,0
DA:79,0
DA:80,0
DA:83,0
DA:84,0
DA:85,0
DA:86,0
DA:90,0
DA:91,0
DA:92,0
DA:96,0
DA:97,0
DA:98,0
DA:99,0
DA:100,0
DA:101,0
DA:103,0
DA:104,0
DA:106,0
DA:110,0
DA:111,0
DA:112,0
DA:113,0
DA:114,0
DA:117,0
DA:121,0
DA:122,0
DA:123,0
DA:124,0
DA:125,0
DA:128,0
DA:129,0
DA:133,0
DA:134,0
DA:135,0
DA:136,0
DA:137,0
DA:139,0
DA:140,0
DA:142,0
DA:146,0
DA:147,0
DA:148,0
DA:151,0
DA:152,0
DA:153,0
DA:154,0
DA:155,0
DA:156,0
DA:158,0
DA:162,0
DA:163,0
DA:164,0
DA:165,0
DA:166,0
DA:167,0
DA:169,0
DA:174,0
DA:175,0
DA:186,0
DA:189,0
DA:190,0
DA:191,0
DA:204,0
DA:205,0
DA:206,0
DA:208,0
DA:209,0
DA:210,0
DA:212,0
DA:213,0
DA:214,0
DA:217,0
DA:218,0
DA:219,0
DA:220,0
DA:221,0
DA:223,0
DA:224,0
DA:226,0
DA:230,0
DA:231,0
DA:232,0
DA:233,0
DA:234,0
DA:235,0
DA:238,0
DA:239,0
DA:240,0
DA:241,0
DA:242,0
DA:243,0
DA:246,0
DA:247,0
DA:249,0
DA:251,0
DA:253,0
DA:255,0
DA:257,0
DA:261,0
DA:262,0
DA:264,0
DA:266,0
DA:268,0
DA:270,0
DA:272,0
DA:276,0
DA:277,0
DA:284,0
DA:285,0
DA:292,0
DA:293,0
DA:300,0
DA:304,0
DA:312,0
DA:329,0
DA:330,0
DA:331,0
DA:383,0
DA:387,0
DA:412,0
DA:413,0
DA:414,0
DA:483,0
DA:492,0
DA:531,0
DA:565,0
DA:574,0
DA:581,0
DA:588,0
DA:598,0
DA:605,0
DA:615,0
DA:619,0
DA:627,0
DA:631,0
DA:643,0
DA:650,0
DA:656,0
DA:662,0
DA:663,0
DA:673,0
DA:680,0
DA:682,0
DA:692,0
DA:700,0
DA:721,0
DA:730,0
LF:168
LH:0
BRDA:84,0,0,0
BRDA:84,0,1,0
BRDA:91,1,0,0
BRDA:91,1,1,0
BRDA:104,2,0,0
BRDA:104,2,1,0
BRDA:113,3,0,0
BRDA:113,3,1,0
BRDA:124,4,0,0
BRDA:124,4,1,0
BRDA:163,5,0,0
BRDA:163,5,1,0
BRDA:180,6,0,0
BRDA:180,6,1,0
BRDA:181,7,0,0
BRDA:181,7,1,0
BRDA:182,8,0,0
BRDA:182,8,1,0
BRDA:183,9,0,0
BRDA:183,9,1,0
BRDA:184,10,0,0
BRDA:184,10,1,0
BRDA:206,11,0,0
BRDA:206,11,1,0
BRDA:208,12,0,0
BRDA:208,12,1,0
BRDA:212,13,0,0
BRDA:212,13,1,0
BRDA:224,14,0,0
BRDA:224,14,1,0
BRDA:231,15,0,0
BRDA:231,15,1,0
BRDA:232,16,0,0
BRDA:232,16,1,0
BRDA:233,17,0,0
BRDA:233,17,1,0
BRDA:234,18,0,0
BRDA:234,18,1,0
BRDA:239,19,0,0
BRDA:239,19,1,0
BRDA:240,20,0,0
BRDA:240,20,1,0
BRDA:241,21,0,0
BRDA:241,21,1,0
BRDA:242,22,0,0
BRDA:242,22,1,0
BRDA:247,23,0,0
BRDA:247,23,1,0
BRDA:247,23,2,0
BRDA:247,23,3,0
BRDA:247,23,4,0
BRDA:262,24,0,0
BRDA:262,24,1,0
BRDA:262,24,2,0
BRDA:262,24,3,0
BRDA:262,24,4,0
BRDA:276,25,0,0
BRDA:276,25,1,0
BRDA:284,26,0,0
BRDA:284,26,1,0
BRDA:292,27,0,0
BRDA:292,27,1,0
BRDA:311,28,0,0
BRDA:311,28,1,0
BRDA:357,29,0,0
BRDA:357,29,1,0
BRDA:358,30,0,0
BRDA:358,30,1,0
BRDA:370,31,0,0
BRDA:370,31,1,0
BRDA:371,32,0,0
BRDA:371,32,1,0
BRDA:372,33,0,0
BRDA:372,33,1,0
BRDA:383,34,0,0
BRDA:383,34,1,0
BRDA:385,35,0,0
BRDA:385,35,1,0
BRDA:387,36,0,0
BRDA:387,36,1,0
BRDA:399,37,0,0
BRDA:399,37,1,0
BRDA:405,38,0,0
BRDA:405,38,1,0
BRDA:412,39,0,0
BRDA:412,39,1,0
BRDA:426,40,0,0
BRDA:426,40,1,0
BRDA:443,41,0,0
BRDA:443,41,1,0
BRDA:450,42,0,0
BRDA:450,42,1,0
BRDA:457,43,0,0
BRDA:457,43,1,0
BRDA:480,44,0,0
BRDA:480,44,1,0
BRDA:500,45,0,0
BRDA:500,45,1,0
BRDA:500,45,2,0
BRDA:525,46,0,0
BRDA:525,46,1,0
BRDA:534,47,0,0
BRDA:534,47,1,0
BRDA:546,48,0,0
BRDA:546,48,1,0
BRDA:573,49,0,0
BRDA:573,49,1,0
BRDA:597,50,0,0
BRDA:597,50,1,0
BRDA:606,51,0,0
BRDA:606,51,1,0
BRDA:642,52,0,0
BRDA:642,52,1,0
BRDA:646,53,0,0
BRDA:646,53,1,0
BRDA:660,54,0,0
BRDA:660,54,1,0
BRDA:672,55,0,0
BRDA:672,55,1,0
BRDA:673,56,0,0
BRDA:673,56,1,0
BRDA:680,57,0,0
BRDA:680,57,1,0
BRDA:683,58,0,0
BRDA:683,58,1,0
BRDA:714,59,0,0
BRDA:714,59,1,0
BRF:127
BRH:0
end_of_record
TN:
SF:src/components/ViewTasks.js
FN:59,(anonymous_0)
FN:95,(anonymous_1)
FN:103,(anonymous_2)
FN:110,(anonymous_3)
FN:121,(anonymous_4)
FN:127,(anonymous_5)
FN:137,(anonymous_6)
FN:157,(anonymous_7)
FN:201,(anonymous_8)
FN:216,(anonymous_9)
FN:272,(anonymous_10)
FN:299,(anonymous_11)
FN:313,(anonymous_12)
FN:316,(anonymous_13)
FN:326,(anonymous_14)
FN:342,(anonymous_15)
FN:355,(anonymous_16)
FN:369,(anonymous_17)
FN:374,(anonymous_18)
FN:385,(anonymous_19)
FN:385,(anonymous_20)
FN:396,(anonymous_21)
FN:402,(anonymous_22)
FN:403,(anonymous_23)
FN:412,(anonymous_24)
FN:413,(anonymous_25)
FN:415,(anonymous_26)
FN:416,(anonymous_27)
FN:439,(anonymous_28)
FN:440,(anonymous_29)
FN:446,(anonymous_30)
FN:459,(anonymous_31)
FN:500,(anonymous_32)
FN:515,(anonymous_33)
FN:530,(anonymous_34)
FN:544,(anonymous_35)
FN:550,(anonymous_36)
FN:553,(anonymous_37)
FN:574,(anonymous_38)
FN:603,(anonymous_39)
FN:612,(anonymous_40)
FN:620,(anonymous_41)
FN:628,(anonymous_42)
FN:634,(anonymous_43)
FN:654,(anonymous_44)
FN:658,(anonymous_45)
FN:671,(anonymous_46)
FN:680,(anonymous_47)
FN:689,(anonymous_48)
FN:698,(anonymous_49)
FN:707,(anonymous_50)
FN:716,(anonymous_51)
FN:725,(anonymous_52)
FN:734,(anonymous_53)
FN:743,(anonymous_54)
FN:752,(anonymous_55)
FN:756,(anonymous_56)
FN:784,(anonymous_57)
FN:822,(anonymous_58)
FN:826,(anonymous_59)
FN:837,(anonymous_60)
FN:844,(anonymous_61)
FN:851,(anonymous_62)
FN:854,(anonymous_63)
FN:865,(anonymous_64)
FN:893,(anonymous_65)
FN:902,(anonymous_66)
FN:909,(anonymous_67)
FN:916,(anonymous_68)
FN:926,(anonymous_69)
FN:932,(anonymous_70)
FN:943,(anonymous_71)
FN:946,(anonymous_72)
FN:955,(anonymous_73)
FN:958,(anonymous_74)
FN:971,(anonymous_75)
FN:978,(anonymous_76)
FN:984,(anonymous_77)
FN:989,(anonymous_78)
FN:1001,(anonymous_79)
FN:1009,(anonymous_80)
FN:1010,(anonymous_81)
FN:1040,(anonymous_82)
FN:1062,(anonymous_83)
FN:1066,(anonymous_84)
FN:1068,(anonymous_85)
FN:1093,(anonymous_86)
FN:1100,(anonymous_87)
FN:1102,(anonymous_88)
FN:1117,(anonymous_89)
FNF:90
FNH:0
FNDA:0,(anonymous_0)
FNDA:0,(anonymous_1)
FNDA:0,(anonymous_2)
FNDA:0,(anonymous_3)
FNDA:0,(anonymous_4)
FNDA:0,(anonymous_5)
FNDA:0,(anonymous_6)
FNDA:0,(anonymous_7)
FNDA:0,(anonymous_8)
FNDA:0,(anonymous_9)
FNDA:0,(anonymous_10)
FNDA:0,(anonymous_11)
FNDA:0,(anonymous_12)
FNDA:0,(anonymous_13)
FNDA:0,(anonymous_14)
FNDA:0,(anonymous_15)
FNDA:0,(anonymous_16)
FNDA:0,(anonymous_17)
FNDA:0,(anonymous_18)
FNDA:0,(anonymous_19)
FNDA:0,(anonymous_20)
FNDA:0,(anonymous_21)
FNDA:0,(anonymous_22)
FNDA:0,(anonymous_23)
FNDA:0,(anonymous_24)
FNDA:0,(anonymous_25)
FNDA:0,(anonymous_26)
FNDA:0,(anonymous_27)
FNDA:0,(anonymous_28)
FNDA:0,(anonymous_29)
FNDA:0,(anonymous_30)
FNDA:0,(anonymous_31)
FNDA:0,(anonymous_32)
FNDA:0,(anonymous_33)
FNDA:0,(anonymous_34)
FNDA:0,(anonymous_35)
FNDA:0,(anonymous_36)
FNDA:0,(anonymous_37)
FNDA:0,(anonymous_38)
FNDA:0,(anonymous_39)
FNDA:0,(anonymous_40)
FNDA:0,(anonymous_41)
FNDA:0,(anonymous_42)
FNDA:0,(anonymous_43)
FNDA:0,(anonymous_44)
FNDA:0,(anonymous_45)
FNDA:0,(anonymous_46)
FNDA:0,(anonymous_47)
FNDA:0,(anonymous_48)
FNDA:0,(anonymous_49)
FNDA:0,(anonymous_50)
FNDA:0,(anonymous_51)
FNDA:0,(anonymous_52)
FNDA:0,(anonymous_53)
FNDA:0,(anonymous_54)
FNDA:0,(anonymous_55)
FNDA:0,(anonymous_56)
FNDA:0,(anonymous_57)
FNDA:0,(anonymous_58)
FNDA:0,(anonymous_59)
FNDA:0,(anonymous_60)
FNDA:0,(anonymous_61)
FNDA:0,(anonymous_62)
FNDA:0,(anonymous_63)
FNDA:0,(anonymous_64)
FNDA:0,(anonymous_65)
FNDA:0,(anonymous_66)
FNDA:0,(anonymous_67)
FNDA:0,(anonymous_68)
FNDA:0,(anonymous_69)
FNDA:0,(anonymous_70)
FNDA:0,(anonymous_71)
FNDA:0,(anonymous_72)
FNDA:0,(anonymous_73)
FNDA:0,(anonymous_74)
FNDA:0,(anonymous_75)
FNDA:0,(anonymous_76)
FNDA:0,(anonymous_77)
FNDA:0,(anonymous_78)
FNDA:0,(anonymous_79)
FNDA:0,(anonymous_80)
FNDA:0,(anonymous_81)
FNDA:0,(anonymous_82)
FNDA:0,(anonymous_83)
FNDA:0,(anonymous_84)
FNDA:0,(anonymous_85)
FNDA:0,(anonymous_86)
FNDA:0,(anonymous_87)
FNDA:0,(anonymous_88)
FNDA:0,(anonymous_89)
DA:59,0
DA:60,0
DA:61,0
DA:62,0
DA:63,0
DA:64,0
DA:65,0
DA:66,0
DA:67,0
DA:68,0
DA:69,0
DA:70,0
DA:71,0
DA:72,0
DA:73,0
DA:82,0
DA:83,0
DA:84,0
DA:85,0
DA:86,0
DA:87,0
DA:88,0
DA:89,0
DA:90,0
DA:92,0
DA:93,0
DA:95,0
DA:96,0
DA:97,0
DA:98,0
DA:99,0
DA:103,0
DA:104,0
DA:105,0
DA:106,0
DA:110,0
DA:111,0
DA:112,0
DA:115,0
DA:116,0
DA:120,0
DA:121,0
DA:127,0
DA:128,0
DA:133,0
DA:137,0
DA:138,0
DA:139,0
DA:140,0
DA:143,0
DA:144,0
DA:146,0
DA:153,0
DA:155,0
DA:157,0
DA:164,0
DA:166,0
DA:167,0
DA:170,0
DA:171,0
DA:173,0
DA:174,0
DA:177,0
DA:178,0
DA:180,0
DA:181,0
DA:184,0
DA:185,0
DA:187,0
DA:188,0
DA:191,0
DA:193,0
DA:194,0
DA:195,0
DA:197,0
DA:201,0
DA:202,0
DA:203,0
DA:212,0
DA:213,0
DA:216,0
DA:217,0
DA:218,0
DA:220,0
DA:221,0
DA:222,0
DA:226,0
DA:227,0
DA:228,0
DA:230,0
DA:231,0
DA:232,0
DA:235,0
DA:236,0
DA:241,0
DA:246,0
DA:247,0
DA:248,0
DA:249,0
DA:251,0
DA:254,0
DA:255,0
DA:256,0
DA:258,0
DA:261,0
DA:262,0
DA:264,0
DA:265,0
DA:266,0
DA:268,0
DA:272,0
DA:273,0
DA:274,0
DA:275,0
DA:285,0
DA:286,0
DA:296,0
DA:299,0
DA:300,0
DA:301,0
DA:302,0
DA:313,0
DA:314,0
DA:315,0
DA:316,0
DA:317,0
DA:319,0
DA:321,0
DA:322,0
DA:326,0
DA:327,0
DA:328,0
DA:329,0
DA:330,0
DA:333,0
DA:334,0
DA:335,0
DA:338,0
DA:340,0
DA:342,0
DA:343,0
DA:345,0
DA:347,0
DA:350,0
DA:351,0
DA:355,0
DA:356,0
DA:357,0
DA:359,0
DA:361,0
DA:363,0
DA:365,0
DA:369,0
DA:370,0
DA:371,0
DA:374,0
DA:375,0
DA:376,0
DA:377,0
DA:378,0
DA:379,0
DA:381,0
DA:383,0
DA:384,0
DA:385,0
DA:388,0
DA:389,0
DA:391,0
DA:396,0
DA:397,0
DA:398,0
DA:399,0
DA:402,0
DA:403,0
DA:404,0
DA:405,0
DA:408,0
DA:409,0
DA:410,0
DA:411,0
DA:412,0
DA:413,0
DA:414,0
DA:415,0
DA:416,0
DA:417,0
DA:418,0
DA:419,0
DA:420,0
DA:421,0
DA:422,0
DA:426,0
DA:427,0
DA:428,0
DA:431,0
DA:432,0
DA:434,0
DA:439,0
DA:440,0
DA:441,0
DA:442,0
DA:446,0
DA:447,0
DA:448,0
DA:452,0
DA:453,0
DA:455,0
DA:459,0
DA:460,0
DA:500,0
DA:516,0
DA:517,0
DA:518,0
DA:530,0
DA:544,0
DA:550,0
DA:553,0
DA:564,0
DA:574,0
DA:603,0
DA:612,0
DA:620,0
DA:628,0
DA:634,0
DA:654,0
DA:659,0
DA:671,0
DA:680,0
DA:689,0
DA:698,0
DA:707,0
DA:716,0
DA:725,0
DA:734,0
DA:743,0
DA:753,0
DA:756,0
DA:785,0
DA:786,0
DA:787,0
DA:822,0
DA:826,0
DA:837,0
DA:844,0
DA:851,0
DA:854,0
DA:865,0
DA:893,0
DA:902,0
DA:909,0
DA:916,0
DA:926,0
DA:933,0
DA:943,0
DA:947,0
DA:955,0
DA:959,0
DA:971,0
DA:978,0
DA:984,0
DA:990,0
DA:991,0
DA:1001,0
DA:1009,0
DA:1011,0
DA:1040,0
DA:1064,0
DA:1066,0
DA:1069,0
DA:1093,0
DA:1101,0
DA:1102,0
DA:1117,0
LF:273
LH:0
BRDA:96,0,0,0
BRDA:96,0,1,0
BRDA:104,1,0,0
BRDA:104,1,1,0
BRDA:111,2,0,0
BRDA:111,2,1,0
BRDA:115,3,0,0
BRDA:115,3,1,0
BRDA:120,4,0,0
BRDA:120,4,1,0
BRDA:139,5,0,0
BRDA:139,5,1,0
BRDA:139,6,0,0
BRDA:139,6,1,0
BRDA:155,7,0,0
BRDA:155,7,1,0
BRDA:170,8,0,0
BRDA:170,8,1,0
BRDA:177,9,0,0
BRDA:177,9,1,0
BRDA:184,10,0,0
BRDA:184,10,1,0
BRDA:195,11,0,0
BRDA:195,11,1,0
BRDA:195,11,2,0
BRDA:218,12,0,0
BRDA:218,12,1,0
BRDA:220,13,0,0
BRDA:220,13,1,0
BRDA:226,14,0,0
BRDA:226,14,1,0
BRDA:230,15,0,0
BRDA:230,15,1,0
BRDA:246,16,0,0
BRDA:246,16,1,0
BRDA:248,17,0,0
BRDA:248,17,1,0
BRDA:255,18,0,0
BRDA:255,18,1,0
BRDA:266,19,0,0
BRDA:266,19,1,0
BRDA:266,19,2,0
BRDA:272,20,0,0
BRDA:273,21,0,0
BRDA:273,21,1,0
BRDA:280,22,0,0
BRDA:280,22,1,0
BRDA:281,23,0,0
BRDA:281,23,1,0
BRDA:282,24,0,0
BRDA:282,24,1,0
BRDA:317,25,0,0
BRDA:317,25,1,0
BRDA:328,26,0,0
BRDA:328,26,1,0
BRDA:334,27,0,0
BRDA:334,27,1,0
BRDA:340,28,0,0
BRDA:340,28,1,0
BRDA:340,29,0,0
BRDA:340,29,1,0
BRDA:343,30,0,0
BRDA:343,30,1,0
BRDA:351,31,0,0
BRDA:351,31,1,0
BRDA:357,32,0,0
BRDA:357,32,1,0
BRDA:357,32,2,0
BRDA:357,32,3,0
BRDA:375,33,0,0
BRDA:375,33,1,0
BRDA:383,34,0,0
BRDA:383,34,1,0
BRDA:389,35,0,0
BRDA:389,35,1,0
BRDA:397,36,0,0
BRDA:397,36,1,0
BRDA:398,37,0,0
BRDA:398,37,1,0
BRDA:408,38,0,0
BRDA:408,38,1,0
BRDA:409,39,0,0
BRDA:409,39,1,0
BRDA:410,40,0,0
BRDA:410,40,1,0
BRDA:411,41,0,0
BRDA:411,41,1,0
BRDA:412,42,0,0
BRDA:412,42,1,0
BRDA:413,43,0,0
BRDA:413,43,1,0
BRDA:414,44,0,0
BRDA:414,44,1,0
BRDA:415,45,0,0
BRDA:415,45,1,0
BRDA:416,46,0,0
BRDA:416,46,1,0
BRDA:417,47,0,0
BRDA:417,47,1,0
BRDA:418,48,0,0
BRDA:418,48,1,0
BRDA:419,49,0,0
BRDA:419,49,1,0
BRDA:420,50,0,0
BRDA:420,50,1,0
BRDA:421,51,0,0
BRDA:421,51,1,0
BRDA:422,52,0,0
BRDA:422,52,1,0
BRDA:426,53,0,0
BRDA:426,53,1,0
BRDA:431,54,0,0
BRDA:431,54,1,0
BRDA:432,55,0,0
BRDA:432,55,1,0
BRDA:432,56,0,0
BRDA:432,56,1,0
BRDA:434,57,0,0
BRDA:434,57,1,0
BRDA:434,58,0,0
BRDA:434,58,1,0
BRDA:442,59,0,0
BRDA:442,59,1,0
BRDA:480,60,0,0
BRDA:480,60,1,0
BRDA:481,61,0,0
BRDA:481,61,1,0
BRDA:482,62,0,0
BRDA:482,62,1,0
BRDA:493,63,0,0
BRDA:493,63,1,0
BRDA:500,64,0,0
BRDA:500,64,1,0
BRDA:500,64,2,0
BRDA:509,65,0,0
BRDA:509,65,1,0
BRDA:516,66,0,0
BRDA:516,66,1,0
BRDA:530,67,0,0
BRDA:530,67,1,0
BRDA:536,68,0,0
BRDA:536,68,1,0
BRDA:549,69,0,0
BRDA:549,69,1,0
BRDA:549,69,2,0
BRDA:569,70,0,0
BRDA:569,70,1,0
BRDA:597,71,0,0
BRDA:597,71,1,0
BRDA:619,72,0,0
BRDA:619,72,1,0
BRDA:620,73,0,0
BRDA:620,73,1,0
BRDA:621,74,0,0
BRDA:621,74,1,0
BRDA:627,75,0,0
BRDA:627,75,1,0
BRDA:633,76,0,0
BRDA:633,76,1,0
BRDA:639,77,0,0
BRDA:639,77,1,0
BRDA:641,78,0,0
BRDA:641,78,1,0
BRDA:647,79,0,0
BRDA:647,79,1,0
BRDA:654,80,0,0
BRDA:654,80,1,0
BRDA:656,81,0,0
BRDA:656,81,1,0
BRDA:670,82,0,0
BRDA:670,82,1,0
BRDA:679,83,0,0
BRDA:679,83,1,0
BRDA:688,84,0,0
BRDA:688,84,1,0
BRDA:697,85,0,0
BRDA:697,85,1,0
BRDA:706,86,0,0
BRDA:706,86,1,0
BRDA:715,87,0,0
BRDA:715,87,1,0
BRDA:724,88,0,0
BRDA:724,88,1,0
BRDA:733,89,0,0
BRDA:733,89,1,0
BRDA:742,90,0,0
BRDA:742,90,1,0
BRDA:764,91,0,0
BRDA:764,91,1,0
BRDA:778,92,0,0
BRDA:778,92,1,0
BRDA:785,93,0,0
BRDA:785,93,1,0
BRDA:800,94,0,0
BRDA:800,94,1,0
BRDA:801,95,0,0
BRDA:801,95,1,0
BRDA:802,96,0,0
BRDA:802,96,1,0
BRDA:811,97,0,0
BRDA:811,97,1,0
BRDA:812,98,0,0
BRDA:812,98,1,0
BRDA:813,99,0,0
BRDA:813,99,1,0
BRDA:819,100,0,0
BRDA:819,100,1,0
BRDA:822,101,0,0
BRDA:822,101,1,0
BRDA:826,102,0,0
BRDA:826,102,1,0
BRDA:833,103,0,0
BRDA:833,103,1,0
BRDA:850,104,0,0
BRDA:850,104,1,0
BRDA:850,104,2,0
BRDA:885,105,0,0
BRDA:885,105,1,0
BRDA:901,106,0,0
BRDA:901,106,1,0
BRDA:925,107,0,0
BRDA:925,107,1,0
BRDA:934,108,0,0
BRDA:934,108,1,0
BRDA:970,109,0,0
BRDA:970,109,1,0
BRDA:974,110,0,0
BRDA:974,110,1,0
BRDA:988,111,0,0
BRDA:988,111,1,0
BRDA:1000,112,0,0
BRDA:1000,112,1,0
BRDA:1001,113,0,0
BRDA:1001,113,1,0
BRDA:1007,114,0,0
BRDA:1007,114,1,0
BRDA:1009,115,0,0
BRDA:1009,115,1,0
BRDA:1012,116,0,0
BRDA:1012,116,1,0
BRDA:1032,117,0,0
BRDA:1032,117,1,0
BRDA:1032,118,0,0
BRDA:1032,118,1,0
BRDA:1064,119,0,0
BRDA:1064,119,1,0
BRDA:1076,120,0,0
BRDA:1076,120,1,0
BRDA:1077,121,0,0
BRDA:1077,121,1,0
BRDA:1078,122,0,0
BRDA:1078,122,1,0
BRDA:1100,123,0,0
BRDA:1100,123,1,0
BRDA:1101,124,0,0
BRDA:1101,124,1,0
BRF:256
BRH:0
end_of_record
TN:
SF:src/components/ViewTicket.js
FN:55,(anonymous_0)
FN:113,(anonymous_1)
FN:117,(anonymous_2)
FN:125,(anonymous_3)
FN:131,(anonymous_4)
FN:146,(anonymous_5)
FN:158,(anonymous_6)
FN:163,(anonymous_7)
FN:172,(anonymous_8)
FN:184,(anonymous_9)
FN:197,(anonymous_10)
FN:202,(anonymous_11)
FN:213,(anonymous_12)
FN:225,(anonymous_13)
FN:237,(anonymous_14)
FN:249,(anonymous_15)
FN:275,(anonymous_16)
FN:288,(anonymous_17)
FN:301,(anonymous_18)
FN:330,(anonymous_19)
FN:331,(anonymous_20)
FN:345,(anonymous_21)
FN:376,(anonymous_22)
FN:384,(anonymous_23)
FN:392,(anonymous_24)
FN:402,(anonymous_25)
FN:417,(anonymous_26)
FN:460,(anonymous_27)
FN:468,(anonymous_28)
FN:484,(anonymous_29)
FN:572,(anonymous_30)
FN:581,(anonymous_31)
FN:612,(anonymous_32)
FN:628,(anonymous_33)
FN:655,(anonymous_34)
FN:671,(anonymous_35)
FN:703,(anonymous_36)
FN:717,(anonymous_37)
FN:727,(anonymous_38)
FN:737,(anonymous_39)
FN:771,(anonymous_40)
FN:806,(anonymous_41)
FN:815,(anonymous_42)
FN:822,(anonymous_43)
FN:829,(anonymous_44)
FN:837,(anonymous_45)
FN:838,(anonymous_46)
FN:839,(anonymous_47)
FN:845,(anonymous_48)
FN:853,(anonymous_49)
FN:858,(anonymous_50)
FN:859,(anonymous_51)
FN:869,(anonymous_52)
FN:872,(anonymous_53)
FN:881,(anonymous_54)
FN:888,(anonymous_55)
FN:897,(anonymous_56)
FN:901,(anonymous_57)
FN:923,(anonymous_58)
FN:932,(anonymous_59)
FN:940,(anonymous_60)
FN:953,(anonymous_61)
FN:954,(anonymous_62)
FNF:63
FNH:0
FNDA:0,(anonymous_0)
FNDA:0,(anonymous_1)
FNDA:0,(anonymous_2)
FNDA:0,(anonymous_3)
FNDA:0,(anonymous_4)
FNDA:0,(anonymous_5)
FNDA:0,(anonymous_6)
FNDA:0,(anonymous_7)
FNDA:0,(anonymous_8)
FNDA:0,(anonymous_9)
FNDA:0,(anonymous_10)
FNDA:0,(anonymous_11)
FNDA:0,(anonymous_12)
FNDA:0,(anonymous_13)
FNDA:0,(anonymous_14)
FNDA:0,(anonymous_15)
FNDA:0,(anonymous_16)
FNDA:0,(anonymous_17)
FNDA:0,(anonymous_18)
FNDA:0,(anonymous_19)
FNDA:0,(anonymous_20)
FNDA:0,(anonymous_21)
FNDA:0,(anonymous_22)
FNDA:0,(anonymous_23)
FNDA:0,(anonymous_24)
FNDA:0,(anonymous_25)
FNDA:0,(anonymous_26)
FNDA:0,(anonymous_27)
FNDA:0,(anonymous_28)
FNDA:0,(anonymous_29)
FNDA:0,(anonymous_30)
FNDA:0,(anonymous_31)
FNDA:0,(anonymous_32)
FNDA:0,(anonymous_33)
FNDA:0,(anonymous_34)
FNDA:0,(anonymous_35)
FNDA:0,(anonymous_36)
FNDA:0,(anonymous_37)
FNDA:0,(anonymous_38)
FNDA:0,(anonymous_39)
FNDA:0,(anonymous_40)
FNDA:0,(anonymous_41)
FNDA:0,(anonymous_42)
FNDA:0,(anonymous_43)
FNDA:0,(anonymous_44)
FNDA:0,(anonymous_45)
FNDA:0,(anonymous_46)
FNDA:0,(anonymous_47)
FNDA:0,(anonymous_48)
FNDA:0,(anonymous_49)
FNDA:0,(anonymous_50)
FNDA:0,(anonymous_51)
FNDA:0,(anonymous_52)
FNDA:0,(anonymous_53)
FNDA:0,(anonymous_54)
FNDA:0,(anonymous_55)
FNDA:0,(anonymous_56)
FNDA:0,(anonymous_57)
FNDA:0,(anonymous_58)
FNDA:0,(anonymous_59)
FNDA:0,(anonymous_60)
FNDA:0,(anonymous_61)
FNDA:0,(anonymous_62)
DA:55,0
DA:56,0
DA:57,0
DA:58,0
DA:59,0
DA:60,0
DA:61,0
DA:62,0
DA:63,0
DA:64,0
DA:65,0
DA:66,0
DA:74,0
DA:75,0
DA:76,0
DA:77,0
DA:78,0
DA:79,0
DA:80,0
DA:89,0
DA:90,0
DA:91,0
DA:92,0
DA:93,0
DA:94,0
DA:95,0
DA:97,0
DA:98,0
DA:100,0
DA:101,0
DA:103,0
DA:113,0
DA:114,0
DA:117,0
DA:118,0
DA:119,0
DA:120,0
DA:121,0
DA:125,0
DA:126,0
DA:127,0
DA:131,0
DA:132,0
DA:133,0
DA:134,0
DA:135,0
DA:136,0
DA:137,0
DA:139,0
DA:140,0
DA:142,0
DA:146,0
DA:147,0
DA:148,0
DA:149,0
DA:150,0
DA:153,0
DA:154,0
DA:158,0
DA:159,0
DA:160,0
DA:161,0
DA:163,0
DA:164,0
DA:167,0
DA:168,0
DA:172,0
DA:173,0
DA:174,0
DA:175,0
DA:176,0
DA:179,0
DA:180,0
DA:184,0
DA:185,0
DA:186,0
DA:187,0
DA:188,0
DA:190,0
DA:191,0
DA:193,0
DA:197,0
DA:198,0
DA:199,0
DA:202,0
DA:203,0
DA:204,0
DA:205,0
DA:206,0
DA:207,0
DA:209,0
DA:213,0
DA:214,0
DA:215,0
DA:216,0
DA:217,0
DA:218,0
DA:220,0
DA:225,0
DA:226,0
DA:234,0
DA:237,0
DA:238,0
DA:239,0
DA:249,0
DA:250,0
DA:251,0
DA:253,0
DA:254,0
DA:255,0
DA:257,0
DA:258,0
DA:259,0
DA:262,0
DA:263,0
DA:264,0
DA:265,0
DA:266,0
DA:268,0
DA:269,0
DA:271,0
DA:275,0
DA:276,0
DA:285,0
DA:288,0
DA:289,0
DA:290,0
DA:301,0
DA:302,0
DA:303,0
DA:305,0
DA:306,0
DA:307,0
DA:309,0
DA:310,0
DA:311,0
DA:314,0
DA:315,0
DA:319,0
DA:320,0
DA:321,0
DA:323,0
DA:324,0
DA:326,0
DA:330,0
DA:331,0
DA:332,0
DA:333,0
DA:335,0
DA:336,0
DA:337,0
DA:338,0
DA:341,0
DA:345,0
DA:346,0
DA:347,0
DA:348,0
DA:351,0
DA:352,0
DA:354,0
DA:355,0
DA:356,0
DA:357,0
DA:359,0
DA:365,0
DA:366,0
DA:367,0
DA:369,0
DA:370,0
DA:372,0
DA:376,0
DA:377,0
DA:378,0
DA:379,0
DA:382,0
DA:383,0
DA:384,0
DA:385,0
DA:387,0
DA:388,0
DA:392,0
DA:393,0
DA:394,0
DA:395,0
DA:397,0
DA:398,0
DA:402,0
DA:403,0
DA:405,0
DA:407,0
DA:409,0
DA:411,0
DA:413,0
DA:417,0
DA:418,0
DA:420,0
DA:422,0
DA:424,0
DA:426,0
DA:428,0
DA:432,0
DA:433,0
DA:440,0
DA:441,0
DA:448,0
DA:449,0
DA:456,0
DA:460,0
DA:468,0
DA:485,0
DA:486,0
DA:487,0
DA:572,0
DA:581,0
DA:612,0
DA:629,0
DA:655,0
DA:672,0
DA:673,0
DA:674,0
DA:703,0
DA:718,0
DA:727,0
DA:737,0
DA:772,0
DA:806,0
DA:815,0
DA:822,0
DA:829,0
DA:837,0
DA:838,0
DA:840,0
DA:846,0
DA:853,0
DA:859,0
DA:860,0
DA:862,0
DA:869,0
DA:873,0
DA:881,0
DA:889,0
DA:897,0
DA:902,0
DA:923,0
DA:932,0
DA:940,0
DA:953,0
DA:954,0
LF:248
LH:0
BRDA:98,0,0,0
BRDA:98,0,1,0
BRDA:118,1,0,0
BRDA:118,1,1,0
BRDA:126,2,0,0
BRDA:126,2,1,0
BRDA:136,3,0,0
BRDA:136,3,1,0
BRDA:140,4,0,0
BRDA:140,4,1,0
BRDA:149,5,0,0
BRDA:149,5,1,0
BRDA:161,6,0,0
BRDA:161,6,1,0
BRDA:175,7,0,0
BRDA:175,7,1,0
BRDA:214,8,0,0
BRDA:214,8,1,0
BRDA:231,9,0,0
BRDA:231,9,1,0
BRDA:232,10,0,0
BRDA:232,10,1,0
BRDA:251,11,0,0
BRDA:251,11,1,0
BRDA:253,12,0,0
BRDA:253,12,1,0
BRDA:257,13,0,0
BRDA:257,13,1,0
BRDA:269,14,0,0
BRDA:269,14,1,0
BRDA:303,15,0,0
BRDA:303,15,1,0
BRDA:305,16,0,0
BRDA:305,16,1,0
BRDA:309,17,0,0
BRDA:309,17,1,0
BRDA:324,18,0,0
BRDA:324,18,1,0
BRDA:337,19,0,0
BRDA:337,19,1,0
BRDA:337,20,0,0
BRDA:337,20,1,0
BRDA:346,21,0,0
BRDA:346,21,1,0
BRDA:352,22,0,0
BRDA:352,22,1,0
BRDA:377,23,0,0
BRDA:377,23,1,0
BRDA:403,24,0,0
BRDA:403,24,1,0
BRDA:403,24,2,0
BRDA:403,24,3,0
BRDA:403,24,4,0
BRDA:418,25,0,0
BRDA:418,25,1,0
BRDA:418,25,2,0
BRDA:418,25,3,0
BRDA:418,25,4,0
BRDA:432,26,0,0
BRDA:432,26,1,0
BRDA:440,27,0,0
BRDA:440,27,1,0
BRDA:448,28,0,0
BRDA:448,28,1,0
BRDA:467,29,0,0
BRDA:467,29,1,0
BRDA:513,30,0,0
BRDA:513,30,1,0
BRDA:514,31,0,0
BRDA:514,31,1,0
BRDA:526,32,0,0
BRDA:526,32,1,0
BRDA:527,33,0,0
BRDA:527,33,1,0
BRDA:528,34,0,0
BRDA:528,34,1,0
BRDA:542,35,0,0
BRDA:542,35,1,0
BRDA:547,36,0,0
BRDA:547,36,1,0
BRDA:555,37,0,0
BRDA:555,37,1,0
BRDA:569,38,0,0
BRDA:569,38,1,0
BRDA:589,39,0,0
BRDA:589,39,1,0
BRDA:589,39,2,0
BRDA:626,40,0,0
BRDA:626,40,1,0
BRDA:638,41,0,0
BRDA:638,41,1,0
BRDA:639,42,0,0
BRDA:639,42,1,0
BRDA:647,43,0,0
BRDA:647,43,1,0
BRDA:648,44,0,0
BRDA:648,44,1,0
BRDA:649,45,0,0
BRDA:649,45,1,0
BRDA:655,46,0,0
BRDA:655,46,1,0
BRDA:659,47,0,0
BRDA:659,47,1,0
BRDA:672,48,0,0
BRDA:672,48,1,0
BRDA:679,49,0,0
BRDA:679,49,1,0
BRDA:698,50,0,0
BRDA:698,50,1,0
BRDA:704,51,0,0
BRDA:704,51,1,0
BRDA:706,52,0,0
BRDA:706,52,1,0
BRDA:733,53,0,0
BRDA:733,53,1,0
BRDA:746,54,0,0
BRDA:746,54,1,0
BRDA:750,55,0,0
BRDA:750,55,1,0
BRDA:766,56,0,0
BRDA:766,56,1,0
BRDA:775,57,0,0
BRDA:775,57,1,0
BRDA:787,58,0,0
BRDA:787,58,1,0
BRDA:814,59,0,0
BRDA:814,59,1,0
BRDA:837,60,0,0
BRDA:837,60,1,0
BRDA:838,61,0,0
BRDA:838,61,1,0
BRDA:842,62,0,0
BRDA:842,62,1,0
BRDA:916,63,0,0
BRDA:916,63,1,0
BRF:135
BRH:0
end_of_record
TN:
SF:src/components/ViewTickets.js
FN:54,(anonymous_0)
FN:101,(anonymous_1)
FN:111,(anonymous_2)
FN:122,(anonymous_3)
FN:127,(anonymous_4)
FN:138,(anonymous_5)
FN:145,(anonymous_6)
FN:155,(anonymous_7)
FN:160,(anonymous_8)
FN:169,(anonymous_9)
FN:197,(anonymous_10)
FN:203,(anonymous_11)
FN:204,(anonymous_12)
FN:208,(anonymous_13)
FN:241,(anonymous_14)
FN:261,(anonymous_15)
FN:273,(anonymous_16)
FN:285,(anonymous_17)
FN:290,(anonymous_18)
FN:341,(anonymous_19)
FN:372,(anonymous_20)
FN:391,(anonymous_21)
FN:402,(anonymous_22)
FN:402,(anonymous_23)
FN:413,(anonymous_24)
FN:421,(anonymous_25)
FN:421,(anonymous_26)
FN:432,(anonymous_27)
FN:438,(anonymous_28)
FN:439,(anonymous_29)
FN:445,(anonymous_30)
FN:446,(anonymous_31)
FN:465,(anonymous_32)
FN:466,(anonymous_33)
FN:472,(anonymous_34)
FN:473,(anonymous_35)
FN:487,(anonymous_36)
FN:555,(anonymous_37)
FN:561,(anonymous_38)
FN:565,(anonymous_39)
FN:586,(anonymous_40)
FN:614,(anonymous_41)
FN:621,(anonymous_42)
FN:629,(anonymous_43)
FN:635,(anonymous_44)
FN:651,(anonymous_45)
FN:654,(anonymous_46)
FN:658,(anonymous_47)
FN:671,(anonymous_48)
FN:680,(anonymous_49)
FN:689,(anonymous_50)
FN:698,(anonymous_51)
FN:707,(anonymous_52)
FN:716,(anonymous_53)
FN:725,(anonymous_54)
FN:734,(anonymous_55)
FN:743,(anonymous_56)
FN:752,(anonymous_57)
FN:761,(anonymous_58)
FN:770,(anonymous_59)
FN:774,(anonymous_60)
FN:818,(anonymous_61)
FN:819,(anonymous_62)
FN:826,(anonymous_63)
FN:830,(anonymous_64)
FN:836,(anonymous_65)
FN:853,(anonymous_66)
FN:860,(anonymous_67)
FN:867,(anonymous_68)
FN:871,(anonymous_69)
FN:882,(anonymous_70)
FN:910,(anonymous_71)
FN:919,(anonymous_72)
FN:924,(anonymous_73)
FN:929,(anonymous_74)
FN:936,(anonymous_75)
FN:944,(anonymous_76)
FN:945,(anonymous_77)
FN:946,(anonymous_78)
FN:953,(anonymous_79)
FN:961,(anonymous_80)
FN:966,(anonymous_81)
FN:968,(anonymous_82)
FN:978,(anonymous_83)
FN:981,(anonymous_84)
FN:990,(anonymous_85)
FN:997,(anonymous_86)
FN:1006,(anonymous_87)
FN:1010,(anonymous_88)
FNF:89
FNH:0
FNDA:0,(anonymous_0)
FNDA:0,(anonymous_1)
FNDA:0,(anonymous_2)
FNDA:0,(anonymous_3)
FNDA:0,(anonymous_4)
FNDA:0,(anonymous_5)
FNDA:0,(anonymous_6)
FNDA:0,(anonymous_7)
FNDA:0,(anonymous_8)
FNDA:0,(anonymous_9)
FNDA:0,(anonymous_10)
FNDA:0,(anonymous_11)
FNDA:0,(anonymous_12)
FNDA:0,(anonymous_13)
FNDA:0,(anonymous_14)
FNDA:0,(anonymous_15)
FNDA:0,(anonymous_16)
FNDA:0,(anonymous_17)
FNDA:0,(anonymous_18)
FNDA:0,(anonymous_19)
FNDA:0,(anonymous_20)
FNDA:0,(anonymous_21)
FNDA:0,(anonymous_22)
FNDA:0,(anonymous_23)
FNDA:0,(anonymous_24)
FNDA:0,(anonymous_25)
FNDA:0,(anonymous_26)
FNDA:0,(anonymous_27)
FNDA:0,(anonymous_28)
FNDA:0,(anonymous_29)
FNDA:0,(anonymous_30)
FNDA:0,(anonymous_31)
FNDA:0,(anonymous_32)
FNDA:0,(anonymous_33)
FNDA:0,(anonymous_34)
FNDA:0,(anonymous_35)
FNDA:0,(anonymous_36)
FNDA:0,(anonymous_37)
FNDA:0,(anonymous_38)
FNDA:0,(anonymous_39)
FNDA:0,(anonymous_40)
FNDA:0,(anonymous_41)
FNDA:0,(anonymous_42)
FNDA:0,(anonymous_43)
FNDA:0,(anonymous_44)
FNDA:0,(anonymous_45)
FNDA:0,(anonymous_46)
FNDA:0,(anonymous_47)
FNDA:0,(anonymous_48)
FNDA:0,(anonymous_49)
FNDA:0,(anonymous_50)
FNDA:0,(anonymous_51)
FNDA:0,(anonymous_52)
FNDA:0,(anonymous_53)
FNDA:0,(anonymous_54)
FNDA:0,(anonymous_55)
FNDA:0,(anonymous_56)
FNDA:0,(anonymous_57)
FNDA:0,(anonymous_58)
FNDA:0,(anonymous_59)
FNDA:0,(anonymous_60)
FNDA:0,(anonymous_61)
FNDA:0,(anonymous_62)
FNDA:0,(anonymous_63)
FNDA:0,(anonymous_64)
FNDA:0,(anonymous_65)
FNDA:0,(anonymous_66)
FNDA:0,(anonymous_67)
FNDA:0,(anonymous_68)
FNDA:0,(anonymous_69)
FNDA:0,(anonymous_70)
FNDA:0,(anonymous_71)
FNDA:0,(anonymous_72)
FNDA:0,(anonymous_73)
FNDA:0,(anonymous_74)
FNDA:0,(anonymous_75)
FNDA:0,(anonymous_76)
FNDA:0,(anonymous_77)
FNDA:0,(anonymous_78)
FNDA:0,(anonymous_79)
FNDA:0,(anonymous_80)
FNDA:0,(anonymous_81)
FNDA:0,(anonymous_82)
FNDA:0,(anonymous_83)
FNDA:0,(anonymous_84)
FNDA:0,(anonymous_85)
FNDA:0,(anonymous_86)
FNDA:0,(anonymous_87)
FNDA:0,(anonymous_88)
DA:54,0
DA:55,0
DA:56,0
DA:57,0
DA:58,0
DA:59,0
DA:60,0
DA:61,0
DA:62,0
DA:63,0
DA:64,0
DA:65,0
DA:66,0
DA:67,0
DA:68,0
DA:69,0
DA:78,0
DA:79,0
DA:80,0
DA:81,0
DA:82,0
DA:84,0
DA:85,0
DA:88,0
DA:98,0
DA:101,0
DA:103,0
DA:104,0
DA:105,0
DA:106,0
DA:111,0
DA:112,0
DA:113,0
DA:114,0
DA:115,0
DA:116,0
DA:117,0
DA:122,0
DA:123,0
DA:127,0
DA:128,0
DA:129,0
DA:132,0
DA:133,0
DA:137,0
DA:138,0
DA:145,0
DA:146,0
DA:151,0
DA:155,0
DA:156,0
DA:157,0
DA:158,0
DA:160,0
DA:161,0
DA:164,0
DA:165,0
DA:169,0
DA:170,0
DA:171,0
DA:172,0
DA:174,0
DA:175,0
DA:176,0
DA:177,0
DA:180,0
DA:185,0
DA:186,0
DA:188,0
DA:189,0
DA:192,0
DA:193,0
DA:194,0
DA:197,0
DA:198,0
DA:202,0
DA:203,0
DA:204,0
DA:206,0
DA:208,0
DA:209,0
DA:210,0
DA:212,0
DA:220,0
DA:223,0
DA:226,0
DA:228,0
DA:229,0
DA:231,0
DA:233,0
DA:234,0
DA:235,0
DA:237,0
DA:241,0
DA:242,0
DA:243,0
DA:244,0
DA:246,0
DA:247,0
DA:249,0
DA:250,0
DA:252,0
DA:253,0
DA:256,0
DA:257,0
DA:261,0
DA:262,0
DA:263,0
DA:264,0
DA:265,0
DA:266,0
DA:269,0
DA:273,0
DA:274,0
DA:275,0
DA:276,0
DA:277,0
DA:278,0
DA:281,0
DA:285,0
DA:286,0
DA:287,0
DA:290,0
DA:291,0
DA:292,0
DA:294,0
DA:295,0
DA:296,0
DA:300,0
DA:301,0
DA:302,0
DA:304,0
DA:305,0
DA:306,0
DA:309,0
DA:310,0
DA:315,0
DA:317,0
DA:318,0
DA:319,0
DA:320,0
DA:322,0
DA:323,0
DA:324,0
DA:325,0
DA:327,0
DA:330,0
DA:331,0
DA:333,0
DA:334,0
DA:335,0
DA:337,0
DA:341,0
DA:342,0
DA:343,0
DA:344,0
DA:354,0
DA:355,0
DA:356,0
DA:358,0
DA:359,0
DA:369,0
DA:372,0
DA:373,0
DA:374,0
DA:375,0
DA:386,0
DA:387,0
DA:391,0
DA:392,0
DA:393,0
DA:394,0
DA:395,0
DA:396,0
DA:398,0
DA:400,0
DA:401,0
DA:402,0
DA:405,0
DA:406,0
DA:408,0
DA:413,0
DA:414,0
DA:415,0
DA:416,0
DA:418,0
DA:420,0
DA:421,0
DA:422,0
DA:424,0
DA:427,0
DA:428,0
DA:432,0
DA:433,0
DA:434,0
DA:435,0
DA:438,0
DA:439,0
DA:440,0
DA:441,0
DA:444,0
DA:445,0
DA:446,0
DA:447,0
DA:448,0
DA:452,0
DA:453,0
DA:454,0
DA:457,0
DA:458,0
DA:460,0
DA:465,0
DA:466,0
DA:467,0
DA:468,0
DA:472,0
DA:473,0
DA:474,0
DA:475,0
DA:477,0
DA:478,0
DA:479,0
DA:480,0
DA:483,0
DA:487,0
DA:488,0
DA:555,0
DA:561,0
DA:565,0
DA:576,0
DA:586,0
DA:614,0
DA:621,0
DA:629,0
DA:635,0
DA:651,0
DA:654,0
DA:659,0
DA:671,0
DA:680,0
DA:689,0
DA:698,0
DA:707,0
DA:716,0
DA:725,0
DA:734,0
DA:743,0
DA:752,0
DA:761,0
DA:771,0
DA:774,0
DA:819,0
DA:820,0
DA:826,0
DA:831,0
DA:836,0
DA:853,0
DA:860,0
DA:867,0
DA:871,0
DA:882,0
DA:910,0
DA:919,0
DA:924,0
DA:929,0
DA:936,0
DA:944,0
DA:945,0
DA:947,0
DA:954,0
DA:961,0
DA:968,0
DA:969,0
DA:971,0
DA:978,0
DA:982,0
DA:990,0
DA:998,0
DA:1006,0
DA:1011,0
LF:280
LH:0
BRDA:103,0,0,0
BRDA:103,0,1,0
BRDA:112,1,0,0
BRDA:112,1,1,0
BRDA:128,2,0,0
BRDA:128,2,1,0
BRDA:132,3,0,0
BRDA:132,3,1,0
BRDA:137,4,0,0
BRDA:137,4,1,0
BRDA:158,5,0,0
BRDA:158,5,1,0
BRDA:171,6,0,0
BRDA:171,6,1,0
BRDA:171,7,0,0
BRDA:171,7,1,0
BRDA:188,8,0,0
BRDA:188,8,1,0
BRDA:192,9,0,0
BRDA:192,9,1,0
BRDA:197,10,0,0
BRDA:197,10,1,0
BRDA:217,11,0,0
BRDA:217,11,1,0
BRDA:220,12,0,0
BRDA:220,12,1,0
BRDA:235,13,0,0
BRDA:235,13,1,0
BRDA:235,13,2,0
BRDA:243,14,0,0
BRDA:243,14,1,0
BRDA:249,15,0,0
BRDA:249,15,1,0
BRDA:263,16,0,0
BRDA:263,16,1,0
BRDA:265,17,0,0
BRDA:265,17,1,0
BRDA:275,18,0,0
BRDA:275,18,1,0
BRDA:277,19,0,0
BRDA:277,19,1,0
BRDA:292,20,0,0
BRDA:292,20,1,0
BRDA:294,21,0,0
BRDA:294,21,1,0
BRDA:300,22,0,0
BRDA:300,22,1,0
BRDA:304,23,0,0
BRDA:304,23,1,0
BRDA:317,24,0,0
BRDA:317,24,1,0
BRDA:324,25,0,0
BRDA:324,25,1,0
BRDA:335,26,0,0
BRDA:335,26,1,0
BRDA:335,26,2,0
BRDA:341,27,0,0
BRDA:342,28,0,0
BRDA:342,28,1,0
BRDA:349,29,0,0
BRDA:349,29,1,0
BRDA:351,30,0,0
BRDA:351,30,1,0
BRDA:354,31,0,0
BRDA:354,31,1,0
BRDA:381,32,0,0
BRDA:381,32,1,0
BRDA:386,33,0,0
BRDA:386,33,1,0
BRDA:392,34,0,0
BRDA:392,34,1,0
BRDA:400,35,0,0
BRDA:400,35,1,0
BRDA:406,36,0,0
BRDA:406,36,1,0
BRDA:420,37,0,0
BRDA:420,37,1,0
BRDA:422,38,0,0
BRDA:422,38,1,0
BRDA:428,39,0,0
BRDA:428,39,1,0
BRDA:433,40,0,0
BRDA:433,40,1,0
BRDA:434,41,0,0
BRDA:434,41,1,0
BRDA:444,42,0,0
BRDA:444,42,1,0
BRDA:452,43,0,0
BRDA:452,43,1,0
BRDA:457,44,0,0
BRDA:457,44,1,0
BRDA:458,45,0,0
BRDA:458,45,1,0
BRDA:458,46,0,0
BRDA:458,46,1,0
BRDA:460,47,0,0
BRDA:460,47,1,0
BRDA:460,48,0,0
BRDA:460,48,1,0
BRDA:468,49,0,0
BRDA:468,49,1,0
BRDA:479,50,0,0
BRDA:479,50,1,0
BRDA:479,51,0,0
BRDA:479,51,1,0
BRDA:500,52,0,0
BRDA:500,52,1,0
BRDA:501,53,0,0
BRDA:501,53,1,0
BRDA:512,54,0,0
BRDA:512,54,1,0
BRDA:513,55,0,0
BRDA:513,55,1,0
BRDA:514,56,0,0
BRDA:514,56,1,0
BRDA:526,57,0,0
BRDA:526,57,1,0
BRDA:535,58,0,0
BRDA:535,58,1,0
BRDA:544,59,0,0
BRDA:544,59,1,0
BRDA:560,60,0,0
BRDA:560,60,1,0
BRDA:560,60,2,0
BRDA:560,60,3,0
BRDA:581,61,0,0
BRDA:581,61,1,0
BRDA:609,62,0,0
BRDA:609,62,1,0
BRDA:620,63,0,0
BRDA:620,63,1,0
BRDA:621,64,0,0
BRDA:621,64,1,0
BRDA:622,65,0,0
BRDA:622,65,1,0
BRDA:628,66,0,0
BRDA:628,66,1,0
BRDA:634,67,0,0
BRDA:634,67,1,0
BRDA:640,68,0,0
BRDA:640,68,1,0
BRDA:642,69,0,0
BRDA:642,69,1,0
BRDA:648,70,0,0
BRDA:648,70,1,0
BRDA:654,71,0,0
BRDA:654,71,1,0
BRDA:656,72,0,0
BRDA:656,72,1,0
BRDA:670,73,0,0
BRDA:670,73,1,0
BRDA:679,74,0,0
BRDA:679,74,1,0
BRDA:688,75,0,0
BRDA:688,75,1,0
BRDA:697,76,0,0
BRDA:697,76,1,0
BRDA:706,77,0,0
BRDA:706,77,1,0
BRDA:715,78,0,0
BRDA:715,78,1,0
BRDA:724,79,0,0
BRDA:724,79,1,0
BRDA:733,80,0,0
BRDA:733,80,1,0
BRDA:742,81,0,0
BRDA:742,81,1,0
BRDA:751,82,0,0
BRDA:751,82,1,0
BRDA:760,83,0,0
BRDA:760,83,1,0
BRDA:783,84,0,0
BRDA:783,84,1,0
BRDA:789,85,0,0
BRDA:789,85,1,0
BRDA:790,86,0,0
BRDA:790,86,1,0
BRDA:799,87,0,0
BRDA:799,87,1,0
BRDA:800,88,0,0
BRDA:800,88,1,0
BRDA:801,89,0,0
BRDA:801,89,1,0
BRDA:807,90,0,0
BRDA:807,90,1,0
BRDA:811,91,0,0
BRDA:811,91,1,0
BRDA:820,92,0,0
BRDA:820,92,1,0
BRDA:823,93,0,0
BRDA:823,93,1,0
BRDA:849,94,0,0
BRDA:849,94,1,0
BRDA:866,95,0,0
BRDA:866,95,1,0
BRDA:866,95,2,0
BRDA:866,95,3,0
BRDA:902,96,0,0
BRDA:902,96,1,0
BRDA:918,97,0,0
BRDA:918,97,1,0
BRDA:924,98,0,0
BRDA:924,98,1,0
BRDA:944,99,0,0
BRDA:944,99,1,0
BRDA:945,100,0,0
BRDA:945,100,1,0
BRDA:949,101,0,0
BRDA:949,101,1,0
BRDA:1025,102,0,0
BRDA:1025,102,1,0
BRDA:1025,103,0,0
BRDA:1025,103,1,0
BRF:213
BRH:0
end_of_record
TN:
SF:src/components/Welcome.js
FN:15,(anonymous_0)
FN:72,(anonymous_1)
FN:86,(anonymous_2)
FNF:3
FNH:0
FNDA:0,(anonymous_0)
FNDA:0,(anonymous_1)
FNDA:0,(anonymous_2)
DA:15,0
DA:16,0
DA:18,0
DA:72,0
DA:86,0
LF:5
LH:0
BRF:0
BRH:0
end_of_record
TN:
SF:src/components/apiClient.js
FN:21,(anonymous_0)
FN:33,(anonymous_1)
FN:43,(anonymous_2)
FN:52,(anonymous_3)
FN:60,(anonymous_4)
FN:61,(anonymous_5)
FNF:6
FNH:0
FNDA:0,(anonymous_0)
FNDA:0,(anonymous_1)
FNDA:0,(anonymous_2)
FNDA:0,(anonymous_3)
FNDA:0,(anonymous_4)
FNDA:0,(anonymous_5)
DA:4,0
DA:5,0
DA:7,0
DA:18,0
DA:19,0
DA:21,0
DA:22,0
DA:23,0
DA:24,0
DA:26,0
DA:27,0
DA:28,0
DA:33,0
DA:34,0
DA:35,0
DA:37,0
DA:42,0
DA:44,0
DA:45,0
DA:47,0
DA:48,0
DA:50,0
DA:53,0
DA:54,0
DA:59,0
DA:60,0
DA:62,0
DA:64,0
DA:71,0
DA:73,0
DA:74,0
DA:76,0
DA:77,0
DA:79,0
DA:80,0
DA:82,0
DA:84,0
DA:85,0
DA:87,0
DA:88,0
DA:90,0
DA:92,0
DA:94,0
LF:43
LH:0
BRDA:24,0,0,0
BRDA:24,0,1,0
BRDA:34,1,0,0
BRDA:34,1,1,0
BRDA:35,2,0,0
BRDA:35,2,1,0
BRDA:45,3,0,0
BRDA:45,3,1,0
BRDA:47,4,0,0
BRDA:47,4,1,0
BRDA:62,5,0,0
BRDA:62,5,1,0
BRDA:71,6,0,0
BRDA:71,6,1,0
BRDA:71,6,2,0
BRDA:71,6,3,0
BRDA:85,7,0,0
BRDA:85,7,1,0
BRDA:87,8,0,0
BRDA:87,8,1,0
BRF:20
BRH:0
end_of_record
TN:
SF:src/components/setupTests.js
FN:8,(anonymous_0)
FN:10,(anonymous_1)
FN:28,(anonymous_2)
FNF:3
FNH:0
FNDA:0,(anonymous_0)
FNDA:0,(anonymous_1)
FNDA:0,(anonymous_2)
DA:8,0
DA:9,0
DA:10,0
DA:17,0
DA:23,0
DA:26,0
DA:28,0
LF:7
LH:0
BRF:0
BRH:0
end_of_record
TN:
SF:src/components/testUtils.js
FN:7,(anonymous_0)
FN:15,(anonymous_1)
FNF:2
FNH:0
FNDA:0,(anonymous_0)
FNDA:0,(anonymous_1)
DA:7,0
DA:15,0
DA:16,0
DA:21,0
DA:24,0
DA:36,0
DA:44,0
DA:51,0
DA:59,0
LF:9
LH:0
BRDA:9,0,0,0
BRDA:10,1,0,0
BRDA:11,2,0,0
BRF:3
BRH:0
end_of_record
TN:
SF:src/config/supabase.js
FNF:0
FNH:0
DA:3,0
DA:4,0
DA:6,0
DA:7,0
DA:10,0
LF:5
LH:0
BRDA:6,0,0,0
BRDA:6,0,1,0
BRDA:6,1,0,0
BRDA:6,1,1,0
BRF:4
BRH:0
end_of_record
TN:
SF:src/context/AuthContext.js
FN:6,(anonymous_0)
FN:14,(anonymous_1)
FN:15,(anonymous_2)
FN:22,(anonymous_3)
FN:30,(anonymous_4)
FN:40,(anonymous_5)
FN:57,(anonymous_6)
FN:92,(anonymous_7)
FN:99,(anonymous_8)
FN:100,(anonymous_9)
FNF:10
FNH:0
FNDA:0,(anonymous_0)
FNDA:0,(anonymous_1)
FNDA:0,(anonymous_2)
FNDA:0,(anonymous_3)
FNDA:0,(anonymous_4)
FNDA:0,(anonymous_5)
FNDA:0,(anonymous_6)
FNDA:0,(anonymous_7)
FNDA:0,(anonymous_8)
FNDA:0,(anonymous_9)
DA:4,0
DA:6,0
DA:7,0
DA:8,0
DA:9,0
DA:11,0
DA:14,0
DA:15,0
DA:17,0
DA:18,0
DA:22,0
DA:23,0
DA:24,0
DA:26,0
DA:30,0
DA:31,0
DA:32,0
DA:33,0
DA:35,0
DA:36,0
DA:40,0
DA:41,0
DA:43,0
DA:45,0
DA:46,0
DA:47,0
DA:49,0
DA:51,0
DA:52,0
DA:53,0
DA:57,0
DA:58,0
DA:59,0
DA:60,0
DA:64,0
DA:71,0
DA:74,0
DA:77,0
DA:80,0
DA:81,0
DA:83,0
DA:85,0
DA:86,0
DA:87,0
DA:88,0
DA:92,0
DA:93,0
DA:94,0
DA:95,0
DA:99,0
DA:100,0
DA:101,0
DA:102,0
DA:103,0
DA:104,0
DA:106,0
DA:107,0
DA:109,0
DA:110,0
DA:112,0
DA:116,0
DA:117,0
DA:118,0
DA:120,0
DA:123,0
DA:124,0
DA:125,0
DA:130,0
DA:131,0
DA:132,0
DA:136,0
DA:139,0
LF:72
LH:0
BRDA:8,0,0,0
BRDA:8,0,1,0
BRDA:18,1,0,0
BRDA:18,1,1,0
BRDA:23,2,0,0
BRDA:23,2,1,0
BRDA:46,3,0,0
BRDA:46,3,1,0
BRDA:47,4,0,0
BRDA:47,4,1,0
BRDA:59,5,0,0
BRDA:59,5,1,0
BRDA:59,6,0,0
BRDA:59,6,1,0
BRDA:103,7,0,0
BRDA:103,7,1,0
BRDA:106,8,0,0
BRDA:106,8,1,0
BRDA:110,9,0,0
BRDA:110,9,1,0
BRF:20
BRH:0
end_of_record
TN:
SF:src/hooks/useIsMobile.js
FN:4,(anonymous_0)
FNF:1
FNH:0
FNDA:0,(anonymous_0)
DA:4,0
DA:5,0
DA:6,0
LF:3
LH:0
BRF:0
BRH:0
end_of_record
TN:
SF:src/hooks/usePropertySwitcher.js
FN:4,(anonymous_0)
FN:9,(anonymous_1)
FNF:2
FNH:0
FNDA:0,(anonymous_0)
FNDA:0,(anonymous_1)
DA:4,0
DA:5,0
DA:6,0
DA:7,0
DA:9,0
DA:10,0
DA:12,0
DA:15,0
DA:19,0
LF:9
LH:0
BRDA:10,0,0,0
BRDA:10,0,1,0
BRF:2
BRH:0
end_of_record
TN:
SF:src/utils/roomMappings.js
FN:173,(anonymous_0)
FN:180,(anonymous_1)
FN:193,(anonymous_2)
FN:203,(anonymous_3)
FN:238,(anonymous_4)
FN:243,(anonymous_5)
FNF:6
FNH:0
FNDA:0,(anonymous_0)
FNDA:0,(anonymous_1)
FNDA:0,(anonymous_2)
FNDA:0,(anonymous_3)
FNDA:0,(anonymous_4)
FNDA:0,(anonymous_5)
DA:2,0
DA:62,0
DA:146,0
DA:173,0
DA:174,0
DA:176,0
DA:179,0
DA:180,0
DA:181,0
DA:186,0
DA:187,0
DA:190,0
DA:191,0
DA:192,0
DA:193,0
DA:194,0
DA:199,0
DA:203,0
DA:204,0
DA:206,0
DA:209,0
DA:210,0
DA:213,0
DA:214,0
DA:215,0
DA:216,0
DA:221,0
DA:222,0
DA:226,0
DA:228,0
DA:230,0
DA:233,0
DA:238,0
DA:239,0
DA:243,0
LF:35
LH:0
BRDA:173,0,0,0
BRDA:174,1,0,0
BRDA:174,1,1,0
BRDA:180,2,0,0
BRDA:180,2,1,0
BRDA:186,3,0,0
BRDA:186,3,1,0
BRDA:190,4,0,0
BRDA:190,4,1,0
BRDA:193,5,0,0
BRDA:193,5,1,0
BRDA:203,6,0,0
BRDA:203,7,0,0
BRDA:204,8,0,0
BRDA:204,8,1,0
BRDA:209,9,0,0
BRDA:209,9,1,0
BRDA:209,10,0,0
BRDA:209,10,1,0
BRDA:209,10,2,0
BRDA:214,11,0,0
BRDA:214,11,1,0
BRDA:221,12,0,0
BRDA:221,12,1,0
BRDA:226,13,0,0
BRDA:226,13,1,0
BRDA:226,13,2,0
BRDA:226,13,3,0
BRDA:238,14,0,0
BRDA:239,15,0,0
BRDA:239,15,1,0
BRDA:239,16,0,0
BRDA:239,16,1,0
BRF:33
BRH:0
end_of_record
